[01m[K/home/joanne/bookros2_ws/src/book_ros2/br2_bt_patrolling/src/br2_bt_patrolling/Move.cpp:[m[K In member function â€˜[01m[Kvirtual void br2_bt_patrolling::Move::on_tick()[m[Kâ€™:
[01m[K/home/joanne/bookros2_ws/src/book_ros2/br2_bt_patrolling/src/br2_bt_patrolling/Move.cpp:54:16:[m[K [01;31m[Kerror: [m[Kqualified-id in declaration before â€˜[01m[K([m[Kâ€™ token
   54 |   Move::on_tick[01;31m[K([m[K)
      |                [01;31m[K^[m[K
make[2]: *** [CMakeFiles/br2_move_bt_node.dir/build.make:63: CMakeFiles/br2_move_bt_node.dir/src/br2_bt_patrolling/Move.cpp.o] Error 1
make[1]: *** [CMakeFiles/Makefile2:239: CMakeFiles/br2_move_bt_node.dir/all] Error 2
make: *** [Makefile:141: all] Error 2
