[ 10%] Built target br2_recharge_bt_node
[ 20%] Built target br2_battery_checker_bt_node
[ 30%] Built target gtest
[ 40%] Built target gtest_main
[ 50%] Built target br2_patrol_bt_node
[ 60%] Built target br2_track_objects_bt_node
[35m[1mScanning dependencies of target br2_move_bt_node[0m
[ 70%] Built target br2_get_waypoint_bt_node
[ 75%] [32mBuilding CXX object CMakeFiles/br2_move_bt_node.dir/src/br2_bt_patrolling/Move.cpp.o[0m
[ 85%] Built target bt_action_test
[ 95%] Built target patrolling_main
[01m[K/home/joanne/bookros2_ws/src/book_ros2/br2_bt_patrolling/src/br2_bt_patrolling/Move.cpp:[m[K In member function â€˜[01m[Kvirtual void br2_bt_patrolling::Move::on_tick()[m[Kâ€™:
[01m[K/home/joanne/bookros2_ws/src/book_ros2/br2_bt_patrolling/src/br2_bt_patrolling/Move.cpp:54:16:[m[K [01;31m[Kerror: [m[Kqualified-id in declaration before â€˜[01m[K([m[Kâ€™ token
   54 |   Move::on_tick[01;31m[K([m[K)
      |                [01;31m[K^[m[K
make[2]: *** [CMakeFiles/br2_move_bt_node.dir/build.make:63: CMakeFiles/br2_move_bt_node.dir/src/br2_bt_patrolling/Move.cpp.o] Error 1
make[1]: *** [CMakeFiles/Makefile2:239: CMakeFiles/br2_move_bt_node.dir/all] Error 2
make: *** [Makefile:141: all] Error 2
