[01m[K/home/joanne/bookros2_ws/src/book_ros2/br2_tracking/src/br2_tracking/ObjectDetector.cpp:[m[K In member function â€˜[01m[Kvoid br2_tracking::ObjectDetector::pointCloudCallback(sensor_msgs::msg::PointCloud2_<std::allocator<void> >::ConstSharedPtr)[m[Kâ€™:
[01m[K/home/joanne/bookros2_ws/src/book_ros2/br2_tracking/src/br2_tracking/ObjectDetector.cpp:135:31:[m[K [01;31m[Kerror: [m[Kno matching function for call to â€˜[01m[KfromROSMsg(const ConstSharedPtr&, pcl::PointCloud<pcl::PointXYZ>::Ptr&)[m[Kâ€™
  135 |     pcl::fromROSMsg(msg, cloud[01;31m[K)[m[K;
      |                               [01;31m[K^[m[K
In file included from [01m[K/home/joanne/bookros2_ws/src/book_ros2/br2_tracking/include/br2_tracking/ObjectDetector.hpp:46[m[K,
                 from [01m[K/home/joanne/bookros2_ws/src/book_ros2/br2_tracking/src/br2_tracking/ObjectDetector.cpp:20[m[K:
[01m[K/opt/ros/foxy/include/pcl_conversions/pcl_conversions.h:566:8:[m[K [01;36m[Knote: [m[Kcandidate: â€˜[01m[Ktemplate<class T> void pcl::fromROSMsg(const PointCloud2&, pcl::PointCloud<PointT>&)[m[Kâ€™
  566 |   void [01;36m[KfromROSMsg[m[K(const sensor_msgs::msg::PointCloud2 &cloud, pcl::PointCloud<T> &pcl_cloud)
      |        [01;36m[K^~~~~~~~~~[m[K
[01m[K/opt/ros/foxy/include/pcl_conversions/pcl_conversions.h:566:8:[m[K [01;36m[Knote: [m[K  template argument deduction/substitution failed:
[01m[K/home/joanne/bookros2_ws/src/book_ros2/br2_tracking/src/br2_tracking/ObjectDetector.cpp:135:31:[m[K [01;36m[Knote: [m[K  â€˜[01m[Kpcl::PointCloud<pcl::PointXYZ>::Ptr[m[Kâ€™ {aka â€˜[01m[Kboost::shared_ptr<pcl::PointCloud<pcl::PointXYZ> >[m[Kâ€™} is not derived from â€˜[01m[Kpcl::PointCloud<PointT>[m[Kâ€™
  135 |     pcl::fromROSMsg(msg, cloud[01;36m[K)[m[K;
      |                               [01;36m[K^[m[K
[01m[K/home/joanne/bookros2_ws/src/book_ros2/br2_tracking/src/br2_tracking/ObjectDetector.cpp:166:12:[m[K [01;31m[Kerror: [m[Kâ€˜[01m[Kcompute3DCentroid[m[Kâ€™ is not a member of â€˜[01m[Kpcl[m[Kâ€™
  166 |       pcl::[01;31m[Kcompute3DCentroid[m[K(*cluster_cloud, centroid);
      |            [01;31m[K^~~~~~~~~~~~~~~~~[m[K
[01m[K/home/joanne/bookros2_ws/src/book_ros2/br2_tracking/src/br2_tracking/ObjectDetector.cpp:219:30:[m[K [01;31m[Kerror: [m[Kâ€˜[01m[K__gnu_cxx::__alloc_traits<std::allocator<vision_msgs::msg::ObjectHypothesisWithPose_<std::allocator<void> > >, vision_msgs::msg::ObjectHypothesisWithPose_<std::allocator<void> > >::value_type[m[Kâ€™ {aka â€˜[01m[Kstruct vision_msgs::msg::ObjectHypothesisWithPose_<std::allocator<void> >[m[Kâ€™} has no member named â€˜[01m[Khypothesis[m[Kâ€™
  219 |       detection3d.results[0].[01;31m[Khypothesis[m[K.score = calculateConfidenceScore(cluster_cloud);
      |                              [01;31m[K^~~~~~~~~~[m[K
[01m[K/home/joanne/bookros2_ws/src/book_ros2/br2_tracking/src/br2_tracking/ObjectDetector.cpp:220:30:[m[K [01;31m[Kerror: [m[Kâ€˜[01m[K__gnu_cxx::__alloc_traits<std::allocator<vision_msgs::msg::ObjectHypothesisWithPose_<std::allocator<void> > >, vision_msgs::msg::ObjectHypothesisWithPose_<std::allocator<void> > >::value_type[m[Kâ€™ {aka â€˜[01m[Kstruct vision_msgs::msg::ObjectHypothesisWithPose_<std::allocator<void> >[m[Kâ€™} has no member named â€˜[01m[Khypothesis[m[Kâ€™
  220 |       detection3d.results[0].[01;31m[Khypothesis[m[K.class_id = "object";  // Or classify the object type
      |                              [01;31m[K^~~~~~~~~~[m[K
make[2]: *** [CMakeFiles/br2_tracking.dir/build.make:63: CMakeFiles/br2_tracking.dir/src/br2_tracking/ObjectDetector.cpp.o] Error 1
make[1]: *** [CMakeFiles/Makefile2:204: CMakeFiles/br2_tracking.dir/all] Error 2
make: *** [Makefile:141: all] Error 2
