[0.029s] Invoking command in '/home/joanne/bookros2_ws/build/br2_tracking': CMAKE_PREFIX_PATH=/home/joanne/bookros2_ws/install/br2_tracking_msgs:/home/joanne/bookros2_ws/install/gazebo_ros2_control_demos:/home/joanne/bookros2_ws/install/ros2_controllers:/home/joanne/bookros2_ws/install/velocity_controllers:/home/joanne/bookros2_ws/install/urdf_test:/home/joanne/bookros2_ws/install/tiago_simulation:/home/joanne/bookros2_ws/install/tiago_robot:/home/joanne/bookros2_ws/install/tiago_2dnav_gazebo:/home/joanne/bookros2_ws/install/tiago_gazebo:/home/joanne/bookros2_ws/install/tiago_bringup:/home/joanne/bookros2_ws/install/pmb2_robot:/home/joanne/bookros2_ws/install/pmb2_bringup:/home/joanne/bookros2_ws/install/twist_mux:/home/joanne/bookros2_ws/install/transmission_interface:/home/joanne/bookros2_ws/install/tiago_description:/home/joanne/bookros2_ws/install/tiago_description_calibration:/home/joanne/bookros2_ws/install/tiago_controller_configuration:/home/joanne/bookros2_ws/install/ros2_control:/home/joanne/bookros2_ws/install/ros2_control_test_assets:/home/joanne/bookros2_ws/install/pal_gripper:/home/joanne/bookros2_ws/install/pal_gripper_controller_configuration:/home/joanne/bookros2_ws/install/position_controllers:/home/joanne/bookros2_ws/install/pmb2_navigation:/home/joanne/bookros2_ws/install/pmb2_2dnav:/home/joanne/bookros2_ws/install/pmb2_maps:/home/joanne/bookros2_ws/install/pmb2_description:/home/joanne/bookros2_ws/install/pmb2_controller_configuration:/home/joanne/bookros2_ws/install/pal_gripper_description:/home/joanne/bookros2_ws/install/pal_gazebo_worlds:/home/joanne/bookros2_ws/install/joint_trajectory_controller:/home/joanne/bookros2_ws/install/joint_state_controller:/home/joanne/bookros2_ws/install/joint_state_broadcaster:/home/joanne/bookros2_ws/install/imu_sensor_broadcaster:/home/joanne/bookros2_ws/install/hey5_description:/home/joanne/bookros2_ws/install/gripper_controllers:/home/joanne/bookros2_ws/install/gazebo_ros2_control:/home/joanne/bookros2_ws/install/effort_controllers:/home/joanne/bookros2_ws/install/forward_command_controller:/home/joanne/bookros2_ws/install/force_torque_sensor_broadcaster:/home/joanne/bookros2_ws/install/diff_drive_controller:/home/joanne/bookros2_ws/install/controller_manager:/home/joanne/bookros2_ws/install/controller_interface:/home/joanne/bookros2_ws/install/hardware_interface:/home/joanne/bookros2_ws/install/groot:/home/joanne/bookros2_ws/install/controller_manager_msgs:/home/joanne/bookros2_ws/install/br2_vff_avoidance:/home/joanne/bookros2_ws/install/br2_tracking:/home/joanne/bookros2_ws/install/br2_tiago:/home/joanne/bookros2_ws/install/br2_tf2_detector:/home/joanne/bookros2_ws/install/br2_navigation:/home/joanne/bookros2_ws/install/br2_fsm_bumpgo_cpp:/home/joanne/bookros2_ws/install/br2_bt_patrolling:/home/joanne/bookros2_ws/install/br2_bt_bumpgo:/home/joanne/bookros2_ws/install/br2_basics:/home/joanne/nav2_ws/install/nav2_system_tests:/home/joanne/nav2_ws/install/nav2_bringup:/home/joanne/nav2_ws/install/navigation2:/home/joanne/nav2_ws/install/smac_planner:/home/joanne/nav2_ws/install/nav2_dwb_controller:/home/joanne/nav2_ws/install/nav2_controller:/home/joanne/nav2_ws/install/dwb_plugins:/home/joanne/nav2_ws/install/dwb_critics:/home/joanne/nav2_ws/install/dwb_core:/home/joanne/nav2_ws/install/nav_2d_utils:/home/joanne/nav2_ws/install/dwb_msgs:/home/joanne/nav2_ws/install/nav_2d_msgs:/home/joanne/nav2_ws/install/nav2_waypoint_follower:/home/joanne/nav2_ws/install/nav2_regulated_pure_pursuit_controller:/home/joanne/nav2_ws/install/nav2_recoveries:/home/joanne/nav2_ws/install/nav2_planner:/home/joanne/nav2_ws/install/nav2_navfn_planner:/home/joanne/nav2_ws/install/nav2_core:/home/joanne/nav2_ws/install/costmap_queue:/home/joanne/nav2_ws/install/nav2_costmap_2d:/home/joanne/nav2_ws/install/nav2_voxel_grid:/home/joanne/nav2_ws/install/nav2_rviz_plugins:/home/joanne/nav2_ws/install/nav2_map_server:/home/joanne/nav2_ws/install/nav2_lifecycle_manager:/home/joanne/nav2_ws/install/nav2_bt_navigator:/home/joanne/nav2_ws/install/nav2_behavior_tree:/home/joanne/nav2_ws/install/nav2_amcl:/home/joanne/nav2_ws/install/nav2_util:/home/joanne/nav2_ws/install/nav2_msgs:/home/joanne/nav2_ws/install/nav2_common:/home/joanne/bookros2_ws/install/ros2controlcli:/home/joanne/bookros2_ws/install/launch_pal:/home/joanne/bookros2_ws/install/br2_fsm_bumpgo_py:/home/joanne/nav2_ws/install/nav2_gazebo_spawner:/opt/ros/foxy LD_LIBRARY_PATH=/home/joanne/bookros2_ws/install/br2_tracking_msgs/lib:/home/joanne/bookros2_ws/install/velocity_controllers/lib:/home/joanne/bookros2_ws/install/position_controllers/lib:/home/joanne/bookros2_ws/install/joint_trajectory_controller/lib:/home/joanne/bookros2_ws/install/joint_state_controller/lib:/home/joanne/bookros2_ws/install/joint_state_broadcaster/lib:/home/joanne/bookros2_ws/install/imu_sensor_broadcaster/lib:/home/joanne/bookros2_ws/install/gripper_controllers/lib:/home/joanne/bookros2_ws/install/gazebo_ros2_control/lib:/home/joanne/bookros2_ws/install/effort_controllers/lib:/home/joanne/bookros2_ws/install/forward_command_controller/lib:/home/joanne/bookros2_ws/install/force_torque_sensor_broadcaster/lib:/home/joanne/bookros2_ws/install/diff_drive_controller/lib:/home/joanne/bookros2_ws/install/controller_manager/lib:/home/joanne/bookros2_ws/install/controller_interface/lib:/home/joanne/bookros2_ws/install/hardware_interface/lib:/home/joanne/bookros2_ws/install/groot/lib:/home/joanne/bookros2_ws/install/controller_manager_msgs/lib:/home/joanne/bookros2_ws/install/br2_vff_avoidance/lib:/home/joanne/bookros2_ws/install/br2_tracking/lib:/home/joanne/bookros2_ws/install/br2_tf2_detector/lib:/home/joanne/bookros2_ws/install/br2_bt_patrolling/lib:/home/joanne/bookros2_ws/install/br2_bt_bumpgo/lib:/home/joanne/nav2_ws/install/smac_planner/lib:/home/joanne/nav2_ws/install/nav2_controller/lib:/home/joanne/nav2_ws/install/dwb_plugins/lib:/home/joanne/nav2_ws/install/dwb_critics/lib:/home/joanne/nav2_ws/install/dwb_core/lib:/home/joanne/nav2_ws/install/nav_2d_utils/lib:/home/joanne/nav2_ws/install/dwb_msgs/lib:/home/joanne/nav2_ws/install/nav_2d_msgs/lib:/home/joanne/nav2_ws/install/nav2_waypoint_follower/lib:/home/joanne/nav2_ws/install/nav2_regulated_pure_pursuit_controller/lib:/home/joanne/nav2_ws/install/nav2_recoveries/lib:/home/joanne/nav2_ws/install/nav2_planner/lib:/home/joanne/nav2_ws/install/nav2_navfn_planner/lib:/home/joanne/nav2_ws/install/costmap_queue/lib:/home/joanne/nav2_ws/install/nav2_costmap_2d/lib:/home/joanne/nav2_ws/install/nav2_voxel_grid/lib:/home/joanne/nav2_ws/install/nav2_rviz_plugins/lib:/home/joanne/nav2_ws/install/nav2_map_server/lib:/home/joanne/nav2_ws/install/nav2_lifecycle_manager/lib:/home/joanne/nav2_ws/install/nav2_bt_navigator/lib:/home/joanne/nav2_ws/install/nav2_behavior_tree/lib:/home/joanne/nav2_ws/install/nav2_amcl/lib:/home/joanne/nav2_ws/install/nav2_util/lib:/home/joanne/nav2_ws/install/nav2_msgs/lib:/usr/lib/x86_64-linux-gnu/gazebo-11/plugins:/opt/ros/foxy/opt/yaml_cpp_vendor/lib:/opt/ros/foxy/opt/rviz_ogre_vendor/lib:/opt/ros/foxy/lib/x86_64-linux-gnu:/opt/ros/foxy/lib PYTHONPATH=/home/joanne/bookros2_ws/install/br2_tracking_msgs/lib/python3.8/site-packages:/home/joanne/bookros2_ws/install/urdf_test/lib/python3.8/site-packages:/home/joanne/bookros2_ws/install/tiago_description/lib/python3.8/site-packages:/home/joanne/bookros2_ws/build/ros2controlcli:/home/joanne/bookros2_ws/install/ros2controlcli/lib/python3.8/site-packages:/home/joanne/bookros2_ws/install/pmb2_description/lib/python3.8/site-packages:/home/joanne/bookros2_ws/build/launch_pal:/home/joanne/bookros2_ws/install/launch_pal/lib/python3.8/site-packages:/home/joanne/bookros2_ws/install/controller_manager/lib/python3.8/site-packages:/home/joanne/bookros2_ws/install/controller_manager_msgs/lib/python3.8/site-packages:/home/joanne/bookros2_ws/build/br2_fsm_bumpgo_py:/home/joanne/bookros2_ws/install/br2_fsm_bumpgo_py/lib/python3.8/site-packages:/home/joanne/nav2_ws/install/dwb_msgs/lib/python3.8/site-packages:/home/joanne/nav2_ws/install/nav_2d_msgs/lib/python3.8/site-packages:/home/joanne/nav2_ws/install/nav2_msgs/lib/python3.8/site-packages:/home/joanne/nav2_ws/build/nav2_gazebo_spawner:/home/joanne/nav2_ws/install/nav2_gazebo_spawner/lib/python3.8/site-packages:/home/joanne/nav2_ws/install/nav2_common/lib/python3.8/site-packages:/opt/ros/foxy/lib/python3.8/site-packages /usr/bin/cmake --build /home/joanne/bookros2_ws/build/br2_tracking -- -j8 -l8
[0.123s] [35m[1mScanning dependencies of target br2_tracking[0m
[0.134s] [ 14%] Built target gtest
[0.135s] [ 28%] Built target gtest_main
[0.219s] [ 35%] [32mBuilding CXX object CMakeFiles/br2_tracking.dir/src/br2_tracking/ObjectDetector.cpp.o[0m
[9.170s] [01m[K/home/joanne/bookros2_ws/src/book_ros2/br2_tracking/src/br2_tracking/ObjectDetector.cpp:[m[K In member function â€˜[01m[Kvoid br2_tracking::ObjectDetector::pointCloudCallback(sensor_msgs::msg::PointCloud2_<std::allocator<void> >::ConstSharedPtr)[m[Kâ€™:
[9.170s] [01m[K/home/joanne/bookros2_ws/src/book_ros2/br2_tracking/src/br2_tracking/ObjectDetector.cpp:135:31:[m[K [01;31m[Kerror: [m[Kno matching function for call to â€˜[01m[KfromROSMsg(const ConstSharedPtr&, pcl::PointCloud<pcl::PointXYZ>::Ptr&)[m[Kâ€™
[9.170s]   135 |     pcl::fromROSMsg(msg, cloud[01;31m[K)[m[K;
[9.170s]       |                               [01;31m[K^[m[K
[9.170s] In file included from [01m[K/home/joanne/bookros2_ws/src/book_ros2/br2_tracking/include/br2_tracking/ObjectDetector.hpp:46[m[K,
[9.170s]                  from [01m[K/home/joanne/bookros2_ws/src/book_ros2/br2_tracking/src/br2_tracking/ObjectDetector.cpp:20[m[K:
[9.170s] [01m[K/opt/ros/foxy/include/pcl_conversions/pcl_conversions.h:566:8:[m[K [01;36m[Knote: [m[Kcandidate: â€˜[01m[Ktemplate<class T> void pcl::fromROSMsg(const PointCloud2&, pcl::PointCloud<PointT>&)[m[Kâ€™
[9.171s]   566 |   void [01;36m[KfromROSMsg[m[K(const sensor_msgs::msg::PointCloud2 &cloud, pcl::PointCloud<T> &pcl_cloud)
[9.171s]       |        [01;36m[K^~~~~~~~~~[m[K
[9.171s] [01m[K/opt/ros/foxy/include/pcl_conversions/pcl_conversions.h:566:8:[m[K [01;36m[Knote: [m[K  template argument deduction/substitution failed:
[9.171s] [01m[K/home/joanne/bookros2_ws/src/book_ros2/br2_tracking/src/br2_tracking/ObjectDetector.cpp:135:31:[m[K [01;36m[Knote: [m[K  â€˜[01m[Kpcl::PointCloud<pcl::PointXYZ>::Ptr[m[Kâ€™ {aka â€˜[01m[Kboost::shared_ptr<pcl::PointCloud<pcl::PointXYZ> >[m[Kâ€™} is not derived from â€˜[01m[Kpcl::PointCloud<PointT>[m[Kâ€™
[9.171s]   135 |     pcl::fromROSMsg(msg, cloud[01;36m[K)[m[K;
[9.171s]       |                               [01;36m[K^[m[K
[9.173s] [01m[K/home/joanne/bookros2_ws/src/book_ros2/br2_tracking/src/br2_tracking/ObjectDetector.cpp:166:12:[m[K [01;31m[Kerror: [m[Kâ€˜[01m[Kcompute3DCentroid[m[Kâ€™ is not a member of â€˜[01m[Kpcl[m[Kâ€™
[9.173s]   166 |       pcl::[01;31m[Kcompute3DCentroid[m[K(*cluster_cloud, centroid);
[9.173s]       |            [01;31m[K^~~~~~~~~~~~~~~~~[m[K
[9.175s] [01m[K/home/joanne/bookros2_ws/src/book_ros2/br2_tracking/src/br2_tracking/ObjectDetector.cpp:219:30:[m[K [01;31m[Kerror: [m[Kâ€˜[01m[K__gnu_cxx::__alloc_traits<std::allocator<vision_msgs::msg::ObjectHypothesisWithPose_<std::allocator<void> > >, vision_msgs::msg::ObjectHypothesisWithPose_<std::allocator<void> > >::value_type[m[Kâ€™ {aka â€˜[01m[Kstruct vision_msgs::msg::ObjectHypothesisWithPose_<std::allocator<void> >[m[Kâ€™} has no member named â€˜[01m[Khypothesis[m[Kâ€™
[9.175s]   219 |       detection3d.results[0].[01;31m[Khypothesis[m[K.score = calculateConfidenceScore(cluster_cloud);
[9.175s]       |                              [01;31m[K^~~~~~~~~~[m[K
[9.175s] [01m[K/home/joanne/bookros2_ws/src/book_ros2/br2_tracking/src/br2_tracking/ObjectDetector.cpp:220:30:[m[K [01;31m[Kerror: [m[Kâ€˜[01m[K__gnu_cxx::__alloc_traits<std::allocator<vision_msgs::msg::ObjectHypothesisWithPose_<std::allocator<void> > >, vision_msgs::msg::ObjectHypothesisWithPose_<std::allocator<void> > >::value_type[m[Kâ€™ {aka â€˜[01m[Kstruct vision_msgs::msg::ObjectHypothesisWithPose_<std::allocator<void> >[m[Kâ€™} has no member named â€˜[01m[Khypothesis[m[Kâ€™
[9.175s]   220 |       detection3d.results[0].[01;31m[Khypothesis[m[K.class_id = "object";  // Or classify the object type
[9.175s]       |                              [01;31m[K^~~~~~~~~~[m[K
[15.804s] make[2]: *** [CMakeFiles/br2_tracking.dir/build.make:63: CMakeFiles/br2_tracking.dir/src/br2_tracking/ObjectDetector.cpp.o] Error 1
[15.805s] make[1]: *** [CMakeFiles/Makefile2:204: CMakeFiles/br2_tracking.dir/all] Error 2
[15.805s] make: *** [Makefile:141: all] Error 2
[15.809s] Invoked command in '/home/joanne/bookros2_ws/build/br2_tracking' returned '2': CMAKE_PREFIX_PATH=/home/joanne/bookros2_ws/install/br2_tracking_msgs:/home/joanne/bookros2_ws/install/gazebo_ros2_control_demos:/home/joanne/bookros2_ws/install/ros2_controllers:/home/joanne/bookros2_ws/install/velocity_controllers:/home/joanne/bookros2_ws/install/urdf_test:/home/joanne/bookros2_ws/install/tiago_simulation:/home/joanne/bookros2_ws/install/tiago_robot:/home/joanne/bookros2_ws/install/tiago_2dnav_gazebo:/home/joanne/bookros2_ws/install/tiago_gazebo:/home/joanne/bookros2_ws/install/tiago_bringup:/home/joanne/bookros2_ws/install/pmb2_robot:/home/joanne/bookros2_ws/install/pmb2_bringup:/home/joanne/bookros2_ws/install/twist_mux:/home/joanne/bookros2_ws/install/transmission_interface:/home/joanne/bookros2_ws/install/tiago_description:/home/joanne/bookros2_ws/install/tiago_description_calibration:/home/joanne/bookros2_ws/install/tiago_controller_configuration:/home/joanne/bookros2_ws/install/ros2_control:/home/joanne/bookros2_ws/install/ros2_control_test_assets:/home/joanne/bookros2_ws/install/pal_gripper:/home/joanne/bookros2_ws/install/pal_gripper_controller_configuration:/home/joanne/bookros2_ws/install/position_controllers:/home/joanne/bookros2_ws/install/pmb2_navigation:/home/joanne/bookros2_ws/install/pmb2_2dnav:/home/joanne/bookros2_ws/install/pmb2_maps:/home/joanne/bookros2_ws/install/pmb2_description:/home/joanne/bookros2_ws/install/pmb2_controller_configuration:/home/joanne/bookros2_ws/install/pal_gripper_description:/home/joanne/bookros2_ws/install/pal_gazebo_worlds:/home/joanne/bookros2_ws/install/joint_trajectory_controller:/home/joanne/bookros2_ws/install/joint_state_controller:/home/joanne/bookros2_ws/install/joint_state_broadcaster:/home/joanne/bookros2_ws/install/imu_sensor_broadcaster:/home/joanne/bookros2_ws/install/hey5_description:/home/joanne/bookros2_ws/install/gripper_controllers:/home/joanne/bookros2_ws/install/gazebo_ros2_control:/home/joanne/bookros2_ws/install/effort_controllers:/home/joanne/bookros2_ws/install/forward_command_controller:/home/joanne/bookros2_ws/install/force_torque_sensor_broadcaster:/home/joanne/bookros2_ws/install/diff_drive_controller:/home/joanne/bookros2_ws/install/controller_manager:/home/joanne/bookros2_ws/install/controller_interface:/home/joanne/bookros2_ws/install/hardware_interface:/home/joanne/bookros2_ws/install/groot:/home/joanne/bookros2_ws/install/controller_manager_msgs:/home/joanne/bookros2_ws/install/br2_vff_avoidance:/home/joanne/bookros2_ws/install/br2_tracking:/home/joanne/bookros2_ws/install/br2_tiago:/home/joanne/bookros2_ws/install/br2_tf2_detector:/home/joanne/bookros2_ws/install/br2_navigation:/home/joanne/bookros2_ws/install/br2_fsm_bumpgo_cpp:/home/joanne/bookros2_ws/install/br2_bt_patrolling:/home/joanne/bookros2_ws/install/br2_bt_bumpgo:/home/joanne/bookros2_ws/install/br2_basics:/home/joanne/nav2_ws/install/nav2_system_tests:/home/joanne/nav2_ws/install/nav2_bringup:/home/joanne/nav2_ws/install/navigation2:/home/joanne/nav2_ws/install/smac_planner:/home/joanne/nav2_ws/install/nav2_dwb_controller:/home/joanne/nav2_ws/install/nav2_controller:/home/joanne/nav2_ws/install/dwb_plugins:/home/joanne/nav2_ws/install/dwb_critics:/home/joanne/nav2_ws/install/dwb_core:/home/joanne/nav2_ws/install/nav_2d_utils:/home/joanne/nav2_ws/install/dwb_msgs:/home/joanne/nav2_ws/install/nav_2d_msgs:/home/joanne/nav2_ws/install/nav2_waypoint_follower:/home/joanne/nav2_ws/install/nav2_regulated_pure_pursuit_controller:/home/joanne/nav2_ws/install/nav2_recoveries:/home/joanne/nav2_ws/install/nav2_planner:/home/joanne/nav2_ws/install/nav2_navfn_planner:/home/joanne/nav2_ws/install/nav2_core:/home/joanne/nav2_ws/install/costmap_queue:/home/joanne/nav2_ws/install/nav2_costmap_2d:/home/joanne/nav2_ws/install/nav2_voxel_grid:/home/joanne/nav2_ws/install/nav2_rviz_plugins:/home/joanne/nav2_ws/install/nav2_map_server:/home/joanne/nav2_ws/install/nav2_lifecycle_manager:/home/joanne/nav2_ws/install/nav2_bt_navigator:/home/joanne/nav2_ws/install/nav2_behavior_tree:/home/joanne/nav2_ws/install/nav2_amcl:/home/joanne/nav2_ws/install/nav2_util:/home/joanne/nav2_ws/install/nav2_msgs:/home/joanne/nav2_ws/install/nav2_common:/home/joanne/bookros2_ws/install/ros2controlcli:/home/joanne/bookros2_ws/install/launch_pal:/home/joanne/bookros2_ws/install/br2_fsm_bumpgo_py:/home/joanne/nav2_ws/install/nav2_gazebo_spawner:/opt/ros/foxy LD_LIBRARY_PATH=/home/joanne/bookros2_ws/install/br2_tracking_msgs/lib:/home/joanne/bookros2_ws/install/velocity_controllers/lib:/home/joanne/bookros2_ws/install/position_controllers/lib:/home/joanne/bookros2_ws/install/joint_trajectory_controller/lib:/home/joanne/bookros2_ws/install/joint_state_controller/lib:/home/joanne/bookros2_ws/install/joint_state_broadcaster/lib:/home/joanne/bookros2_ws/install/imu_sensor_broadcaster/lib:/home/joanne/bookros2_ws/install/gripper_controllers/lib:/home/joanne/bookros2_ws/install/gazebo_ros2_control/lib:/home/joanne/bookros2_ws/install/effort_controllers/lib:/home/joanne/bookros2_ws/install/forward_command_controller/lib:/home/joanne/bookros2_ws/install/force_torque_sensor_broadcaster/lib:/home/joanne/bookros2_ws/install/diff_drive_controller/lib:/home/joanne/bookros2_ws/install/controller_manager/lib:/home/joanne/bookros2_ws/install/controller_interface/lib:/home/joanne/bookros2_ws/install/hardware_interface/lib:/home/joanne/bookros2_ws/install/groot/lib:/home/joanne/bookros2_ws/install/controller_manager_msgs/lib:/home/joanne/bookros2_ws/install/br2_vff_avoidance/lib:/home/joanne/bookros2_ws/install/br2_tracking/lib:/home/joanne/bookros2_ws/install/br2_tf2_detector/lib:/home/joanne/bookros2_ws/install/br2_bt_patrolling/lib:/home/joanne/bookros2_ws/install/br2_bt_bumpgo/lib:/home/joanne/nav2_ws/install/smac_planner/lib:/home/joanne/nav2_ws/install/nav2_controller/lib:/home/joanne/nav2_ws/install/dwb_plugins/lib:/home/joanne/nav2_ws/install/dwb_critics/lib:/home/joanne/nav2_ws/install/dwb_core/lib:/home/joanne/nav2_ws/install/nav_2d_utils/lib:/home/joanne/nav2_ws/install/dwb_msgs/lib:/home/joanne/nav2_ws/install/nav_2d_msgs/lib:/home/joanne/nav2_ws/install/nav2_waypoint_follower/lib:/home/joanne/nav2_ws/install/nav2_regulated_pure_pursuit_controller/lib:/home/joanne/nav2_ws/install/nav2_recoveries/lib:/home/joanne/nav2_ws/install/nav2_planner/lib:/home/joanne/nav2_ws/install/nav2_navfn_planner/lib:/home/joanne/nav2_ws/install/costmap_queue/lib:/home/joanne/nav2_ws/install/nav2_costmap_2d/lib:/home/joanne/nav2_ws/install/nav2_voxel_grid/lib:/home/joanne/nav2_ws/install/nav2_rviz_plugins/lib:/home/joanne/nav2_ws/install/nav2_map_server/lib:/home/joanne/nav2_ws/install/nav2_lifecycle_manager/lib:/home/joanne/nav2_ws/install/nav2_bt_navigator/lib:/home/joanne/nav2_ws/install/nav2_behavior_tree/lib:/home/joanne/nav2_ws/install/nav2_amcl/lib:/home/joanne/nav2_ws/install/nav2_util/lib:/home/joanne/nav2_ws/install/nav2_msgs/lib:/usr/lib/x86_64-linux-gnu/gazebo-11/plugins:/opt/ros/foxy/opt/yaml_cpp_vendor/lib:/opt/ros/foxy/opt/rviz_ogre_vendor/lib:/opt/ros/foxy/lib/x86_64-linux-gnu:/opt/ros/foxy/lib PYTHONPATH=/home/joanne/bookros2_ws/install/br2_tracking_msgs/lib/python3.8/site-packages:/home/joanne/bookros2_ws/install/urdf_test/lib/python3.8/site-packages:/home/joanne/bookros2_ws/install/tiago_description/lib/python3.8/site-packages:/home/joanne/bookros2_ws/build/ros2controlcli:/home/joanne/bookros2_ws/install/ros2controlcli/lib/python3.8/site-packages:/home/joanne/bookros2_ws/install/pmb2_description/lib/python3.8/site-packages:/home/joanne/bookros2_ws/build/launch_pal:/home/joanne/bookros2_ws/install/launch_pal/lib/python3.8/site-packages:/home/joanne/bookros2_ws/install/controller_manager/lib/python3.8/site-packages:/home/joanne/bookros2_ws/install/controller_manager_msgs/lib/python3.8/site-packages:/home/joanne/bookros2_ws/build/br2_fsm_bumpgo_py:/home/joanne/bookros2_ws/install/br2_fsm_bumpgo_py/lib/python3.8/site-packages:/home/joanne/nav2_ws/install/dwb_msgs/lib/python3.8/site-packages:/home/joanne/nav2_ws/install/nav_2d_msgs/lib/python3.8/site-packages:/home/joanne/nav2_ws/install/nav2_msgs/lib/python3.8/site-packages:/home/joanne/nav2_ws/build/nav2_gazebo_spawner:/home/joanne/nav2_ws/install/nav2_gazebo_spawner/lib/python3.8/site-packages:/home/joanne/nav2_ws/install/nav2_common/lib/python3.8/site-packages:/opt/ros/foxy/lib/python3.8/site-packages /usr/bin/cmake --build /home/joanne/bookros2_ws/build/br2_tracking -- -j8 -l8
