[0.073s] Invoking command in '/home/joanne/bookros2_ws/build/br2_tf2_detector': CMAKE_PREFIX_PATH=${CMAKE_PREFIX_PATH}:/home/joanne/bookros2_ws/install/ros2controlcli:/home/joanne/bookros2_ws/install/launch_pal:/home/joanne/bookros2_ws/install/br2_fsm_bumpgo_py:/opt/ros/foxy /usr/bin/cmake --build /home/joanne/bookros2_ws/build/br2_tf2_detector -- -j8 -l8
[0.298s] [35m[1mScanning dependencies of target br2_tf2_detector[0m
[0.415s] [ 11%] [32mBuilding CXX object CMakeFiles/br2_tf2_detector.dir/src/br2_tf2_detector/ObstacleMonitorNode.cpp.o[0m
[7.609s] In file included from [01m[K/opt/ros/foxy/include/rclcpp/client.hpp:40[m[K,
[7.609s]                  from [01m[K/opt/ros/foxy/include/rclcpp/callback_group.hpp:23[m[K,
[7.610s]                  from [01m[K/opt/ros/foxy/include/rclcpp/any_executable.hpp:20[m[K,
[7.610s]                  from [01m[K/opt/ros/foxy/include/rclcpp/memory_strategy.hpp:24[m[K,
[7.611s]                  from [01m[K/opt/ros/foxy/include/rclcpp/memory_strategies.hpp:18[m[K,
[7.611s]                  from [01m[K/opt/ros/foxy/include/rclcpp/executor_options.hpp:20[m[K,
[7.611s]                  from [01m[K/opt/ros/foxy/include/rclcpp/executor.hpp:33[m[K,
[7.611s]                  from [01m[K/opt/ros/foxy/include/rclcpp/executors/multi_threaded_executor.hpp:26[m[K,
[7.611s]                  from [01m[K/opt/ros/foxy/include/rclcpp/executors.hpp:21[m[K,
[7.611s]                  from [01m[K/opt/ros/foxy/include/rclcpp/rclcpp.hpp:146[m[K,
[7.611s]                  from [01m[K/opt/ros/foxy/include/tf2_ros/buffer_interface.h:35[m[K,
[7.612s]                  from [01m[K/opt/ros/foxy/include/tf2_geometry_msgs/tf2_geometry_msgs.h:38[m[K,
[7.612s]                  from [01m[K/home/joanne/bookros2_ws/src/book_ros2/br2_tf2_detector/src/br2_tf2_detector/ObstacleMonitorNode.cpp:17[m[K:
[7.612s] [01m[K/home/joanne/bookros2_ws/src/book_ros2/br2_tf2_detector/src/br2_tf2_detector/ObstacleMonitorNode.cpp:[m[K In member function â€˜[01m[Kvoid br2_tf2_detector::ObstacleMonitorNode::control_cycle()[m[Kâ€™:
[7.612s] [01m[K/home/joanne/bookros2_ws/src/book_ros2/br2_tf2_detector/src/br2_tf2_detector/ObstacleMonitorNode.cpp:102:57:[m[K [01;31m[Kerror: [m[Kâ€˜[01m[Kdist[m[Kâ€™ was not declared in this scope
[7.612s]   102 |   RCLCPP_INFO(get_logger(), "Distance to obstacle %lf", [01;31m[Kdist[m[K);
[7.612s]       |                                                         [01;31m[K^~~~[m[K
[11.337s] make[2]: *** [CMakeFiles/br2_tf2_detector.dir/build.make:76: CMakeFiles/br2_tf2_detector.dir/src/br2_tf2_detector/ObstacleMonitorNode.cpp.o] Error 1
[11.338s] make[1]: *** [CMakeFiles/Makefile2:109: CMakeFiles/br2_tf2_detector.dir/all] Error 2
[11.339s] make: *** [Makefile:141: all] Error 2
[11.343s] Invoked command in '/home/joanne/bookros2_ws/build/br2_tf2_detector' returned '2': CMAKE_PREFIX_PATH=${CMAKE_PREFIX_PATH}:/home/joanne/bookros2_ws/install/ros2controlcli:/home/joanne/bookros2_ws/install/launch_pal:/home/joanne/bookros2_ws/install/br2_fsm_bumpgo_py:/opt/ros/foxy /usr/bin/cmake --build /home/joanne/bookros2_ws/build/br2_tf2_detector -- -j8 -l8
