[01m[K/home/joanne/bookros2_ws/src/book_ros2/br2_bt_patrolling/src/br2_bt_patrolling/Move.cpp:[m[K In member function â€˜[01m[Kvirtual void br2_bt_patrolling::Move::on_tick()[m[Kâ€™:
[01m[K/home/joanne/bookros2_ws/src/book_ros2/br2_bt_patrolling/src/br2_bt_patrolling/Move.cpp:50:3:[m[K [01;31m[Kerror: [m[Kâ€˜[01m[Kcout[m[Kâ€™ was not declared in this scope; did you mean â€˜[01m[Kstd::cout[m[Kâ€™?
   50 |   [01;31m[Kcout[m[K << "Enter coefficients a, b and c: ";
      |   [01;31m[K^~~~[m[K
      |   [32m[Kstd::cout[m[K
In file included from [01m[K/home/joanne/bookros2_ws/src/book_ros2/br2_bt_patrolling/src/br2_bt_patrolling/Move.cpp:16[m[K:
[01m[K/usr/include/c++/9/iostream:61:18:[m[K [01;36m[Knote: [m[Kâ€˜[01m[Kstd::cout[m[Kâ€™ declared here
   61 |   extern ostream [01;36m[Kcout[m[K;  /// Linked to standard output
      |                  [01;36m[K^~~~[m[K
make[2]: *** [CMakeFiles/br2_move_bt_node.dir/build.make:63: CMakeFiles/br2_move_bt_node.dir/src/br2_bt_patrolling/Move.cpp.o] Error 1
make[1]: *** [CMakeFiles/Makefile2:239: CMakeFiles/br2_move_bt_node.dir/all] Error 2
make: *** [Makefile:141: all] Error 2
