[0.058s] Invoking command in '/home/joanne/bookros2_ws/build/br2_bt_patrolling': CMAKE_PREFIX_PATH=${CMAKE_PREFIX_PATH}:/home/joanne/bookros2_ws/install/ros2controlcli:/home/joanne/bookros2_ws/install/launch_pal:/home/joanne/bookros2_ws/install/br2_fsm_bumpgo_py:/opt/ros/foxy /usr/bin/cmake --build /home/joanne/bookros2_ws/build/br2_bt_patrolling -- -j8 -l8
[0.638s] [ 10%] Built target br2_recharge_bt_node
[0.799s] [ 20%] Built target gtest
[0.922s] [ 30%] Built target gtest_main
[1.155s] [ 40%] Built target br2_patrol_bt_node
[1.332s] [ 50%] Built target br2_track_objects_bt_node
[1.487s] [ 60%] Built target br2_get_waypoint_bt_node
[1.667s] [ 70%] Built target bt_action_test
[1.739s] [35m[1mScanning dependencies of target br2_move_bt_node[0m
[1.869s] [ 75%] [32mBuilding CXX object CMakeFiles/br2_move_bt_node.dir/src/br2_bt_patrolling/Move.cpp.o[0m
[11.535s] [01m[K/home/joanne/bookros2_ws/src/book_ros2/br2_bt_patrolling/src/br2_bt_patrolling/Move.cpp:[m[K In member function â€˜[01m[Kvirtual void br2_bt_patrolling::Move::on_tick()[m[Kâ€™:
[11.537s] [01m[K/home/joanne/bookros2_ws/src/book_ros2/br2_bt_patrolling/src/br2_bt_patrolling/Move.cpp:49:3:[m[K [01;31m[Kerror: [m[Kâ€˜[01m[Kcout[m[Kâ€™ was not declared in this scope; did you mean â€˜[01m[Kstd::cout[m[Kâ€™?
[11.545s]    49 |   [01;31m[Kcout[m[K << "Enter coefficients a, b and c: ";
[11.559s]       |   [01;31m[K^~~~[m[K
[11.559s]       |   [32m[Kstd::cout[m[K
[11.560s] In file included from [01m[K/home/joanne/bookros2_ws/src/book_ros2/br2_bt_patrolling/src/br2_bt_patrolling/Move.cpp:16[m[K:
[11.560s] [01m[K/usr/include/c++/9/iostream:61:18:[m[K [01;36m[Knote: [m[Kâ€˜[01m[Kstd::cout[m[Kâ€™ declared here
[11.560s]    61 |   extern ostream [01;36m[Kcout[m[K;  /// Linked to standard output
[11.560s]       |                  [01;36m[K^~~~[m[K
[11.560s] [01m[K/home/joanne/bookros2_ws/src/book_ros2/br2_bt_patrolling/src/br2_bt_patrolling/Move.cpp:59:32:[m[K [01;31m[Kerror: [m[Kâ€˜[01m[Kendl[m[Kâ€™ was not declared in this scope; did you mean â€˜[01m[Kstd::endl[m[Kâ€™?
[11.561s]    59 |       cout << "y1 = " << y1 << [01;31m[Kendl[m[K;
[11.561s]       |                                [01;31m[K^~~~[m[K
[11.561s]       |                                [32m[Kstd::endl[m[K
[11.562s] In file included from [01m[K/usr/include/c++/9/iostream:39[m[K,
[11.562s]                  from [01m[K/home/joanne/bookros2_ws/src/book_ros2/br2_bt_patrolling/src/br2_bt_patrolling/Move.cpp:16[m[K:
[11.567s] [01m[K/usr/include/c++/9/ostream:599:5:[m[K [01;36m[Knote: [m[Kâ€˜[01m[Kstd::endl[m[Kâ€™ declared here
[11.568s]   599 |     [01;36m[Kendl[m[K(basic_ostream<_CharT, _Traits>& __os)
[11.569s]       |     [01;36m[K^~~~[m[K
[11.570s] [01m[K/home/joanne/bookros2_ws/src/book_ros2/br2_bt_patrolling/src/br2_bt_patrolling/Move.cpp:64:45:[m[K [01;31m[Kerror: [m[Kâ€˜[01m[Kendl[m[Kâ€™ was not declared in this scope; did you mean â€˜[01m[Kstd::endl[m[Kâ€™?
[11.575s]    64 |       cout << "Roots are real and same." << [01;31m[Kendl[m[K;
[11.575s]       |                                             [01;31m[K^~~~[m[K
[11.575s]       |                                             [32m[Kstd::endl[m[K
[11.575s] In file included from [01m[K/usr/include/c++/9/iostream:39[m[K,
[11.575s]                  from [01m[K/home/joanne/bookros2_ws/src/book_ros2/br2_bt_patrolling/src/br2_bt_patrolling/Move.cpp:16[m[K:
[11.576s] [01m[K/usr/include/c++/9/ostream:599:5:[m[K [01;36m[Knote: [m[Kâ€˜[01m[Kstd::endl[m[Kâ€™ declared here
[11.576s]   599 |     [01;36m[Kendl[m[K(basic_ostream<_CharT, _Traits>& __os)
[11.576s]       |     [01;36m[K^~~~[m[K
[16.105s] make[2]: *** [CMakeFiles/br2_move_bt_node.dir/build.make:63: CMakeFiles/br2_move_bt_node.dir/src/br2_bt_patrolling/Move.cpp.o] Error 1
[16.108s] make[1]: *** [CMakeFiles/Makefile2:239: CMakeFiles/br2_move_bt_node.dir/all] Error 2
[16.110s] make: *** [Makefile:141: all] Error 2
[16.126s] Invoked command in '/home/joanne/bookros2_ws/build/br2_bt_patrolling' returned '2': CMAKE_PREFIX_PATH=${CMAKE_PREFIX_PATH}:/home/joanne/bookros2_ws/install/ros2controlcli:/home/joanne/bookros2_ws/install/launch_pal:/home/joanne/bookros2_ws/install/br2_fsm_bumpgo_py:/opt/ros/foxy /usr/bin/cmake --build /home/joanne/bookros2_ws/build/br2_bt_patrolling -- -j8 -l8
