[0.098s] Invoking command in '/home/joanne/bookros2_ws/build/br2_tf2_detector': CMAKE_PREFIX_PATH=${CMAKE_PREFIX_PATH}:/home/joanne/bookros2_ws/install/ros2controlcli:/home/joanne/bookros2_ws/install/launch_pal:/home/joanne/bookros2_ws/install/br2_fsm_bumpgo_py:/opt/ros/foxy /usr/bin/cmake --build /home/joanne/bookros2_ws/build/br2_tf2_detector -- -j8 -l8
[0.691s] [35m[1mScanning dependencies of target br2_tf2_detector[0m
[0.938s] [ 11%] [32mBuilding CXX object CMakeFiles/br2_tf2_detector.dir/src/br2_tf2_detector/ObstacleDetectorNode.cpp.o[0m
[11.192s] [01m[K/home/joanne/bookros2_ws/src/book_ros2/br2_tf2_detector/src/br2_tf2_detector/ObstacleDetectorNode.cpp:[m[K In member function â€˜[01m[Kvoid br2_tf2_detector::ObstacleDetectorNode::scan_callback(sensor_msgs::msg::LaserScan_<std::allocator<void> >::UniquePtr)[m[Kâ€™:
[11.192s] [01m[K/home/joanne/bookros2_ws/src/book_ros2/br2_tf2_detector/src/br2_tf2_detector/ObstacleDetectorNode.cpp:64:69:[m[K [01;31m[Kerror: [m[Kno matching function for call to â€˜[01m[Ktf2::BufferCore::lookupTransform(const string&, const char [18], rclcpp::Time&)[m[Kâ€™
[11.192s]    64 |           reference_frames[idx], "detected_obstacle", transform_time[01;31m[K)[m[K;
[11.193s]       |                                                                     [01;31m[K^[m[K
[11.193s] In file included from [01m[K/opt/ros/foxy/include/tf2_ros/buffer.h:43[m[K,
[11.193s]                  from [01m[K/home/joanne/bookros2_ws/src/book_ros2/br2_tf2_detector/include/br2_tf2_detector/ObstacleDetectorNode.hpp:21[m[K,
[11.193s]                  from [01m[K/home/joanne/bookros2_ws/src/book_ros2/br2_tf2_detector/src/br2_tf2_detector/ObstacleDetectorNode.cpp:17[m[K:
[11.193s] [01m[K/opt/ros/foxy/include/tf2/buffer_core.h:136:5:[m[K [01;36m[Knote: [m[Kcandidate: â€˜[01m[Kvirtual geometry_msgs::msg::TransformStamped tf2::BufferCore::lookupTransform(const string&, const string&, const TimePoint&) const[m[Kâ€™
[11.193s]   136 |     [01;36m[KlookupTransform[m[K(const std::string& target_frame, const std::string& source_frame,
[11.193s]       |     [01;36m[K^~~~~~~~~~~~~~~[m[K
[11.194s] [01m[K/opt/ros/foxy/include/tf2/buffer_core.h:137:24:[m[K [01;36m[Knote: [m[K  no known conversion for argument 3 from â€˜[01m[Krclcpp::Time[m[Kâ€™ to â€˜[01m[Kconst TimePoint&[m[Kâ€™ {aka â€˜[01m[Kconst std::chrono::time_point<std::chrono::_V2::system_clock, std::chrono::duration<long int, std::ratio<1, 1000000000> > >&[m[Kâ€™}
[11.194s]   137 |       [01;36m[Kconst TimePoint& time[m[K) const override;
[11.194s]       |       [01;36m[K~~~~~~~~~~~~~~~~~^~~~[m[K
[11.194s] [01m[K/opt/ros/foxy/include/tf2/buffer_core.h:153:5:[m[K [01;36m[Knote: [m[Kcandidate: â€˜[01m[Kvirtual geometry_msgs::msg::TransformStamped tf2::BufferCore::lookupTransform(const string&, const TimePoint&, const string&, const TimePoint&, const string&) const[m[Kâ€™
[11.194s]   153 |     [01;36m[KlookupTransform[m[K(const std::string& target_frame, const TimePoint& target_time,
[11.194s]       |     [01;36m[K^~~~~~~~~~~~~~~[m[K
[11.195s] [01m[K/opt/ros/foxy/include/tf2/buffer_core.h:153:5:[m[K [01;36m[Knote: [m[K  candidate expects 5 arguments, 3 provided
[20.694s] make[2]: *** [CMakeFiles/br2_tf2_detector.dir/build.make:63: CMakeFiles/br2_tf2_detector.dir/src/br2_tf2_detector/ObstacleDetectorNode.cpp.o] Error 1
[20.695s] make[1]: *** [CMakeFiles/Makefile2:109: CMakeFiles/br2_tf2_detector.dir/all] Error 2
[20.695s] make: *** [Makefile:141: all] Error 2
[20.712s] Invoked command in '/home/joanne/bookros2_ws/build/br2_tf2_detector' returned '2': CMAKE_PREFIX_PATH=${CMAKE_PREFIX_PATH}:/home/joanne/bookros2_ws/install/ros2controlcli:/home/joanne/bookros2_ws/install/launch_pal:/home/joanne/bookros2_ws/install/br2_fsm_bumpgo_py:/opt/ros/foxy /usr/bin/cmake --build /home/joanne/bookros2_ws/build/br2_tf2_detector -- -j8 -l8
