[0.019s] Invoking command in '/home/joanne/bookros2_ws/build/br2_fsm_bumpgo_cpp': CMAKE_PREFIX_PATH=${CMAKE_PREFIX_PATH}:/home/joanne/bookros2_ws/install/ros2controlcli:/home/joanne/bookros2_ws/install/launch_pal:/home/joanne/bookros2_ws/install/br2_fsm_bumpgo_py:/opt/ros/foxy /usr/bin/cmake --build /home/joanne/bookros2_ws/build/br2_fsm_bumpgo_cpp -- -j8 -l8
[0.155s] [35m[1mScanning dependencies of target bumpgo[0m
[0.197s] [ 33%] [32mBuilding CXX object CMakeFiles/bumpgo.dir/src/br2_fsm_bumpgo_cpp/BumpGoNode.cpp.o[0m
[0.198s] [ 66%] [32mBuilding CXX object CMakeFiles/bumpgo.dir/src/bumpgo_main.cpp.o[0m
[2.046s] [01m[K/home/joanne/bookros2_ws/src/book_ros2/br2_fsm_bumpgo_cpp/src/br2_fsm_bumpgo_cpp/BumpGoNode.cpp:[m[K In member function â€˜[01m[Kvoid br2_fsm_bumpgo_cpp::BumpGoNode::control_cycle()[m[Kâ€™:
[2.047s] [01m[K/home/joanne/bookros2_ws/src/book_ros2/br2_fsm_bumpgo_cpp/src/br2_fsm_bumpgo_cpp/BumpGoNode.cpp:80:27:[m[K [01;31m[Kerror: [m[Kâ€˜[01m[Kcalculate_speed[m[Kâ€™ was not declared in this scope; did you mean â€˜[01m[Kcalculate_time_speed[m[Kâ€™?
[2.047s]    80 |       out_vel.angular.z = [01;31m[Kcalculate_speed[m[K();
[2.047s]       |                           [01;31m[K^~~~~~~~~~~~~~~[m[K
[2.047s]       |                           [32m[Kcalculate_time_speed[m[K
[2.053s] [01m[K/home/joanne/bookros2_ws/src/book_ros2/br2_fsm_bumpgo_cpp/src/br2_fsm_bumpgo_cpp/BumpGoNode.cpp:[m[K In member function â€˜[01m[Kbool br2_fsm_bumpgo_cpp::BumpGoNode::check_forward_2_back()[m[Kâ€™:
[2.054s] [01m[K/home/joanne/bookros2_ws/src/book_ros2/br2_fsm_bumpgo_cpp/src/br2_fsm_bumpgo_cpp/BumpGoNode.cpp:113:31:[m[K [01;31m[Kerror: [m[Kinvalid use of member function â€˜[01m[Kbool br2_fsm_bumpgo_cpp::BumpGoNode::check_turn_2_forward()[m[Kâ€™ (did you forget the â€˜[01m[K()[m[Kâ€™ ?)
[2.054s]   113 |     if(last_scan_->ranges[i] <[01;31m[Kcheck_turn_2_forward[m[K OBSTACLE_DISTANCE){
[2.054s]       |                               [01;31m[K^~~~~~~~~~~~~~~~~~~~[m[K
[2.054s]       |                                                   [32m[K()[m[K
[2.054s] [01m[K/home/joanne/bookros2_ws/src/book_ros2/br2_fsm_bumpgo_cpp/src/br2_fsm_bumpgo_cpp/BumpGoNode.cpp:113:51:[m[K [01;31m[Kerror: [m[Kexpected â€˜[01m[K)[m[Kâ€™ before â€˜[01m[KOBSTACLE_DISTANCE[m[Kâ€™
[2.055s]   113 |     if[34m[K([m[Klast_scan_->ranges[i] <check_turn_2_forward[01;31m[K [m[K[32m[KOBSTACLE_DISTANCE[m[K){
[2.055s]       |       [34m[K~[m[K                                           [01;31m[K^[m[K[32m[K~~~~~~~~~~~~~~~~~[m[K
[2.055s]       |                                                   [32m[K)[m[K
[2.056s] [01m[K/home/joanne/bookros2_ws/src/book_ros2/br2_fsm_bumpgo_cpp/src/br2_fsm_bumpgo_cpp/BumpGoNode.cpp:[m[K At global scope:
[2.056s] [01m[K/home/joanne/bookros2_ws/src/book_ros2/br2_fsm_bumpgo_cpp/src/br2_fsm_bumpgo_cpp/BumpGoNode.cpp:157:6:[m[K [01;31m[Kerror: [m[Kstructured binding declaration cannot have type â€˜[01m[Kfloat[m[Kâ€™
[2.056s]   157 | float[01;31m[K[][m[K
[2.056s]       |      [01;31m[K^~[m[K
[2.056s] [01m[K/home/joanne/bookros2_ws/src/book_ros2/br2_fsm_bumpgo_cpp/src/br2_fsm_bumpgo_cpp/BumpGoNode.cpp:157:6:[m[K [01;36m[Knote: [m[Ktype must be cv-qualified â€˜[01m[Kauto[m[Kâ€™ or reference to cv-qualified â€˜[01m[Kauto[m[Kâ€™
[2.056s] [01m[K/home/joanne/bookros2_ws/src/book_ros2/br2_fsm_bumpgo_cpp/src/br2_fsm_bumpgo_cpp/BumpGoNode.cpp:157:6:[m[K [01;31m[Kerror: [m[Kempty structured binding declaration
[2.056s] [01m[K/home/joanne/bookros2_ws/src/book_ros2/br2_fsm_bumpgo_cpp/src/br2_fsm_bumpgo_cpp/BumpGoNode.cpp:158:1:[m[K [01;31m[Kerror: [m[Kexpected initializer before â€˜[01m[KBumpGoNode[m[Kâ€™
[2.056s]   158 | [01;31m[KBumpGoNode[m[K::calculate_speed()
[2.056s]       | [01;31m[K^~~~~~~~~~[m[K
[3.858s] make[2]: *** [CMakeFiles/bumpgo.dir/build.make:63: CMakeFiles/bumpgo.dir/src/br2_fsm_bumpgo_cpp/BumpGoNode.cpp.o] Error 1
[3.858s] make[1]: *** [CMakeFiles/Makefile2:78: CMakeFiles/bumpgo.dir/all] Error 2
[3.858s] make: *** [Makefile:141: all] Error 2
[3.861s] Invoked command in '/home/joanne/bookros2_ws/build/br2_fsm_bumpgo_cpp' returned '2': CMAKE_PREFIX_PATH=${CMAKE_PREFIX_PATH}:/home/joanne/bookros2_ws/install/ros2controlcli:/home/joanne/bookros2_ws/install/launch_pal:/home/joanne/bookros2_ws/install/br2_fsm_bumpgo_py:/opt/ros/foxy /usr/bin/cmake --build /home/joanne/bookros2_ws/build/br2_fsm_bumpgo_cpp -- -j8 -l8
