[0.092s] Invoking command in '/home/joanne/bookros2_ws/build/br2_tf2_detector': CMAKE_PREFIX_PATH=${CMAKE_PREFIX_PATH}:/home/joanne/bookros2_ws/install/ros2controlcli:/home/joanne/bookros2_ws/install/launch_pal:/home/joanne/bookros2_ws/install/br2_fsm_bumpgo_py:/opt/ros/foxy /usr/bin/cmake --build /home/joanne/bookros2_ws/build/br2_tf2_detector -- -j8 -l8
[0.389s] [35m[1mScanning dependencies of target br2_tf2_detector[0m
[0.566s] [ 11%] [32mBuilding CXX object CMakeFiles/br2_tf2_detector.dir/src/br2_tf2_detector/ObstacleDetectorNode.cpp.o[0m
[10.160s] In file included from [01m[K/home/joanne/bookros2_ws/src/book_ros2/br2_tf2_detector/src/br2_tf2_detector/ObstacleDetectorNode.cpp:17[m[K:
[10.160s] [01m[K/home/joanne/bookros2_ws/src/book_ros2/br2_tf2_detector/include/br2_tf2_detector/ObstacleDetectorNode.hpp:42:36:[m[K [01;31m[Kerror: [m[Kredeclaration of â€˜[01m[Kstd::unique_ptr<tf2_ros::Buffer> br2_tf2_detector::ObstacleDetectorNode::tf_buffer_[m[Kâ€™
[10.160s]    42 |   std::unique_ptr<tf2_ros::Buffer> [01;31m[Ktf_buffer_[m[K;
[10.161s]       |                                    [01;31m[K^~~~~~~~~~[m[K
[10.161s] [01m[K/home/joanne/bookros2_ws/src/book_ros2/br2_tf2_detector/include/br2_tf2_detector/ObstacleDetectorNode.hpp:37:19:[m[K [01;36m[Knote: [m[Kprevious declaration â€˜[01m[Ktf2::BufferCore br2_tf2_detector::ObstacleDetectorNode::tf_buffer_[m[Kâ€™
[10.161s]    37 |   tf2::BufferCore [01;36m[Ktf_buffer_[m[K;
[10.161s]       |                   [01;36m[K^~~~~~~~~~[m[K
[10.255s] [01m[K/home/joanne/bookros2_ws/src/book_ros2/br2_tf2_detector/src/br2_tf2_detector/ObstacleDetectorNode.cpp:[m[K In constructor â€˜[01m[Kbr2_tf2_detector::ObstacleDetectorNode::ObstacleDetectorNode()[m[Kâ€™:
[10.255s] [01m[K/home/joanne/bookros2_ws/src/book_ros2/br2_tf2_detector/src/br2_tf2_detector/ObstacleDetectorNode.cpp:37:67:[m[K [01;31m[Kerror: [m[Kno match for â€˜[01m[Koperator=[m[Kâ€™ (operand types are â€˜[01m[Ktf2::BufferCore[m[Kâ€™ and â€˜[01m[Kstd::_MakeUniq<tf2_ros::Buffer>::__single_object[m[Kâ€™ {aka â€˜[01m[Kstd::unique_ptr<tf2_ros::Buffer>[m[Kâ€™})
[10.256s]    37 |   tf_buffer_ = std::make_unique<tf2_ros::Buffer>(this->get_clock()[01;31m[K)[m[K;
[10.256s]       |                                                                   [01;31m[K^[m[K
[10.256s] In file included from [01m[K/opt/ros/foxy/include/tf2_ros/buffer.h:43[m[K,
[10.256s]                  from [01m[K/home/joanne/bookros2_ws/src/book_ros2/br2_tf2_detector/include/br2_tf2_detector/ObstacleDetectorNode.hpp:21[m[K,
[10.257s]                  from [01m[K/home/joanne/bookros2_ws/src/book_ros2/br2_tf2_detector/src/br2_tf2_detector/ObstacleDetectorNode.cpp:17[m[K:
[10.257s] [01m[K/opt/ros/foxy/include/tf2/buffer_core.h:92:7:[m[K [01;36m[Knote: [m[Kcandidate: â€˜[01m[Ktf2::BufferCore& tf2::BufferCore::operator=(const tf2::BufferCore&)[m[Kâ€™ <deleted>
[10.257s]    92 | class [01;36m[KBufferCore[m[K : public BufferCoreInterface
[10.257s]       |       [01;36m[K^~~~~~~~~~[m[K
[10.257s] [01m[K/opt/ros/foxy/include/tf2/buffer_core.h:92:7:[m[K [01;36m[Knote: [m[K  no known conversion for argument 1 from â€˜[01m[Kstd::_MakeUniq<tf2_ros::Buffer>::__single_object[m[Kâ€™ {aka â€˜[01m[Kstd::unique_ptr<tf2_ros::Buffer>[m[Kâ€™} to â€˜[01m[Kconst tf2::BufferCore&[m[Kâ€™
[19.395s] make[2]: *** [CMakeFiles/br2_tf2_detector.dir/build.make:63: CMakeFiles/br2_tf2_detector.dir/src/br2_tf2_detector/ObstacleDetectorNode.cpp.o] Error 1
[19.396s] make[1]: *** [CMakeFiles/Makefile2:109: CMakeFiles/br2_tf2_detector.dir/all] Error 2
[19.397s] make: *** [Makefile:141: all] Error 2
[19.413s] Invoked command in '/home/joanne/bookros2_ws/build/br2_tf2_detector' returned '2': CMAKE_PREFIX_PATH=${CMAKE_PREFIX_PATH}:/home/joanne/bookros2_ws/install/ros2controlcli:/home/joanne/bookros2_ws/install/launch_pal:/home/joanne/bookros2_ws/install/br2_fsm_bumpgo_py:/opt/ros/foxy /usr/bin/cmake --build /home/joanne/bookros2_ws/build/br2_tf2_detector -- -j8 -l8
