In file included from [01m[K/home/joanne/bookros2_ws/src/book_ros2/br2_tracking/src/br2_tracking/ObjectDetector.cpp:20[m[K:
[01m[K/home/joanne/bookros2_ws/src/book_ros2/br2_tracking/include/br2_tracking/ObjectDetector.hpp:33:51:[m[K [01;31m[Kerror: [m[Kâ€˜[01m[KPointCloud2[m[Kâ€™ in namespace â€˜[01m[Ksensor_msgs::msg[m[Kâ€™ does not name a type
   33 |   void pointCloudCallback(const sensor_msgs::msg::[01;31m[KPointCloud2[m[K::ConstSharedPtr & msg);
      |                                                   [01;31m[K^~~~~~~~~~~[m[K
[01m[K/home/joanne/bookros2_ws/src/book_ros2/br2_tracking/include/br2_tracking/ObjectDetector.hpp:33:79:[m[K [01;31m[Kerror: [m[Kexpected unqualified-id before â€˜[01m[K&[m[Kâ€™ token
   33 |   void pointCloudCallback(const sensor_msgs::msg::PointCloud2::ConstSharedPtr [01;31m[K&[m[K msg);
      |                                                                               [01;31m[K^[m[K
[01m[K/home/joanne/bookros2_ws/src/book_ros2/br2_tracking/include/br2_tracking/ObjectDetector.hpp:33:78:[m[K [01;31m[Kerror: [m[Kexpected â€˜[01m[K)[m[Kâ€™ before â€˜[01m[K&[m[Kâ€™ token
   33 |   void pointCloudCallback[34m[K([m[Kconst sensor_msgs::msg::PointCloud2::ConstSharedPtr[01;31m[K [m[K[32m[K&[m[K msg);
      |                          [34m[K~[m[K                                                   [01;31m[K^[m[K[32m[K~[m[K
      |                                                                              [32m[K)[m[K
[01m[K/home/joanne/bookros2_ws/src/book_ros2/br2_tracking/include/br2_tracking/ObjectDetector.hpp:33:79:[m[K [01;31m[Kerror: [m[Kexpected â€˜[01m[K;[m[Kâ€™ at end of member declaration
   33 |   void pointCloudCallback(const sensor_msgs::msg::PointCloud2::ConstSharedPtr [01;31m[K&[m[K msg);
      |                                                                               [01;31m[K^[m[K
      |                                                                                [32m[K;[m[K
[01m[K/home/joanne/bookros2_ws/src/book_ros2/br2_tracking/include/br2_tracking/ObjectDetector.hpp:33:81:[m[K [01;31m[Kerror: [m[Kâ€˜[01m[Kmsg[m[Kâ€™ does not name a type
   33 |   void pointCloudCallback(const sensor_msgs::msg::PointCloud2::ConstSharedPtr & [01;31m[Kmsg[m[K);
      |                                                                                 [01;31m[K^~~[m[K
[01m[K/home/joanne/bookros2_ws/src/book_ros2/br2_tracking/include/br2_tracking/ObjectDetector.hpp:40:21:[m[K [01;31m[Kerror: [m[Kâ€˜[01m[Kvisualization_msgs[m[Kâ€™ was not declared in this scope
   40 |   rclcpp::Publisher<[01;31m[Kvisualization_msgs[m[K::msg::MarkerArray>::SharedPtr marker_pub_;
      |                     [01;31m[K^~~~~~~~~~~~~~~~~~[m[K
[01m[K/home/joanne/bookros2_ws/src/book_ros2/br2_tracking/include/br2_tracking/ObjectDetector.hpp:40:57:[m[K [01;31m[Kerror: [m[Ktemplate argument 1 is invalid
   40 |   rclcpp::Publisher<visualization_msgs::msg::MarkerArray[01;31m[K>[m[K::SharedPtr marker_pub_;
      |                                                         [01;31m[K^[m[K
[01m[K/home/joanne/bookros2_ws/src/book_ros2/br2_tracking/include/br2_tracking/ObjectDetector.hpp:40:60:[m[K [01;31m[Kerror: [m[Kexpected â€˜[01m[K;[m[Kâ€™ at end of member declaration
   40 |   rclcpp::Publisher<visualization_msgs::msg::MarkerArray>::[01;31m[KSharedPtr[m[K marker_pub_;
      |                                                            [01;31m[K^~~~~~~~~[m[K
      |                                                                     [32m[K;[m[K
[01m[K/home/joanne/bookros2_ws/src/book_ros2/br2_tracking/include/br2_tracking/ObjectDetector.hpp:40:70:[m[K [01;31m[Kerror: [m[Kâ€˜[01m[Kmarker_pub_[m[Kâ€™ does not name a type
   40 |   rclcpp::Publisher<visualization_msgs::msg::MarkerArray>::SharedPtr [01;31m[Kmarker_pub_[m[K;
      |                                                                      [01;31m[K^~~~~~~~~~~[m[K
[01m[K/home/joanne/bookros2_ws/src/book_ros2/br2_tracking/include/br2_tracking/ObjectDetector.hpp:41:39:[m[K [01;31m[Kerror: [m[Kâ€˜[01m[KDetection3DArray[m[Kâ€™ is not a member of â€˜[01m[Kvision_msgs::msg[m[Kâ€™; did you mean â€˜[01m[KDetection2D[m[Kâ€™?
   41 |   rclcpp::Publisher<vision_msgs::msg::[01;31m[KDetection3DArray[m[K>::SharedPtr detections_pub_;
      |                                       [01;31m[K^~~~~~~~~~~~~~~~[m[K
      |                                       [32m[KDetection2D[m[K
[01m[K/home/joanne/bookros2_ws/src/book_ros2/br2_tracking/include/br2_tracking/ObjectDetector.hpp:41:55:[m[K [01;31m[Kerror: [m[Ktemplate argument 1 is invalid
   41 |   rclcpp::Publisher<vision_msgs::msg::Detection3DArray[01;31m[K>[m[K::SharedPtr detections_pub_;
      |                                                       [01;31m[K^[m[K
[01m[K/home/joanne/bookros2_ws/src/book_ros2/br2_tracking/include/br2_tracking/ObjectDetector.hpp:41:58:[m[K [01;31m[Kerror: [m[Kexpected â€˜[01m[K;[m[Kâ€™ at end of member declaration
   41 |   rclcpp::Publisher<vision_msgs::msg::Detection3DArray>::[01;31m[KSharedPtr[m[K detections_pub_;
      |                                                          [01;31m[K^~~~~~~~~[m[K
      |                                                                   [32m[K;[m[K
[01m[K/home/joanne/bookros2_ws/src/book_ros2/br2_tracking/include/br2_tracking/ObjectDetector.hpp:41:58:[m[K [01;31m[Kerror: [m[Kredeclaration of â€˜[01m[Kint br2_tracking::ObjectDetector::SharedPtr[m[Kâ€™
[01m[K/home/joanne/bookros2_ws/src/book_ros2/br2_tracking/include/br2_tracking/ObjectDetector.hpp:40:60:[m[K [01;36m[Knote: [m[Kprevious declaration â€˜[01m[Kint br2_tracking::ObjectDetector::SharedPtr[m[Kâ€™
   40 |   rclcpp::Publisher<visualization_msgs::msg::MarkerArray>::[01;36m[KSharedPtr[m[K marker_pub_;
      |                                                            [01;36m[K^~~~~~~~~[m[K
[01m[K/home/joanne/bookros2_ws/src/book_ros2/br2_tracking/include/br2_tracking/ObjectDetector.hpp:41:68:[m[K [01;31m[Kerror: [m[Kâ€˜[01m[Kdetections_pub_[m[Kâ€™ does not name a type
   41 |   rclcpp::Publisher<vision_msgs::msg::Detection3DArray>::SharedPtr [01;31m[Kdetections_pub_[m[K;
      |                                                                    [01;31m[K^~~~~~~~~~~~~~~[m[K
[01m[K/home/joanne/bookros2_ws/src/book_ros2/br2_tracking/src/br2_tracking/ObjectDetector.cpp:[m[K In constructor â€˜[01m[Kbr2_tracking::ObjectDetector::ObjectDetector()[m[Kâ€™:
[01m[K/home/joanne/bookros2_ws/src/book_ros2/br2_tracking/src/br2_tracking/ObjectDetector.cpp:52:3:[m[K [01;31m[Kerror: [m[Kâ€˜[01m[Kpointcloud_sub_[m[Kâ€™ was not declared in this scope
   52 |   [01;31m[Kpointcloud_sub_[m[K = this->create_subscription<sensor_msgs::msg::PointCloud2>(
      |   [01;31m[K^~~~~~~~~~~~~~~[m[K
In file included from [01m[K/opt/ros/foxy/include/rclcpp/client.hpp:32[m[K,
                 from [01m[K/opt/ros/foxy/include/rclcpp/callback_group.hpp:23[m[K,
                 from [01m[K/opt/ros/foxy/include/rclcpp/node.hpp:39[m[K,
                 from [01m[K/opt/ros/foxy/include/image_transport/image_transport.hpp:43[m[K,
                 from [01m[K/home/joanne/bookros2_ws/src/book_ros2/br2_tracking/include/br2_tracking/ObjectDetector.hpp:23[m[K,
                 from [01m[K/home/joanne/bookros2_ws/src/book_ros2/br2_tracking/src/br2_tracking/ObjectDetector.cpp:20[m[K:
/opt/ros/foxy/include/rclcpp/function_traits.hpp: In instantiation of â€˜[01m[Kstruct rclcpp::function_traits::function_traits<std::_Bind<void (br2_tracking::ObjectDetector::*(br2_tracking::ObjectDetector*, std::_Placeholder<1>))(...) &> >[m[Kâ€™:
[01m[K/opt/ros/foxy/include/rclcpp/subscription_traits.hpp:97:8:[m[K   required from â€˜[01m[Kstruct rclcpp::subscription_traits::has_message_type<std::_Bind<void (br2_tracking::ObjectDetector::*(br2_tracking::ObjectDetector*, std::_Placeholder<1>))(...) &>, std::allocator<void>, void, void, void, void>[m[Kâ€™
[01m[K/opt/ros/foxy/include/rclcpp/node.hpp:204:5:[m[K   required by substitution of â€˜[01m[Ktemplate<class MessageT, class CallbackT, class AllocatorT, class CallbackMessageT, class SubscriptionT, class MessageMemoryStrategyT> std::shared_ptr<SubscriptionT> rclcpp::Node::create_subscription(const string&, const rclcpp::QoS&, CallbackT&&, const rclcpp::SubscriptionOptionsWithAllocator<AllocatorT>&, typename MessageMemoryStrategyT::SharedPtr) [with MessageT = sensor_msgs::msg::PointCloud2_<std::allocator<void> >; CallbackT = std::_Bind<void (br2_tracking::ObjectDetector::*(br2_tracking::ObjectDetector*, std::_Placeholder<1>))(...) &>; AllocatorT = std::allocator<void>; CallbackMessageT = <missing>; SubscriptionT = <missing>; MessageMemoryStrategyT = <missing>][m[Kâ€™
[01m[K/home/joanne/bookros2_ws/src/book_ros2/br2_tracking/src/br2_tracking/ObjectDetector.cpp:54:61:[m[K   required from here
[01m[K/opt/ros/foxy/include/rclcpp/function_traits.hpp:51:9:[m[K [01;31m[Kerror: [m[Kdecltype cannot resolve address of overloaded function
   51 |   using [01;31m[Karguments[m[K = typename tuple_tail<
      |         [01;31m[K^~~~~~~~~[m[K
[01m[K/opt/ros/foxy/include/rclcpp/function_traits.hpp:57:9:[m[K [01;31m[Kerror: [m[Kdecltype cannot resolve address of overloaded function
   57 |   using [01;31m[Kargument_type[m[K = typename std::tuple_element<N, arguments>::type;
      |         [01;31m[K^~~~~~~~~~~~~[m[K
[01m[K/opt/ros/foxy/include/rclcpp/function_traits.hpp:59:9:[m[K [01;31m[Kerror: [m[Kdecltype cannot resolve address of overloaded function
   59 |   using [01;31m[Kreturn_type[m[K = typename function_traits<decltype( &FunctionT::operator())>::return_type;
      |         [01;31m[K^~~~~~~~~~~[m[K
[01m[K/home/joanne/bookros2_ws/src/book_ros2/br2_tracking/src/br2_tracking/ObjectDetector.cpp:54:61:[m[K [01;31m[Kerror: [m[Kno matching function for call to â€˜[01m[Kbr2_tracking::ObjectDetector::create_subscription<sensor_msgs::msg::PointCloud2>(const char [17], int, std::_Bind_helper<false, void (br2_tracking::ObjectDetector::*)(...) &, br2_tracking::ObjectDetector*, const std::_Placeholder<1>&>::type)[m[Kâ€™
   54 |     std::bind(&ObjectDetector::pointCloudCallback, this, _1)[01;31m[K)[m[K;
      |                                                             [01;31m[K^[m[K
In file included from [01m[K/opt/ros/foxy/include/image_transport/image_transport.hpp:43[m[K,
                 from [01m[K/home/joanne/bookros2_ws/src/book_ros2/br2_tracking/include/br2_tracking/ObjectDetector.hpp:23[m[K,
                 from [01m[K/home/joanne/bookros2_ws/src/book_ros2/br2_tracking/src/br2_tracking/ObjectDetector.cpp:20[m[K:
[01m[K/opt/ros/foxy/include/rclcpp/node.hpp:213:3:[m[K [01;36m[Knote: [m[Kcandidate: â€˜[01m[Ktemplate<class MessageT, class CallbackT, class AllocatorT, class CallbackMessageT, class SubscriptionT, class MessageMemoryStrategyT> std::shared_ptr<SubscriptionT> rclcpp::Node::create_subscription(const string&, const rclcpp::QoS&, CallbackT&&, const rclcpp::SubscriptionOptionsWithAllocator<AllocatorT>&, typename MessageMemoryStrategyT::SharedPtr)[m[Kâ€™
  213 |   [01;36m[Kcreate_subscription[m[K(
      |   [01;36m[K^~~~~~~~~~~~~~~~~~~[m[K
[01m[K/opt/ros/foxy/include/rclcpp/node.hpp:213:3:[m[K [01;36m[Knote: [m[K  substitution of deduced template arguments resulted in errors seen above
[01m[K/home/joanne/bookros2_ws/src/book_ros2/br2_tracking/src/br2_tracking/ObjectDetector.cpp:70:3:[m[K [01;31m[Kerror: [m[Kâ€˜[01m[Kmarker_pub_[m[Kâ€™ was not declared in this scope
   70 |   [01;31m[Kmarker_pub_[m[K = this->create_publisher<visualization_msgs::msg::MarkerArray>(
      |   [01;31m[K^~~~~~~~~~~[m[K
[01m[K/home/joanne/bookros2_ws/src/book_ros2/br2_tracking/src/br2_tracking/ObjectDetector.cpp:70:40:[m[K [01;31m[Kerror: [m[Kâ€˜[01m[Kvisualization_msgs[m[Kâ€™ was not declared in this scope
   70 |   marker_pub_ = this->create_publisher<[01;31m[Kvisualization_msgs[m[K::msg::MarkerArray>(
      |                                        [01;31m[K^~~~~~~~~~~~~~~~~~[m[K
[01m[K/home/joanne/bookros2_ws/src/book_ros2/br2_tracking/src/br2_tracking/ObjectDetector.cpp:70:23:[m[K [01;31m[Kerror: [m[Kparse error in template argument list
   70 |   marker_pub_ = this->[01;31m[Kcreate_publisher<visualization_msgs::msg::MarkerArray>[m[K(
      |                       [01;31m[K^~~~~~~~~~~~~~~~~~~~~~~~~~~~~~~~~~~~~~~~~~~~~~~~~~~~~~[m[K
[01m[K/home/joanne/bookros2_ws/src/book_ros2/br2_tracking/src/br2_tracking/ObjectDetector.cpp:71:37:[m[K [01;31m[Kerror: [m[Kno matching function for call to â€˜[01m[Kbr2_tracking::ObjectDetector::create_publisher<<expression error> >(const char [27], int)[m[Kâ€™
   71 |     "/object_detections/markers", 10[01;31m[K)[m[K;
      |                                     [01;31m[K^[m[K
In file included from [01m[K/opt/ros/foxy/include/rclcpp/node.hpp:1224[m[K,
                 from [01m[K/opt/ros/foxy/include/image_transport/image_transport.hpp:43[m[K,
                 from [01m[K/home/joanne/bookros2_ws/src/book_ros2/br2_tracking/include/br2_tracking/ObjectDetector.hpp:23[m[K,
                 from [01m[K/home/joanne/bookros2_ws/src/book_ros2/br2_tracking/src/br2_tracking/ObjectDetector.cpp:20[m[K:
[01m[K/opt/ros/foxy/include/rclcpp/node_impl.hpp:71:1:[m[K [01;36m[Knote: [m[Kcandidate: â€˜[01m[Ktemplate<class MessageT, class AllocatorT, class PublisherT> std::shared_ptr<PublisherT> rclcpp::Node::create_publisher(const string&, const rclcpp::QoS&, const rclcpp::PublisherOptionsWithAllocator<AllocatorT>&)[m[Kâ€™
   71 | [01;36m[KNode[m[K::create_publisher(
      | [01;36m[K^~~~[m[K
[01m[K/opt/ros/foxy/include/rclcpp/node_impl.hpp:71:1:[m[K [01;36m[Knote: [m[K  template argument deduction/substitution failed:
[01m[K/home/joanne/bookros2_ws/src/book_ros2/br2_tracking/src/br2_tracking/ObjectDetector.cpp:71:37:[m[K [01;31m[Kerror: [m[Ktemplate argument 1 is invalid
   71 |     "/object_detections/markers", 10[01;31m[K)[m[K;
      |                                     [01;31m[K^[m[K
[01m[K/home/joanne/bookros2_ws/src/book_ros2/br2_tracking/src/br2_tracking/ObjectDetector.cpp:72:3:[m[K [01;31m[Kerror: [m[Kâ€˜[01m[Kdetections_pub_[m[Kâ€™ was not declared in this scope; did you mean â€˜[01m[Kdetection_pub_[m[Kâ€™?
   72 |   [01;31m[Kdetections_pub_[m[K = this->create_publisher<vision_msgs::msg::Detection3DArray>(
      |   [01;31m[K^~~~~~~~~~~~~~~[m[K
      |   [32m[Kdetection_pub_[m[K
[01m[K/home/joanne/bookros2_ws/src/book_ros2/br2_tracking/src/br2_tracking/ObjectDetector.cpp:72:62:[m[K [01;31m[Kerror: [m[Kâ€˜[01m[KDetection3DArray[m[Kâ€™ is not a member of â€˜[01m[Kvision_msgs::msg[m[Kâ€™; did you mean â€˜[01m[KDetection2D[m[Kâ€™?
   72 |   detections_pub_ = this->create_publisher<vision_msgs::msg::[01;31m[KDetection3DArray[m[K>(
      |                                                              [01;31m[K^~~~~~~~~~~~~~~~[m[K
      |                                                              [32m[KDetection2D[m[K
[01m[K/home/joanne/bookros2_ws/src/book_ros2/br2_tracking/src/br2_tracking/ObjectDetector.cpp:73:29:[m[K [01;31m[Kerror: [m[Kno matching function for call to â€˜[01m[Kbr2_tracking::ObjectDetector::create_publisher<<expression error> >(const char [19], int)[m[Kâ€™
   73 |     "/object_detections", 10[01;31m[K)[m[K;
      |                             [01;31m[K^[m[K
In file included from [01m[K/opt/ros/foxy/include/rclcpp/node.hpp:1224[m[K,
                 from [01m[K/opt/ros/foxy/include/image_transport/image_transport.hpp:43[m[K,
                 from [01m[K/home/joanne/bookros2_ws/src/book_ros2/br2_tracking/include/br2_tracking/ObjectDetector.hpp:23[m[K,
                 from [01m[K/home/joanne/bookros2_ws/src/book_ros2/br2_tracking/src/br2_tracking/ObjectDetector.cpp:20[m[K:
[01m[K/opt/ros/foxy/include/rclcpp/node_impl.hpp:71:1:[m[K [01;36m[Knote: [m[Kcandidate: â€˜[01m[Ktemplate<class MessageT, class AllocatorT, class PublisherT> std::shared_ptr<PublisherT> rclcpp::Node::create_publisher(const string&, const rclcpp::QoS&, const rclcpp::PublisherOptionsWithAllocator<AllocatorT>&)[m[Kâ€™
   71 | [01;36m[KNode[m[K::create_publisher(
      | [01;36m[K^~~~[m[K
[01m[K/opt/ros/foxy/include/rclcpp/node_impl.hpp:71:1:[m[K [01;36m[Knote: [m[K  template argument deduction/substitution failed:
[01m[K/home/joanne/bookros2_ws/src/book_ros2/br2_tracking/src/br2_tracking/ObjectDetector.cpp:73:29:[m[K [01;31m[Kerror: [m[Ktemplate argument 1 is invalid
   73 |     "/object_detections", 10[01;31m[K)[m[K;
      |                             [01;31m[K^[m[K
[01m[K/home/joanne/bookros2_ws/src/book_ros2/br2_tracking/src/br2_tracking/ObjectDetector.cpp:[m[K At global scope:
[01m[K/home/joanne/bookros2_ws/src/book_ros2/br2_tracking/src/br2_tracking/ObjectDetector.cpp:131:1:[m[K [01;31m[Kerror: [m[Kno declaration matches â€˜[01m[Kvoid br2_tracking::ObjectDetector::pointCloudCallback(const ConstSharedPtr&)[m[Kâ€™
  131 | [01;31m[KObjectDetector[m[K::pointCloudCallback(const sensor_msgs::msg::PointCloud2::ConstSharedPtr & msg)
      | [01;31m[K^~~~~~~~~~~~~~[m[K
In file included from [01m[K/home/joanne/bookros2_ws/src/book_ros2/br2_tracking/src/br2_tracking/ObjectDetector.cpp:20[m[K:
[01m[K/home/joanne/bookros2_ws/src/book_ros2/br2_tracking/include/br2_tracking/ObjectDetector.hpp:33:8:[m[K [01;36m[Knote: [m[Kcandidate is: â€˜[01m[Kvoid br2_tracking::ObjectDetector::pointCloudCallback(...) &[m[Kâ€™
   33 |   void [01;36m[KpointCloudCallback[m[K(const sensor_msgs::msg::PointCloud2::ConstSharedPtr & msg);
      |        [01;36m[K^~~~~~~~~~~~~~~~~~[m[K
[01m[K/home/joanne/bookros2_ws/src/book_ros2/br2_tracking/include/br2_tracking/ObjectDetector.hpp:29:7:[m[K [01;36m[Knote: [m[Kâ€˜[01m[Kclass br2_tracking::ObjectDetector[m[Kâ€™ defined here
   29 | class [01;36m[KObjectDetector[m[K : public rclcpp::Node
      |       [01;36m[K^~~~~~~~~~~~~~[m[K
make[2]: *** [CMakeFiles/br2_tracking.dir/build.make:63: CMakeFiles/br2_tracking.dir/src/br2_tracking/ObjectDetector.cpp.o] Error 1
make[1]: *** [CMakeFiles/Makefile2:204: CMakeFiles/br2_tracking.dir/all] Error 2
make: *** [Makefile:141: all] Error 2
