[0.035s] Invoking command in '/home/joanne/bookros2_ws/build/br2_tracking': CMAKE_PREFIX_PATH=/home/joanne/bookros2_ws/install/br2_tracking_msgs:/home/joanne/bookros2_ws/install/gazebo_ros2_control_demos:/home/joanne/bookros2_ws/install/ros2_controllers:/home/joanne/bookros2_ws/install/velocity_controllers:/home/joanne/bookros2_ws/install/urdf_test:/home/joanne/bookros2_ws/install/tiago_simulation:/home/joanne/bookros2_ws/install/tiago_robot:/home/joanne/bookros2_ws/install/tiago_2dnav_gazebo:/home/joanne/bookros2_ws/install/tiago_gazebo:/home/joanne/bookros2_ws/install/tiago_bringup:/home/joanne/bookros2_ws/install/pmb2_robot:/home/joanne/bookros2_ws/install/pmb2_bringup:/home/joanne/bookros2_ws/install/twist_mux:/home/joanne/bookros2_ws/install/transmission_interface:/home/joanne/bookros2_ws/install/tiago_description:/home/joanne/bookros2_ws/install/tiago_description_calibration:/home/joanne/bookros2_ws/install/tiago_controller_configuration:/home/joanne/bookros2_ws/install/ros2_control:/home/joanne/bookros2_ws/install/ros2_control_test_assets:/home/joanne/bookros2_ws/install/pal_gripper:/home/joanne/bookros2_ws/install/pal_gripper_controller_configuration:/home/joanne/bookros2_ws/install/position_controllers:/home/joanne/bookros2_ws/install/pmb2_navigation:/home/joanne/bookros2_ws/install/pmb2_2dnav:/home/joanne/bookros2_ws/install/pmb2_maps:/home/joanne/bookros2_ws/install/pmb2_description:/home/joanne/bookros2_ws/install/pmb2_controller_configuration:/home/joanne/bookros2_ws/install/pal_gripper_description:/home/joanne/bookros2_ws/install/pal_gazebo_worlds:/home/joanne/bookros2_ws/install/joint_trajectory_controller:/home/joanne/bookros2_ws/install/joint_state_controller:/home/joanne/bookros2_ws/install/joint_state_broadcaster:/home/joanne/bookros2_ws/install/imu_sensor_broadcaster:/home/joanne/bookros2_ws/install/hey5_description:/home/joanne/bookros2_ws/install/gripper_controllers:/home/joanne/bookros2_ws/install/gazebo_ros2_control:/home/joanne/bookros2_ws/install/effort_controllers:/home/joanne/bookros2_ws/install/forward_command_controller:/home/joanne/bookros2_ws/install/force_torque_sensor_broadcaster:/home/joanne/bookros2_ws/install/diff_drive_controller:/home/joanne/bookros2_ws/install/controller_manager:/home/joanne/bookros2_ws/install/controller_interface:/home/joanne/bookros2_ws/install/hardware_interface:/home/joanne/bookros2_ws/install/groot:/home/joanne/bookros2_ws/install/controller_manager_msgs:/home/joanne/bookros2_ws/install/br2_vff_avoidance:/home/joanne/bookros2_ws/install/br2_tracking:/home/joanne/bookros2_ws/install/br2_tiago:/home/joanne/bookros2_ws/install/br2_tf2_detector:/home/joanne/bookros2_ws/install/br2_navigation:/home/joanne/bookros2_ws/install/br2_fsm_bumpgo_cpp:/home/joanne/bookros2_ws/install/br2_bt_patrolling:/home/joanne/bookros2_ws/install/br2_bt_bumpgo:/home/joanne/bookros2_ws/install/br2_basics:/home/joanne/nav2_ws/install/nav2_system_tests:/home/joanne/nav2_ws/install/nav2_bringup:/home/joanne/nav2_ws/install/navigation2:/home/joanne/nav2_ws/install/smac_planner:/home/joanne/nav2_ws/install/nav2_dwb_controller:/home/joanne/nav2_ws/install/nav2_controller:/home/joanne/nav2_ws/install/dwb_plugins:/home/joanne/nav2_ws/install/dwb_critics:/home/joanne/nav2_ws/install/dwb_core:/home/joanne/nav2_ws/install/nav_2d_utils:/home/joanne/nav2_ws/install/dwb_msgs:/home/joanne/nav2_ws/install/nav_2d_msgs:/home/joanne/nav2_ws/install/nav2_waypoint_follower:/home/joanne/nav2_ws/install/nav2_regulated_pure_pursuit_controller:/home/joanne/nav2_ws/install/nav2_recoveries:/home/joanne/nav2_ws/install/nav2_planner:/home/joanne/nav2_ws/install/nav2_navfn_planner:/home/joanne/nav2_ws/install/nav2_core:/home/joanne/nav2_ws/install/costmap_queue:/home/joanne/nav2_ws/install/nav2_costmap_2d:/home/joanne/nav2_ws/install/nav2_voxel_grid:/home/joanne/nav2_ws/install/nav2_rviz_plugins:/home/joanne/nav2_ws/install/nav2_map_server:/home/joanne/nav2_ws/install/nav2_lifecycle_manager:/home/joanne/nav2_ws/install/nav2_bt_navigator:/home/joanne/nav2_ws/install/nav2_behavior_tree:/home/joanne/nav2_ws/install/nav2_amcl:/home/joanne/nav2_ws/install/nav2_util:/home/joanne/nav2_ws/install/nav2_msgs:/home/joanne/nav2_ws/install/nav2_common:/home/joanne/bookros2_ws/install/ros2controlcli:/home/joanne/bookros2_ws/install/launch_pal:/home/joanne/bookros2_ws/install/br2_fsm_bumpgo_py:/home/joanne/nav2_ws/install/nav2_gazebo_spawner:/opt/ros/foxy LD_LIBRARY_PATH=/home/joanne/bookros2_ws/install/br2_tracking_msgs/lib:/home/joanne/bookros2_ws/install/velocity_controllers/lib:/home/joanne/bookros2_ws/install/position_controllers/lib:/home/joanne/bookros2_ws/install/joint_trajectory_controller/lib:/home/joanne/bookros2_ws/install/joint_state_controller/lib:/home/joanne/bookros2_ws/install/joint_state_broadcaster/lib:/home/joanne/bookros2_ws/install/imu_sensor_broadcaster/lib:/home/joanne/bookros2_ws/install/gripper_controllers/lib:/home/joanne/bookros2_ws/install/gazebo_ros2_control/lib:/home/joanne/bookros2_ws/install/effort_controllers/lib:/home/joanne/bookros2_ws/install/forward_command_controller/lib:/home/joanne/bookros2_ws/install/force_torque_sensor_broadcaster/lib:/home/joanne/bookros2_ws/install/diff_drive_controller/lib:/home/joanne/bookros2_ws/install/controller_manager/lib:/home/joanne/bookros2_ws/install/controller_interface/lib:/home/joanne/bookros2_ws/install/hardware_interface/lib:/home/joanne/bookros2_ws/install/groot/lib:/home/joanne/bookros2_ws/install/controller_manager_msgs/lib:/home/joanne/bookros2_ws/install/br2_vff_avoidance/lib:/home/joanne/bookros2_ws/install/br2_tracking/lib:/home/joanne/bookros2_ws/install/br2_tf2_detector/lib:/home/joanne/bookros2_ws/install/br2_bt_patrolling/lib:/home/joanne/bookros2_ws/install/br2_bt_bumpgo/lib:/home/joanne/nav2_ws/install/smac_planner/lib:/home/joanne/nav2_ws/install/nav2_controller/lib:/home/joanne/nav2_ws/install/dwb_plugins/lib:/home/joanne/nav2_ws/install/dwb_critics/lib:/home/joanne/nav2_ws/install/dwb_core/lib:/home/joanne/nav2_ws/install/nav_2d_utils/lib:/home/joanne/nav2_ws/install/dwb_msgs/lib:/home/joanne/nav2_ws/install/nav_2d_msgs/lib:/home/joanne/nav2_ws/install/nav2_waypoint_follower/lib:/home/joanne/nav2_ws/install/nav2_regulated_pure_pursuit_controller/lib:/home/joanne/nav2_ws/install/nav2_recoveries/lib:/home/joanne/nav2_ws/install/nav2_planner/lib:/home/joanne/nav2_ws/install/nav2_navfn_planner/lib:/home/joanne/nav2_ws/install/costmap_queue/lib:/home/joanne/nav2_ws/install/nav2_costmap_2d/lib:/home/joanne/nav2_ws/install/nav2_voxel_grid/lib:/home/joanne/nav2_ws/install/nav2_rviz_plugins/lib:/home/joanne/nav2_ws/install/nav2_map_server/lib:/home/joanne/nav2_ws/install/nav2_lifecycle_manager/lib:/home/joanne/nav2_ws/install/nav2_bt_navigator/lib:/home/joanne/nav2_ws/install/nav2_behavior_tree/lib:/home/joanne/nav2_ws/install/nav2_amcl/lib:/home/joanne/nav2_ws/install/nav2_util/lib:/home/joanne/nav2_ws/install/nav2_msgs/lib:/usr/lib/x86_64-linux-gnu/gazebo-11/plugins:/opt/ros/foxy/opt/yaml_cpp_vendor/lib:/opt/ros/foxy/opt/rviz_ogre_vendor/lib:/opt/ros/foxy/lib/x86_64-linux-gnu:/opt/ros/foxy/lib PYTHONPATH=/home/joanne/bookros2_ws/install/br2_tracking_msgs/lib/python3.8/site-packages:/home/joanne/bookros2_ws/install/urdf_test/lib/python3.8/site-packages:/home/joanne/bookros2_ws/install/tiago_description/lib/python3.8/site-packages:/home/joanne/bookros2_ws/build/ros2controlcli:/home/joanne/bookros2_ws/install/ros2controlcli/lib/python3.8/site-packages:/home/joanne/bookros2_ws/install/pmb2_description/lib/python3.8/site-packages:/home/joanne/bookros2_ws/build/launch_pal:/home/joanne/bookros2_ws/install/launch_pal/lib/python3.8/site-packages:/home/joanne/bookros2_ws/install/controller_manager/lib/python3.8/site-packages:/home/joanne/bookros2_ws/install/controller_manager_msgs/lib/python3.8/site-packages:/home/joanne/bookros2_ws/build/br2_fsm_bumpgo_py:/home/joanne/bookros2_ws/install/br2_fsm_bumpgo_py/lib/python3.8/site-packages:/home/joanne/nav2_ws/install/dwb_msgs/lib/python3.8/site-packages:/home/joanne/nav2_ws/install/nav_2d_msgs/lib/python3.8/site-packages:/home/joanne/nav2_ws/install/nav2_msgs/lib/python3.8/site-packages:/home/joanne/nav2_ws/build/nav2_gazebo_spawner:/home/joanne/nav2_ws/install/nav2_gazebo_spawner/lib/python3.8/site-packages:/home/joanne/nav2_ws/install/nav2_common/lib/python3.8/site-packages:/opt/ros/foxy/lib/python3.8/site-packages /usr/bin/cmake --build /home/joanne/bookros2_ws/build/br2_tracking -- -j8 -l8
[0.145s] [35m[1mScanning dependencies of target br2_tracking[0m
[0.154s] [ 28%] Built target gtest
[0.155s] [ 28%] Built target gtest_main
[0.262s] [ 35%] [32mBuilding CXX object CMakeFiles/br2_tracking.dir/src/br2_tracking/ObjectDetector.cpp.o[0m
[6.577s] In file included from [01m[K/home/joanne/bookros2_ws/src/book_ros2/br2_tracking/src/br2_tracking/ObjectDetector.cpp:20[m[K:
[6.577s] [01m[K/home/joanne/bookros2_ws/src/book_ros2/br2_tracking/include/br2_tracking/ObjectDetector.hpp:33:51:[m[K [01;31m[Kerror: [m[Kâ€˜[01m[KPointCloud2[m[Kâ€™ in namespace â€˜[01m[Ksensor_msgs::msg[m[Kâ€™ does not name a type
[6.578s]    33 |   void pointCloudCallback(const sensor_msgs::msg::[01;31m[KPointCloud2[m[K::ConstSharedPtr & msg);
[6.578s]       |                                                   [01;31m[K^~~~~~~~~~~[m[K
[6.578s] [01m[K/home/joanne/bookros2_ws/src/book_ros2/br2_tracking/include/br2_tracking/ObjectDetector.hpp:33:79:[m[K [01;31m[Kerror: [m[Kexpected unqualified-id before â€˜[01m[K&[m[Kâ€™ token
[6.578s]    33 |   void pointCloudCallback(const sensor_msgs::msg::PointCloud2::ConstSharedPtr [01;31m[K&[m[K msg);
[6.578s]       |                                                                               [01;31m[K^[m[K
[6.578s] [01m[K/home/joanne/bookros2_ws/src/book_ros2/br2_tracking/include/br2_tracking/ObjectDetector.hpp:33:78:[m[K [01;31m[Kerror: [m[Kexpected â€˜[01m[K)[m[Kâ€™ before â€˜[01m[K&[m[Kâ€™ token
[6.578s]    33 |   void pointCloudCallback[34m[K([m[Kconst sensor_msgs::msg::PointCloud2::ConstSharedPtr[01;31m[K [m[K[32m[K&[m[K msg);
[6.578s]       |                          [34m[K~[m[K                                                   [01;31m[K^[m[K[32m[K~[m[K
[6.578s]       |                                                                              [32m[K)[m[K
[6.578s] [01m[K/home/joanne/bookros2_ws/src/book_ros2/br2_tracking/include/br2_tracking/ObjectDetector.hpp:33:79:[m[K [01;31m[Kerror: [m[Kexpected â€˜[01m[K;[m[Kâ€™ at end of member declaration
[6.578s]    33 |   void pointCloudCallback(const sensor_msgs::msg::PointCloud2::ConstSharedPtr [01;31m[K&[m[K msg);
[6.578s]       |                                                                               [01;31m[K^[m[K
[6.578s]       |                                                                                [32m[K;[m[K
[6.580s] [01m[K/home/joanne/bookros2_ws/src/book_ros2/br2_tracking/include/br2_tracking/ObjectDetector.hpp:33:81:[m[K [01;31m[Kerror: [m[Kâ€˜[01m[Kmsg[m[Kâ€™ does not name a type
[6.580s]    33 |   void pointCloudCallback(const sensor_msgs::msg::PointCloud2::ConstSharedPtr & [01;31m[Kmsg[m[K);
[6.580s]       |                                                                                 [01;31m[K^~~[m[K
[6.599s] [01m[K/home/joanne/bookros2_ws/src/book_ros2/br2_tracking/include/br2_tracking/ObjectDetector.hpp:40:21:[m[K [01;31m[Kerror: [m[Kâ€˜[01m[Kvisualization_msgs[m[Kâ€™ was not declared in this scope
[6.599s]    40 |   rclcpp::Publisher<[01;31m[Kvisualization_msgs[m[K::msg::MarkerArray>::SharedPtr marker_pub_;
[6.599s]       |                     [01;31m[K^~~~~~~~~~~~~~~~~~[m[K
[6.599s] [01m[K/home/joanne/bookros2_ws/src/book_ros2/br2_tracking/include/br2_tracking/ObjectDetector.hpp:40:57:[m[K [01;31m[Kerror: [m[Ktemplate argument 1 is invalid
[6.599s]    40 |   rclcpp::Publisher<visualization_msgs::msg::MarkerArray[01;31m[K>[m[K::SharedPtr marker_pub_;
[6.599s]       |                                                         [01;31m[K^[m[K
[6.599s] [01m[K/home/joanne/bookros2_ws/src/book_ros2/br2_tracking/include/br2_tracking/ObjectDetector.hpp:40:60:[m[K [01;31m[Kerror: [m[Kexpected â€˜[01m[K;[m[Kâ€™ at end of member declaration
[6.599s]    40 |   rclcpp::Publisher<visualization_msgs::msg::MarkerArray>::[01;31m[KSharedPtr[m[K marker_pub_;
[6.599s]       |                                                            [01;31m[K^~~~~~~~~[m[K
[6.599s]       |                                                                     [32m[K;[m[K
[6.605s] [01m[K/home/joanne/bookros2_ws/src/book_ros2/br2_tracking/include/br2_tracking/ObjectDetector.hpp:40:70:[m[K [01;31m[Kerror: [m[Kâ€˜[01m[Kmarker_pub_[m[Kâ€™ does not name a type
[6.605s]    40 |   rclcpp::Publisher<visualization_msgs::msg::MarkerArray>::SharedPtr [01;31m[Kmarker_pub_[m[K;
[6.605s]       |                                                                      [01;31m[K^~~~~~~~~~~[m[K
[6.605s] [01m[K/home/joanne/bookros2_ws/src/book_ros2/br2_tracking/include/br2_tracking/ObjectDetector.hpp:41:39:[m[K [01;31m[Kerror: [m[Kâ€˜[01m[KDetection3DArray[m[Kâ€™ is not a member of â€˜[01m[Kvision_msgs::msg[m[Kâ€™; did you mean â€˜[01m[KDetection2D[m[Kâ€™?
[6.605s]    41 |   rclcpp::Publisher<vision_msgs::msg::[01;31m[KDetection3DArray[m[K>::SharedPtr detections_pub_;
[6.605s]       |                                       [01;31m[K^~~~~~~~~~~~~~~~[m[K
[6.605s]       |                                       [32m[KDetection2D[m[K
[6.605s] [01m[K/home/joanne/bookros2_ws/src/book_ros2/br2_tracking/include/br2_tracking/ObjectDetector.hpp:41:55:[m[K [01;31m[Kerror: [m[Ktemplate argument 1 is invalid
[6.605s]    41 |   rclcpp::Publisher<vision_msgs::msg::Detection3DArray[01;31m[K>[m[K::SharedPtr detections_pub_;
[6.606s]       |                                                       [01;31m[K^[m[K
[6.606s] [01m[K/home/joanne/bookros2_ws/src/book_ros2/br2_tracking/include/br2_tracking/ObjectDetector.hpp:41:58:[m[K [01;31m[Kerror: [m[Kexpected â€˜[01m[K;[m[Kâ€™ at end of member declaration
[6.606s]    41 |   rclcpp::Publisher<vision_msgs::msg::Detection3DArray>::[01;31m[KSharedPtr[m[K detections_pub_;
[6.606s]       |                                                          [01;31m[K^~~~~~~~~[m[K
[6.606s]       |                                                                   [32m[K;[m[K
[6.606s] [01m[K/home/joanne/bookros2_ws/src/book_ros2/br2_tracking/include/br2_tracking/ObjectDetector.hpp:41:58:[m[K [01;31m[Kerror: [m[Kredeclaration of â€˜[01m[Kint br2_tracking::ObjectDetector::SharedPtr[m[Kâ€™
[6.606s] [01m[K/home/joanne/bookros2_ws/src/book_ros2/br2_tracking/include/br2_tracking/ObjectDetector.hpp:40:60:[m[K [01;36m[Knote: [m[Kprevious declaration â€˜[01m[Kint br2_tracking::ObjectDetector::SharedPtr[m[Kâ€™
[6.606s]    40 |   rclcpp::Publisher<visualization_msgs::msg::MarkerArray>::[01;36m[KSharedPtr[m[K marker_pub_;
[6.606s]       |                                                            [01;36m[K^~~~~~~~~[m[K
[6.616s] [01m[K/home/joanne/bookros2_ws/src/book_ros2/br2_tracking/include/br2_tracking/ObjectDetector.hpp:41:68:[m[K [01;31m[Kerror: [m[Kâ€˜[01m[Kdetections_pub_[m[Kâ€™ does not name a type
[6.616s]    41 |   rclcpp::Publisher<vision_msgs::msg::Detection3DArray>::SharedPtr [01;31m[Kdetections_pub_[m[K;
[6.616s]       |                                                                    [01;31m[K^~~~~~~~~~~~~~~[m[K
[9.228s] [01m[K/home/joanne/bookros2_ws/src/book_ros2/br2_tracking/src/br2_tracking/ObjectDetector.cpp:[m[K In constructor â€˜[01m[Kbr2_tracking::ObjectDetector::ObjectDetector()[m[Kâ€™:
[9.228s] [01m[K/home/joanne/bookros2_ws/src/book_ros2/br2_tracking/src/br2_tracking/ObjectDetector.cpp:52:3:[m[K [01;31m[Kerror: [m[Kâ€˜[01m[Kpointcloud_sub_[m[Kâ€™ was not declared in this scope
[9.228s]    52 |   [01;31m[Kpointcloud_sub_[m[K = this->create_subscription<sensor_msgs::msg::PointCloud2>(
[9.228s]       |   [01;31m[K^~~~~~~~~~~~~~~[m[K
[9.231s] In file included from [01m[K/opt/ros/foxy/include/rclcpp/client.hpp:32[m[K,
[9.231s]                  from [01m[K/opt/ros/foxy/include/rclcpp/callback_group.hpp:23[m[K,
[9.231s]                  from [01m[K/opt/ros/foxy/include/rclcpp/node.hpp:39[m[K,
[9.231s]                  from [01m[K/opt/ros/foxy/include/image_transport/image_transport.hpp:43[m[K,
[9.231s]                  from [01m[K/home/joanne/bookros2_ws/src/book_ros2/br2_tracking/include/br2_tracking/ObjectDetector.hpp:23[m[K,
[9.231s]                  from [01m[K/home/joanne/bookros2_ws/src/book_ros2/br2_tracking/src/br2_tracking/ObjectDetector.cpp:20[m[K:
[9.231s] /opt/ros/foxy/include/rclcpp/function_traits.hpp: In instantiation of â€˜[01m[Kstruct rclcpp::function_traits::function_traits<std::_Bind<void (br2_tracking::ObjectDetector::*(br2_tracking::ObjectDetector*, std::_Placeholder<1>))(...) &> >[m[Kâ€™:
[9.232s] [01m[K/opt/ros/foxy/include/rclcpp/subscription_traits.hpp:97:8:[m[K   required from â€˜[01m[Kstruct rclcpp::subscription_traits::has_message_type<std::_Bind<void (br2_tracking::ObjectDetector::*(br2_tracking::ObjectDetector*, std::_Placeholder<1>))(...) &>, std::allocator<void>, void, void, void, void>[m[Kâ€™
[9.232s] [01m[K/opt/ros/foxy/include/rclcpp/node.hpp:204:5:[m[K   required by substitution of â€˜[01m[Ktemplate<class MessageT, class CallbackT, class AllocatorT, class CallbackMessageT, class SubscriptionT, class MessageMemoryStrategyT> std::shared_ptr<SubscriptionT> rclcpp::Node::create_subscription(const string&, const rclcpp::QoS&, CallbackT&&, const rclcpp::SubscriptionOptionsWithAllocator<AllocatorT>&, typename MessageMemoryStrategyT::SharedPtr) [with MessageT = sensor_msgs::msg::PointCloud2_<std::allocator<void> >; CallbackT = std::_Bind<void (br2_tracking::ObjectDetector::*(br2_tracking::ObjectDetector*, std::_Placeholder<1>))(...) &>; AllocatorT = std::allocator<void>; CallbackMessageT = <missing>; SubscriptionT = <missing>; MessageMemoryStrategyT = <missing>][m[Kâ€™
[9.232s] [01m[K/home/joanne/bookros2_ws/src/book_ros2/br2_tracking/src/br2_tracking/ObjectDetector.cpp:54:61:[m[K   required from here
[9.232s] [01m[K/opt/ros/foxy/include/rclcpp/function_traits.hpp:51:9:[m[K [01;31m[Kerror: [m[Kdecltype cannot resolve address of overloaded function
[9.232s]    51 |   using [01;31m[Karguments[m[K = typename tuple_tail<
[9.232s]       |         [01;31m[K^~~~~~~~~[m[K
[9.232s] [01m[K/opt/ros/foxy/include/rclcpp/function_traits.hpp:57:9:[m[K [01;31m[Kerror: [m[Kdecltype cannot resolve address of overloaded function
[9.232s]    57 |   using [01;31m[Kargument_type[m[K = typename std::tuple_element<N, arguments>::type;
[9.232s]       |         [01;31m[K^~~~~~~~~~~~~[m[K
[9.232s] [01m[K/opt/ros/foxy/include/rclcpp/function_traits.hpp:59:9:[m[K [01;31m[Kerror: [m[Kdecltype cannot resolve address of overloaded function
[9.232s]    59 |   using [01;31m[Kreturn_type[m[K = typename function_traits<decltype( &FunctionT::operator())>::return_type;
[9.232s]       |         [01;31m[K^~~~~~~~~~~[m[K
[9.232s] [01m[K/home/joanne/bookros2_ws/src/book_ros2/br2_tracking/src/br2_tracking/ObjectDetector.cpp:54:61:[m[K [01;31m[Kerror: [m[Kno matching function for call to â€˜[01m[Kbr2_tracking::ObjectDetector::create_subscription<sensor_msgs::msg::PointCloud2>(const char [17], int, std::_Bind_helper<false, void (br2_tracking::ObjectDetector::*)(...) &, br2_tracking::ObjectDetector*, const std::_Placeholder<1>&>::type)[m[Kâ€™
[9.232s]    54 |     std::bind(&ObjectDetector::pointCloudCallback, this, _1)[01;31m[K)[m[K;
[9.233s]       |                                                             [01;31m[K^[m[K
[9.233s] In file included from [01m[K/opt/ros/foxy/include/image_transport/image_transport.hpp:43[m[K,
[9.233s]                  from [01m[K/home/joanne/bookros2_ws/src/book_ros2/br2_tracking/include/br2_tracking/ObjectDetector.hpp:23[m[K,
[9.233s]                  from [01m[K/home/joanne/bookros2_ws/src/book_ros2/br2_tracking/src/br2_tracking/ObjectDetector.cpp:20[m[K:
[9.233s] [01m[K/opt/ros/foxy/include/rclcpp/node.hpp:213:3:[m[K [01;36m[Knote: [m[Kcandidate: â€˜[01m[Ktemplate<class MessageT, class CallbackT, class AllocatorT, class CallbackMessageT, class SubscriptionT, class MessageMemoryStrategyT> std::shared_ptr<SubscriptionT> rclcpp::Node::create_subscription(const string&, const rclcpp::QoS&, CallbackT&&, const rclcpp::SubscriptionOptionsWithAllocator<AllocatorT>&, typename MessageMemoryStrategyT::SharedPtr)[m[Kâ€™
[9.233s]   213 |   [01;36m[Kcreate_subscription[m[K(
[9.233s]       |   [01;36m[K^~~~~~~~~~~~~~~~~~~[m[K
[9.233s] [01m[K/opt/ros/foxy/include/rclcpp/node.hpp:213:3:[m[K [01;36m[Knote: [m[K  substitution of deduced template arguments resulted in errors seen above
[9.248s] [01m[K/home/joanne/bookros2_ws/src/book_ros2/br2_tracking/src/br2_tracking/ObjectDetector.cpp:70:3:[m[K [01;31m[Kerror: [m[Kâ€˜[01m[Kmarker_pub_[m[Kâ€™ was not declared in this scope
[9.248s]    70 |   [01;31m[Kmarker_pub_[m[K = this->create_publisher<visualization_msgs::msg::MarkerArray>(
[9.248s]       |   [01;31m[K^~~~~~~~~~~[m[K
[9.263s] [01m[K/home/joanne/bookros2_ws/src/book_ros2/br2_tracking/src/br2_tracking/ObjectDetector.cpp:70:40:[m[K [01;31m[Kerror: [m[Kâ€˜[01m[Kvisualization_msgs[m[Kâ€™ was not declared in this scope
[9.263s]    70 |   marker_pub_ = this->create_publisher<[01;31m[Kvisualization_msgs[m[K::msg::MarkerArray>(
[9.263s]       |                                        [01;31m[K^~~~~~~~~~~~~~~~~~[m[K
[9.263s] [01m[K/home/joanne/bookros2_ws/src/book_ros2/br2_tracking/src/br2_tracking/ObjectDetector.cpp:70:23:[m[K [01;31m[Kerror: [m[Kparse error in template argument list
[9.263s]    70 |   marker_pub_ = this->[01;31m[Kcreate_publisher<visualization_msgs::msg::MarkerArray>[m[K(
[9.263s]       |                       [01;31m[K^~~~~~~~~~~~~~~~~~~~~~~~~~~~~~~~~~~~~~~~~~~~~~~~~~~~~~[m[K
[9.263s] [01m[K/home/joanne/bookros2_ws/src/book_ros2/br2_tracking/src/br2_tracking/ObjectDetector.cpp:71:37:[m[K [01;31m[Kerror: [m[Kno matching function for call to â€˜[01m[Kbr2_tracking::ObjectDetector::create_publisher<<expression error> >(const char [27], int)[m[Kâ€™
[9.264s]    71 |     "/object_detections/markers", 10[01;31m[K)[m[K;
[9.264s]       |                                     [01;31m[K^[m[K
[9.264s] In file included from [01m[K/opt/ros/foxy/include/rclcpp/node.hpp:1224[m[K,
[9.264s]                  from [01m[K/opt/ros/foxy/include/image_transport/image_transport.hpp:43[m[K,
[9.264s]                  from [01m[K/home/joanne/bookros2_ws/src/book_ros2/br2_tracking/include/br2_tracking/ObjectDetector.hpp:23[m[K,
[9.264s]                  from [01m[K/home/joanne/bookros2_ws/src/book_ros2/br2_tracking/src/br2_tracking/ObjectDetector.cpp:20[m[K:
[9.264s] [01m[K/opt/ros/foxy/include/rclcpp/node_impl.hpp:71:1:[m[K [01;36m[Knote: [m[Kcandidate: â€˜[01m[Ktemplate<class MessageT, class AllocatorT, class PublisherT> std::shared_ptr<PublisherT> rclcpp::Node::create_publisher(const string&, const rclcpp::QoS&, const rclcpp::PublisherOptionsWithAllocator<AllocatorT>&)[m[Kâ€™
[9.264s]    71 | [01;36m[KNode[m[K::create_publisher(
[9.264s]       | [01;36m[K^~~~[m[K
[9.264s] [01m[K/opt/ros/foxy/include/rclcpp/node_impl.hpp:71:1:[m[K [01;36m[Knote: [m[K  template argument deduction/substitution failed:
[9.264s] [01m[K/home/joanne/bookros2_ws/src/book_ros2/br2_tracking/src/br2_tracking/ObjectDetector.cpp:71:37:[m[K [01;31m[Kerror: [m[Ktemplate argument 1 is invalid
[9.264s]    71 |     "/object_detections/markers", 10[01;31m[K)[m[K;
[9.264s]       |                                     [01;31m[K^[m[K
[9.270s] [01m[K/home/joanne/bookros2_ws/src/book_ros2/br2_tracking/src/br2_tracking/ObjectDetector.cpp:72:3:[m[K [01;31m[Kerror: [m[Kâ€˜[01m[Kdetections_pub_[m[Kâ€™ was not declared in this scope; did you mean â€˜[01m[Kdetection_pub_[m[Kâ€™?
[9.270s]    72 |   [01;31m[Kdetections_pub_[m[K = this->create_publisher<vision_msgs::msg::Detection3DArray>(
[9.270s]       |   [01;31m[K^~~~~~~~~~~~~~~[m[K
[9.270s]       |   [32m[Kdetection_pub_[m[K
[9.271s] [01m[K/home/joanne/bookros2_ws/src/book_ros2/br2_tracking/src/br2_tracking/ObjectDetector.cpp:72:62:[m[K [01;31m[Kerror: [m[Kâ€˜[01m[KDetection3DArray[m[Kâ€™ is not a member of â€˜[01m[Kvision_msgs::msg[m[Kâ€™; did you mean â€˜[01m[KDetection2D[m[Kâ€™?
[9.271s]    72 |   detections_pub_ = this->create_publisher<vision_msgs::msg::[01;31m[KDetection3DArray[m[K>(
[9.271s]       |                                                              [01;31m[K^~~~~~~~~~~~~~~~[m[K
[9.271s]       |                                                              [32m[KDetection2D[m[K
[9.271s] [01m[K/home/joanne/bookros2_ws/src/book_ros2/br2_tracking/src/br2_tracking/ObjectDetector.cpp:73:29:[m[K [01;31m[Kerror: [m[Kno matching function for call to â€˜[01m[Kbr2_tracking::ObjectDetector::create_publisher<<expression error> >(const char [19], int)[m[Kâ€™
[9.271s]    73 |     "/object_detections", 10[01;31m[K)[m[K;
[9.271s]       |                             [01;31m[K^[m[K
[9.271s] In file included from [01m[K/opt/ros/foxy/include/rclcpp/node.hpp:1224[m[K,
[9.271s]                  from [01m[K/opt/ros/foxy/include/image_transport/image_transport.hpp:43[m[K,
[9.271s]                  from [01m[K/home/joanne/bookros2_ws/src/book_ros2/br2_tracking/include/br2_tracking/ObjectDetector.hpp:23[m[K,
[9.271s]                  from [01m[K/home/joanne/bookros2_ws/src/book_ros2/br2_tracking/src/br2_tracking/ObjectDetector.cpp:20[m[K:
[9.271s] [01m[K/opt/ros/foxy/include/rclcpp/node_impl.hpp:71:1:[m[K [01;36m[Knote: [m[Kcandidate: â€˜[01m[Ktemplate<class MessageT, class AllocatorT, class PublisherT> std::shared_ptr<PublisherT> rclcpp::Node::create_publisher(const string&, const rclcpp::QoS&, const rclcpp::PublisherOptionsWithAllocator<AllocatorT>&)[m[Kâ€™
[9.271s]    71 | [01;36m[KNode[m[K::create_publisher(
[9.271s]       | [01;36m[K^~~~[m[K
[9.272s] [01m[K/opt/ros/foxy/include/rclcpp/node_impl.hpp:71:1:[m[K [01;36m[Knote: [m[K  template argument deduction/substitution failed:
[9.272s] [01m[K/home/joanne/bookros2_ws/src/book_ros2/br2_tracking/src/br2_tracking/ObjectDetector.cpp:73:29:[m[K [01;31m[Kerror: [m[Ktemplate argument 1 is invalid
[9.272s]    73 |     "/object_detections", 10[01;31m[K)[m[K;
[9.272s]       |                             [01;31m[K^[m[K
[9.300s] [01m[K/home/joanne/bookros2_ws/src/book_ros2/br2_tracking/src/br2_tracking/ObjectDetector.cpp:[m[K At global scope:
[9.300s] [01m[K/home/joanne/bookros2_ws/src/book_ros2/br2_tracking/src/br2_tracking/ObjectDetector.cpp:131:1:[m[K [01;31m[Kerror: [m[Kno declaration matches â€˜[01m[Kvoid br2_tracking::ObjectDetector::pointCloudCallback(const ConstSharedPtr&)[m[Kâ€™
[9.300s]   131 | [01;31m[KObjectDetector[m[K::pointCloudCallback(const sensor_msgs::msg::PointCloud2::ConstSharedPtr & msg)
[9.300s]       | [01;31m[K^~~~~~~~~~~~~~[m[K
[9.300s] In file included from [01m[K/home/joanne/bookros2_ws/src/book_ros2/br2_tracking/src/br2_tracking/ObjectDetector.cpp:20[m[K:
[9.300s] [01m[K/home/joanne/bookros2_ws/src/book_ros2/br2_tracking/include/br2_tracking/ObjectDetector.hpp:33:8:[m[K [01;36m[Knote: [m[Kcandidate is: â€˜[01m[Kvoid br2_tracking::ObjectDetector::pointCloudCallback(...) &[m[Kâ€™
[9.300s]    33 |   void [01;36m[KpointCloudCallback[m[K(const sensor_msgs::msg::PointCloud2::ConstSharedPtr & msg);
[9.300s]       |        [01;36m[K^~~~~~~~~~~~~~~~~~[m[K
[9.300s] [01m[K/home/joanne/bookros2_ws/src/book_ros2/br2_tracking/include/br2_tracking/ObjectDetector.hpp:29:7:[m[K [01;36m[Knote: [m[Kâ€˜[01m[Kclass br2_tracking::ObjectDetector[m[Kâ€™ defined here
[9.300s]    29 | class [01;36m[KObjectDetector[m[K : public rclcpp::Node
[9.301s]       |       [01;36m[K^~~~~~~~~~~~~~[m[K
[14.848s] make[2]: *** [CMakeFiles/br2_tracking.dir/build.make:63: CMakeFiles/br2_tracking.dir/src/br2_tracking/ObjectDetector.cpp.o] Error 1
[14.849s] make[1]: *** [CMakeFiles/Makefile2:204: CMakeFiles/br2_tracking.dir/all] Error 2
[14.849s] make: *** [Makefile:141: all] Error 2
[14.854s] Invoked command in '/home/joanne/bookros2_ws/build/br2_tracking' returned '2': CMAKE_PREFIX_PATH=/home/joanne/bookros2_ws/install/br2_tracking_msgs:/home/joanne/bookros2_ws/install/gazebo_ros2_control_demos:/home/joanne/bookros2_ws/install/ros2_controllers:/home/joanne/bookros2_ws/install/velocity_controllers:/home/joanne/bookros2_ws/install/urdf_test:/home/joanne/bookros2_ws/install/tiago_simulation:/home/joanne/bookros2_ws/install/tiago_robot:/home/joanne/bookros2_ws/install/tiago_2dnav_gazebo:/home/joanne/bookros2_ws/install/tiago_gazebo:/home/joanne/bookros2_ws/install/tiago_bringup:/home/joanne/bookros2_ws/install/pmb2_robot:/home/joanne/bookros2_ws/install/pmb2_bringup:/home/joanne/bookros2_ws/install/twist_mux:/home/joanne/bookros2_ws/install/transmission_interface:/home/joanne/bookros2_ws/install/tiago_description:/home/joanne/bookros2_ws/install/tiago_description_calibration:/home/joanne/bookros2_ws/install/tiago_controller_configuration:/home/joanne/bookros2_ws/install/ros2_control:/home/joanne/bookros2_ws/install/ros2_control_test_assets:/home/joanne/bookros2_ws/install/pal_gripper:/home/joanne/bookros2_ws/install/pal_gripper_controller_configuration:/home/joanne/bookros2_ws/install/position_controllers:/home/joanne/bookros2_ws/install/pmb2_navigation:/home/joanne/bookros2_ws/install/pmb2_2dnav:/home/joanne/bookros2_ws/install/pmb2_maps:/home/joanne/bookros2_ws/install/pmb2_description:/home/joanne/bookros2_ws/install/pmb2_controller_configuration:/home/joanne/bookros2_ws/install/pal_gripper_description:/home/joanne/bookros2_ws/install/pal_gazebo_worlds:/home/joanne/bookros2_ws/install/joint_trajectory_controller:/home/joanne/bookros2_ws/install/joint_state_controller:/home/joanne/bookros2_ws/install/joint_state_broadcaster:/home/joanne/bookros2_ws/install/imu_sensor_broadcaster:/home/joanne/bookros2_ws/install/hey5_description:/home/joanne/bookros2_ws/install/gripper_controllers:/home/joanne/bookros2_ws/install/gazebo_ros2_control:/home/joanne/bookros2_ws/install/effort_controllers:/home/joanne/bookros2_ws/install/forward_command_controller:/home/joanne/bookros2_ws/install/force_torque_sensor_broadcaster:/home/joanne/bookros2_ws/install/diff_drive_controller:/home/joanne/bookros2_ws/install/controller_manager:/home/joanne/bookros2_ws/install/controller_interface:/home/joanne/bookros2_ws/install/hardware_interface:/home/joanne/bookros2_ws/install/groot:/home/joanne/bookros2_ws/install/controller_manager_msgs:/home/joanne/bookros2_ws/install/br2_vff_avoidance:/home/joanne/bookros2_ws/install/br2_tracking:/home/joanne/bookros2_ws/install/br2_tiago:/home/joanne/bookros2_ws/install/br2_tf2_detector:/home/joanne/bookros2_ws/install/br2_navigation:/home/joanne/bookros2_ws/install/br2_fsm_bumpgo_cpp:/home/joanne/bookros2_ws/install/br2_bt_patrolling:/home/joanne/bookros2_ws/install/br2_bt_bumpgo:/home/joanne/bookros2_ws/install/br2_basics:/home/joanne/nav2_ws/install/nav2_system_tests:/home/joanne/nav2_ws/install/nav2_bringup:/home/joanne/nav2_ws/install/navigation2:/home/joanne/nav2_ws/install/smac_planner:/home/joanne/nav2_ws/install/nav2_dwb_controller:/home/joanne/nav2_ws/install/nav2_controller:/home/joanne/nav2_ws/install/dwb_plugins:/home/joanne/nav2_ws/install/dwb_critics:/home/joanne/nav2_ws/install/dwb_core:/home/joanne/nav2_ws/install/nav_2d_utils:/home/joanne/nav2_ws/install/dwb_msgs:/home/joanne/nav2_ws/install/nav_2d_msgs:/home/joanne/nav2_ws/install/nav2_waypoint_follower:/home/joanne/nav2_ws/install/nav2_regulated_pure_pursuit_controller:/home/joanne/nav2_ws/install/nav2_recoveries:/home/joanne/nav2_ws/install/nav2_planner:/home/joanne/nav2_ws/install/nav2_navfn_planner:/home/joanne/nav2_ws/install/nav2_core:/home/joanne/nav2_ws/install/costmap_queue:/home/joanne/nav2_ws/install/nav2_costmap_2d:/home/joanne/nav2_ws/install/nav2_voxel_grid:/home/joanne/nav2_ws/install/nav2_rviz_plugins:/home/joanne/nav2_ws/install/nav2_map_server:/home/joanne/nav2_ws/install/nav2_lifecycle_manager:/home/joanne/nav2_ws/install/nav2_bt_navigator:/home/joanne/nav2_ws/install/nav2_behavior_tree:/home/joanne/nav2_ws/install/nav2_amcl:/home/joanne/nav2_ws/install/nav2_util:/home/joanne/nav2_ws/install/nav2_msgs:/home/joanne/nav2_ws/install/nav2_common:/home/joanne/bookros2_ws/install/ros2controlcli:/home/joanne/bookros2_ws/install/launch_pal:/home/joanne/bookros2_ws/install/br2_fsm_bumpgo_py:/home/joanne/nav2_ws/install/nav2_gazebo_spawner:/opt/ros/foxy LD_LIBRARY_PATH=/home/joanne/bookros2_ws/install/br2_tracking_msgs/lib:/home/joanne/bookros2_ws/install/velocity_controllers/lib:/home/joanne/bookros2_ws/install/position_controllers/lib:/home/joanne/bookros2_ws/install/joint_trajectory_controller/lib:/home/joanne/bookros2_ws/install/joint_state_controller/lib:/home/joanne/bookros2_ws/install/joint_state_broadcaster/lib:/home/joanne/bookros2_ws/install/imu_sensor_broadcaster/lib:/home/joanne/bookros2_ws/install/gripper_controllers/lib:/home/joanne/bookros2_ws/install/gazebo_ros2_control/lib:/home/joanne/bookros2_ws/install/effort_controllers/lib:/home/joanne/bookros2_ws/install/forward_command_controller/lib:/home/joanne/bookros2_ws/install/force_torque_sensor_broadcaster/lib:/home/joanne/bookros2_ws/install/diff_drive_controller/lib:/home/joanne/bookros2_ws/install/controller_manager/lib:/home/joanne/bookros2_ws/install/controller_interface/lib:/home/joanne/bookros2_ws/install/hardware_interface/lib:/home/joanne/bookros2_ws/install/groot/lib:/home/joanne/bookros2_ws/install/controller_manager_msgs/lib:/home/joanne/bookros2_ws/install/br2_vff_avoidance/lib:/home/joanne/bookros2_ws/install/br2_tracking/lib:/home/joanne/bookros2_ws/install/br2_tf2_detector/lib:/home/joanne/bookros2_ws/install/br2_bt_patrolling/lib:/home/joanne/bookros2_ws/install/br2_bt_bumpgo/lib:/home/joanne/nav2_ws/install/smac_planner/lib:/home/joanne/nav2_ws/install/nav2_controller/lib:/home/joanne/nav2_ws/install/dwb_plugins/lib:/home/joanne/nav2_ws/install/dwb_critics/lib:/home/joanne/nav2_ws/install/dwb_core/lib:/home/joanne/nav2_ws/install/nav_2d_utils/lib:/home/joanne/nav2_ws/install/dwb_msgs/lib:/home/joanne/nav2_ws/install/nav_2d_msgs/lib:/home/joanne/nav2_ws/install/nav2_waypoint_follower/lib:/home/joanne/nav2_ws/install/nav2_regulated_pure_pursuit_controller/lib:/home/joanne/nav2_ws/install/nav2_recoveries/lib:/home/joanne/nav2_ws/install/nav2_planner/lib:/home/joanne/nav2_ws/install/nav2_navfn_planner/lib:/home/joanne/nav2_ws/install/costmap_queue/lib:/home/joanne/nav2_ws/install/nav2_costmap_2d/lib:/home/joanne/nav2_ws/install/nav2_voxel_grid/lib:/home/joanne/nav2_ws/install/nav2_rviz_plugins/lib:/home/joanne/nav2_ws/install/nav2_map_server/lib:/home/joanne/nav2_ws/install/nav2_lifecycle_manager/lib:/home/joanne/nav2_ws/install/nav2_bt_navigator/lib:/home/joanne/nav2_ws/install/nav2_behavior_tree/lib:/home/joanne/nav2_ws/install/nav2_amcl/lib:/home/joanne/nav2_ws/install/nav2_util/lib:/home/joanne/nav2_ws/install/nav2_msgs/lib:/usr/lib/x86_64-linux-gnu/gazebo-11/plugins:/opt/ros/foxy/opt/yaml_cpp_vendor/lib:/opt/ros/foxy/opt/rviz_ogre_vendor/lib:/opt/ros/foxy/lib/x86_64-linux-gnu:/opt/ros/foxy/lib PYTHONPATH=/home/joanne/bookros2_ws/install/br2_tracking_msgs/lib/python3.8/site-packages:/home/joanne/bookros2_ws/install/urdf_test/lib/python3.8/site-packages:/home/joanne/bookros2_ws/install/tiago_description/lib/python3.8/site-packages:/home/joanne/bookros2_ws/build/ros2controlcli:/home/joanne/bookros2_ws/install/ros2controlcli/lib/python3.8/site-packages:/home/joanne/bookros2_ws/install/pmb2_description/lib/python3.8/site-packages:/home/joanne/bookros2_ws/build/launch_pal:/home/joanne/bookros2_ws/install/launch_pal/lib/python3.8/site-packages:/home/joanne/bookros2_ws/install/controller_manager/lib/python3.8/site-packages:/home/joanne/bookros2_ws/install/controller_manager_msgs/lib/python3.8/site-packages:/home/joanne/bookros2_ws/build/br2_fsm_bumpgo_py:/home/joanne/bookros2_ws/install/br2_fsm_bumpgo_py/lib/python3.8/site-packages:/home/joanne/nav2_ws/install/dwb_msgs/lib/python3.8/site-packages:/home/joanne/nav2_ws/install/nav_2d_msgs/lib/python3.8/site-packages:/home/joanne/nav2_ws/install/nav2_msgs/lib/python3.8/site-packages:/home/joanne/nav2_ws/build/nav2_gazebo_spawner:/home/joanne/nav2_ws/install/nav2_gazebo_spawner/lib/python3.8/site-packages:/home/joanne/nav2_ws/install/nav2_common/lib/python3.8/site-packages:/opt/ros/foxy/lib/python3.8/site-packages /usr/bin/cmake --build /home/joanne/bookros2_ws/build/br2_tracking -- -j8 -l8
