[01m[K/home/joanne/bookros2_ws/src/book_ros2/br2_basics/src/param_reader.cpp:[m[K In constructor â€˜[01m[KLocalizationNode::LocalizationNode()[m[Kâ€™:
[01m[K/home/joanne/bookros2_ws/src/book_ros2/br2_basics/src/param_reader.cpp:28:46:[m[K [01;31m[Kerror: [m[Kno matching function for call to â€˜[01m[KLocalizationNode::declare_parameter<int>(const char [17])[m[Kâ€™
   28 |     declare_parameter<int>("number_particles"[01;31m[K)[m[K;
      |                                              [01;31m[K^[m[K
In file included from [01m[K/opt/ros/foxy/include/rclcpp/node.hpp:1224[m[K,
                 from [01m[K/opt/ros/foxy/include/rclcpp/executors/single_threaded_executor.hpp:28[m[K,
                 from [01m[K/opt/ros/foxy/include/rclcpp/executors.hpp:22[m[K,
                 from [01m[K/opt/ros/foxy/include/rclcpp/rclcpp.hpp:146[m[K,
                 from [01m[K/home/joanne/bookros2_ws/src/book_ros2/br2_basics/src/param_reader.cpp:19[m[K:
[01m[K/opt/ros/foxy/include/rclcpp/node_impl.hpp:157:1:[m[K [01;36m[Knote: [m[Kcandidate: â€˜[01m[Kauto rclcpp::Node::declare_parameter(const string&, const ParameterT&, const ParameterDescriptor&, bool) [with ParameterT = int; std::string = std::__cxx11::basic_string<char>; rcl_interfaces::msg::ParameterDescriptor = rcl_interfaces::msg::ParameterDescriptor_<std::allocator<void> >][m[Kâ€™
  157 | [01;36m[KNode[m[K::declare_parameter(
      | [01;36m[K^~~~[m[K
[01m[K/opt/ros/foxy/include/rclcpp/node_impl.hpp:157:1:[m[K [01;36m[Knote: [m[K  candidate expects 4 arguments, 1 provided
make[2]: *** [CMakeFiles/param_reader.dir/build.make:63: CMakeFiles/param_reader.dir/src/param_reader.cpp.o] Error 1
make[1]: *** [CMakeFiles/Makefile2:279: CMakeFiles/param_reader.dir/all] Error 2
make: *** [Makefile:141: all] Error 2
