[0.014s] Invoking command in '/home/joanne/bookros2_ws/build/br2_bt_patrolling': CMAKE_PREFIX_PATH=${CMAKE_PREFIX_PATH}:/home/joanne/bookros2_ws/install/ros2controlcli:/home/joanne/bookros2_ws/install/launch_pal:/home/joanne/bookros2_ws/install/br2_fsm_bumpgo_py:/opt/ros/foxy /usr/bin/cmake --build /home/joanne/bookros2_ws/build/br2_bt_patrolling -- -j8 -l8
[0.067s] -- Found ament_cmake: 0.9.12 (/opt/ros/foxy/share/ament_cmake/cmake)
[0.103s] -- Using PYTHON_EXECUTABLE: /usr/bin/python3
[0.300s] -- Override CMake install command with custom implementation using symlinks instead of copying resources
[0.323s] -- Found rclcpp: 2.4.3 (/opt/ros/foxy/share/rclcpp/cmake)
[0.384s] -- Using all available rosidl_typesupport_c: rosidl_typesupport_fastrtps_c;rosidl_typesupport_introspection_c
[0.389s] -- Found rosidl_adapter: 1.3.1 (/opt/ros/foxy/share/rosidl_adapter/cmake)
[0.551s] -- Using all available rosidl_typesupport_cpp: rosidl_typesupport_fastrtps_cpp;rosidl_typesupport_introspection_cpp
[0.611s] -- Found rmw_implementation_cmake: 1.0.4 (/opt/ros/foxy/share/rmw_implementation_cmake/cmake)
[0.615s] -- Using RMW implementation 'rmw_fastrtps_cpp' as default
[0.779s] -- Found rclcpp_lifecycle: 2.4.3 (/opt/ros/foxy/share/rclcpp_lifecycle/cmake)
[0.809s] -- Found rclcpp_action: 2.4.3 (/opt/ros/foxy/share/rclcpp_action/cmake)
[0.896s] -- Found geometry_msgs: 2.0.5 (/opt/ros/foxy/share/geometry_msgs/cmake)
[0.930s] -- Found nav2_msgs: 0.4.7 (/opt/ros/foxy/share/nav2_msgs/cmake)
[1.225s] -- Found ament_index_cpp: 1.1.0 (/opt/ros/foxy/share/ament_index_cpp/cmake)
[1.234s] -- Found tf2_ros: 0.13.14 (/opt/ros/foxy/share/tf2_ros/cmake)
[1.527s] -- Found tf2_geometry_msgs: 0.13.14 (/opt/ros/foxy/share/tf2_geometry_msgs/cmake)
[1.542s] -- Found eigen3_cmake_module: 0.1.1 (/opt/ros/foxy/share/eigen3_cmake_module/cmake)
[1.548s] -- Found Eigen3: TRUE (found version "3.3.7") 
[1.570s] -- ZeroMQ found.
[1.596s] -- Found ament_lint_auto: 0.9.8 (/opt/ros/foxy/share/ament_lint_auto/cmake)
[1.671s] -- Found gtest sources under '/opt/ros/foxy/src/gtest_vendor': C++ tests using 'Google Test' will be built
[1.688s] -- Added test 'copyright' to check source files copyright and LICENSE
[1.690s] -- Added test 'cppcheck' to perform static code analysis on C / C++ code
[1.691s] -- Configured cppcheck include dirs: /home/joanne/bookros2_ws/src/book_ros2/br2_bt_patrolling/include
[1.691s] -- Configured cppcheck exclude dirs and/or files: 
[1.692s] -- Added test 'cpplint' to check C / C++ code against the Google style
[1.692s] -- Configured cpplint exclude dirs and/or files: 
[1.693s] -- Added test 'flake8' to check Python code syntax and style conventions
[1.693s] -- Added test 'lint_cmake' to check CMake code style
[1.694s] -- Added test 'pep257' to check Python code against some of the style conventions in PEP 257
[1.696s] -- Added test 'uncrustify' to check C / C++ code style
[1.696s] -- Configured uncrustify additional arguments: 
[1.696s] -- Added test 'xmllint' to check XML markup files
[1.704s] -- Configuring done
[1.785s] -- Generating done
[1.825s] -- Build files have been written to: /home/joanne/bookros2_ws/build/br2_bt_patrolling
[1.866s] [35m[1mScanning dependencies of target br2_recharge_bt_node[0m
[1.870s] [35m[1mScanning dependencies of target patrolling_main[0m
[1.871s] [35m[1mScanning dependencies of target br2_battery_checker_bt_node[0m
[1.871s] [35m[1mScanning dependencies of target br2_track_objects_bt_node[0m
[1.871s] [35m[1mScanning dependencies of target br2_patrol_bt_node[0m
[1.871s] [35m[1mScanning dependencies of target br2_move_bt_node[0m
[1.872s] [35m[1mScanning dependencies of target br2_get_waypoint_bt_node[0m
[1.889s] [  5%] [32mBuilding CXX object CMakeFiles/br2_recharge_bt_node.dir/src/br2_bt_patrolling/Recharge.cpp.o[0m
[1.889s] [ 15%] Built target gtest
[1.905s] [ 20%] [32mBuilding CXX object CMakeFiles/patrolling_main.dir/src/patrolling_main.cpp.o[0m
[1.910s] [ 25%] [32mBuilding CXX object CMakeFiles/br2_track_objects_bt_node.dir/src/br2_bt_patrolling/TrackObjects.cpp.o[0m
[1.911s] [ 30%] [32mBuilding CXX object CMakeFiles/br2_get_waypoint_bt_node.dir/src/br2_bt_patrolling/GetWaypoint.cpp.o[0m
[1.913s] [ 35%] [32mBuilding CXX object CMakeFiles/br2_patrol_bt_node.dir/src/br2_bt_patrolling/Patrol.cpp.o[0m
[1.917s] [ 40%] [32mBuilding CXX object CMakeFiles/br2_battery_checker_bt_node.dir/src/br2_bt_patrolling/BatteryChecker.cpp.o[0m
[1.923s] [ 50%] Built target gtest_main
[1.990s] [ 55%] [32mBuilding CXX object CMakeFiles/br2_move_bt_node.dir/src/br2_bt_patrolling/Move.cpp.o[0m
[2.307s] [01m[K/home/joanne/bookros2_ws/src/book_ros2/br2_bt_patrolling/src/br2_bt_patrolling/Move.cpp:25:10:[m[K [01;31m[Kfatal error: [m[Ktf2_geometry_msgs/tf2_geometry_msgs.hpp: No such file or directory
[2.307s]    25 | #include [01;31m[K"tf2_geometry_msgs/tf2_geometry_msgs.hpp"[m[K
[2.307s]       |          [01;31m[K^~~~~~~~~~~~~~~~~~~~~~~~~~~~~~~~~~~~~~~~~[m[K
[2.308s] compilation terminated.
[2.312s] make[2]: *** [CMakeFiles/br2_move_bt_node.dir/build.make:63: CMakeFiles/br2_move_bt_node.dir/src/br2_bt_patrolling/Move.cpp.o] Error 1
[2.312s] make[1]: *** [CMakeFiles/Makefile2:239: CMakeFiles/br2_move_bt_node.dir/all] Error 2
[2.313s] make[1]: *** Waiting for unfinished jobs....
[4.843s] [ 60%] [32m[1mLinking CXX shared library libbr2_recharge_bt_node.so[0m
[5.196s] [ 60%] Built target br2_recharge_bt_node
[6.635s] [ 65%] [32m[1mLinking CXX executable patrolling_main[0m
[7.034s] [ 65%] Built target patrolling_main
[7.302s] [ 70%] [32m[1mLinking CXX shared library libbr2_get_waypoint_bt_node.so[0m
[7.484s] [ 70%] Built target br2_get_waypoint_bt_node
[8.191s] [ 75%] [32m[1mLinking CXX shared library libbr2_track_objects_bt_node.so[0m
[8.512s] [ 75%] Built target br2_track_objects_bt_node
[8.763s] [ 80%] [32m[1mLinking CXX shared library libbr2_patrol_bt_node.so[0m
[9.044s] [ 80%] Built target br2_patrol_bt_node
[11.317s] [ 85%] [32m[1mLinking CXX shared library libbr2_battery_checker_bt_node.so[0m
[11.662s] [ 85%] Built target br2_battery_checker_bt_node
[11.664s] make: *** [Makefile:141: all] Error 2
[11.666s] Invoked command in '/home/joanne/bookros2_ws/build/br2_bt_patrolling' returned '2': CMAKE_PREFIX_PATH=${CMAKE_PREFIX_PATH}:/home/joanne/bookros2_ws/install/ros2controlcli:/home/joanne/bookros2_ws/install/launch_pal:/home/joanne/bookros2_ws/install/br2_fsm_bumpgo_py:/opt/ros/foxy /usr/bin/cmake --build /home/joanne/bookros2_ws/build/br2_bt_patrolling -- -j8 -l8
