[01m[K/home/joanne/bookros2_ws/src/book_ros2/br2_fsm_bumpgo_cpp/src/br2_fsm_bumpgo_cpp/BumpGoNode.cpp:[m[K In member function â€˜[01m[Kbool br2_fsm_bumpgo_cpp::BumpGoNode::check_turn_2_forward()[m[Kâ€™:
[01m[K/home/joanne/bookros2_ws/src/book_ros2/br2_fsm_bumpgo_cpp/src/br2_fsm_bumpgo_cpp/BumpGoNode.cpp:152:32:[m[K [01;31m[Kerror: [m[Kâ€˜[01m[Kcalculate_time[m[Kâ€™ was not declared in this scope; did you mean â€˜[01m[Kcalculate_speed[m[Kâ€™?
  152 |   return (now() - state_ts_) > [01;31m[Kcalculate_time[m[K();
      |                                [01;31m[K^~~~~~~~~~~~~~[m[K
      |                                [32m[Kcalculate_speed[m[K
[01m[K/home/joanne/bookros2_ws/src/book_ros2/br2_fsm_bumpgo_cpp/src/br2_fsm_bumpgo_cpp/BumpGoNode.cpp:[m[K At global scope:
[01m[K/home/joanne/bookros2_ws/src/book_ros2/br2_fsm_bumpgo_cpp/src/br2_fsm_bumpgo_cpp/BumpGoNode.cpp:157:1:[m[K [01;31m[Kerror: [m[Kno declaration matches â€˜[01m[Kfloat br2_fsm_bumpgo_cpp::BumpGoNode::calculate_time()[m[Kâ€™
  157 | [01;31m[KBumpGoNode[m[K::calculate_time()
      | [01;31m[K^~~~~~~~~~[m[K
[01m[K/home/joanne/bookros2_ws/src/book_ros2/br2_fsm_bumpgo_cpp/src/br2_fsm_bumpgo_cpp/BumpGoNode.cpp:157:1:[m[K [01;36m[Knote: [m[Kno functions named â€˜[01m[Kfloat br2_fsm_bumpgo_cpp::BumpGoNode::calculate_time()[m[Kâ€™
In file included from [01m[K/home/joanne/bookros2_ws/src/book_ros2/br2_fsm_bumpgo_cpp/src/br2_fsm_bumpgo_cpp/BumpGoNode.cpp:16[m[K:
[01m[K/home/joanne/bookros2_ws/src/book_ros2/br2_fsm_bumpgo_cpp/include/br2_fsm_bumpgo_cpp/BumpGoNode.hpp:28:7:[m[K [01;36m[Knote: [m[Kâ€˜[01m[Kclass br2_fsm_bumpgo_cpp::BumpGoNode[m[Kâ€™ defined here
   28 | class [01;36m[KBumpGoNode[m[K : public rclcpp::Node
      |       [01;36m[K^~~~~~~~~~[m[K
make[2]: *** [CMakeFiles/bumpgo.dir/build.make:63: CMakeFiles/bumpgo.dir/src/br2_fsm_bumpgo_cpp/BumpGoNode.cpp.o] Error 1
make[1]: *** [CMakeFiles/Makefile2:78: CMakeFiles/bumpgo.dir/all] Error 2
make: *** [Makefile:141: all] Error 2
