[0.013s] Invoking command in '/home/joanne/bookros2_ws/build/br2_tf2_detector': CMAKE_PREFIX_PATH=${CMAKE_PREFIX_PATH}:/home/joanne/bookros2_ws/install/ros2controlcli:/home/joanne/bookros2_ws/install/launch_pal:/home/joanne/bookros2_ws/install/br2_fsm_bumpgo_py:/opt/ros/foxy /usr/bin/cmake --build /home/joanne/bookros2_ws/build/br2_tf2_detector -- -j8 -l8
[0.069s] [35m[1mScanning dependencies of target br2_tf2_detector[0m
[0.126s] [ 11%] [32mBuilding CXX object CMakeFiles/br2_tf2_detector.dir/src/br2_tf2_detector/ObstacleDetectorNode.cpp.o[0m
[1.435s] In file included from [01m[K/home/joanne/bookros2_ws/src/book_ros2/br2_tf2_detector/src/br2_tf2_detector/ObstacleDetectorNode.cpp:17[m[K:
[1.435s] [01m[K/home/joanne/bookros2_ws/src/book_ros2/br2_tf2_detector/include/br2_tf2_detector/ObstacleDetectorNode.hpp:38:28:[m[K [01;31m[Kerror: [m[Kâ€˜[01m[KTransformBroadcaster[m[Kâ€™ is not a member of â€˜[01m[Ktf2_ros[m[Kâ€™; did you mean â€˜[01m[KStaticTransformBroadcaster[m[Kâ€™?
[1.435s]    38 |   std::shared_ptr<tf2_ros::[01;31m[KTransformBroadcaster[m[K> tf_broadcaster_;
[1.435s]       |                            [01;31m[K^~~~~~~~~~~~~~~~~~~~[m[K
[1.435s]       |                            [32m[KStaticTransformBroadcaster[m[K
[1.435s] [01m[K/home/joanne/bookros2_ws/src/book_ros2/br2_tf2_detector/include/br2_tf2_detector/ObstacleDetectorNode.hpp:38:48:[m[K [01;31m[Kerror: [m[Ktemplate argument 1 is invalid
[1.435s]    38 |   std::shared_ptr<tf2_ros::TransformBroadcaster[01;31m[K>[m[K tf_broadcaster_;
[1.435s]       |                                                [01;31m[K^[m[K
[1.446s] [01m[K/home/joanne/bookros2_ws/src/book_ros2/br2_tf2_detector/src/br2_tf2_detector/ObstacleDetectorNode.cpp:[m[K In constructor â€˜[01m[Kbr2_tf2_detector::ObstacleDetectorNode::ObstacleDetectorNode()[m[Kâ€™:
[1.446s] [01m[K/home/joanne/bookros2_ws/src/book_ros2/br2_tf2_detector/src/br2_tf2_detector/ObstacleDetectorNode.cpp:38:47:[m[K [01;31m[Kerror: [m[Kâ€˜[01m[KTransformBroadcaster[m[Kâ€™ is not a member of â€˜[01m[Ktf2_ros[m[Kâ€™; did you mean â€˜[01m[KStaticTransformBroadcaster[m[Kâ€™?
[1.446s]    38 |   tf_broadcaster_ = std::make_shared<tf2_ros::[01;31m[KTransformBroadcaster[m[K>(*this);
[1.446s]       |                                               [01;31m[K^~~~~~~~~~~~~~~~~~~~[m[K
[1.446s]       |                                               [32m[KStaticTransformBroadcaster[m[K
[1.446s] [01m[K/home/joanne/bookros2_ws/src/book_ros2/br2_tf2_detector/src/br2_tf2_detector/ObstacleDetectorNode.cpp:38:74:[m[K [01;31m[Kerror: [m[Kno matching function for call to â€˜[01m[Kmake_shared<<expression error> >(br2_tf2_detector::ObstacleDetectorNode&)[m[Kâ€™
[1.446s]    38 |   tf_broadcaster_ = std::make_shared<tf2_ros::TransformBroadcaster>(*this[01;31m[K)[m[K;
[1.447s]       |                                                                          [01;31m[K^[m[K
[1.447s] In file included from [01m[K/usr/include/c++/9/memory:81[m[K,
[1.447s]                  from [01m[K/home/joanne/bookros2_ws/src/book_ros2/br2_tf2_detector/src/br2_tf2_detector/ObstacleDetectorNode.cpp:15[m[K:
[1.447s] [01m[K/usr/include/c++/9/bits/shared_ptr.h:714:5:[m[K [01;36m[Knote: [m[Kcandidate: â€˜[01m[Ktemplate<class _Tp, class ... _Args> std::shared_ptr<_Tp> std::make_shared(_Args&& ...)[m[Kâ€™
[1.447s]   714 |     [01;36m[Kmake_shared[m[K(_Args&&... __args)
[1.447s]       |     [01;36m[K^~~~~~~~~~~[m[K
[1.447s] [01m[K/usr/include/c++/9/bits/shared_ptr.h:714:5:[m[K [01;36m[Knote: [m[K  template argument deduction/substitution failed:
[1.447s] [01m[K/home/joanne/bookros2_ws/src/book_ros2/br2_tf2_detector/src/br2_tf2_detector/ObstacleDetectorNode.cpp:38:74:[m[K [01;31m[Kerror: [m[Ktemplate argument 1 is invalid
[1.447s]    38 |   tf_broadcaster_ = std::make_shared<tf2_ros::TransformBroadcaster>(*this[01;31m[K)[m[K;
[1.447s]       |                                                                          [01;31m[K^[m[K
[1.453s] [01m[K/home/joanne/bookros2_ws/src/book_ros2/br2_tf2_detector/src/br2_tf2_detector/ObstacleDetectorNode.cpp:[m[K In member function â€˜[01m[Kvoid br2_tf2_detector::ObstacleDetectorNode::scan_callback(sensor_msgs::msg::LaserScan_<std::allocator<void> >::UniquePtr)[m[Kâ€™:
[1.453s] [01m[K/home/joanne/bookros2_ws/src/book_ros2/br2_tf2_detector/src/br2_tf2_detector/ObstacleDetectorNode.cpp:53:20:[m[K [01;31m[Kerror: [m[Kbase operand of â€˜[01m[K->[m[Kâ€™ is not a pointer
[1.453s]    53 |     tf_broadcaster_[01;31m[K->[m[KsendTransform(detection_tf);
[1.453s]       |                    [01;31m[K^~[m[K
[2.794s] make[2]: *** [CMakeFiles/br2_tf2_detector.dir/build.make:63: CMakeFiles/br2_tf2_detector.dir/src/br2_tf2_detector/ObstacleDetectorNode.cpp.o] Error 1
[2.794s] make[1]: *** [CMakeFiles/Makefile2:109: CMakeFiles/br2_tf2_detector.dir/all] Error 2
[2.794s] make: *** [Makefile:141: all] Error 2
[2.797s] Invoked command in '/home/joanne/bookros2_ws/build/br2_tf2_detector' returned '2': CMAKE_PREFIX_PATH=${CMAKE_PREFIX_PATH}:/home/joanne/bookros2_ws/install/ros2controlcli:/home/joanne/bookros2_ws/install/launch_pal:/home/joanne/bookros2_ws/install/br2_fsm_bumpgo_py:/opt/ros/foxy /usr/bin/cmake --build /home/joanne/bookros2_ws/build/br2_tf2_detector -- -j8 -l8
