[01m[K/home/joanne/bookros2_ws/src/book_ros2/br2_bt_patrolling/src/br2_bt_patrolling/Move.cpp:136:1:[m[K [01;31m[Kerror: [m[Kâ€˜[01m[KMove[m[Kâ€™ has not been declared
  136 | [01;31m[KMove[m[K::on_success()
      | [01;31m[K^~~~[m[K
In file included from [01m[K/opt/ros/foxy/include/rclcpp/service.hpp:34[m[K,
                 from [01m[K/opt/ros/foxy/include/rclcpp/callback_group.hpp:25[m[K,
                 from [01m[K/opt/ros/foxy/include/rclcpp/any_executable.hpp:20[m[K,
                 from [01m[K/opt/ros/foxy/include/rclcpp/memory_strategy.hpp:24[m[K,
                 from [01m[K/opt/ros/foxy/include/rclcpp/memory_strategies.hpp:18[m[K,
                 from [01m[K/opt/ros/foxy/include/rclcpp/executor_options.hpp:20[m[K,
                 from [01m[K/opt/ros/foxy/include/rclcpp/executor.hpp:33[m[K,
                 from [01m[K/opt/ros/foxy/include/rclcpp/executors/multi_threaded_executor.hpp:26[m[K,
                 from [01m[K/opt/ros/foxy/include/rclcpp/executors.hpp:21[m[K,
                 from [01m[K/opt/ros/foxy/include/rclcpp/rclcpp.hpp:146[m[K,
                 from [01m[K/home/joanne/bookros2_ws/src/book_ros2/br2_bt_patrolling/include/br2_bt_patrolling/ctrl_support/BTActionNode.hpp:22[m[K,
                 from [01m[K/home/joanne/bookros2_ws/src/book_ros2/br2_bt_patrolling/include/br2_bt_patrolling/Move.hpp:23[m[K,
                 from [01m[K/home/joanne/bookros2_ws/src/book_ros2/br2_bt_patrolling/src/br2_bt_patrolling/Move.cpp:18[m[K:
[01m[K/home/joanne/bookros2_ws/src/book_ros2/br2_bt_patrolling/src/br2_bt_patrolling/Move.cpp:[m[K In function â€˜[01m[KBT::NodeStatus on_success()[m[Kâ€™:
[01m[K/home/joanne/bookros2_ws/src/book_ros2/br2_bt_patrolling/src/br2_bt_patrolling/Move.cpp:138:15:[m[K [01;31m[Kerror: [m[Kâ€˜[01m[Knode_[m[Kâ€™ was not declared in this scope; did you mean â€˜[01m[Kmode_t[m[Kâ€™?
  138 |   RCLCPP_INFO([01;31m[Knode_[m[K->get_logger(), "Navigation Succeeded");
      |               [01;31m[K^~~~~[m[K
[01m[K/home/joanne/bookros2_ws/src/book_ros2/br2_bt_patrolling/src/br2_bt_patrolling/Move.cpp:138:3:[m[K [01;31m[Kerror: [m[Ktemplate argument 1 is invalid
  138 |   [01;31m[KRCLCPP_INFO[m[K(node_->get_logger(), "Navigation Succeeded");
      |   [01;31m[K^~~~~~~~~~~[m[K
[01m[K/home/joanne/bookros2_ws/src/book_ros2/br2_bt_patrolling/src/br2_bt_patrolling/Move.cpp:138:3:[m[K [01;31m[Kerror: [m[Ktemplate argument 1 is invalid
  138 |   [01;31m[KRCLCPP_INFO[m[K(node_->get_logger(), "Navigation Succeeded");
      |   [01;31m[K^~~~~~~~~~~[m[K
[01m[K/home/joanne/bookros2_ws/src/book_ros2/br2_bt_patrolling/src/br2_bt_patrolling/Move.cpp:138:3:[m[K [01;31m[Kerror: [m[Ktemplate argument 1 is invalid
  138 |   [01;31m[KRCLCPP_INFO[m[K(node_->get_logger(), "Navigation Succeeded");
      |   [01;31m[K^~~~~~~~~~~[m[K
[01m[K/home/joanne/bookros2_ws/src/book_ros2/br2_bt_patrolling/src/br2_bt_patrolling/Move.cpp:[m[K At global scope:
[01m[K/home/joanne/bookros2_ws/src/book_ros2/br2_bt_patrolling/src/br2_bt_patrolling/Move.cpp:142:1:[m[K [01;31m[Kerror: [m[Kexpected declaration before â€˜[01m[K}[m[Kâ€™ token
  142 | [01;31m[K}[m[K  // namespace br2_bt_patrolling
      | [01;31m[K^[m[K
make[2]: *** [CMakeFiles/br2_move_bt_node.dir/build.make:63: CMakeFiles/br2_move_bt_node.dir/src/br2_bt_patrolling/Move.cpp.o] Error 1
make[1]: *** [CMakeFiles/Makefile2:239: CMakeFiles/br2_move_bt_node.dir/all] Error 2
make: *** [Makefile:141: all] Error 2
