[ 55%] Built target br2_tf2_detector
[ 77%] Built target detector
[35m[1mScanning dependencies of target detector_improved[0m
[ 88%] [32mBuilding CXX object CMakeFiles/detector_improved.dir/src/detector_improved_main.cpp.o[0m
[01m[K/home/joanne/bookros2_ws/src/book_ros2/br2_tf2_detector/src/detector_improved_main.cpp:[m[K In function â€˜[01m[Kint main(int, char**)[m[Kâ€™:
[01m[K/home/joanne/bookros2_ws/src/book_ros2/br2_tf2_detector/src/detector_improved_main.cpp:36:9:[m[K [01;31m[Kerror: [m[Kexpected primary-expression before â€˜[01m[K.[m[Kâ€™ token
   36 |   rclcpp[01;31m[K.[m[Kspin(said_node);
      |         [01;31m[K^[m[K
make[2]: *** [CMakeFiles/detector_improved.dir/build.make:63: CMakeFiles/detector_improved.dir/src/detector_improved_main.cpp.o] Error 1
make[1]: *** [CMakeFiles/Makefile2:136: CMakeFiles/detector_improved.dir/all] Error 2
make: *** [Makefile:141: all] Error 2
