[0.121s] Invoking command in '/home/joanne/bookros2_ws/build/br2_tf2_detector': CMAKE_PREFIX_PATH=${CMAKE_PREFIX_PATH}:/home/joanne/bookros2_ws/install/ros2controlcli:/home/joanne/bookros2_ws/install/launch_pal:/home/joanne/bookros2_ws/install/br2_fsm_bumpgo_py:/opt/ros/foxy /usr/bin/cmake --build /home/joanne/bookros2_ws/build/br2_tf2_detector -- -j8 -l8
[0.555s] [ 55%] Built target br2_tf2_detector
[0.764s] [ 77%] Built target detector
[0.845s] [35m[1mScanning dependencies of target detector_improved[0m
[0.984s] [ 88%] [32mBuilding CXX object CMakeFiles/detector_improved.dir/src/detector_improved_main.cpp.o[0m
[11.285s] [01m[K/home/joanne/bookros2_ws/src/book_ros2/br2_tf2_detector/src/detector_improved_main.cpp:[m[K In function â€˜[01m[Kint main(int, char**)[m[Kâ€™:
[11.286s] [01m[K/home/joanne/bookros2_ws/src/book_ros2/br2_tf2_detector/src/detector_improved_main.cpp:36:9:[m[K [01;31m[Kerror: [m[Kexpected primary-expression before â€˜[01m[K.[m[Kâ€™ token
[11.287s]    36 |   rclcpp[01;31m[K.[m[Kspin(said_node);
[11.288s]       |         [01;31m[K^[m[K
[15.378s] make[2]: *** [CMakeFiles/detector_improved.dir/build.make:63: CMakeFiles/detector_improved.dir/src/detector_improved_main.cpp.o] Error 1
[15.406s] make[1]: *** [CMakeFiles/Makefile2:136: CMakeFiles/detector_improved.dir/all] Error 2
[15.407s] make: *** [Makefile:141: all] Error 2
[15.409s] Invoked command in '/home/joanne/bookros2_ws/build/br2_tf2_detector' returned '2': CMAKE_PREFIX_PATH=${CMAKE_PREFIX_PATH}:/home/joanne/bookros2_ws/install/ros2controlcli:/home/joanne/bookros2_ws/install/launch_pal:/home/joanne/bookros2_ws/install/br2_fsm_bumpgo_py:/opt/ros/foxy /usr/bin/cmake --build /home/joanne/bookros2_ws/build/br2_tf2_detector -- -j8 -l8
