[0.015s] Invoking command in '/home/joanne/bookros2_ws/build/br2_tf2_detector': CMAKE_PREFIX_PATH=${CMAKE_PREFIX_PATH}:/home/joanne/bookros2_ws/install/ros2controlcli:/home/joanne/bookros2_ws/install/launch_pal:/home/joanne/bookros2_ws/install/br2_fsm_bumpgo_py:/opt/ros/foxy /usr/bin/cmake --build /home/joanne/bookros2_ws/build/br2_tf2_detector -- -j8 -l8
[0.088s] [35m[1mScanning dependencies of target br2_tf2_detector[0m
[0.142s] [ 11%] [32mBuilding CXX object CMakeFiles/br2_tf2_detector.dir/src/br2_tf2_detector/ObstacleDetectorNode.cpp.o[0m
[0.143s] [ 22%] [32mBuilding CXX object CMakeFiles/br2_tf2_detector.dir/src/br2_tf2_detector/ObstacleMonitorNode.cpp.o[0m
[1.742s] [01m[K/home/joanne/bookros2_ws/src/book_ros2/br2_tf2_detector/src/br2_tf2_detector/ObstacleDetectorNode.cpp:[m[K In constructor â€˜[01m[Kbr2_tf2_detector::ObstacleDetectorNode::ObstacleDetectorNode()[m[Kâ€™:
[1.742s] [01m[K/home/joanne/bookros2_ws/src/book_ros2/br2_tf2_detector/src/br2_tf2_detector/ObstacleDetectorNode.cpp:32:24:[m[K [01;31m[Kerror: [m[Kno matching function for call to â€˜[01m[Kstd::unique_ptr<tf2_ros::Buffer>::unique_ptr(rclcpp::Clock::SharedPtr)[m[Kâ€™
[1.743s]    32 | tf_listener_(tf_buffer_[01;31m[K)[m[K
[1.743s]       |                        [01;31m[K^[m[K
[1.743s] In file included from [01m[K/usr/include/c++/9/memory:80[m[K,
[1.743s]                  from [01m[K/home/joanne/bookros2_ws/src/book_ros2/br2_tf2_detector/src/br2_tf2_detector/ObstacleDetectorNode.cpp:15[m[K:
[1.743s] [01m[K/usr/include/c++/9/bits/unique_ptr.h:281:2:[m[K [01;36m[Knote: [m[Kcandidate: â€˜[01m[Ktemplate<class _Up, class> std::unique_ptr<_Tp, _Dp>::unique_ptr(std::auto_ptr<_Up>&&)[m[Kâ€™
[1.743s]   281 |  [01;36m[Kunique_ptr[m[K(auto_ptr<_Up>&& __u) noexcept;
[1.743s]       |  [01;36m[K^~~~~~~~~~[m[K
[1.743s] [01m[K/usr/include/c++/9/bits/unique_ptr.h:281:2:[m[K [01;36m[Knote: [m[K  template argument deduction/substitution failed:
[1.743s] [01m[K/home/joanne/bookros2_ws/src/book_ros2/br2_tf2_detector/src/br2_tf2_detector/ObstacleDetectorNode.cpp:32:24:[m[K [01;36m[Knote: [m[K  â€˜[01m[Krclcpp::Clock::SharedPtr[m[Kâ€™ {aka â€˜[01m[Kstd::shared_ptr<rclcpp::Clock>[m[Kâ€™} is not derived from â€˜[01m[Kstd::auto_ptr<_Up>[m[Kâ€™
[1.743s]    32 | tf_listener_(tf_buffer_[01;36m[K)[m[K
[1.743s]       |                        [01;36m[K^[m[K
[1.743s] In file included from [01m[K/usr/include/c++/9/memory:80[m[K,
[1.743s]                  from [01m[K/home/joanne/bookros2_ws/src/book_ros2/br2_tf2_detector/src/br2_tf2_detector/ObstacleDetectorNode.cpp:15[m[K:
[1.743s] [01m[K/usr/include/c++/9/bits/unique_ptr.h:271:2:[m[K [01;36m[Knote: [m[Kcandidate: â€˜[01m[Ktemplate<class _Up, class _Ep, class> std::unique_ptr<_Tp, _Dp>::unique_ptr(std::unique_ptr<_Up, _Ep>&&)[m[Kâ€™
[1.743s]   271 |  [01;36m[Kunique_ptr[m[K(unique_ptr<_Up, _Ep>&& __u) noexcept
[1.744s]       |  [01;36m[K^~~~~~~~~~[m[K
[1.744s] [01m[K/usr/include/c++/9/bits/unique_ptr.h:271:2:[m[K [01;36m[Knote: [m[K  template argument deduction/substitution failed:
[1.744s] [01m[K/home/joanne/bookros2_ws/src/book_ros2/br2_tf2_detector/src/br2_tf2_detector/ObstacleDetectorNode.cpp:32:24:[m[K [01;36m[Knote: [m[K  â€˜[01m[Krclcpp::Clock::SharedPtr[m[Kâ€™ {aka â€˜[01m[Kstd::shared_ptr<rclcpp::Clock>[m[Kâ€™} is not derived from â€˜[01m[Kstd::unique_ptr<_Tp, _Dp>[m[Kâ€™
[1.744s]    32 | tf_listener_(tf_buffer_[01;36m[K)[m[K
[1.744s]       |                        [01;36m[K^[m[K
[1.744s] In file included from [01m[K/usr/include/c++/9/memory:80[m[K,
[1.744s]                  from [01m[K/home/joanne/bookros2_ws/src/book_ros2/br2_tf2_detector/src/br2_tf2_detector/ObstacleDetectorNode.cpp:15[m[K:
[1.744s] [01m[K/usr/include/c++/9/bits/unique_ptr.h:257:7:[m[K [01;36m[Knote: [m[Kcandidate: â€˜[01m[Kstd::unique_ptr<_Tp, _Dp>::unique_ptr(std::unique_ptr<_Tp, _Dp>&&) [with _Tp = tf2_ros::Buffer; _Dp = std::default_delete<tf2_ros::Buffer>][m[Kâ€™
[1.744s]   257 |       [01;36m[Kunique_ptr[m[K(unique_ptr&& __u) noexcept
[1.744s]       |       [01;36m[K^~~~~~~~~~[m[K
[1.744s] [01m[K/usr/include/c++/9/bits/unique_ptr.h:257:31:[m[K [01;36m[Knote: [m[K  no known conversion for argument 1 from â€˜[01m[Krclcpp::Clock::SharedPtr[m[Kâ€™ {aka â€˜[01m[Kstd::shared_ptr<rclcpp::Clock>[m[Kâ€™} to â€˜[01m[Kstd::unique_ptr<tf2_ros::Buffer>&&[m[Kâ€™
[1.744s]   257 |       unique_ptr([01;36m[Kunique_ptr&& __u[m[K) noexcept
[1.744s]       |                  [01;36m[K~~~~~~~~~~~~~^~~[m[K
[1.744s] [01m[K/usr/include/c++/9/bits/unique_ptr.h:250:12:[m[K [01;36m[Knote: [m[Kcandidate: â€˜[01m[Ktemplate<class _Del, class> constexpr std::unique_ptr<_Tp, _Dp>::unique_ptr(std::nullptr_t)[m[Kâ€™
[1.744s]   250 |  constexpr [01;36m[Kunique_ptr[m[K(nullptr_t) noexcept
[1.744s]       |            [01;36m[K^~~~~~~~~~[m[K
[1.745s] [01m[K/usr/include/c++/9/bits/unique_ptr.h:250:12:[m[K [01;36m[Knote: [m[K  template argument deduction/substitution failed:
[1.745s] [01m[K/home/joanne/bookros2_ws/src/book_ros2/br2_tf2_detector/src/br2_tf2_detector/ObstacleDetectorNode.cpp:31:27:[m[K [01;36m[Knote: [m[K  cannot convert â€˜[01m[Krclcpp::Node::get_clock()()[m[Kâ€™ (type â€˜[01m[Krclcpp::Clock::SharedPtr[m[Kâ€™ {aka â€˜[01m[Kstd::shared_ptr<rclcpp::Clock>[m[Kâ€™}) to type â€˜[01m[Kstd::nullptr_t[m[Kâ€™
[1.745s]    31 | tf_buffer_([01;36m[Kthis->get_clock()[m[K),
[1.745s]       |            [01;36m[K~~~~~~~~~~~~~~~^~[m[K
[1.745s] In file included from [01m[K/usr/include/c++/9/memory:80[m[K,
[1.745s]                  from [01m[K/home/joanne/bookros2_ws/src/book_ros2/br2_tf2_detector/src/br2_tf2_detector/ObstacleDetectorNode.cpp:15[m[K:
[1.745s] [01m[K/usr/include/c++/9/bits/unique_ptr.h:244:2:[m[K [01;36m[Knote: [m[Kcandidate: â€˜[01m[Ktemplate<class _Del, class _DelUnref> std::unique_ptr<_Tp, _Dp>::unique_ptr(std::unique_ptr<_Tp, _Dp>::pointer, std::__enable_if_t<std::is_lvalue_reference<_Del>::value, _DelUnref&&>)[m[Kâ€™ <deleted>
[1.745s]   244 |  [01;36m[Kunique_ptr[m[K(pointer,
[1.745s]       |  [01;36m[K^~~~~~~~~~[m[K
[1.745s] [01m[K/usr/include/c++/9/bits/unique_ptr.h:244:2:[m[K [01;36m[Knote: [m[K  template argument deduction/substitution failed:
[1.745s] [01m[K/home/joanne/bookros2_ws/src/book_ros2/br2_tf2_detector/src/br2_tf2_detector/ObstacleDetectorNode.cpp:32:24:[m[K [01;36m[Knote: [m[K  candidate expects 2 arguments, 1 provided
[1.745s]    32 | tf_listener_(tf_buffer_[01;36m[K)[m[K
[1.745s]       |                        [01;36m[K^[m[K
[1.745s] In file included from [01m[K/usr/include/c++/9/memory:80[m[K,
[1.745s]                  from [01m[K/home/joanne/bookros2_ws/src/book_ros2/br2_tf2_detector/src/br2_tf2_detector/ObstacleDetectorNode.cpp:15[m[K:
[1.745s] [01m[K/usr/include/c++/9/bits/unique_ptr.h:236:2:[m[K [01;36m[Knote: [m[Kcandidate: â€˜[01m[Ktemplate<class _Del, class> std::unique_ptr<_Tp, _Dp>::unique_ptr(std::unique_ptr<_Tp, _Dp>::pointer, std::__enable_if_t<(! std::is_lvalue_reference<_Del>::value), _Del&&>)[m[Kâ€™
[1.746s]   236 |  [01;36m[Kunique_ptr[m[K(pointer __p,
[1.746s]       |  [01;36m[K^~~~~~~~~~[m[K
[1.746s] [01m[K/usr/include/c++/9/bits/unique_ptr.h:236:2:[m[K [01;36m[Knote: [m[K  template argument deduction/substitution failed:
[1.746s] [01m[K/home/joanne/bookros2_ws/src/book_ros2/br2_tf2_detector/src/br2_tf2_detector/ObstacleDetectorNode.cpp:32:24:[m[K [01;36m[Knote: [m[K  candidate expects 2 arguments, 1 provided
[1.746s]    32 | tf_listener_(tf_buffer_[01;36m[K)[m[K
[1.746s]       |                        [01;36m[K^[m[K
[1.746s] In file included from [01m[K/usr/include/c++/9/memory:80[m[K,
[1.746s]                  from [01m[K/home/joanne/bookros2_ws/src/book_ros2/br2_tf2_detector/src/br2_tf2_detector/ObstacleDetectorNode.cpp:15[m[K:
[1.746s] [01m[K/usr/include/c++/9/bits/unique_ptr.h:224:2:[m[K [01;36m[Knote: [m[Kcandidate: â€˜[01m[Ktemplate<class _Del, class> std::unique_ptr<_Tp, _Dp>::unique_ptr(std::unique_ptr<_Tp, _Dp>::pointer, const deleter_type&)[m[Kâ€™
[1.746s]   224 |  [01;36m[Kunique_ptr[m[K(pointer __p, const deleter_type& __d) noexcept
[1.746s]       |  [01;36m[K^~~~~~~~~~[m[K
[1.746s] [01m[K/usr/include/c++/9/bits/unique_ptr.h:224:2:[m[K [01;36m[Knote: [m[K  template argument deduction/substitution failed:
[1.746s] [01m[K/home/joanne/bookros2_ws/src/book_ros2/br2_tf2_detector/src/br2_tf2_detector/ObstacleDetectorNode.cpp:32:24:[m[K [01;36m[Knote: [m[K  candidate expects 2 arguments, 1 provided
[1.746s]    32 | tf_listener_(tf_buffer_[01;36m[K)[m[K
[1.746s]       |                        [01;36m[K^[m[K
[1.746s] In file included from [01m[K/usr/include/c++/9/memory:80[m[K,
[1.746s]                  from [01m[K/home/joanne/bookros2_ws/src/book_ros2/br2_tf2_detector/src/br2_tf2_detector/ObstacleDetectorNode.cpp:15[m[K:
[1.747s] [01m[K/usr/include/c++/9/bits/unique_ptr.h:211:2:[m[K [01;36m[Knote: [m[Kcandidate: â€˜[01m[Ktemplate<class _Del, class> std::unique_ptr<_Tp, _Dp>::unique_ptr(std::unique_ptr<_Tp, _Dp>::pointer)[m[Kâ€™
[1.747s]   211 |  [01;36m[Kunique_ptr[m[K(pointer __p) noexcept
[1.747s]       |  [01;36m[K^~~~~~~~~~[m[K
[1.747s] [01m[K/usr/include/c++/9/bits/unique_ptr.h:211:2:[m[K [01;36m[Knote: [m[K  template argument deduction/substitution failed:
[1.747s] [01m[K/home/joanne/bookros2_ws/src/book_ros2/br2_tf2_detector/src/br2_tf2_detector/ObstacleDetectorNode.cpp:31:27:[m[K [01;36m[Knote: [m[K  cannot convert â€˜[01m[Krclcpp::Node::get_clock()()[m[Kâ€™ (type â€˜[01m[Krclcpp::Clock::SharedPtr[m[Kâ€™ {aka â€˜[01m[Kstd::shared_ptr<rclcpp::Clock>[m[Kâ€™}) to type â€˜[01m[Kstd::unique_ptr<tf2_ros::Buffer>::pointer[m[Kâ€™ {aka â€˜[01m[Ktf2_ros::Buffer*[m[Kâ€™}
[1.747s]    31 | tf_buffer_([01;36m[Kthis->get_clock()[m[K),
[1.747s]       |            [01;36m[K~~~~~~~~~~~~~~~^~[m[K
[1.747s] In file included from [01m[K/usr/include/c++/9/memory:80[m[K,
[1.747s]                  from [01m[K/home/joanne/bookros2_ws/src/book_ros2/br2_tf2_detector/src/br2_tf2_detector/ObstacleDetectorNode.cpp:15[m[K:
[1.747s] [01m[K/usr/include/c++/9/bits/unique_ptr.h:199:12:[m[K [01;36m[Knote: [m[Kcandidate: â€˜[01m[Ktemplate<class _Del, class> constexpr std::unique_ptr<_Tp, _Dp>::unique_ptr()[m[Kâ€™
[1.747s]   199 |  constexpr [01;36m[Kunique_ptr[m[K() noexcept
[1.747s]       |            [01;36m[K^~~~~~~~~~[m[K
[1.747s] [01m[K/usr/include/c++/9/bits/unique_ptr.h:199:12:[m[K [01;36m[Knote: [m[K  template argument deduction/substitution failed:
[1.747s] [01m[K/home/joanne/bookros2_ws/src/book_ros2/br2_tf2_detector/src/br2_tf2_detector/ObstacleDetectorNode.cpp:32:24:[m[K [01;36m[Knote: [m[K  candidate expects 0 arguments, 1 provided
[1.747s]    32 | tf_listener_(tf_buffer_[01;36m[K)[m[K
[1.747s]       |                        [01;36m[K^[m[K
[1.747s] [01m[K/home/joanne/bookros2_ws/src/book_ros2/br2_tf2_detector/src/br2_tf2_detector/ObstacleDetectorNode.cpp:32:24:[m[K [01;31m[Kerror: [m[Kno matching function for call to â€˜[01m[Ktf2_ros::TransformListener::TransformListener(std::unique_ptr<tf2_ros::Buffer>&)[m[Kâ€™
[1.748s] In file included from [01m[K/home/joanne/bookros2_ws/src/book_ros2/br2_tf2_detector/include/br2_tf2_detector/ObstacleDetectorNode.hpp:22[m[K,
[1.748s]                  from [01m[K/home/joanne/bookros2_ws/src/book_ros2/br2_tf2_detector/src/br2_tf2_detector/ObstacleDetectorNode.cpp:17[m[K:
[1.748s] [01m[K/opt/ros/foxy/include/tf2_ros/transform_listener.h:58:3:[m[K [01;36m[Knote: [m[Kcandidate: â€˜[01m[Ktemplate<class NodeT, class AllocatorT> tf2_ros::TransformListener::TransformListener(tf2::BufferCore&, NodeT&&, bool, const rclcpp::QoS&, const rclcpp::QoS&, const rclcpp::SubscriptionOptionsWithAllocator<AllocatorT>&)[m[Kâ€™
[1.748s]    58 |   [01;36m[KTransformListener[m[K(
[1.748s]       |   [01;36m[K^~~~~~~~~~~~~~~~~[m[K
[1.748s] [01m[K/opt/ros/foxy/include/tf2_ros/transform_listener.h:58:3:[m[K [01;36m[Knote: [m[K  template argument deduction/substitution failed:
[1.748s] [01m[K/home/joanne/bookros2_ws/src/book_ros2/br2_tf2_detector/src/br2_tf2_detector/ObstacleDetectorNode.cpp:32:24:[m[K [01;36m[Knote: [m[K  candidate expects 6 arguments, 1 provided
[1.748s]    32 | tf_listener_(tf_buffer_[01;36m[K)[m[K
[1.748s]       |                        [01;36m[K^[m[K
[1.748s] In file included from [01m[K/home/joanne/bookros2_ws/src/book_ros2/br2_tf2_detector/include/br2_tf2_detector/ObstacleDetectorNode.hpp:22[m[K,
[1.748s]                  from [01m[K/home/joanne/bookros2_ws/src/book_ros2/br2_tf2_detector/src/br2_tf2_detector/ObstacleDetectorNode.cpp:17[m[K:
[1.748s] [01m[K/opt/ros/foxy/include/tf2_ros/transform_listener.h:55:12:[m[K [01;36m[Knote: [m[Kcandidate: â€˜[01m[Ktf2_ros::TransformListener::TransformListener(tf2::BufferCore&, bool)[m[Kâ€™
[1.748s]    55 |   explicit [01;36m[KTransformListener[m[K(tf2::BufferCore & buffer, bool spin_thread = true);
[1.748s]       |            [01;36m[K^~~~~~~~~~~~~~~~~[m[K
[1.748s] [01m[K/opt/ros/foxy/include/tf2_ros/transform_listener.h:55:48:[m[K [01;36m[Knote: [m[K  no known conversion for argument 1 from â€˜[01m[Kstd::unique_ptr<tf2_ros::Buffer>[m[Kâ€™ to â€˜[01m[Ktf2::BufferCore&[m[Kâ€™
[1.748s]    55 |   explicit TransformListener([01;36m[Ktf2::BufferCore & buffer[m[K, bool spin_thread = true);
[1.748s]       |                              [01;36m[K~~~~~~~~~~~~~~~~~~^~~~~~[m[K
[1.760s] [01m[K/home/joanne/bookros2_ws/src/book_ros2/br2_tf2_detector/src/br2_tf2_detector/ObstacleDetectorNode.cpp:[m[K In member function â€˜[01m[Kvoid br2_tf2_detector::ObstacleDetectorNode::scan_callback(sensor_msgs::msg::LaserScan_<std::allocator<void> >::UniquePtr)[m[Kâ€™:
[1.760s] [01m[K/home/joanne/bookros2_ws/src/book_ros2/br2_tf2_detector/src/br2_tf2_detector/ObstacleDetectorNode.cpp:62:41:[m[K [01;31m[Kerror: [m[Kâ€˜[01m[Kclass std::unique_ptr<tf2_ros::Buffer>[m[Kâ€™ has no member named â€˜[01m[KlookupTransform[m[Kâ€™
[1.760s]    62 |         reference2obstacle = tf_buffer_.[01;31m[KlookupTransform[m[K(
[1.760s]       |                                         [01;31m[K^~~~~~~~~~~~~~~[m[K
[1.763s] In file included from [01m[K/opt/ros/foxy/include/rclcpp/client.hpp:40[m[K,
[1.763s]                  from [01m[K/opt/ros/foxy/include/rclcpp/callback_group.hpp:23[m[K,
[1.763s]                  from [01m[K/opt/ros/foxy/include/rclcpp/any_executable.hpp:20[m[K,
[1.763s]                  from [01m[K/opt/ros/foxy/include/rclcpp/memory_strategy.hpp:24[m[K,
[1.763s]                  from [01m[K/opt/ros/foxy/include/rclcpp/memory_strategies.hpp:18[m[K,
[1.763s]                  from [01m[K/opt/ros/foxy/include/rclcpp/executor_options.hpp:20[m[K,
[1.763s]                  from [01m[K/opt/ros/foxy/include/rclcpp/executor.hpp:33[m[K,
[1.763s]                  from [01m[K/opt/ros/foxy/include/rclcpp/executors/multi_threaded_executor.hpp:26[m[K,
[1.763s]                  from [01m[K/opt/ros/foxy/include/rclcpp/executors.hpp:21[m[K,
[1.763s]                  from [01m[K/opt/ros/foxy/include/rclcpp/rclcpp.hpp:146[m[K,
[1.763s]                  from [01m[K/opt/ros/foxy/include/tf2_ros/static_transform_broadcaster.h:38[m[K,
[1.763s]                  from [01m[K/home/joanne/bookros2_ws/src/book_ros2/br2_tf2_detector/include/br2_tf2_detector/ObstacleDetectorNode.hpp:18[m[K,
[1.764s]                  from [01m[K/home/joanne/bookros2_ws/src/book_ros2/br2_tf2_detector/src/br2_tf2_detector/ObstacleDetectorNode.cpp:17[m[K:
[1.764s] [01m[K/home/joanne/bookros2_ws/src/book_ros2/br2_tf2_detector/src/br2_tf2_detector/ObstacleDetectorNode.cpp:76:26:[m[K [01;31m[Kerror: [m[Kâ€˜[01m[Kidx[m[Kâ€™ was not declared in this scope; did you mean â€˜[01m[Kindex[m[Kâ€™?
[1.764s]    76 |         reference_frames[[01;31m[Kidx[m[K],x, y, z, theta);
[1.764s]       |                          [01;31m[K^~~[m[K
[3.362s] make[2]: *** [CMakeFiles/br2_tf2_detector.dir/build.make:63: CMakeFiles/br2_tf2_detector.dir/src/br2_tf2_detector/ObstacleDetectorNode.cpp.o] Error 1
[3.362s] make[2]: *** Waiting for unfinished jobs....
[3.681s] make[1]: *** [CMakeFiles/Makefile2:109: CMakeFiles/br2_tf2_detector.dir/all] Error 2
[3.681s] make: *** [Makefile:141: all] Error 2
[3.684s] Invoked command in '/home/joanne/bookros2_ws/build/br2_tf2_detector' returned '2': CMAKE_PREFIX_PATH=${CMAKE_PREFIX_PATH}:/home/joanne/bookros2_ws/install/ros2controlcli:/home/joanne/bookros2_ws/install/launch_pal:/home/joanne/bookros2_ws/install/br2_fsm_bumpgo_py:/opt/ros/foxy /usr/bin/cmake --build /home/joanne/bookros2_ws/build/br2_tf2_detector -- -j8 -l8
