[35m[1mScanning dependencies of target br2_tf2_detector[0m
[ 11%] [32mBuilding CXX object CMakeFiles/br2_tf2_detector.dir/src/br2_tf2_detector/ObstacleDetectorNode.cpp.o[0m
[01m[K/home/joanne/bookros2_ws/src/book_ros2/br2_tf2_detector/src/br2_tf2_detector/ObstacleDetectorNode.cpp:[m[K In constructor â€˜[01m[Kbr2_tf2_detector::ObstacleDetectorNode::ObstacleDetectorNode()[m[Kâ€™:
[01m[K/home/joanne/bookros2_ws/src/book_ros2/br2_tf2_detector/src/br2_tf2_detector/ObstacleDetectorNode.cpp:32:24:[m[K [01;31m[Kerror: [m[Kno matching function for call to â€˜[01m[Kstd::unique_ptr<tf2_ros::Buffer>::unique_ptr(rclcpp::Clock::SharedPtr)[m[Kâ€™
   32 | tf_listener_(tf_buffer_[01;31m[K)[m[K
      |                        [01;31m[K^[m[K
In file included from [01m[K/usr/include/c++/9/memory:80[m[K,
                 from [01m[K/home/joanne/bookros2_ws/src/book_ros2/br2_tf2_detector/src/br2_tf2_detector/ObstacleDetectorNode.cpp:15[m[K:
[01m[K/usr/include/c++/9/bits/unique_ptr.h:281:2:[m[K [01;36m[Knote: [m[Kcandidate: â€˜[01m[Ktemplate<class _Up, class> std::unique_ptr<_Tp, _Dp>::unique_ptr(std::auto_ptr<_Up>&&)[m[Kâ€™
  281 |  [01;36m[Kunique_ptr[m[K(auto_ptr<_Up>&& __u) noexcept;
      |  [01;36m[K^~~~~~~~~~[m[K
[01m[K/usr/include/c++/9/bits/unique_ptr.h:281:2:[m[K [01;36m[Knote: [m[K  template argument deduction/substitution failed:
[01m[K/home/joanne/bookros2_ws/src/book_ros2/br2_tf2_detector/src/br2_tf2_detector/ObstacleDetectorNode.cpp:32:24:[m[K [01;36m[Knote: [m[K  â€˜[01m[Krclcpp::Clock::SharedPtr[m[Kâ€™ {aka â€˜[01m[Kstd::shared_ptr<rclcpp::Clock>[m[Kâ€™} is not derived from â€˜[01m[Kstd::auto_ptr<_Up>[m[Kâ€™
   32 | tf_listener_(tf_buffer_[01;36m[K)[m[K
      |                        [01;36m[K^[m[K
In file included from [01m[K/usr/include/c++/9/memory:80[m[K,
                 from [01m[K/home/joanne/bookros2_ws/src/book_ros2/br2_tf2_detector/src/br2_tf2_detector/ObstacleDetectorNode.cpp:15[m[K:
[01m[K/usr/include/c++/9/bits/unique_ptr.h:271:2:[m[K [01;36m[Knote: [m[Kcandidate: â€˜[01m[Ktemplate<class _Up, class _Ep, class> std::unique_ptr<_Tp, _Dp>::unique_ptr(std::unique_ptr<_Up, _Ep>&&)[m[Kâ€™
  271 |  [01;36m[Kunique_ptr[m[K(unique_ptr<_Up, _Ep>&& __u) noexcept
      |  [01;36m[K^~~~~~~~~~[m[K
[01m[K/usr/include/c++/9/bits/unique_ptr.h:271:2:[m[K [01;36m[Knote: [m[K  template argument deduction/substitution failed:
[01m[K/home/joanne/bookros2_ws/src/book_ros2/br2_tf2_detector/src/br2_tf2_detector/ObstacleDetectorNode.cpp:32:24:[m[K [01;36m[Knote: [m[K  â€˜[01m[Krclcpp::Clock::SharedPtr[m[Kâ€™ {aka â€˜[01m[Kstd::shared_ptr<rclcpp::Clock>[m[Kâ€™} is not derived from â€˜[01m[Kstd::unique_ptr<_Tp, _Dp>[m[Kâ€™
   32 | tf_listener_(tf_buffer_[01;36m[K)[m[K
      |                        [01;36m[K^[m[K
In file included from [01m[K/usr/include/c++/9/memory:80[m[K,
                 from [01m[K/home/joanne/bookros2_ws/src/book_ros2/br2_tf2_detector/src/br2_tf2_detector/ObstacleDetectorNode.cpp:15[m[K:
[01m[K/usr/include/c++/9/bits/unique_ptr.h:257:7:[m[K [01;36m[Knote: [m[Kcandidate: â€˜[01m[Kstd::unique_ptr<_Tp, _Dp>::unique_ptr(std::unique_ptr<_Tp, _Dp>&&) [with _Tp = tf2_ros::Buffer; _Dp = std::default_delete<tf2_ros::Buffer>][m[Kâ€™
  257 |       [01;36m[Kunique_ptr[m[K(unique_ptr&& __u) noexcept
      |       [01;36m[K^~~~~~~~~~[m[K
[01m[K/usr/include/c++/9/bits/unique_ptr.h:257:31:[m[K [01;36m[Knote: [m[K  no known conversion for argument 1 from â€˜[01m[Krclcpp::Clock::SharedPtr[m[Kâ€™ {aka â€˜[01m[Kstd::shared_ptr<rclcpp::Clock>[m[Kâ€™} to â€˜[01m[Kstd::unique_ptr<tf2_ros::Buffer>&&[m[Kâ€™
  257 |       unique_ptr([01;36m[Kunique_ptr&& __u[m[K) noexcept
      |                  [01;36m[K~~~~~~~~~~~~~^~~[m[K
[01m[K/usr/include/c++/9/bits/unique_ptr.h:250:12:[m[K [01;36m[Knote: [m[Kcandidate: â€˜[01m[Ktemplate<class _Del, class> constexpr std::unique_ptr<_Tp, _Dp>::unique_ptr(std::nullptr_t)[m[Kâ€™
  250 |  constexpr [01;36m[Kunique_ptr[m[K(nullptr_t) noexcept
      |            [01;36m[K^~~~~~~~~~[m[K
[01m[K/usr/include/c++/9/bits/unique_ptr.h:250:12:[m[K [01;36m[Knote: [m[K  template argument deduction/substitution failed:
[01m[K/home/joanne/bookros2_ws/src/book_ros2/br2_tf2_detector/src/br2_tf2_detector/ObstacleDetectorNode.cpp:31:27:[m[K [01;36m[Knote: [m[K  cannot convert â€˜[01m[Krclcpp::Node::get_clock()()[m[Kâ€™ (type â€˜[01m[Krclcpp::Clock::SharedPtr[m[Kâ€™ {aka â€˜[01m[Kstd::shared_ptr<rclcpp::Clock>[m[Kâ€™}) to type â€˜[01m[Kstd::nullptr_t[m[Kâ€™
   31 | tf_buffer_([01;36m[Kthis->get_clock()[m[K),
      |            [01;36m[K~~~~~~~~~~~~~~~^~[m[K
In file included from [01m[K/usr/include/c++/9/memory:80[m[K,
                 from [01m[K/home/joanne/bookros2_ws/src/book_ros2/br2_tf2_detector/src/br2_tf2_detector/ObstacleDetectorNode.cpp:15[m[K:
[01m[K/usr/include/c++/9/bits/unique_ptr.h:244:2:[m[K [01;36m[Knote: [m[Kcandidate: â€˜[01m[Ktemplate<class _Del, class _DelUnref> std::unique_ptr<_Tp, _Dp>::unique_ptr(std::unique_ptr<_Tp, _Dp>::pointer, std::__enable_if_t<std::is_lvalue_reference<_Del>::value, _DelUnref&&>)[m[Kâ€™ <deleted>
  244 |  [01;36m[Kunique_ptr[m[K(pointer,
      |  [01;36m[K^~~~~~~~~~[m[K
[01m[K/usr/include/c++/9/bits/unique_ptr.h:244:2:[m[K [01;36m[Knote: [m[K  template argument deduction/substitution failed:
[01m[K/home/joanne/bookros2_ws/src/book_ros2/br2_tf2_detector/src/br2_tf2_detector/ObstacleDetectorNode.cpp:32:24:[m[K [01;36m[Knote: [m[K  candidate expects 2 arguments, 1 provided
   32 | tf_listener_(tf_buffer_[01;36m[K)[m[K
      |                        [01;36m[K^[m[K
In file included from [01m[K/usr/include/c++/9/memory:80[m[K,
                 from [01m[K/home/joanne/bookros2_ws/src/book_ros2/br2_tf2_detector/src/br2_tf2_detector/ObstacleDetectorNode.cpp:15[m[K:
[01m[K/usr/include/c++/9/bits/unique_ptr.h:236:2:[m[K [01;36m[Knote: [m[Kcandidate: â€˜[01m[Ktemplate<class _Del, class> std::unique_ptr<_Tp, _Dp>::unique_ptr(std::unique_ptr<_Tp, _Dp>::pointer, std::__enable_if_t<(! std::is_lvalue_reference<_Del>::value), _Del&&>)[m[Kâ€™
  236 |  [01;36m[Kunique_ptr[m[K(pointer __p,
      |  [01;36m[K^~~~~~~~~~[m[K
[01m[K/usr/include/c++/9/bits/unique_ptr.h:236:2:[m[K [01;36m[Knote: [m[K  template argument deduction/substitution failed:
[01m[K/home/joanne/bookros2_ws/src/book_ros2/br2_tf2_detector/src/br2_tf2_detector/ObstacleDetectorNode.cpp:32:24:[m[K [01;36m[Knote: [m[K  candidate expects 2 arguments, 1 provided
   32 | tf_listener_(tf_buffer_[01;36m[K)[m[K
      |                        [01;36m[K^[m[K
In file included from [01m[K/usr/include/c++/9/memory:80[m[K,
                 from [01m[K/home/joanne/bookros2_ws/src/book_ros2/br2_tf2_detector/src/br2_tf2_detector/ObstacleDetectorNode.cpp:15[m[K:
[01m[K/usr/include/c++/9/bits/unique_ptr.h:224:2:[m[K [01;36m[Knote: [m[Kcandidate: â€˜[01m[Ktemplate<class _Del, class> std::unique_ptr<_Tp, _Dp>::unique_ptr(std::unique_ptr<_Tp, _Dp>::pointer, const deleter_type&)[m[Kâ€™
  224 |  [01;36m[Kunique_ptr[m[K(pointer __p, const deleter_type& __d) noexcept
      |  [01;36m[K^~~~~~~~~~[m[K
[01m[K/usr/include/c++/9/bits/unique_ptr.h:224:2:[m[K [01;36m[Knote: [m[K  template argument deduction/substitution failed:
[01m[K/home/joanne/bookros2_ws/src/book_ros2/br2_tf2_detector/src/br2_tf2_detector/ObstacleDetectorNode.cpp:32:24:[m[K [01;36m[Knote: [m[K  candidate expects 2 arguments, 1 provided
   32 | tf_listener_(tf_buffer_[01;36m[K)[m[K
      |                        [01;36m[K^[m[K
In file included from [01m[K/usr/include/c++/9/memory:80[m[K,
                 from [01m[K/home/joanne/bookros2_ws/src/book_ros2/br2_tf2_detector/src/br2_tf2_detector/ObstacleDetectorNode.cpp:15[m[K:
[01m[K/usr/include/c++/9/bits/unique_ptr.h:211:2:[m[K [01;36m[Knote: [m[Kcandidate: â€˜[01m[Ktemplate<class _Del, class> std::unique_ptr<_Tp, _Dp>::unique_ptr(std::unique_ptr<_Tp, _Dp>::pointer)[m[Kâ€™
  211 |  [01;36m[Kunique_ptr[m[K(pointer __p) noexcept
      |  [01;36m[K^~~~~~~~~~[m[K
[01m[K/usr/include/c++/9/bits/unique_ptr.h:211:2:[m[K [01;36m[Knote: [m[K  template argument deduction/substitution failed:
[01m[K/home/joanne/bookros2_ws/src/book_ros2/br2_tf2_detector/src/br2_tf2_detector/ObstacleDetectorNode.cpp:31:27:[m[K [01;36m[Knote: [m[K  cannot convert â€˜[01m[Krclcpp::Node::get_clock()()[m[Kâ€™ (type â€˜[01m[Krclcpp::Clock::SharedPtr[m[Kâ€™ {aka â€˜[01m[Kstd::shared_ptr<rclcpp::Clock>[m[Kâ€™}) to type â€˜[01m[Kstd::unique_ptr<tf2_ros::Buffer>::pointer[m[Kâ€™ {aka â€˜[01m[Ktf2_ros::Buffer*[m[Kâ€™}
   31 | tf_buffer_([01;36m[Kthis->get_clock()[m[K),
      |            [01;36m[K~~~~~~~~~~~~~~~^~[m[K
In file included from [01m[K/usr/include/c++/9/memory:80[m[K,
                 from [01m[K/home/joanne/bookros2_ws/src/book_ros2/br2_tf2_detector/src/br2_tf2_detector/ObstacleDetectorNode.cpp:15[m[K:
[01m[K/usr/include/c++/9/bits/unique_ptr.h:199:12:[m[K [01;36m[Knote: [m[Kcandidate: â€˜[01m[Ktemplate<class _Del, class> constexpr std::unique_ptr<_Tp, _Dp>::unique_ptr()[m[Kâ€™
  199 |  constexpr [01;36m[Kunique_ptr[m[K() noexcept
      |            [01;36m[K^~~~~~~~~~[m[K
[01m[K/usr/include/c++/9/bits/unique_ptr.h:199:12:[m[K [01;36m[Knote: [m[K  template argument deduction/substitution failed:
[01m[K/home/joanne/bookros2_ws/src/book_ros2/br2_tf2_detector/src/br2_tf2_detector/ObstacleDetectorNode.cpp:32:24:[m[K [01;36m[Knote: [m[K  candidate expects 0 arguments, 1 provided
   32 | tf_listener_(tf_buffer_[01;36m[K)[m[K
      |                        [01;36m[K^[m[K
[01m[K/home/joanne/bookros2_ws/src/book_ros2/br2_tf2_detector/src/br2_tf2_detector/ObstacleDetectorNode.cpp:32:24:[m[K [01;31m[Kerror: [m[Kno matching function for call to â€˜[01m[Ktf2_ros::TransformListener::TransformListener(std::unique_ptr<tf2_ros::Buffer>&)[m[Kâ€™
In file included from [01m[K/home/joanne/bookros2_ws/src/book_ros2/br2_tf2_detector/include/br2_tf2_detector/ObstacleDetectorNode.hpp:22[m[K,
                 from [01m[K/home/joanne/bookros2_ws/src/book_ros2/br2_tf2_detector/src/br2_tf2_detector/ObstacleDetectorNode.cpp:17[m[K:
[01m[K/opt/ros/foxy/include/tf2_ros/transform_listener.h:58:3:[m[K [01;36m[Knote: [m[Kcandidate: â€˜[01m[Ktemplate<class NodeT, class AllocatorT> tf2_ros::TransformListener::TransformListener(tf2::BufferCore&, NodeT&&, bool, const rclcpp::QoS&, const rclcpp::QoS&, const rclcpp::SubscriptionOptionsWithAllocator<AllocatorT>&)[m[Kâ€™
   58 |   [01;36m[KTransformListener[m[K(
      |   [01;36m[K^~~~~~~~~~~~~~~~~[m[K
[01m[K/opt/ros/foxy/include/tf2_ros/transform_listener.h:58:3:[m[K [01;36m[Knote: [m[K  template argument deduction/substitution failed:
[01m[K/home/joanne/bookros2_ws/src/book_ros2/br2_tf2_detector/src/br2_tf2_detector/ObstacleDetectorNode.cpp:32:24:[m[K [01;36m[Knote: [m[K  candidate expects 6 arguments, 1 provided
   32 | tf_listener_(tf_buffer_[01;36m[K)[m[K
      |                        [01;36m[K^[m[K
In file included from [01m[K/home/joanne/bookros2_ws/src/book_ros2/br2_tf2_detector/include/br2_tf2_detector/ObstacleDetectorNode.hpp:22[m[K,
                 from [01m[K/home/joanne/bookros2_ws/src/book_ros2/br2_tf2_detector/src/br2_tf2_detector/ObstacleDetectorNode.cpp:17[m[K:
[01m[K/opt/ros/foxy/include/tf2_ros/transform_listener.h:55:12:[m[K [01;36m[Knote: [m[Kcandidate: â€˜[01m[Ktf2_ros::TransformListener::TransformListener(tf2::BufferCore&, bool)[m[Kâ€™
   55 |   explicit [01;36m[KTransformListener[m[K(tf2::BufferCore & buffer, bool spin_thread = true);
      |            [01;36m[K^~~~~~~~~~~~~~~~~[m[K
[01m[K/opt/ros/foxy/include/tf2_ros/transform_listener.h:55:48:[m[K [01;36m[Knote: [m[K  no known conversion for argument 1 from â€˜[01m[Kstd::unique_ptr<tf2_ros::Buffer>[m[Kâ€™ to â€˜[01m[Ktf2::BufferCore&[m[Kâ€™
   55 |   explicit TransformListener([01;36m[Ktf2::BufferCore & buffer[m[K, bool spin_thread = true);
      |                              [01;36m[K~~~~~~~~~~~~~~~~~~^~~~~~[m[K
[01m[K/home/joanne/bookros2_ws/src/book_ros2/br2_tf2_detector/src/br2_tf2_detector/ObstacleDetectorNode.cpp:[m[K In member function â€˜[01m[Kvoid br2_tf2_detector::ObstacleDetectorNode::scan_callback(sensor_msgs::msg::LaserScan_<std::allocator<void> >::UniquePtr)[m[Kâ€™:
[01m[K/home/joanne/bookros2_ws/src/book_ros2/br2_tf2_detector/src/br2_tf2_detector/ObstacleDetectorNode.cpp:62:41:[m[K [01;31m[Kerror: [m[Kâ€˜[01m[Kclass std::unique_ptr<tf2_ros::Buffer>[m[Kâ€™ has no member named â€˜[01m[KlookupTransform[m[Kâ€™
   62 |         reference2obstacle = tf_buffer_.[01;31m[KlookupTransform[m[K(
      |                                         [01;31m[K^~~~~~~~~~~~~~~[m[K
make[2]: *** [CMakeFiles/br2_tf2_detector.dir/build.make:63: CMakeFiles/br2_tf2_detector.dir/src/br2_tf2_detector/ObstacleDetectorNode.cpp.o] Error 1
make[1]: *** [CMakeFiles/Makefile2:109: CMakeFiles/br2_tf2_detector.dir/all] Error 2
make: *** [Makefile:141: all] Error 2
