[0.135s] Invoking command in '/home/joanne/bookros2_ws/build/br2_tf2_detector': CMAKE_PREFIX_PATH=${CMAKE_PREFIX_PATH}:/home/joanne/bookros2_ws/install/ros2controlcli:/home/joanne/bookros2_ws/install/launch_pal:/home/joanne/bookros2_ws/install/br2_fsm_bumpgo_py:/opt/ros/foxy /usr/bin/cmake --build /home/joanne/bookros2_ws/build/br2_tf2_detector -- -j8 -l8
[0.513s] [35m[1mScanning dependencies of target br2_tf2_detector[0m
[0.730s] [ 11%] [32mBuilding CXX object CMakeFiles/br2_tf2_detector.dir/src/br2_tf2_detector/ObstacleDetectorNode.cpp.o[0m
[12.398s] [01m[K/home/joanne/bookros2_ws/src/book_ros2/br2_tf2_detector/src/br2_tf2_detector/ObstacleDetectorNode.cpp:[m[K In member function â€˜[01m[Kvoid br2_tf2_detector::ObstacleDetectorNode::scan_callback(sensor_msgs::msg::LaserScan_<std::allocator<void> >::UniquePtr)[m[Kâ€™:
[12.403s] [01m[K/home/joanne/bookros2_ws/src/book_ros2/br2_tf2_detector/src/br2_tf2_detector/ObstacleDetectorNode.cpp:66:43:[m[K [01;31m[Kerror: [m[Kbase operand of â€˜[01m[K->[m[Kâ€™ has non-pointer type â€˜[01m[Ktf2::BufferCore[m[Kâ€™
[12.407s]    66 |       bool can_transform_odom = tf_buffer_[01;31m[K->[m[KcanTransform(
[12.408s]       |                                           [01;31m[K^~[m[K
[12.408s] [01m[K/home/joanne/bookros2_ws/src/book_ros2/br2_tf2_detector/src/br2_tf2_detector/ObstacleDetectorNode.cpp:69:43:[m[K [01;31m[Kerror: [m[Kbase operand of â€˜[01m[K->[m[Kâ€™ has non-pointer type â€˜[01m[Ktf2::BufferCore[m[Kâ€™
[12.409s]    69 |       bool can_transform_base = tf_buffer_[01;31m[K->[m[KcanTransform(
[12.410s]       |                                           [01;31m[K^~[m[K
[12.410s] [01m[K/home/joanne/bookros2_ws/src/book_ros2/br2_tf2_detector/src/br2_tf2_detector/ObstacleDetectorNode.cpp:79:19:[m[K [01;31m[Kerror: [m[Kbase operand of â€˜[01m[K->[m[Kâ€™ has non-pointer type â€˜[01m[Ktf2::BufferCore[m[Kâ€™
[12.411s]    79 |         tf_buffer_[01;31m[K->[m[KlookupTransform("odom", laser_frame, tf2::TimePointZero);
[12.411s]       |                   [01;31m[K^~[m[K
[12.413s] [01m[K/home/joanne/bookros2_ws/src/book_ros2/br2_tf2_detector/src/br2_tf2_detector/ObstacleDetectorNode.cpp:82:19:[m[K [01;31m[Kerror: [m[Kbase operand of â€˜[01m[K->[m[Kâ€™ has non-pointer type â€˜[01m[Ktf2::BufferCore[m[Kâ€™
[12.414s]    82 |         tf_buffer_[01;31m[K->[m[KlookupTransform("base_footprint", laser_frame, tf2::TimePointZero);
[12.414s]       |                   [01;31m[K^~[m[K
[23.476s] make[2]: *** [CMakeFiles/br2_tf2_detector.dir/build.make:63: CMakeFiles/br2_tf2_detector.dir/src/br2_tf2_detector/ObstacleDetectorNode.cpp.o] Error 1
[23.477s] make[1]: *** [CMakeFiles/Makefile2:109: CMakeFiles/br2_tf2_detector.dir/all] Error 2
[23.478s] make: *** [Makefile:141: all] Error 2
[23.502s] Invoked command in '/home/joanne/bookros2_ws/build/br2_tf2_detector' returned '2': CMAKE_PREFIX_PATH=${CMAKE_PREFIX_PATH}:/home/joanne/bookros2_ws/install/ros2controlcli:/home/joanne/bookros2_ws/install/launch_pal:/home/joanne/bookros2_ws/install/br2_fsm_bumpgo_py:/opt/ros/foxy /usr/bin/cmake --build /home/joanne/bookros2_ws/build/br2_tf2_detector -- -j8 -l8
