[01m[K/home/joanne/bookros2_ws/src/book_ros2/br2_fsm_bumpgo_cpp/src/br2_fsm_bumpgo_cpp/BumpGoNode.cpp:[m[K In member function â€˜[01m[Kbool br2_fsm_bumpgo_cpp::BumpGoNode::check_forward_2_back()[m[Kâ€™:
[01m[K/home/joanne/bookros2_ws/src/book_ros2/br2_fsm_bumpgo_cpp/src/br2_fsm_bumpgo_cpp/BumpGoNode.cpp:109:30:[m[K [01;31m[Kerror: [m[Kâ€˜[01m[Kstruct sensor_msgs::msg::LaserScan_<std::allocator<void> >[m[Kâ€™ has no member named â€˜[01m[Krange[m[Kâ€™; did you mean â€˜[01m[Kranges[m[Kâ€™?
  109 |   size_t right = last_scan_->[01;31m[Krange[m[K[ranges.size()-1];
      |                              [01;31m[K^~~~~[m[K
      |                              [32m[Kranges[m[K
[01m[K/home/joanne/bookros2_ws/src/book_ros2/br2_fsm_bumpgo_cpp/src/br2_fsm_bumpgo_cpp/BumpGoNode.cpp:109:36:[m[K [01;31m[Kerror: [m[Kâ€˜[01m[Kranges[m[Kâ€™ was not declared in this scope
  109 |   size_t right = last_scan_->range[[01;31m[Kranges[m[K.size()-1];
      |                                    [01;31m[K^~~~~~[m[K
make[2]: *** [CMakeFiles/bumpgo.dir/build.make:63: CMakeFiles/bumpgo.dir/src/br2_fsm_bumpgo_cpp/BumpGoNode.cpp.o] Error 1
make[1]: *** [CMakeFiles/Makefile2:78: CMakeFiles/bumpgo.dir/all] Error 2
make: *** [Makefile:141: all] Error 2
