[0.066s] Invoking command in '/home/joanne/bookros2_ws/build/br2_fsm_bumpgo_cpp': CMAKE_PREFIX_PATH=${CMAKE_PREFIX_PATH}:/home/joanne/bookros2_ws/install/ros2controlcli:/home/joanne/bookros2_ws/install/launch_pal:/home/joanne/bookros2_ws/install/br2_fsm_bumpgo_py:/opt/ros/foxy /usr/bin/cmake --build /home/joanne/bookros2_ws/build/br2_fsm_bumpgo_cpp -- -j8 -l8
[0.236s] [35m[1mScanning dependencies of target bumpgo[0m
[0.323s] [ 33%] [32mBuilding CXX object CMakeFiles/bumpgo.dir/src/bumpgo_main.cpp.o[0m
[0.326s] [ 66%] [32mBuilding CXX object CMakeFiles/bumpgo.dir/src/br2_fsm_bumpgo_cpp/BumpGoNode.cpp.o[0m
[5.024s] In file included from [01m[K/home/joanne/bookros2_ws/src/book_ros2/br2_fsm_bumpgo_cpp/src/br2_fsm_bumpgo_cpp/BumpGoNode.cpp:16[m[K:
[5.025s] [01m[K/home/joanne/bookros2_ws/src/book_ros2/br2_fsm_bumpgo_cpp/include/br2_fsm_bumpgo_cpp/BumpGoNode.hpp:57:3:[m[K [01;31m[Kerror: [m[Kexpected â€˜[01m[K;[m[Kâ€™ at end of member declaration
[5.025s]    57 |   [01;31m[Kconst[m[K rclcpp::Duration TURNING_TIME {2s};
[5.025s]       |   [01;31m[K^~~~~[m[K
[5.025s]       |        [32m[K;[m[K
[5.221s] [01m[K/home/joanne/bookros2_ws/src/book_ros2/br2_fsm_bumpgo_cpp/src/br2_fsm_bumpgo_cpp/BumpGoNode.cpp:273:1:[m[K [01;31m[Kerror: [m[Kno declaration matches â€˜[01m[Kfloat br2_fsm_bumpgo_cpp::BumpGoNode::calculate_speed()[m[Kâ€™
[5.222s]   273 | [01;31m[KBumpGoNode[m[K::calculate_speed()
[5.222s]       | [01;31m[K^~~~~~~~~~[m[K
[5.223s] In file included from [01m[K/home/joanne/bookros2_ws/src/book_ros2/br2_fsm_bumpgo_cpp/src/br2_fsm_bumpgo_cpp/BumpGoNode.cpp:16[m[K:
[5.223s] [01m[K/home/joanne/bookros2_ws/src/book_ros2/br2_fsm_bumpgo_cpp/include/br2_fsm_bumpgo_cpp/BumpGoNode.hpp:56:9:[m[K [01;36m[Knote: [m[Kcandidate is: â€˜[01m[Kfloat br2_fsm_bumpgo_cpp::BumpGoNode::calculate_speed() const[m[Kâ€™
[5.223s]    56 |   float [01;36m[Kcalculate_speed[m[K()
[5.223s]       |         [01;36m[K^~~~~~~~~~~~~~~[m[K
[5.224s] [01m[K/home/joanne/bookros2_ws/src/book_ros2/br2_fsm_bumpgo_cpp/include/br2_fsm_bumpgo_cpp/BumpGoNode.hpp:28:7:[m[K [01;36m[Knote: [m[Kâ€˜[01m[Kclass br2_fsm_bumpgo_cpp::BumpGoNode[m[Kâ€™ defined here
[5.224s]    28 | class [01;36m[KBumpGoNode[m[K : public rclcpp::Node
[5.224s]       |       [01;36m[K^~~~~~~~~~[m[K
[5.232s] In file included from [01m[K/home/joanne/bookros2_ws/src/book_ros2/br2_fsm_bumpgo_cpp/src/bumpgo_main.cpp:17[m[K:
[5.233s] [01m[K/home/joanne/bookros2_ws/src/book_ros2/br2_fsm_bumpgo_cpp/include/br2_fsm_bumpgo_cpp/BumpGoNode.hpp:57:3:[m[K [01;31m[Kerror: [m[Kexpected â€˜[01m[K;[m[Kâ€™ at end of member declaration
[5.233s]    57 |   [01;31m[Kconst[m[K rclcpp::Duration TURNING_TIME {2s};
[5.233s]       |   [01;31m[K^~~~~[m[K
[5.234s]       |        [32m[K;[m[K
[6.641s] make[2]: *** [CMakeFiles/bumpgo.dir/build.make:76: CMakeFiles/bumpgo.dir/src/bumpgo_main.cpp.o] Error 1
[6.641s] make[2]: *** Waiting for unfinished jobs....
[10.482s] make[2]: *** [CMakeFiles/bumpgo.dir/build.make:63: CMakeFiles/bumpgo.dir/src/br2_fsm_bumpgo_cpp/BumpGoNode.cpp.o] Error 1
[10.482s] make[1]: *** [CMakeFiles/Makefile2:78: CMakeFiles/bumpgo.dir/all] Error 2
[10.483s] make: *** [Makefile:141: all] Error 2
[10.492s] Invoked command in '/home/joanne/bookros2_ws/build/br2_fsm_bumpgo_cpp' returned '2': CMAKE_PREFIX_PATH=${CMAKE_PREFIX_PATH}:/home/joanne/bookros2_ws/install/ros2controlcli:/home/joanne/bookros2_ws/install/launch_pal:/home/joanne/bookros2_ws/install/br2_fsm_bumpgo_py:/opt/ros/foxy /usr/bin/cmake --build /home/joanne/bookros2_ws/build/br2_fsm_bumpgo_cpp -- -j8 -l8
