[01m[K/home/joanne/bookros2_ws/src/book_ros2/br2_fsm_bumpgo_cpp/src/br2_fsm_bumpgo_cpp/BumpGoNode.cpp:144:1:[m[K [01;31m[Kerror: [m[Kno declaration matches â€˜[01m[Kint br2_fsm_bumpgo_cpp::BumpGoNode::check_forward_2_back()[m[Kâ€™
  144 | [01;31m[KBumpGoNode[m[K::check_forward_2_back()
      | [01;31m[K^~~~~~~~~~[m[K
In file included from [01m[K/home/joanne/bookros2_ws/src/book_ros2/br2_fsm_bumpgo_cpp/src/br2_fsm_bumpgo_cpp/BumpGoNode.cpp:16[m[K:
[01m[K/home/joanne/bookros2_ws/src/book_ros2/br2_fsm_bumpgo_cpp/include/br2_fsm_bumpgo_cpp/BumpGoNode.hpp:45:8:[m[K [01;36m[Knote: [m[Kcandidate is: â€˜[01m[Kbool br2_fsm_bumpgo_cpp::BumpGoNode::check_forward_2_back()[m[Kâ€™
   45 |   bool [01;36m[Kcheck_forward_2_back[m[K();
      |        [01;36m[K^~~~~~~~~~~~~~~~~~~~[m[K
[01m[K/home/joanne/bookros2_ws/src/book_ros2/br2_fsm_bumpgo_cpp/include/br2_fsm_bumpgo_cpp/BumpGoNode.hpp:28:7:[m[K [01;36m[Knote: [m[Kâ€˜[01m[Kclass br2_fsm_bumpgo_cpp::BumpGoNode[m[Kâ€™ defined here
   28 | class [01;36m[KBumpGoNode[m[K : public rclcpp::Node
      |       [01;36m[K^~~~~~~~~~[m[K
make[2]: *** [CMakeFiles/bumpgo.dir/build.make:63: CMakeFiles/bumpgo.dir/src/br2_fsm_bumpgo_cpp/BumpGoNode.cpp.o] Error 1
make[1]: *** [CMakeFiles/Makefile2:78: CMakeFiles/bumpgo.dir/all] Error 2
make: *** [Makefile:141: all] Error 2
