[35m[1mScanning dependencies of target bumpgo[0m
[ 33%] [32mBuilding CXX object CMakeFiles/bumpgo.dir/src/br2_fsm_bumpgo_cpp/BumpGoNode.cpp.o[0m
[01m[K/home/joanne/bookros2_ws/src/book_ros2/br2_fsm_bumpgo_cpp/src/br2_fsm_bumpgo_cpp/BumpGoNode.cpp:[m[K In member function â€˜[01m[Kbool br2_fsm_bumpgo_cpp::BumpGoNode::check_turn_2_forward()[m[Kâ€™:
[01m[K/home/joanne/bookros2_ws/src/book_ros2/br2_fsm_bumpgo_cpp/src/br2_fsm_bumpgo_cpp/BumpGoNode.cpp:152:49:[m[K [01;31m[Kerror: [m[Krequest for member â€˜[01m[Kseconds[m[Kâ€™ in â€˜[01m[K((br2_fsm_bumpgo_cpp::BumpGoNode*)this)->br2_fsm_bumpgo_cpp::BumpGoNode::calculate_time()[m[Kâ€™, which is of non-class type â€˜[01m[Kfloat[m[Kâ€™
  152 |   return (now() - state_ts_) > calculate_time().[01;31m[Kseconds[m[K();
      |                                                 [01;31m[K^~~~~~~[m[K
make[2]: *** [CMakeFiles/bumpgo.dir/build.make:63: CMakeFiles/bumpgo.dir/src/br2_fsm_bumpgo_cpp/BumpGoNode.cpp.o] Error 1
make[1]: *** [CMakeFiles/Makefile2:78: CMakeFiles/bumpgo.dir/all] Error 2
make: *** [Makefile:141: all] Error 2
