[0.088s] Invoking command in '/home/joanne/bookros2_ws/build/br2_tf2_detector': CMAKE_PREFIX_PATH=${CMAKE_PREFIX_PATH}:/home/joanne/bookros2_ws/install/ros2controlcli:/home/joanne/bookros2_ws/install/launch_pal:/home/joanne/bookros2_ws/install/br2_fsm_bumpgo_py:/opt/ros/foxy /usr/bin/cmake --build /home/joanne/bookros2_ws/build/br2_tf2_detector -- -j8 -l8
[0.484s] [35m[1mScanning dependencies of target br2_tf2_detector[0m
[0.663s] [ 11%] [32mBuilding CXX object CMakeFiles/br2_tf2_detector.dir/src/br2_tf2_detector/Said.cpp.o[0m
[11.659s] [01m[K/home/joanne/bookros2_ws/src/book_ros2/br2_tf2_detector/src/br2_tf2_detector/Said.cpp:[m[K In constructor â€˜[01m[Kbr2_tf2_detector::Said::Said()[m[Kâ€™:
[11.659s] [01m[K/home/joanne/bookros2_ws/src/book_ros2/br2_tf2_detector/src/br2_tf2_detector/Said.cpp:37:49:[m[K [01;31m[Kerror: [m[Kno match for â€˜[01m[Koperator=[m[Kâ€™ (operand types are â€˜[01m[Krclcpp::Publisher<visualization_msgs::msg::Marker_<std::allocator<void> > >::SharedPtr[m[Kâ€™ {aka â€˜[01m[Kstd::shared_ptr<rclcpp::Publisher<visualization_msgs::msg::Marker_<std::allocator<void> > > >[m[Kâ€™} and â€˜[01m[Kstd::shared_ptr<rclcpp::Node>[m[Kâ€™)
[11.659s]    37 |   marker_pub_ = rclcpp::Node::make_shared("said"[01;31m[K)[m[K;
[11.660s]       |                                                 [01;31m[K^[m[K
[11.660s] In file included from [01m[K/usr/include/c++/9/memory:81[m[K,
[11.660s]                  from [01m[K/usr/include/c++/9/thread:39[m[K,
[11.660s]                  from [01m[K/opt/ros/foxy/include/tf2/time.h:37[m[K,
[11.660s]                  from [01m[K/opt/ros/foxy/include/tf2/transform_datatypes.h:38[m[K,
[11.660s]                  from [01m[K/home/joanne/bookros2_ws/src/book_ros2/br2_tf2_detector/src/br2_tf2_detector/Said.cpp:15[m[K:
[11.661s] [01m[K/usr/include/c++/9/bits/shared_ptr.h:309:19:[m[K [01;36m[Knote: [m[Kcandidate: â€˜[01m[Kstd::shared_ptr<_Tp>& std::shared_ptr<_Tp>::operator=(const std::shared_ptr<_Tp>&) [with _Tp = rclcpp::Publisher<visualization_msgs::msg::Marker_<std::allocator<void> > >][m[Kâ€™
[11.661s]   309 |       shared_ptr& [01;36m[Koperator[m[K=(const shared_ptr&) noexcept = default;
[11.663s]       |                   [01;36m[K^~~~~~~~[m[K
[11.664s] [01m[K/usr/include/c++/9/bits/shared_ptr.h:309:29:[m[K [01;36m[Knote: [m[K  no known conversion for argument 1 from â€˜[01m[Kstd::shared_ptr<rclcpp::Node>[m[Kâ€™ to â€˜[01m[Kconst std::shared_ptr<rclcpp::Publisher<visualization_msgs::msg::Marker_<std::allocator<void> > > >&[m[Kâ€™
[11.665s]   309 |       shared_ptr& operator=([01;36m[Kconst shared_ptr&[m[K) noexcept = default;
[11.668s]       |                             [01;36m[K^~~~~~~~~~~~~~~~~[m[K
[11.670s] [01m[K/usr/include/c++/9/bits/shared_ptr.h:313:2:[m[K [01;36m[Knote: [m[Kcandidate: â€˜[01m[Ktemplate<class _Yp> std::shared_ptr<_Tp>::_Assignable<const std::shared_ptr<_Yp>&> std::shared_ptr<_Tp>::operator=(const std::shared_ptr<_Yp>&) [with _Yp = _Yp; _Tp = rclcpp::Publisher<visualization_msgs::msg::Marker_<std::allocator<void> > >][m[Kâ€™
[11.672s]   313 |  [01;36m[Koperator[m[K=(const shared_ptr<_Yp>& __r) noexcept
[11.673s]       |  [01;36m[K^~~~~~~~[m[K
[11.675s] [01m[K/usr/include/c++/9/bits/shared_ptr.h:313:2:[m[K [01;36m[Knote: [m[K  template argument deduction/substitution failed:
[11.675s] /usr/include/c++/9/bits/shared_ptr.h: In substitution of â€˜[01m[Ktemplate<class _Tp> template<class _Arg> using _Assignable = typename std::enable_if<std::is_assignable<std::__shared_ptr<_Tp>&, _Arg>::value, std::shared_ptr<_Tp>&>::type [with _Arg = const std::shared_ptr<rclcpp::Node>&; _Tp = rclcpp::Publisher<visualization_msgs::msg::Marker_<std::allocator<void> > >][m[Kâ€™:
[11.676s] [01m[K/usr/include/c++/9/bits/shared_ptr.h:313:2:[m[K   required by substitution of â€˜[01m[Ktemplate<class _Yp> std::shared_ptr<rclcpp::Publisher<visualization_msgs::msg::Marker_<std::allocator<void> > > >::_Assignable<const std::shared_ptr<_Tp>&> std::shared_ptr<rclcpp::Publisher<visualization_msgs::msg::Marker_<std::allocator<void> > > >::operator=<_Yp>(const std::shared_ptr<_Tp>&) [with _Yp = rclcpp::Node][m[Kâ€™
[11.677s] [01m[K/home/joanne/bookros2_ws/src/book_ros2/br2_tf2_detector/src/br2_tf2_detector/Said.cpp:37:49:[m[K   required from here
[11.677s] [01m[K/usr/include/c++/9/bits/shared_ptr.h:111:8:[m[K [01;31m[Kerror: [m[Kno type named â€˜[01m[Ktype[m[Kâ€™ in â€˜[01m[Kstruct std::enable_if<false, std::shared_ptr<rclcpp::Publisher<visualization_msgs::msg::Marker_<std::allocator<void> > > >&>[m[Kâ€™
[11.678s]   111 |  using [01;31m[K_Assignable[m[K = typename enable_if<
[11.679s]       |        [01;31m[K^~~~~~~~~~~[m[K
[11.679s] [01m[K/usr/include/c++/9/bits/shared_ptr.h:324:2:[m[K [01;36m[Knote: [m[Kcandidate: â€˜[01m[Ktemplate<class _Yp> std::shared_ptr<_Tp>::_Assignable<std::auto_ptr<_Up> > std::shared_ptr<_Tp>::operator=(std::auto_ptr<_Up>&&) [with _Yp = _Yp; _Tp = rclcpp::Publisher<visualization_msgs::msg::Marker_<std::allocator<void> > >][m[Kâ€™
[11.679s]   324 |  [01;36m[Koperator[m[K=(auto_ptr<_Yp>&& __r)
[11.679s]       |  [01;36m[K^~~~~~~~[m[K
[11.679s] [01m[K/usr/include/c++/9/bits/shared_ptr.h:324:2:[m[K [01;36m[Knote: [m[K  template argument deduction/substitution failed:
[11.680s] [01m[K/home/joanne/bookros2_ws/src/book_ros2/br2_tf2_detector/src/br2_tf2_detector/Said.cpp:37:49:[m[K [01;36m[Knote: [m[K  â€˜[01m[Kstd::shared_ptr<rclcpp::Node>[m[Kâ€™ is not derived from â€˜[01m[Kstd::auto_ptr<_Up>[m[Kâ€™
[11.680s]    37 |   marker_pub_ = rclcpp::Node::make_shared("said"[01;36m[K)[m[K;
[11.680s]       |                                                 [01;36m[K^[m[K
[11.680s] In file included from [01m[K/usr/include/c++/9/memory:81[m[K,
[11.681s]                  from [01m[K/usr/include/c++/9/thread:39[m[K,
[11.681s]                  from [01m[K/opt/ros/foxy/include/tf2/time.h:37[m[K,
[11.681s]                  from [01m[K/opt/ros/foxy/include/tf2/transform_datatypes.h:38[m[K,
[11.681s]                  from [01m[K/home/joanne/bookros2_ws/src/book_ros2/br2_tf2_detector/src/br2_tf2_detector/Said.cpp:15[m[K:
[11.682s] [01m[K/usr/include/c++/9/bits/shared_ptr.h:333:7:[m[K [01;36m[Knote: [m[Kcandidate: â€˜[01m[Kstd::shared_ptr<_Tp>& std::shared_ptr<_Tp>::operator=(std::shared_ptr<_Tp>&&) [with _Tp = rclcpp::Publisher<visualization_msgs::msg::Marker_<std::allocator<void> > >][m[Kâ€™
[11.682s]   333 |       [01;36m[Koperator[m[K=(shared_ptr&& __r) noexcept
[11.682s]       |       [01;36m[K^~~~~~~~[m[K
[11.683s] [01m[K/usr/include/c++/9/bits/shared_ptr.h:333:30:[m[K [01;36m[Knote: [m[K  no known conversion for argument 1 from â€˜[01m[Kstd::shared_ptr<rclcpp::Node>[m[Kâ€™ to â€˜[01m[Kstd::shared_ptr<rclcpp::Publisher<visualization_msgs::msg::Marker_<std::allocator<void> > > >&&[m[Kâ€™
[11.683s]   333 |       operator=([01;36m[Kshared_ptr&& __r[m[K) noexcept
[11.683s]       |                 [01;36m[K~~~~~~~~~~~~~^~~[m[K
[11.684s] [01m[K/usr/include/c++/9/bits/shared_ptr.h:341:2:[m[K [01;36m[Knote: [m[Kcandidate: â€˜[01m[Ktemplate<class _Yp> std::shared_ptr<_Tp>::_Assignable<std::shared_ptr<_Yp> > std::shared_ptr<_Tp>::operator=(std::shared_ptr<_Yp>&&) [with _Yp = _Yp; _Tp = rclcpp::Publisher<visualization_msgs::msg::Marker_<std::allocator<void> > >][m[Kâ€™
[11.686s]   341 |  [01;36m[Koperator[m[K=(shared_ptr<_Yp>&& __r) noexcept
[11.687s]       |  [01;36m[K^~~~~~~~[m[K
[11.689s] [01m[K/usr/include/c++/9/bits/shared_ptr.h:341:2:[m[K [01;36m[Knote: [m[K  template argument deduction/substitution failed:
[11.691s] /usr/include/c++/9/bits/shared_ptr.h: In substitution of â€˜[01m[Ktemplate<class _Tp> template<class _Arg> using _Assignable = typename std::enable_if<std::is_assignable<std::__shared_ptr<_Tp>&, _Arg>::value, std::shared_ptr<_Tp>&>::type [with _Arg = std::shared_ptr<rclcpp::Node>; _Tp = rclcpp::Publisher<visualization_msgs::msg::Marker_<std::allocator<void> > >][m[Kâ€™:
[11.692s] [01m[K/usr/include/c++/9/bits/shared_ptr.h:341:2:[m[K   required by substitution of â€˜[01m[Ktemplate<class _Yp> std::shared_ptr<rclcpp::Publisher<visualization_msgs::msg::Marker_<std::allocator<void> > > >::_Assignable<std::shared_ptr<_Tp> > std::shared_ptr<rclcpp::Publisher<visualization_msgs::msg::Marker_<std::allocator<void> > > >::operator=<_Yp>(std::shared_ptr<_Tp>&&) [with _Yp = rclcpp::Node][m[Kâ€™
[11.693s] [01m[K/home/joanne/bookros2_ws/src/book_ros2/br2_tf2_detector/src/br2_tf2_detector/Said.cpp:37:49:[m[K   required from here
[11.694s] [01m[K/usr/include/c++/9/bits/shared_ptr.h:111:8:[m[K [01;31m[Kerror: [m[Kno type named â€˜[01m[Ktype[m[Kâ€™ in â€˜[01m[Kstruct std::enable_if<false, std::shared_ptr<rclcpp::Publisher<visualization_msgs::msg::Marker_<std::allocator<void> > > >&>[m[Kâ€™
[11.694s]   111 |  using [01;31m[K_Assignable[m[K = typename enable_if<
[11.695s]       |        [01;31m[K^~~~~~~~~~~[m[K
[11.695s] [01m[K/usr/include/c++/9/bits/shared_ptr.h:349:2:[m[K [01;36m[Knote: [m[Kcandidate: â€˜[01m[Ktemplate<class _Yp, class _Del> std::shared_ptr<_Tp>::_Assignable<std::unique_ptr<_Up, _Ep> > std::shared_ptr<_Tp>::operator=(std::unique_ptr<_Up, _Ep>&&) [with _Yp = _Yp; _Del = _Del; _Tp = rclcpp::Publisher<visualization_msgs::msg::Marker_<std::allocator<void> > >][m[Kâ€™
[11.695s]   349 |  [01;36m[Koperator[m[K=(unique_ptr<_Yp, _Del>&& __r)
[11.696s]       |  [01;36m[K^~~~~~~~[m[K
[11.696s] [01m[K/usr/include/c++/9/bits/shared_ptr.h:349:2:[m[K [01;36m[Knote: [m[K  template argument deduction/substitution failed:
[11.696s] [01m[K/home/joanne/bookros2_ws/src/book_ros2/br2_tf2_detector/src/br2_tf2_detector/Said.cpp:37:49:[m[K [01;36m[Knote: [m[K  â€˜[01m[Kstd::shared_ptr<rclcpp::Node>[m[Kâ€™ is not derived from â€˜[01m[Kstd::unique_ptr<_Tp, _Dp>[m[Kâ€™
[11.696s]    37 |   marker_pub_ = rclcpp::Node::make_shared("said"[01;36m[K)[m[K;
[11.696s]       |                                                 [01;36m[K^[m[K
[16.037s] make[2]: *** [CMakeFiles/br2_tf2_detector.dir/build.make:102: CMakeFiles/br2_tf2_detector.dir/src/br2_tf2_detector/Said.cpp.o] Error 1
[16.040s] make[1]: *** [CMakeFiles/Makefile2:109: CMakeFiles/br2_tf2_detector.dir/all] Error 2
[16.047s] make: *** [Makefile:141: all] Error 2
[16.067s] Invoked command in '/home/joanne/bookros2_ws/build/br2_tf2_detector' returned '2': CMAKE_PREFIX_PATH=${CMAKE_PREFIX_PATH}:/home/joanne/bookros2_ws/install/ros2controlcli:/home/joanne/bookros2_ws/install/launch_pal:/home/joanne/bookros2_ws/install/br2_fsm_bumpgo_py:/opt/ros/foxy /usr/bin/cmake --build /home/joanne/bookros2_ws/build/br2_tf2_detector -- -j8 -l8
