[ 33%] [32mBuilding CXX object CMakeFiles/bumpgo.dir/src/br2_fsm_bumpgo_cpp/BumpGoNode.cpp.o[0m
[01m[K/home/joanne/bookros2_ws/src/book_ros2/br2_fsm_bumpgo_cpp/src/br2_fsm_bumpgo_cpp/BumpGoNode.cpp:[m[K In member function â€˜[01m[Kfloat br2_fsm_bumpgo_cpp::BumpGoNode::calculate_speed()[m[Kâ€™:
[01m[K/home/joanne/bookros2_ws/src/book_ros2/br2_fsm_bumpgo_cpp/src/br2_fsm_bumpgo_cpp/BumpGoNode.cpp:166:49:[m[K [01;31m[Kerror: [m[Kâ€˜[01m[Klast_scan[m[Kâ€™ was not declared in this scope; did you mean â€˜[01m[Klast_scan_[m[Kâ€™?
  166 |   float angle = max*last_scan_->angle_increment+[01;31m[Klast_scan[m[K->angle_min;
      |                                                 [01;31m[K^~~~~~~~~[m[K
      |                                                 [32m[Klast_scan_[m[K
make[2]: *** [CMakeFiles/bumpgo.dir/build.make:63: CMakeFiles/bumpgo.dir/src/br2_fsm_bumpgo_cpp/BumpGoNode.cpp.o] Error 1
make[1]: *** [CMakeFiles/Makefile2:78: CMakeFiles/bumpgo.dir/all] Error 2
make: *** [Makefile:141: all] Error 2
