[0.120s] Invoking command in '/home/joanne/bookros2_ws/build/br2_tf2_detector': CMAKE_PREFIX_PATH=${CMAKE_PREFIX_PATH}:/home/joanne/bookros2_ws/install/ros2controlcli:/home/joanne/bookros2_ws/install/launch_pal:/home/joanne/bookros2_ws/install/br2_fsm_bumpgo_py:/opt/ros/foxy /usr/bin/cmake --build /home/joanne/bookros2_ws/build/br2_tf2_detector -- -j8 -l8
[0.494s] [35m[1mScanning dependencies of target br2_tf2_detector[0m
[0.655s] [ 11%] [32mBuilding CXX object CMakeFiles/br2_tf2_detector.dir/src/br2_tf2_detector/ObstacleDetectorNode.cpp.o[0m
[10.092s] In file included from [01m[K/home/joanne/bookros2_ws/src/book_ros2/br2_tf2_detector/src/br2_tf2_detector/ObstacleDetectorNode.cpp:17[m[K:
[10.092s] [01m[K/home/joanne/bookros2_ws/src/book_ros2/br2_tf2_detector/include/br2_tf2_detector/ObstacleDetectorNode.hpp:41:36:[m[K [01;31m[Kerror: [m[Kredeclaration of â€˜[01m[Kstd::unique_ptr<tf2_ros::Buffer> br2_tf2_detector::ObstacleDetectorNode::tf_buffer_[m[Kâ€™
[10.093s]    41 |   std::unique_ptr<tf2_ros::Buffer> [01;31m[Ktf_buffer_[m[K;
[10.093s]       |                                    [01;31m[K^~~~~~~~~~[m[K
[10.093s] [01m[K/home/joanne/bookros2_ws/src/book_ros2/br2_tf2_detector/include/br2_tf2_detector/ObstacleDetectorNode.hpp:36:19:[m[K [01;36m[Knote: [m[Kprevious declaration â€˜[01m[Ktf2::BufferCore br2_tf2_detector::ObstacleDetectorNode::tf_buffer_[m[Kâ€™
[10.093s]    36 |   tf2::BufferCore [01;36m[Ktf_buffer_[m[K;
[10.093s]       |                   [01;36m[K^~~~~~~~~~[m[K
[10.095s] [01m[K/home/joanne/bookros2_ws/src/book_ros2/br2_tf2_detector/include/br2_tf2_detector/ObstacleDetectorNode.hpp:42:28:[m[K [01;31m[Kerror: [m[Kâ€˜[01m[KTransformListener[m[Kâ€™ is not a member of â€˜[01m[Ktf2_ros[m[Kâ€™
[10.098s]    42 |   std::shared_ptr<tf2_ros::[01;31m[KTransformListener[m[K> tf_listener_;
[10.099s]       |                            [01;31m[K^~~~~~~~~~~~~~~~~[m[K
[10.100s] [01m[K/home/joanne/bookros2_ws/src/book_ros2/br2_tf2_detector/include/br2_tf2_detector/ObstacleDetectorNode.hpp:42:45:[m[K [01;31m[Kerror: [m[Ktemplate argument 1 is invalid
[10.101s]    42 |   std::shared_ptr<tf2_ros::TransformListener[01;31m[K>[m[K tf_listener_;
[10.101s]       |                                             [01;31m[K^[m[K
[10.167s] [01m[K/home/joanne/bookros2_ws/src/book_ros2/br2_tf2_detector/src/br2_tf2_detector/ObstacleDetectorNode.cpp:[m[K In constructor â€˜[01m[Kbr2_tf2_detector::ObstacleDetectorNode::ObstacleDetectorNode()[m[Kâ€™:
[10.168s] [01m[K/home/joanne/bookros2_ws/src/book_ros2/br2_tf2_detector/src/br2_tf2_detector/ObstacleDetectorNode.cpp:37:67:[m[K [01;31m[Kerror: [m[Kno match for â€˜[01m[Koperator=[m[Kâ€™ (operand types are â€˜[01m[Ktf2::BufferCore[m[Kâ€™ and â€˜[01m[Kstd::_MakeUniq<tf2_ros::Buffer>::__single_object[m[Kâ€™ {aka â€˜[01m[Kstd::unique_ptr<tf2_ros::Buffer>[m[Kâ€™})
[10.168s]    37 |   tf_buffer_ = std::make_unique<tf2_ros::Buffer>(this->get_clock()[01;31m[K)[m[K;
[10.168s]       |                                                                   [01;31m[K^[m[K
[10.168s] In file included from [01m[K/opt/ros/foxy/include/tf2_ros/buffer.h:43[m[K,
[10.168s]                  from [01m[K/home/joanne/bookros2_ws/src/book_ros2/br2_tf2_detector/include/br2_tf2_detector/ObstacleDetectorNode.hpp:21[m[K,
[10.169s]                  from [01m[K/home/joanne/bookros2_ws/src/book_ros2/br2_tf2_detector/src/br2_tf2_detector/ObstacleDetectorNode.cpp:17[m[K:
[10.169s] [01m[K/opt/ros/foxy/include/tf2/buffer_core.h:92:7:[m[K [01;36m[Knote: [m[Kcandidate: â€˜[01m[Ktf2::BufferCore& tf2::BufferCore::operator=(const tf2::BufferCore&)[m[Kâ€™ <deleted>
[10.170s]    92 | class [01;36m[KBufferCore[m[K : public BufferCoreInterface
[10.171s]       |       [01;36m[K^~~~~~~~~~[m[K
[10.171s] [01m[K/opt/ros/foxy/include/tf2/buffer_core.h:92:7:[m[K [01;36m[Knote: [m[K  no known conversion for argument 1 from â€˜[01m[Kstd::_MakeUniq<tf2_ros::Buffer>::__single_object[m[Kâ€™ {aka â€˜[01m[Kstd::unique_ptr<tf2_ros::Buffer>[m[Kâ€™} to â€˜[01m[Kconst tf2::BufferCore&[m[Kâ€™
[10.171s] [01m[K/home/joanne/bookros2_ws/src/book_ros2/br2_tf2_detector/src/br2_tf2_detector/ObstacleDetectorNode.cpp:38:44:[m[K [01;31m[Kerror: [m[Kâ€˜[01m[KTransformListener[m[Kâ€™ is not a member of â€˜[01m[Ktf2_ros[m[Kâ€™
[10.171s]    38 |   tf_listener_ = std::make_shared<tf2_ros::[01;31m[KTransformListener[m[K>(tf_buffer_);
[10.171s]       |                                            [01;31m[K^~~~~~~~~~~~~~~~~[m[K
[10.171s] [01m[K/home/joanne/bookros2_ws/src/book_ros2/br2_tf2_detector/src/br2_tf2_detector/ObstacleDetectorNode.cpp:38:73:[m[K [01;31m[Kerror: [m[Kno matching function for call to â€˜[01m[Kmake_shared<<expression error> >(tf2::BufferCore&)[m[Kâ€™
[10.172s]    38 |   tf_listener_ = std::make_shared<tf2_ros::TransformListener>(tf_buffer_[01;31m[K)[m[K;
[10.172s]       |                                                                         [01;31m[K^[m[K
[10.172s] In file included from [01m[K/usr/include/c++/9/memory:81[m[K,
[10.173s]                  from [01m[K/home/joanne/bookros2_ws/src/book_ros2/br2_tf2_detector/src/br2_tf2_detector/ObstacleDetectorNode.cpp:15[m[K:
[10.173s] [01m[K/usr/include/c++/9/bits/shared_ptr.h:714:5:[m[K [01;36m[Knote: [m[Kcandidate: â€˜[01m[Ktemplate<class _Tp, class ... _Args> std::shared_ptr<_Tp> std::make_shared(_Args&& ...)[m[Kâ€™
[10.175s]   714 |     [01;36m[Kmake_shared[m[K(_Args&&... __args)
[10.177s]       |     [01;36m[K^~~~~~~~~~~[m[K
[10.178s] [01m[K/usr/include/c++/9/bits/shared_ptr.h:714:5:[m[K [01;36m[Knote: [m[K  template argument deduction/substitution failed:
[10.178s] [01m[K/home/joanne/bookros2_ws/src/book_ros2/br2_tf2_detector/src/br2_tf2_detector/ObstacleDetectorNode.cpp:38:73:[m[K [01;31m[Kerror: [m[Ktemplate argument 1 is invalid
[10.178s]    38 |   tf_listener_ = std::make_shared<tf2_ros::TransformListener>(tf_buffer_[01;31m[K)[m[K;
[10.178s]       |                                                                         [01;31m[K^[m[K
[19.250s] make[2]: *** [CMakeFiles/br2_tf2_detector.dir/build.make:63: CMakeFiles/br2_tf2_detector.dir/src/br2_tf2_detector/ObstacleDetectorNode.cpp.o] Error 1
[19.250s] make[1]: *** [CMakeFiles/Makefile2:109: CMakeFiles/br2_tf2_detector.dir/all] Error 2
[19.251s] make: *** [Makefile:141: all] Error 2
[19.275s] Invoked command in '/home/joanne/bookros2_ws/build/br2_tf2_detector' returned '2': CMAKE_PREFIX_PATH=${CMAKE_PREFIX_PATH}:/home/joanne/bookros2_ws/install/ros2controlcli:/home/joanne/bookros2_ws/install/launch_pal:/home/joanne/bookros2_ws/install/br2_fsm_bumpgo_py:/opt/ros/foxy /usr/bin/cmake --build /home/joanne/bookros2_ws/build/br2_tf2_detector -- -j8 -l8
