[0.016s] Invoking command in '/home/joanne/bookros2_ws/build/br2_fsm_bumpgo_cpp': CMAKE_PREFIX_PATH=${CMAKE_PREFIX_PATH}:/home/joanne/bookros2_ws/install/ros2controlcli:/home/joanne/bookros2_ws/install/launch_pal:/home/joanne/bookros2_ws/install/br2_fsm_bumpgo_py:/opt/ros/foxy /usr/bin/cmake --build /home/joanne/bookros2_ws/build/br2_fsm_bumpgo_cpp -- -j8 -l8
[0.076s] [35m[1mScanning dependencies of target bumpgo[0m
[0.111s] [ 33%] [32mBuilding CXX object CMakeFiles/bumpgo.dir/src/br2_fsm_bumpgo_cpp/BumpGoNode.cpp.o[0m
[1.699s] [01m[K/home/joanne/bookros2_ws/src/book_ros2/br2_fsm_bumpgo_cpp/src/br2_fsm_bumpgo_cpp/BumpGoNode.cpp:[m[K In member function â€˜[01m[Kbool br2_fsm_bumpgo_cpp::BumpGoNode::check_forward_2_back()[m[Kâ€™:
[1.699s] [01m[K/home/joanne/bookros2_ws/src/book_ros2/br2_fsm_bumpgo_cpp/src/br2_fsm_bumpgo_cpp/BumpGoNode.cpp:113:31:[m[K [01;31m[Kerror: [m[Kinvalid use of member function â€˜[01m[Kbool br2_fsm_bumpgo_cpp::BumpGoNode::check_turn_2_forward()[m[Kâ€™ (did you forget the â€˜[01m[K()[m[Kâ€™ ?)
[1.699s]   113 |     if(last_scan_->ranges[i] <[01;31m[Kcheck_turn_2_forward[m[K OBSTACLE_DISTANCE){
[1.700s]       |                               [01;31m[K^~~~~~~~~~~~~~~~~~~~[m[K
[1.700s]       |                                                   [32m[K()[m[K
[1.700s] [01m[K/home/joanne/bookros2_ws/src/book_ros2/br2_fsm_bumpgo_cpp/src/br2_fsm_bumpgo_cpp/BumpGoNode.cpp:113:51:[m[K [01;31m[Kerror: [m[Kexpected â€˜[01m[K)[m[Kâ€™ before â€˜[01m[KOBSTACLE_DISTANCE[m[Kâ€™
[1.700s]   113 |     if[34m[K([m[Klast_scan_->ranges[i] <check_turn_2_forward[01;31m[K [m[K[32m[KOBSTACLE_DISTANCE[m[K){
[1.700s]       |       [34m[K~[m[K                                           [01;31m[K^[m[K[32m[K~~~~~~~~~~~~~~~~~[m[K
[1.700s]       |                                                   [32m[K)[m[K
[1.701s] [01m[K/home/joanne/bookros2_ws/src/book_ros2/br2_fsm_bumpgo_cpp/src/br2_fsm_bumpgo_cpp/BumpGoNode.cpp:[m[K In member function â€˜[01m[Kfloat br2_fsm_bumpgo_cpp::BumpGoNode::calculate_speed()[m[Kâ€™:
[1.701s] [01m[K/home/joanne/bookros2_ws/src/book_ros2/br2_fsm_bumpgo_cpp/src/br2_fsm_bumpgo_cpp/BumpGoNode.cpp:162:8:[m[K [01;31m[Kerror: [m[Kâ€˜[01m[Klast_scan[m[Kâ€™ was not declared in this scope; did you mean â€˜[01m[Klast_scan_[m[Kâ€™?
[1.701s]   162 |     if([01;31m[Klast_scan[m[K->ranges[i]<min){
[1.702s]       |        [01;31m[K^~~~~~~~~[m[K
[1.702s]       |        [32m[Klast_scan_[m[K
[1.702s] [01m[K/home/joanne/bookros2_ws/src/book_ros2/br2_fsm_bumpgo_cpp/src/br2_fsm_bumpgo_cpp/BumpGoNode.cpp:167:40:[m[K [01;31m[Kerror: [m[Kno match for â€˜[01m[Koperator/[m[Kâ€™ (operand types are â€˜[01m[K__gnu_cxx::__alloc_traits<std::allocator<float>, float>::value_type[m[Kâ€™ {aka â€˜[01m[Kfloat[m[Kâ€™} and â€˜[01m[Kconst rclcpp::Duration[m[Kâ€™)
[1.702s]   167 |   float speed = last_scan_->ranges[min]/TURNING_TIME;
[3.419s] make[2]: *** [CMakeFiles/bumpgo.dir/build.make:63: CMakeFiles/bumpgo.dir/src/br2_fsm_bumpgo_cpp/BumpGoNode.cpp.o] Error 1
[3.419s] make[1]: *** [CMakeFiles/Makefile2:78: CMakeFiles/bumpgo.dir/all] Error 2
[3.419s] make: *** [Makefile:141: all] Error 2
[3.424s] Invoked command in '/home/joanne/bookros2_ws/build/br2_fsm_bumpgo_cpp' returned '2': CMAKE_PREFIX_PATH=${CMAKE_PREFIX_PATH}:/home/joanne/bookros2_ws/install/ros2controlcli:/home/joanne/bookros2_ws/install/launch_pal:/home/joanne/bookros2_ws/install/br2_fsm_bumpgo_py:/opt/ros/foxy /usr/bin/cmake --build /home/joanne/bookros2_ws/build/br2_fsm_bumpgo_cpp -- -j8 -l8
