[35m[1mScanning dependencies of target br2_tracking[0m
[ 28%] Built target gtest
[ 28%] Built target gtest_main
[ 35%] [32mBuilding CXX object CMakeFiles/br2_tracking.dir/src/br2_tracking/ObjectDetector.cpp.o[0m
[01m[K/home/joanne/bookros2_ws/src/book_ros2/br2_tracking/src/br2_tracking/ObjectDetector.cpp:[m[K In member function â€˜[01m[Kvoid br2_tracking::ObjectDetector::pointCloudCallback(sensor_msgs::msg::PointCloud2_<std::allocator<void> >::ConstSharedPtr)[m[Kâ€™:
[01m[K/home/joanne/bookros2_ws/src/book_ros2/br2_tracking/src/br2_tracking/ObjectDetector.cpp:166:12:[m[K [01;31m[Kerror: [m[Kâ€˜[01m[Kpcl::compute[m[Kâ€™ has not been declared
  166 |       pcl::[01;31m[Kcompute[m[K::centroid(*cluster_cloud, centroid);
      |            [01;31m[K^~~~~~~[m[K
make[2]: *** [CMakeFiles/br2_tracking.dir/build.make:63: CMakeFiles/br2_tracking.dir/src/br2_tracking/ObjectDetector.cpp.o] Error 1
make[1]: *** [CMakeFiles/Makefile2:204: CMakeFiles/br2_tracking.dir/all] Error 2
make: *** [Makefile:141: all] Error 2
