[0.125s] Invoking command in '/home/joanne/bookros2_ws/build/br2_tf2_detector': CMAKE_PREFIX_PATH=${CMAKE_PREFIX_PATH}:/home/joanne/bookros2_ws/install/ros2controlcli:/home/joanne/bookros2_ws/install/launch_pal:/home/joanne/bookros2_ws/install/br2_fsm_bumpgo_py:/opt/ros/foxy /usr/bin/cmake --build /home/joanne/bookros2_ws/build/br2_tf2_detector -- -j8 -l8
[0.734s] [ 55%] Built target br2_tf2_detector
[0.962s] [ 77%] Built target detector
[1.058s] [35m[1mScanning dependencies of target detector_improved[0m
[1.228s] [ 88%] [32mBuilding CXX object CMakeFiles/detector_improved.dir/src/detector_improved_main.cpp.o[0m
[11.857s] [01m[K/home/joanne/bookros2_ws/src/book_ros2/br2_tf2_detector/src/detector_improved_main.cpp:[m[K In function â€˜[01m[Kint main(int, char**)[m[Kâ€™:
[11.857s] [01m[K/home/joanne/bookros2_ws/src/book_ros2/br2_tf2_detector/src/detector_improved_main.cpp:29:55:[m[K [01;31m[Kerror: [m[Kâ€˜[01m[KSaid[m[Kâ€™ is not a member of â€˜[01m[Kbr2_tf2_detector[m[Kâ€™
[11.857s]    29 |   auto said_node = std::make_shared<br2_tf2_detector::[01;31m[KSaid[m[K>();
[11.858s]       |                                                       [01;31m[K^~~~[m[K
[11.858s] [01m[K/home/joanne/bookros2_ws/src/book_ros2/br2_tf2_detector/src/detector_improved_main.cpp:29:61:[m[K [01;31m[Kerror: [m[Kno matching function for call to â€˜[01m[Kmake_shared<<expression error> >()[m[Kâ€™
[11.858s]    29 |   auto said_node = std::make_shared<br2_tf2_detector::Said>([01;31m[K)[m[K;
[11.858s]       |                                                             [01;31m[K^[m[K
[11.858s] In file included from [01m[K/usr/include/c++/9/memory:81[m[K,
[11.859s]                  from [01m[K/home/joanne/bookros2_ws/src/book_ros2/br2_tf2_detector/src/detector_improved_main.cpp:15[m[K:
[11.859s] [01m[K/usr/include/c++/9/bits/shared_ptr.h:714:5:[m[K [01;36m[Knote: [m[Kcandidate: â€˜[01m[Ktemplate<class _Tp, class ... _Args> std::shared_ptr<_Tp> std::make_shared(_Args&& ...)[m[Kâ€™
[11.859s]   714 |     [01;36m[Kmake_shared[m[K(_Args&&... __args)
[11.859s]       |     [01;36m[K^~~~~~~~~~~[m[K
[11.859s] [01m[K/usr/include/c++/9/bits/shared_ptr.h:714:5:[m[K [01;36m[Knote: [m[K  template argument deduction/substitution failed:
[11.859s] [01m[K/home/joanne/bookros2_ws/src/book_ros2/br2_tf2_detector/src/detector_improved_main.cpp:29:61:[m[K [01;31m[Kerror: [m[Ktemplate argument 1 is invalid
[11.860s]    29 |   auto said_node = std::make_shared<br2_tf2_detector::Said>([01;31m[K)[m[K;
[11.860s]       |                                                             [01;31m[K^[m[K
[15.840s] make[2]: *** [CMakeFiles/detector_improved.dir/build.make:63: CMakeFiles/detector_improved.dir/src/detector_improved_main.cpp.o] Error 1
[15.840s] make[1]: *** [CMakeFiles/Makefile2:136: CMakeFiles/detector_improved.dir/all] Error 2
[15.842s] make: *** [Makefile:141: all] Error 2
[15.855s] Invoked command in '/home/joanne/bookros2_ws/build/br2_tf2_detector' returned '2': CMAKE_PREFIX_PATH=${CMAKE_PREFIX_PATH}:/home/joanne/bookros2_ws/install/ros2controlcli:/home/joanne/bookros2_ws/install/launch_pal:/home/joanne/bookros2_ws/install/br2_fsm_bumpgo_py:/opt/ros/foxy /usr/bin/cmake --build /home/joanne/bookros2_ws/build/br2_tf2_detector -- -j8 -l8
