[0.124s] Invoking command in '/home/joanne/bookros2_ws/build/br2_tf2_detector': CMAKE_PREFIX_PATH=${CMAKE_PREFIX_PATH}:/home/joanne/bookros2_ws/install/ros2controlcli:/home/joanne/bookros2_ws/install/launch_pal:/home/joanne/bookros2_ws/install/br2_fsm_bumpgo_py:/opt/ros/foxy /usr/bin/cmake --build /home/joanne/bookros2_ws/build/br2_tf2_detector -- -j8 -l8
[0.432s] [35m[1mScanning dependencies of target br2_tf2_detector[0m
[0.626s] [ 11%] [32mBuilding CXX object CMakeFiles/br2_tf2_detector.dir/src/br2_tf2_detector/Said.cpp.o[0m
[12.476s] [01m[K/home/joanne/bookros2_ws/src/book_ros2/br2_tf2_detector/src/br2_tf2_detector/Said.cpp:[m[K In constructor â€˜[01m[Kbr2_tf2_detector::Said::Said()[m[Kâ€™:
[12.477s] [01m[K/home/joanne/bookros2_ws/src/book_ros2/br2_tf2_detector/src/br2_tf2_detector/Said.cpp:36:3:[m[K [01;31m[Kerror: [m[Kclass â€˜[01m[Kbr2_tf2_detector::Said[m[Kâ€™ does not have any field named â€˜[01m[Kfirst_transform[m[Kâ€™
[12.478s]    36 |   [01;31m[Kfirst_transform[m[K(true)
[12.478s]       |   [01;31m[K^~~~~~~~~~~~~~~[m[K
[12.622s] [01m[K/home/joanne/bookros2_ws/src/book_ros2/br2_tf2_detector/src/br2_tf2_detector/Said.cpp:[m[K In member function â€˜[01m[Kvoid br2_tf2_detector::Said::control_cycle()[m[Kâ€™:
[12.623s] [01m[K/home/joanne/bookros2_ws/src/book_ros2/br2_tf2_detector/src/br2_tf2_detector/Said.cpp:127:1:[m[K [01;31m[Kerror: [m[Kâ€˜[01m[Kmarker_pub_[m[Kâ€™ was not declared in this scope
[12.624s]   127 | [01;31m[Kmarker_pub_[m[K->publish(movement_arrow);
[12.626s]       | [01;31m[K^~~~~~~~~~~[m[K
[17.499s] make[2]: *** [CMakeFiles/br2_tf2_detector.dir/build.make:102: CMakeFiles/br2_tf2_detector.dir/src/br2_tf2_detector/Said.cpp.o] Error 1
[17.501s] make[1]: *** [CMakeFiles/Makefile2:109: CMakeFiles/br2_tf2_detector.dir/all] Error 2
[17.502s] make: *** [Makefile:141: all] Error 2
[17.539s] Invoked command in '/home/joanne/bookros2_ws/build/br2_tf2_detector' returned '2': CMAKE_PREFIX_PATH=${CMAKE_PREFIX_PATH}:/home/joanne/bookros2_ws/install/ros2controlcli:/home/joanne/bookros2_ws/install/launch_pal:/home/joanne/bookros2_ws/install/br2_fsm_bumpgo_py:/opt/ros/foxy /usr/bin/cmake --build /home/joanne/bookros2_ws/build/br2_tf2_detector -- -j8 -l8
