[0.059s] Invoking command in '/home/joanne/bookros2_ws/build/br2_fsm_bumpgo_cpp': CMAKE_PREFIX_PATH=${CMAKE_PREFIX_PATH}:/home/joanne/bookros2_ws/install/ros2controlcli:/home/joanne/bookros2_ws/install/launch_pal:/home/joanne/bookros2_ws/install/br2_fsm_bumpgo_py:/opt/ros/foxy /usr/bin/cmake --build /home/joanne/bookros2_ws/build/br2_fsm_bumpgo_cpp -- -j8 -l8
[0.256s] [35m[1mScanning dependencies of target bumpgo[0m
[0.373s] [ 33%] [32mBuilding CXX object CMakeFiles/bumpgo.dir/src/br2_fsm_bumpgo_cpp/BumpGoNode.cpp.o[0m
[6.117s] [01m[K/home/joanne/bookros2_ws/src/book_ros2/br2_fsm_bumpgo_cpp/src/br2_fsm_bumpgo_cpp/BumpGoNode.cpp:[m[K In member function â€˜[01m[Kvoid br2_fsm_bumpgo_cpp::BumpGoNode::control_cycle()[m[Kâ€™:
[6.117s] [01m[K/home/joanne/bookros2_ws/src/book_ros2/br2_fsm_bumpgo_cpp/src/br2_fsm_bumpgo_cpp/BumpGoNode.cpp:83:5:[m[K [01;31m[Kerror: [m[Kduplicate case value
[6.117s]    83 |     [01;31m[Kcase[m[K FORWARD:
[6.117s]       |     [01;31m[K^~~~[m[K
[6.117s] [01m[K/home/joanne/bookros2_ws/src/book_ros2/br2_fsm_bumpgo_cpp/src/br2_fsm_bumpgo_cpp/BumpGoNode.cpp:72:5:[m[K [01;36m[Knote: [m[Kpreviously used here
[6.117s]    72 |     [01;36m[Kcase[m[K FORWARD:
[6.118s]       |     [01;36m[K^~~~[m[K
[12.112s] make[2]: *** [CMakeFiles/bumpgo.dir/build.make:63: CMakeFiles/bumpgo.dir/src/br2_fsm_bumpgo_cpp/BumpGoNode.cpp.o] Error 1
[12.112s] make[1]: *** [CMakeFiles/Makefile2:78: CMakeFiles/bumpgo.dir/all] Error 2
[12.112s] make: *** [Makefile:141: all] Error 2
[12.116s] Invoked command in '/home/joanne/bookros2_ws/build/br2_fsm_bumpgo_cpp' returned '2': CMAKE_PREFIX_PATH=${CMAKE_PREFIX_PATH}:/home/joanne/bookros2_ws/install/ros2controlcli:/home/joanne/bookros2_ws/install/launch_pal:/home/joanne/bookros2_ws/install/br2_fsm_bumpgo_py:/opt/ros/foxy /usr/bin/cmake --build /home/joanne/bookros2_ws/build/br2_fsm_bumpgo_cpp -- -j8 -l8
