[0.060s] Invoking command in '/home/joanne/bookros2_ws/build/br2_bt_patrolling': CMAKE_PREFIX_PATH=/opt/ros/foxy /usr/bin/cmake --build /home/joanne/bookros2_ws/build/br2_bt_patrolling -- -j8 -l8
[0.311s] [ 10%] Built target br2_recharge_bt_node
[0.390s] [ 20%] Built target gtest
[0.459s] [ 30%] Built target gtest_main
[0.602s] [ 40%] Built target br2_patrol_bt_node
[0.738s] [ 50%] Built target br2_track_objects_bt_node
[0.862s] [ 60%] Built target br2_get_waypoint_bt_node
[0.974s] [ 70%] Built target bt_action_test
[1.025s] [35m[1mScanning dependencies of target br2_move_bt_node[0m
[1.149s] [ 75%] [32mBuilding CXX object CMakeFiles/br2_move_bt_node.dir/src/br2_bt_patrolling/Move.cpp.o[0m
[9.651s] [01m[K/home/joanne/bookros2_ws/src/book_ros2/br2_bt_patrolling/src/br2_bt_patrolling/Move.cpp:[m[K In member function â€˜[01m[Kvirtual void br2_bt_patrolling::Move::on_tick()[m[Kâ€™:
[9.652s] [01m[K/home/joanne/bookros2_ws/src/book_ros2/br2_bt_patrolling/src/br2_bt_patrolling/Move.cpp:50:3:[m[K [01;31m[Kerror: [m[Kâ€˜[01m[Kcout[m[Kâ€™ was not declared in this scope; did you mean â€˜[01m[Kstd::cout[m[Kâ€™?
[9.652s]    50 |   [01;31m[Kcout[m[K << "Enter coefficients a, b and c: ";
[9.652s]       |   [01;31m[K^~~~[m[K
[9.652s]       |   [32m[Kstd::cout[m[K
[9.652s] In file included from [01m[K/home/joanne/bookros2_ws/src/book_ros2/br2_bt_patrolling/src/br2_bt_patrolling/Move.cpp:16[m[K:
[9.653s] [01m[K/usr/include/c++/9/iostream:61:18:[m[K [01;36m[Knote: [m[Kâ€˜[01m[Kstd::cout[m[Kâ€™ declared here
[9.653s]    61 |   extern ostream [01;36m[Kcout[m[K;  /// Linked to standard output
[9.653s]       |                  [01;36m[K^~~~[m[K
[9.653s] [01m[K/home/joanne/bookros2_ws/src/book_ros2/br2_bt_patrolling/src/br2_bt_patrolling/Move.cpp:60:32:[m[K [01;31m[Kerror: [m[Kâ€˜[01m[Kendl[m[Kâ€™ was not declared in this scope; did you mean â€˜[01m[Kstd::endl[m[Kâ€™?
[9.653s]    60 |       cout << "y1 = " << y1 << [01;31m[Kendl[m[K;
[9.653s]       |                                [01;31m[K^~~~[m[K
[9.653s]       |                                [32m[Kstd::endl[m[K
[9.654s] In file included from [01m[K/usr/include/c++/9/iostream:39[m[K,
[9.654s]                  from [01m[K/home/joanne/bookros2_ws/src/book_ros2/br2_bt_patrolling/src/br2_bt_patrolling/Move.cpp:16[m[K:
[9.654s] [01m[K/usr/include/c++/9/ostream:599:5:[m[K [01;36m[Knote: [m[Kâ€˜[01m[Kstd::endl[m[Kâ€™ declared here
[9.654s]   599 |     [01;36m[Kendl[m[K(basic_ostream<_CharT, _Traits>& __os)
[9.655s]       |     [01;36m[K^~~~[m[K
[9.655s] [01m[K/home/joanne/bookros2_ws/src/book_ros2/br2_bt_patrolling/src/br2_bt_patrolling/Move.cpp:65:45:[m[K [01;31m[Kerror: [m[Kâ€˜[01m[Kendl[m[Kâ€™ was not declared in this scope; did you mean â€˜[01m[Kstd::endl[m[Kâ€™?
[9.655s]    65 |       cout << "Roots are real and same." << [01;31m[Kendl[m[K;
[9.655s]       |                                             [01;31m[K^~~~[m[K
[9.655s]       |                                             [32m[Kstd::endl[m[K
[9.655s] In file included from [01m[K/usr/include/c++/9/iostream:39[m[K,
[9.655s]                  from [01m[K/home/joanne/bookros2_ws/src/book_ros2/br2_bt_patrolling/src/br2_bt_patrolling/Move.cpp:16[m[K:
[9.655s] [01m[K/usr/include/c++/9/ostream:599:5:[m[K [01;36m[Knote: [m[Kâ€˜[01m[Kstd::endl[m[Kâ€™ declared here
[9.655s]   599 |     [01;36m[Kendl[m[K(basic_ostream<_CharT, _Traits>& __os)
[9.655s]       |     [01;36m[K^~~~[m[K
[13.336s] make[2]: *** [CMakeFiles/br2_move_bt_node.dir/build.make:63: CMakeFiles/br2_move_bt_node.dir/src/br2_bt_patrolling/Move.cpp.o] Error 1
[13.337s] make[1]: *** [CMakeFiles/Makefile2:239: CMakeFiles/br2_move_bt_node.dir/all] Error 2
[13.338s] make: *** [Makefile:141: all] Error 2
[13.342s] Invoked command in '/home/joanne/bookros2_ws/build/br2_bt_patrolling' returned '2': CMAKE_PREFIX_PATH=/opt/ros/foxy /usr/bin/cmake --build /home/joanne/bookros2_ws/build/br2_bt_patrolling -- -j8 -l8
