[35m[1mScanning dependencies of target br2_tracking[0m
[ 14%] Built target gtest_main
[ 28%] Built target gtest
[ 35%] [32mBuilding CXX object CMakeFiles/br2_tracking.dir/src/br2_tracking/ObjectDetector.cpp.o[0m
In file included from [01m[K/home/joanne/bookros2_ws/src/book_ros2/br2_tracking/src/br2_tracking/ObjectDetector.cpp:20[m[K:
[01m[K/home/joanne/bookros2_ws/src/book_ros2/br2_tracking/include/br2_tracking/ObjectDetector.hpp:33:51:[m[K [01;31m[Kerror: [m[Kâ€˜[01m[KPointCloud2[m[Kâ€™ in namespace â€˜[01m[Ksensor_msgs::msg[m[Kâ€™ does not name a type
   33 |   void pointCloudCallback(const sensor_msgs::msg::[01;31m[KPointCloud2[m[K::ConstSharedPtr & msg);
      |                                                   [01;31m[K^~~~~~~~~~~[m[K
[01m[K/home/joanne/bookros2_ws/src/book_ros2/br2_tracking/include/br2_tracking/ObjectDetector.hpp:33:79:[m[K [01;31m[Kerror: [m[Kexpected unqualified-id before â€˜[01m[K&[m[Kâ€™ token
   33 |   void pointCloudCallback(const sensor_msgs::msg::PointCloud2::ConstSharedPtr [01;31m[K&[m[K msg);
      |                                                                               [01;31m[K^[m[K
[01m[K/home/joanne/bookros2_ws/src/book_ros2/br2_tracking/include/br2_tracking/ObjectDetector.hpp:33:78:[m[K [01;31m[Kerror: [m[Kexpected â€˜[01m[K)[m[Kâ€™ before â€˜[01m[K&[m[Kâ€™ token
   33 |   void pointCloudCallback[34m[K([m[Kconst sensor_msgs::msg::PointCloud2::ConstSharedPtr[01;31m[K [m[K[32m[K&[m[K msg);
      |                          [34m[K~[m[K                                                   [01;31m[K^[m[K[32m[K~[m[K
      |                                                                              [32m[K)[m[K
[01m[K/home/joanne/bookros2_ws/src/book_ros2/br2_tracking/include/br2_tracking/ObjectDetector.hpp:33:79:[m[K [01;31m[Kerror: [m[Kexpected â€˜[01m[K;[m[Kâ€™ at end of member declaration
   33 |   void pointCloudCallback(const sensor_msgs::msg::PointCloud2::ConstSharedPtr [01;31m[K&[m[K msg);
      |                                                                               [01;31m[K^[m[K
      |                                                                                [32m[K;[m[K
[01m[K/home/joanne/bookros2_ws/src/book_ros2/br2_tracking/include/br2_tracking/ObjectDetector.hpp:33:81:[m[K [01;31m[Kerror: [m[Kâ€˜[01m[Kmsg[m[Kâ€™ does not name a type
   33 |   void pointCloudCallback(const sensor_msgs::msg::PointCloud2::ConstSharedPtr & [01;31m[Kmsg[m[K);
      |                                                                                 [01;31m[K^~~[m[K
[01m[K/home/joanne/bookros2_ws/src/book_ros2/br2_tracking/include/br2_tracking/ObjectDetector.hpp:37:8:[m[K [01;31m[Kerror: [m[Kâ€˜[01m[Kvoid br2_tracking::ObjectDetector::image_callback(const ConstSharedPtr&)[m[Kâ€™ cannot be overloaded with â€˜[01m[Kvoid br2_tracking::ObjectDetector::image_callback(const ConstSharedPtr&)[m[Kâ€™
   37 |   void [01;31m[Kimage_callback[m[K(const sensor_msgs::msg::Image::ConstSharedPtr & msg);
      |        [01;31m[K^~~~~~~~~~~~~~[m[K
[01m[K/home/joanne/bookros2_ws/src/book_ros2/br2_tracking/include/br2_tracking/ObjectDetector.hpp:34:8:[m[K [01;36m[Knote: [m[Kprevious declaration â€˜[01m[Kvoid br2_tracking::ObjectDetector::image_callback(const ConstSharedPtr&)[m[Kâ€™
   34 |   void [01;36m[Kimage_callback[m[K(const sensor_msgs::msg::Image::ConstSharedPtr & msg);
      |        [01;36m[K^~~~~~~~~~~~~~[m[K
[01m[K/home/joanne/bookros2_ws/src/book_ros2/br2_tracking/include/br2_tracking/ObjectDetector.hpp:38:51:[m[K [01;31m[Kerror: [m[Kâ€˜[01m[KPointCloud2[m[Kâ€™ in namespace â€˜[01m[Ksensor_msgs::msg[m[Kâ€™ does not name a type
   38 |   void pointCloudCallback(const sensor_msgs::msg::[01;31m[KPointCloud2[m[K::ConstSharedPtr & msg);
      |                                                   [01;31m[K^~~~~~~~~~~[m[K
[01m[K/home/joanne/bookros2_ws/src/book_ros2/br2_tracking/include/br2_tracking/ObjectDetector.hpp:38:79:[m[K [01;31m[Kerror: [m[Kexpected unqualified-id before â€˜[01m[K&[m[Kâ€™ token
   38 |   void pointCloudCallback(const sensor_msgs::msg::PointCloud2::ConstSharedPtr [01;31m[K&[m[K msg);
      |                                                                               [01;31m[K^[m[K
[01m[K/home/joanne/bookros2_ws/src/book_ros2/br2_tracking/include/br2_tracking/ObjectDetector.hpp:38:78:[m[K [01;31m[Kerror: [m[Kexpected â€˜[01m[K)[m[Kâ€™ before â€˜[01m[K&[m[Kâ€™ token
   38 |   void pointCloudCallback[34m[K([m[Kconst sensor_msgs::msg::PointCloud2::ConstSharedPtr[01;31m[K [m[K[32m[K&[m[K msg);
      |                          [34m[K~[m[K                                                   [01;31m[K^[m[K[32m[K~[m[K
      |                                                                              [32m[K)[m[K
[01m[K/home/joanne/bookros2_ws/src/book_ros2/br2_tracking/include/br2_tracking/ObjectDetector.hpp:38:79:[m[K [01;31m[Kerror: [m[Kexpected â€˜[01m[K;[m[Kâ€™ at end of member declaration
   38 |   void pointCloudCallback(const sensor_msgs::msg::PointCloud2::ConstSharedPtr [01;31m[K&[m[K msg);
      |                                                                               [01;31m[K^[m[K
      |                                                                                [32m[K;[m[K
[01m[K/home/joanne/bookros2_ws/src/book_ros2/br2_tracking/include/br2_tracking/ObjectDetector.hpp:38:8:[m[K [01;31m[Kerror: [m[Kâ€˜[01m[Kvoid br2_tracking::ObjectDetector::pointCloudCallback(...) &[m[Kâ€™ cannot be overloaded with â€˜[01m[Kvoid br2_tracking::ObjectDetector::pointCloudCallback(...) &[m[Kâ€™
   38 |   void [01;31m[KpointCloudCallback[m[K(const sensor_msgs::msg::PointCloud2::ConstSharedPtr & msg);
      |        [01;31m[K^~~~~~~~~~~~~~~~~~[m[K
[01m[K/home/joanne/bookros2_ws/src/book_ros2/br2_tracking/include/br2_tracking/ObjectDetector.hpp:33:8:[m[K [01;36m[Knote: [m[Kprevious declaration â€˜[01m[Kvoid br2_tracking::ObjectDetector::pointCloudCallback(...) &[m[Kâ€™
   33 |   void [01;36m[KpointCloudCallback[m[K(const sensor_msgs::msg::PointCloud2::ConstSharedPtr & msg);
      |        [01;36m[K^~~~~~~~~~~~~~~~~~[m[K
[01m[K/home/joanne/bookros2_ws/src/book_ros2/br2_tracking/include/br2_tracking/ObjectDetector.hpp:38:81:[m[K [01;31m[Kerror: [m[Kâ€˜[01m[Kmsg[m[Kâ€™ does not name a type
   38 |   void pointCloudCallback(const sensor_msgs::msg::PointCloud2::ConstSharedPtr & [01;31m[Kmsg[m[K);
      |                                                                                 [01;31m[K^~~[m[K
[01m[K/home/joanne/bookros2_ws/src/book_ros2/br2_tracking/include/br2_tracking/ObjectDetector.hpp:42:11:[m[K [01;31m[Kerror: [m[Kâ€˜[01m[Kpcl[m[Kâ€™ does not name a type
   42 |     const [01;31m[Kpcl[m[K::PointCloud<pcl::PointXYZ>::Ptr & input_cloud,
      |           [01;31m[K^~~[m[K
[01m[K/home/joanne/bookros2_ws/src/book_ros2/br2_tracking/include/br2_tracking/ObjectDetector.hpp:42:26:[m[K [01;31m[Kerror: [m[Kexpected unqualified-id before â€˜[01m[K<[m[Kâ€™ token
   42 |     const pcl::PointCloud[01;31m[K<[m[Kpcl::PointXYZ>::Ptr & input_cloud,
      |                          [01;31m[K^[m[K
[01m[K/home/joanne/bookros2_ws/src/book_ros2/br2_tracking/include/br2_tracking/ObjectDetector.hpp:42:26:[m[K [01;31m[Kerror: [m[Kexpected â€˜[01m[K)[m[Kâ€™ before â€˜[01m[K<[m[Kâ€™ token
   42 |     const pcl::PointCloud[01;31m[K<[m[Kpcl::PointXYZ>::Ptr & input_cloud,
      |                          [01;31m[K^[m[K
      |                          [32m[K)[m[K
[01m[K/home/joanne/bookros2_ws/src/book_ros2/br2_tracking/include/br2_tracking/ObjectDetector.hpp:41:23:[m[K [01;36m[Knote: [m[Kto match this â€˜[01m[K([m[Kâ€™
   41 |   void preprocessCloud[01;36m[K([m[K
      |                       [01;36m[K^[m[K
[01m[K/home/joanne/bookros2_ws/src/book_ros2/br2_tracking/include/br2_tracking/ObjectDetector.hpp:42:16:[m[K [01;31m[Kerror: [m[Kexpected â€˜[01m[K;[m[Kâ€™ at end of member declaration
   42 |     const pcl::[01;31m[KPointCloud[m[K<pcl::PointXYZ>::Ptr & input_cloud,
      |                [01;31m[K^~~~~~~~~~[m[K
      |                          [32m[K;[m[K
[01m[K/home/joanne/bookros2_ws/src/book_ros2/br2_tracking/include/br2_tracking/ObjectDetector.hpp:42:26:[m[K [01;31m[Kerror: [m[Kexpected unqualified-id before â€˜[01m[K<[m[Kâ€™ token
   42 |     const pcl::PointCloud[01;31m[K<[m[Kpcl::PointXYZ>::Ptr & input_cloud,
      |                          [01;31m[K^[m[K
[01m[K/home/joanne/bookros2_ws/src/book_ros2/br2_tracking/include/br2_tracking/ObjectDetector.hpp:46:11:[m[K [01;31m[Kerror: [m[Kâ€˜[01m[Kpcl[m[Kâ€™ does not name a type
   46 |     const [01;31m[Kpcl[m[K::PointCloud<pcl::PointXYZ>::Ptr & cloud,
      |           [01;31m[K^~~[m[K
[01m[K/home/joanne/bookros2_ws/src/book_ros2/br2_tracking/include/br2_tracking/ObjectDetector.hpp:46:26:[m[K [01;31m[Kerror: [m[Kexpected unqualified-id before â€˜[01m[K<[m[Kâ€™ token
   46 |     const pcl::PointCloud[01;31m[K<[m[Kpcl::PointXYZ>::Ptr & cloud,
      |                          [01;31m[K^[m[K
[01m[K/home/joanne/bookros2_ws/src/book_ros2/br2_tracking/include/br2_tracking/ObjectDetector.hpp:46:26:[m[K [01;31m[Kerror: [m[Kexpected â€˜[01m[K)[m[Kâ€™ before â€˜[01m[K<[m[Kâ€™ token
   46 |     const pcl::PointCloud[01;31m[K<[m[Kpcl::PointXYZ>::Ptr & cloud,
      |                          [01;31m[K^[m[K
      |                          [32m[K)[m[K
[01m[K/home/joanne/bookros2_ws/src/book_ros2/br2_tracking/include/br2_tracking/ObjectDetector.hpp:45:25:[m[K [01;36m[Knote: [m[Kto match this â€˜[01m[K([m[Kâ€™
   45 |   void performClustering[01;36m[K([m[K
      |                         [01;36m[K^[m[K
[01m[K/home/joanne/bookros2_ws/src/book_ros2/br2_tracking/include/br2_tracking/ObjectDetector.hpp:46:16:[m[K [01;31m[Kerror: [m[Kexpected â€˜[01m[K;[m[Kâ€™ at end of member declaration
   46 |     const pcl::[01;31m[KPointCloud[m[K<pcl::PointXYZ>::Ptr & cloud,
      |                [01;31m[K^~~~~~~~~~[m[K
      |                          [32m[K;[m[K
[01m[K/home/joanne/bookros2_ws/src/book_ros2/br2_tracking/include/br2_tracking/ObjectDetector.hpp:46:26:[m[K [01;31m[Kerror: [m[Kexpected unqualified-id before â€˜[01m[K<[m[Kâ€™ token
   46 |     const pcl::PointCloud[01;31m[K<[m[Kpcl::PointXYZ>::Ptr & cloud,
      |                          [01;31m[K^[m[K
[01m[K/home/joanne/bookros2_ws/src/book_ros2/br2_tracking/include/br2_tracking/ObjectDetector.hpp:49:41:[m[K [01;31m[Kerror: [m[Kâ€˜[01m[Kpcl[m[Kâ€™ does not name a type
   49 |   double calculateConfidenceScore(const [01;31m[Kpcl[m[K::PointCloud<pcl::PointXYZ>::Ptr & cluster);
      |                                         [01;31m[K^~~[m[K
[01m[K/home/joanne/bookros2_ws/src/book_ros2/br2_tracking/include/br2_tracking/ObjectDetector.hpp:49:56:[m[K [01;31m[Kerror: [m[Kexpected unqualified-id before â€˜[01m[K<[m[Kâ€™ token
   49 |   double calculateConfidenceScore(const pcl::PointCloud[01;31m[K<[m[Kpcl::PointXYZ>::Ptr & cluster);
      |                                                        [01;31m[K^[m[K
[01m[K/home/joanne/bookros2_ws/src/book_ros2/br2_tracking/include/br2_tracking/ObjectDetector.hpp:49:56:[m[K [01;31m[Kerror: [m[Kexpected â€˜[01m[K)[m[Kâ€™ before â€˜[01m[K<[m[Kâ€™ token
   49 |   double calculateConfidenceScore[34m[K([m[Kconst pcl::PointCloud[01;31m[K<[m[Kpcl::PointXYZ>::Ptr & cluster);
      |                                  [34m[K~[m[K                     [01;31m[K^[m[K
      |                                                        [32m[K)[m[K
[01m[K/home/joanne/bookros2_ws/src/book_ros2/br2_tracking/include/br2_tracking/ObjectDetector.hpp:49:46:[m[K [01;31m[Kerror: [m[Kexpected â€˜[01m[K;[m[Kâ€™ at end of member declaration
   49 |   double calculateConfidenceScore(const pcl::[01;31m[KPointCloud[m[K<pcl::PointXYZ>::Ptr & cluster);
      |                                              [01;31m[K^~~~~~~~~~[m[K
      |                                                        [32m[K;[m[K
[01m[K/home/joanne/bookros2_ws/src/book_ros2/br2_tracking/include/br2_tracking/ObjectDetector.hpp:49:56:[m[K [01;31m[Kerror: [m[Kexpected unqualified-id before â€˜[01m[K<[m[Kâ€™ token
   49 |   double calculateConfidenceScore(const pcl::PointCloud[01;31m[K<[m[Kpcl::PointXYZ>::Ptr & cluster);
      |                                                        [01;31m[K^[m[K
[01m[K/home/joanne/bookros2_ws/src/book_ros2/br2_tracking/include/br2_tracking/ObjectDetector.hpp:62:42:[m[K [01;31m[Kerror: [m[Kâ€˜[01m[KPointCloud2[m[Kâ€™ is not a member of â€˜[01m[Ksensor_msgs::msg[m[Kâ€™
   62 |   rclcpp::Subscription<sensor_msgs::msg::[01;31m[KPointCloud2[m[K>::SharedPtr pointcloud_sub_;
      |                                          [01;31m[K^~~~~~~~~~~[m[K
[01m[K/home/joanne/bookros2_ws/src/book_ros2/br2_tracking/include/br2_tracking/ObjectDetector.hpp:62:53:[m[K [01;31m[Kerror: [m[Ktemplate argument 1 is invalid
   62 |   rclcpp::Subscription<sensor_msgs::msg::PointCloud2[01;31m[K>[m[K::SharedPtr pointcloud_sub_;
      |                                                     [01;31m[K^[m[K
[01m[K/home/joanne/bookros2_ws/src/book_ros2/br2_tracking/include/br2_tracking/ObjectDetector.hpp:62:53:[m[K [01;31m[Kerror: [m[Ktemplate argument 3 is invalid
[01m[K/home/joanne/bookros2_ws/src/book_ros2/br2_tracking/include/br2_tracking/ObjectDetector.hpp:62:56:[m[K [01;31m[Kerror: [m[Kexpected â€˜[01m[K;[m[Kâ€™ at end of member declaration
   62 |   rclcpp::Subscription<sensor_msgs::msg::PointCloud2>::[01;31m[KSharedPtr[m[K pointcloud_sub_;
      |                                                        [01;31m[K^~~~~~~~~[m[K
      |                                                                 [32m[K;[m[K
[01m[K/home/joanne/bookros2_ws/src/book_ros2/br2_tracking/include/br2_tracking/ObjectDetector.hpp:62:66:[m[K [01;31m[Kerror: [m[Kâ€˜[01m[Kpointcloud_sub_[m[Kâ€™ does not name a type
   62 |   rclcpp::Subscription<sensor_msgs::msg::PointCloud2>::SharedPtr [01;31m[Kpointcloud_sub_[m[K;
      |                                                                  [01;31m[K^~~~~~~~~~~~~~~[m[K
[01m[K/home/joanne/bookros2_ws/src/book_ros2/br2_tracking/include/br2_tracking/ObjectDetector.hpp:63:21:[m[K [01;31m[Kerror: [m[Kâ€˜[01m[Kvisualization_msgs[m[Kâ€™ was not declared in this scope
   63 |   rclcpp::Publisher<[01;31m[Kvisualization_msgs[m[K::msg::MarkerArray>::SharedPtr marker_pub_;
      |                     [01;31m[K^~~~~~~~~~~~~~~~~~[m[K
[01m[K/home/joanne/bookros2_ws/src/book_ros2/br2_tracking/include/br2_tracking/ObjectDetector.hpp:63:57:[m[K [01;31m[Kerror: [m[Ktemplate argument 1 is invalid
   63 |   rclcpp::Publisher<visualization_msgs::msg::MarkerArray[01;31m[K>[m[K::SharedPtr marker_pub_;
      |                                                         [01;31m[K^[m[K
[01m[K/home/joanne/bookros2_ws/src/book_ros2/br2_tracking/include/br2_tracking/ObjectDetector.hpp:63:60:[m[K [01;31m[Kerror: [m[Kexpected â€˜[01m[K;[m[Kâ€™ at end of member declaration
   63 |   rclcpp::Publisher<visualization_msgs::msg::MarkerArray>::[01;31m[KSharedPtr[m[K marker_pub_;
      |                                                            [01;31m[K^~~~~~~~~[m[K
      |                                                                     [32m[K;[m[K
[01m[K/home/joanne/bookros2_ws/src/book_ros2/br2_tracking/include/br2_tracking/ObjectDetector.hpp:63:60:[m[K [01;31m[Kerror: [m[Kredeclaration of â€˜[01m[Kint br2_tracking::ObjectDetector::SharedPtr[m[Kâ€™
[01m[K/home/joanne/bookros2_ws/src/book_ros2/br2_tracking/include/br2_tracking/ObjectDetector.hpp:62:56:[m[K [01;36m[Knote: [m[Kprevious declaration â€˜[01m[Kint br2_tracking::ObjectDetector::SharedPtr[m[Kâ€™
   62 |   rclcpp::Subscription<sensor_msgs::msg::PointCloud2>::[01;36m[KSharedPtr[m[K pointcloud_sub_;
      |                                                        [01;36m[K^~~~~~~~~[m[K
[01m[K/home/joanne/bookros2_ws/src/book_ros2/br2_tracking/include/br2_tracking/ObjectDetector.hpp:63:70:[m[K [01;31m[Kerror: [m[Kâ€˜[01m[Kmarker_pub_[m[Kâ€™ does not name a type
   63 |   rclcpp::Publisher<visualization_msgs::msg::MarkerArray>::SharedPtr [01;31m[Kmarker_pub_[m[K;
      |                                                                      [01;31m[K^~~~~~~~~~~[m[K
[01m[K/home/joanne/bookros2_ws/src/book_ros2/br2_tracking/include/br2_tracking/ObjectDetector.hpp:64:39:[m[K [01;31m[Kerror: [m[Kâ€˜[01m[KDetection3DArray[m[Kâ€™ is not a member of â€˜[01m[Kvision_msgs::msg[m[Kâ€™; did you mean â€˜[01m[KDetection2D[m[Kâ€™?
   64 |   rclcpp::Publisher<vision_msgs::msg::[01;31m[KDetection3DArray[m[K>::SharedPtr detections_pub_;
      |                                       [01;31m[K^~~~~~~~~~~~~~~~[m[K
      |                                       [32m[KDetection2D[m[K
[01m[K/home/joanne/bookros2_ws/src/book_ros2/br2_tracking/include/br2_tracking/ObjectDetector.hpp:64:55:[m[K [01;31m[Kerror: [m[Ktemplate argument 1 is invalid
   64 |   rclcpp::Publisher<vision_msgs::msg::Detection3DArray[01;31m[K>[m[K::SharedPtr detections_pub_;
      |                                                       [01;31m[K^[m[K
[01m[K/home/joanne/bookros2_ws/src/book_ros2/br2_tracking/include/br2_tracking/ObjectDetector.hpp:64:58:[m[K [01;31m[Kerror: [m[Kexpected â€˜[01m[K;[m[Kâ€™ at end of member declaration
   64 |   rclcpp::Publisher<vision_msgs::msg::Detection3DArray>::[01;31m[KSharedPtr[m[K detections_pub_;
      |                                                          [01;31m[K^~~~~~~~~[m[K
      |                                                                   [32m[K;[m[K
[01m[K/home/joanne/bookros2_ws/src/book_ros2/br2_tracking/include/br2_tracking/ObjectDetector.hpp:64:58:[m[K [01;31m[Kerror: [m[Kredeclaration of â€˜[01m[Kint br2_tracking::ObjectDetector::SharedPtr[m[Kâ€™
[01m[K/home/joanne/bookros2_ws/src/book_ros2/br2_tracking/include/br2_tracking/ObjectDetector.hpp:62:56:[m[K [01;36m[Knote: [m[Kprevious declaration â€˜[01m[Kint br2_tracking::ObjectDetector::SharedPtr[m[Kâ€™
   62 |   rclcpp::Subscription<sensor_msgs::msg::PointCloud2>::[01;36m[KSharedPtr[m[K pointcloud_sub_;
      |                                                        [01;36m[K^~~~~~~~~[m[K
[01m[K/home/joanne/bookros2_ws/src/book_ros2/br2_tracking/include/br2_tracking/ObjectDetector.hpp:64:68:[m[K [01;31m[Kerror: [m[Kâ€˜[01m[Kdetections_pub_[m[Kâ€™ does not name a type
   64 |   rclcpp::Publisher<vision_msgs::msg::Detection3DArray>::SharedPtr [01;31m[Kdetections_pub_[m[K;
      |                                                                    [01;31m[K^~~~~~~~~~~~~~~[m[K
[01m[K/home/joanne/bookros2_ws/src/book_ros2/br2_tracking/include/br2_tracking/ObjectDetector.hpp:65:39:[m[K [01;31m[Kerror: [m[Kâ€˜[01m[KPointCloud2[m[Kâ€™ is not a member of â€˜[01m[Ksensor_msgs::msg[m[Kâ€™
   65 |   rclcpp::Publisher<sensor_msgs::msg::[01;31m[KPointCloud2[m[K>::SharedPtr cluster_cloud_pub_;
      |                                       [01;31m[K^~~~~~~~~~~[m[K
[01m[K/home/joanne/bookros2_ws/src/book_ros2/br2_tracking/include/br2_tracking/ObjectDetector.hpp:65:50:[m[K [01;31m[Kerror: [m[Ktemplate argument 1 is invalid
   65 |   rclcpp::Publisher<sensor_msgs::msg::PointCloud2[01;31m[K>[m[K::SharedPtr cluster_cloud_pub_;
      |                                                  [01;31m[K^[m[K
[01m[K/home/joanne/bookros2_ws/src/book_ros2/br2_tracking/include/br2_tracking/ObjectDetector.hpp:65:53:[m[K [01;31m[Kerror: [m[Kexpected â€˜[01m[K;[m[Kâ€™ at end of member declaration
   65 |   rclcpp::Publisher<sensor_msgs::msg::PointCloud2>::[01;31m[KSharedPtr[m[K cluster_cloud_pub_;
      |                                                     [01;31m[K^~~~~~~~~[m[K
      |                                                              [32m[K;[m[K
[01m[K/home/joanne/bookros2_ws/src/book_ros2/br2_tracking/include/br2_tracking/ObjectDetector.hpp:65:53:[m[K [01;31m[Kerror: [m[Kredeclaration of â€˜[01m[Kint br2_tracking::ObjectDetector::SharedPtr[m[Kâ€™
[01m[K/home/joanne/bookros2_ws/src/book_ros2/br2_tracking/include/br2_tracking/ObjectDetector.hpp:62:56:[m[K [01;36m[Knote: [m[Kprevious declaration â€˜[01m[Kint br2_tracking::ObjectDetector::SharedPtr[m[Kâ€™
   62 |   rclcpp::Subscription<sensor_msgs::msg::PointCloud2>::[01;36m[KSharedPtr[m[K pointcloud_sub_;
      |                                                        [01;36m[K^~~~~~~~~[m[K
[01m[K/home/joanne/bookros2_ws/src/book_ros2/br2_tracking/include/br2_tracking/ObjectDetector.hpp:65:63:[m[K [01;31m[Kerror: [m[Kâ€˜[01m[Kcluster_cloud_pub_[m[Kâ€™ does not name a type
   65 |   rclcpp::Publisher<sensor_msgs::msg::PointCloud2>::SharedPtr [01;31m[Kcluster_cloud_pub_[m[K;
      |                                                               [01;31m[K^~~~~~~~~~~~~~~~~~[m[K
[01m[K/home/joanne/bookros2_ws/src/book_ros2/br2_tracking/src/br2_tracking/ObjectDetector.cpp:[m[K In constructor â€˜[01m[Kbr2_tracking::ObjectDetector::ObjectDetector()[m[Kâ€™:
[01m[K/home/joanne/bookros2_ws/src/book_ros2/br2_tracking/src/br2_tracking/ObjectDetector.cpp:52:3:[m[K [01;31m[Kerror: [m[Kâ€˜[01m[Kpointcloud_sub_[m[Kâ€™ was not declared in this scope
   52 |   [01;31m[Kpointcloud_sub_[m[K = this->create_subscription<sensor_msgs::msg::PointCloud2>(
      |   [01;31m[K^~~~~~~~~~~~~~~[m[K
In file included from [01m[K/opt/ros/foxy/include/rclcpp/client.hpp:32[m[K,
                 from [01m[K/opt/ros/foxy/include/rclcpp/callback_group.hpp:23[m[K,
                 from [01m[K/opt/ros/foxy/include/rclcpp/node.hpp:39[m[K,
                 from [01m[K/opt/ros/foxy/include/image_transport/image_transport.hpp:43[m[K,
                 from [01m[K/home/joanne/bookros2_ws/src/book_ros2/br2_tracking/include/br2_tracking/ObjectDetector.hpp:23[m[K,
                 from [01m[K/home/joanne/bookros2_ws/src/book_ros2/br2_tracking/src/br2_tracking/ObjectDetector.cpp:20[m[K:
/opt/ros/foxy/include/rclcpp/function_traits.hpp: In instantiation of â€˜[01m[Kstruct rclcpp::function_traits::function_traits<std::_Bind<void (br2_tracking::ObjectDetector::*(br2_tracking::ObjectDetector*, std::_Placeholder<1>))(...) &> >[m[Kâ€™:
[01m[K/opt/ros/foxy/include/rclcpp/subscription_traits.hpp:97:8:[m[K   required from â€˜[01m[Kstruct rclcpp::subscription_traits::has_message_type<std::_Bind<void (br2_tracking::ObjectDetector::*(br2_tracking::ObjectDetector*, std::_Placeholder<1>))(...) &>, std::allocator<void>, void, void, void, void>[m[Kâ€™
[01m[K/opt/ros/foxy/include/rclcpp/node.hpp:204:5:[m[K   required by substitution of â€˜[01m[Ktemplate<class MessageT, class CallbackT, class AllocatorT, class CallbackMessageT, class SubscriptionT, class MessageMemoryStrategyT> std::shared_ptr<SubscriptionT> rclcpp::Node::create_subscription(const string&, const rclcpp::QoS&, CallbackT&&, const rclcpp::SubscriptionOptionsWithAllocator<AllocatorT>&, typename MessageMemoryStrategyT::SharedPtr) [with MessageT = sensor_msgs::msg::PointCloud2_<std::allocator<void> >; CallbackT = std::_Bind<void (br2_tracking::ObjectDetector::*(br2_tracking::ObjectDetector*, std::_Placeholder<1>))(...) &>; AllocatorT = std::allocator<void>; CallbackMessageT = <missing>; SubscriptionT = <missing>; MessageMemoryStrategyT = <missing>][m[Kâ€™
[01m[K/home/joanne/bookros2_ws/src/book_ros2/br2_tracking/src/br2_tracking/ObjectDetector.cpp:54:61:[m[K   required from here
[01m[K/opt/ros/foxy/include/rclcpp/function_traits.hpp:51:9:[m[K [01;31m[Kerror: [m[Kdecltype cannot resolve address of overloaded function
   51 |   using [01;31m[Karguments[m[K = typename tuple_tail<
      |         [01;31m[K^~~~~~~~~[m[K
[01m[K/opt/ros/foxy/include/rclcpp/function_traits.hpp:57:9:[m[K [01;31m[Kerror: [m[Kdecltype cannot resolve address of overloaded function
   57 |   using [01;31m[Kargument_type[m[K = typename std::tuple_element<N, arguments>::type;
      |         [01;31m[K^~~~~~~~~~~~~[m[K
[01m[K/opt/ros/foxy/include/rclcpp/function_traits.hpp:59:9:[m[K [01;31m[Kerror: [m[Kdecltype cannot resolve address of overloaded function
   59 |   using [01;31m[Kreturn_type[m[K = typename function_traits<decltype( &FunctionT::operator())>::return_type;
      |         [01;31m[K^~~~~~~~~~~[m[K
[01m[K/home/joanne/bookros2_ws/src/book_ros2/br2_tracking/src/br2_tracking/ObjectDetector.cpp:54:61:[m[K [01;31m[Kerror: [m[Kno matching function for call to â€˜[01m[Kbr2_tracking::ObjectDetector::create_subscription<sensor_msgs::msg::PointCloud2>(const char [17], int, std::_Bind_helper<false, void (br2_tracking::ObjectDetector::*)(...) &, br2_tracking::ObjectDetector*, const std::_Placeholder<1>&>::type)[m[Kâ€™
   54 |     std::bind(&ObjectDetector::pointCloudCallback, this, _1)[01;31m[K)[m[K;
      |                                                             [01;31m[K^[m[K
In file included from [01m[K/opt/ros/foxy/include/image_transport/image_transport.hpp:43[m[K,
                 from [01m[K/home/joanne/bookros2_ws/src/book_ros2/br2_tracking/include/br2_tracking/ObjectDetector.hpp:23[m[K,
                 from [01m[K/home/joanne/bookros2_ws/src/book_ros2/br2_tracking/src/br2_tracking/ObjectDetector.cpp:20[m[K:
[01m[K/opt/ros/foxy/include/rclcpp/node.hpp:213:3:[m[K [01;36m[Knote: [m[Kcandidate: â€˜[01m[Ktemplate<class MessageT, class CallbackT, class AllocatorT, class CallbackMessageT, class SubscriptionT, class MessageMemoryStrategyT> std::shared_ptr<SubscriptionT> rclcpp::Node::create_subscription(const string&, const rclcpp::QoS&, CallbackT&&, const rclcpp::SubscriptionOptionsWithAllocator<AllocatorT>&, typename MessageMemoryStrategyT::SharedPtr)[m[Kâ€™
  213 |   [01;36m[Kcreate_subscription[m[K(
      |   [01;36m[K^~~~~~~~~~~~~~~~~~~[m[K
[01m[K/opt/ros/foxy/include/rclcpp/node.hpp:213:3:[m[K [01;36m[Knote: [m[K  substitution of deduced template arguments resulted in errors seen above
In file included from [01m[K/opt/ros/foxy/include/rclcpp/node.hpp:1224[m[K,
                 from [01m[K/opt/ros/foxy/include/image_transport/image_transport.hpp:43[m[K,
                 from [01m[K/home/joanne/bookros2_ws/src/book_ros2/br2_tracking/include/br2_tracking/ObjectDetector.hpp:23[m[K,
                 from [01m[K/home/joanne/bookros2_ws/src/book_ros2/br2_tracking/src/br2_tracking/ObjectDetector.cpp:20[m[K:
/opt/ros/foxy/include/rclcpp/node_impl.hpp: In instantiation of â€˜[01m[Kauto rclcpp::Node::declare_parameter(const string&, const ParameterT&, const ParameterDescriptor&, bool) [with ParameterT = std::vector<float>; std::string = std::__cxx11::basic_string<char>; rcl_interfaces::msg::ParameterDescriptor = rcl_interfaces::msg::ParameterDescriptor_<std::allocator<void> >][m[Kâ€™:
[01m[K/home/joanne/bookros2_ws/src/book_ros2/br2_tracking/src/br2_tracking/ObjectDetector.cpp:59:53:[m[K   required from here
[01m[K/opt/ros/foxy/include/rclcpp/node_impl.hpp:169:23:[m[K [01;31m[Kerror: [m[Kno matching function for call to â€˜[01m[Krclcpp::ParameterValue::get<std::vector<float, std::allocator<float> > >() const[m[Kâ€™
  169 |     ).get<ParameterT>([01;31m[K)[m[K;
      |                       [01;31m[K^[m[K
In file included from [01m[K/opt/ros/foxy/include/rclcpp/parameter.hpp:26[m[K,
                 from [01m[K/opt/ros/foxy/include/rclcpp/node_interfaces/node_parameters_interface.hpp:28[m[K,
                 from [01m[K/opt/ros/foxy/include/rclcpp/node.hpp:51[m[K,
                 from [01m[K/opt/ros/foxy/include/image_transport/image_transport.hpp:43[m[K,
                 from [01m[K/home/joanne/bookros2_ws/src/book_ros2/br2_tracking/include/br2_tracking/ObjectDetector.hpp:23[m[K,
                 from [01m[K/home/joanne/bookros2_ws/src/book_ros2/br2_tracking/src/br2_tracking/ObjectDetector.cpp:20[m[K:
[01m[K/opt/ros/foxy/include/rclcpp/parameter_value.hpp:148:3:[m[K [01;36m[Knote: [m[Kcandidate: â€˜[01m[Ktemplate<rclcpp::ParameterType type> constexpr typename std::enable_if<(type == rclcpp::PARAMETER_BOOL), const bool&>::type rclcpp::ParameterValue::get() const[m[Kâ€™
  148 |   [01;36m[Kget[m[K() const
      |   [01;36m[K^~~[m[K
[01m[K/opt/ros/foxy/include/rclcpp/parameter_value.hpp:148:3:[m[K [01;36m[Knote: [m[K  template argument deduction/substitution failed:
[01m[K/opt/ros/foxy/include/rclcpp/parameter_value.hpp:159:3:[m[K [01;36m[Knote: [m[Kcandidate: â€˜[01m[Ktemplate<rclcpp::ParameterType type> constexpr typename std::enable_if<(type == rclcpp::PARAMETER_INTEGER), const long int&>::type rclcpp::ParameterValue::get() const[m[Kâ€™
  159 |   [01;36m[Kget[m[K() const
      |   [01;36m[K^~~[m[K
[01m[K/opt/ros/foxy/include/rclcpp/parameter_value.hpp:159:3:[m[K [01;36m[Knote: [m[K  template argument deduction/substitution failed:
[01m[K/opt/ros/foxy/include/rclcpp/parameter_value.hpp:170:3:[m[K [01;36m[Knote: [m[Kcandidate: â€˜[01m[Ktemplate<rclcpp::ParameterType type> constexpr typename std::enable_if<(type == rclcpp::PARAMETER_DOUBLE), const double&>::type rclcpp::ParameterValue::get() const[m[Kâ€™
  170 |   [01;36m[Kget[m[K() const
      |   [01;36m[K^~~[m[K
[01m[K/opt/ros/foxy/include/rclcpp/parameter_value.hpp:170:3:[m[K [01;36m[Knote: [m[K  template argument deduction/substitution failed:
[01m[K/opt/ros/foxy/include/rclcpp/parameter_value.hpp:181:3:[m[K [01;36m[Knote: [m[Kcandidate: â€˜[01m[Ktemplate<rclcpp::ParameterType type> constexpr typename std::enable_if<(type == rclcpp::PARAMETER_STRING), const std::__cxx11::basic_string<char>&>::type rclcpp::ParameterValue::get() const[m[Kâ€™
  181 |   [01;36m[Kget[m[K() const
      |   [01;36m[K^~~[m[K
[01m[K/opt/ros/foxy/include/rclcpp/parameter_value.hpp:181:3:[m[K [01;36m[Knote: [m[K  template argument deduction/substitution failed:
[01m[K/opt/ros/foxy/include/rclcpp/parameter_value.hpp:193:3:[m[K [01;36m[Knote: [m[Kcandidate: â€˜[01m[Ktemplate<rclcpp::ParameterType type> constexpr typename std::enable_if<(type == rclcpp::PARAMETER_BYTE_ARRAY), const std::vector<unsigned char>&>::type rclcpp::ParameterValue::get() const[m[Kâ€™
  193 |   [01;36m[Kget[m[K() const
      |   [01;36m[K^~~[m[K
[01m[K/opt/ros/foxy/include/rclcpp/parameter_value.hpp:193:3:[m[K [01;36m[Knote: [m[K  template argument deduction/substitution failed:
[01m[K/opt/ros/foxy/include/rclcpp/parameter_value.hpp:205:3:[m[K [01;36m[Knote: [m[Kcandidate: â€˜[01m[Ktemplate<rclcpp::ParameterType type> constexpr typename std::enable_if<(type == rclcpp::PARAMETER_BOOL_ARRAY), const std::vector<bool>&>::type rclcpp::ParameterValue::get() const[m[Kâ€™
  205 |   [01;36m[Kget[m[K() const
      |   [01;36m[K^~~[m[K
[01m[K/opt/ros/foxy/include/rclcpp/parameter_value.hpp:205:3:[m[K [01;36m[Knote: [m[K  template argument deduction/substitution failed:
[01m[K/opt/ros/foxy/include/rclcpp/parameter_value.hpp:217:3:[m[K [01;36m[Knote: [m[Kcandidate: â€˜[01m[Ktemplate<rclcpp::ParameterType type> constexpr typename std::enable_if<(type == rclcpp::PARAMETER_INTEGER_ARRAY), const std::vector<long int, std::allocator<long int> >&>::type rclcpp::ParameterValue::get() const[m[Kâ€™
  217 |   [01;36m[Kget[m[K() const
      |   [01;36m[K^~~[m[K
[01m[K/opt/ros/foxy/include/rclcpp/parameter_value.hpp:217:3:[m[K [01;36m[Knote: [m[K  template argument deduction/substitution failed:
[01m[K/opt/ros/foxy/include/rclcpp/parameter_value.hpp:229:3:[m[K [01;36m[Knote: [m[Kcandidate: â€˜[01m[Ktemplate<rclcpp::ParameterType type> constexpr typename std::enable_if<(type == rclcpp::PARAMETER_DOUBLE_ARRAY), const std::vector<double, std::allocator<double> >&>::type rclcpp::ParameterValue::get() const[m[Kâ€™
  229 |   [01;36m[Kget[m[K() const
      |   [01;36m[K^~~[m[K
[01m[K/opt/ros/foxy/include/rclcpp/parameter_value.hpp:229:3:[m[K [01;36m[Knote: [m[K  template argument deduction/substitution failed:
[01m[K/opt/ros/foxy/include/rclcpp/parameter_value.hpp:241:3:[m[K [01;36m[Knote: [m[Kcandidate: â€˜[01m[Ktemplate<rclcpp::ParameterType type> constexpr typename std::enable_if<(type == rclcpp::PARAMETER_STRING_ARRAY), const std::vector<std::__cxx11::basic_string<char> >&>::type rclcpp::ParameterValue::get() const[m[Kâ€™
  241 |   [01;36m[Kget[m[K() const
      |   [01;36m[K^~~[m[K
[01m[K/opt/ros/foxy/include/rclcpp/parameter_value.hpp:241:3:[m[K [01;36m[Knote: [m[K  template argument deduction/substitution failed:
[01m[K/opt/ros/foxy/include/rclcpp/parameter_value.hpp:254:3:[m[K [01;36m[Knote: [m[Kcandidate: â€˜[01m[Ktemplate<class type> constexpr typename std::enable_if<std::is_same<T, bool>::value, const bool&>::type rclcpp::ParameterValue::get() const[m[Kâ€™
  254 |   [01;36m[Kget[m[K() const
      |   [01;36m[K^~~[m[K
[01m[K/opt/ros/foxy/include/rclcpp/parameter_value.hpp:254:3:[m[K [01;36m[Knote: [m[K  template argument deduction/substitution failed:
/opt/ros/foxy/include/rclcpp/parameter_value.hpp: In substitution of â€˜[01m[Ktemplate<class type> constexpr typename std::enable_if<std::is_same<T, bool>::value, const bool&>::type rclcpp::ParameterValue::get() const [with type = std::vector<float>][m[Kâ€™:
[01m[K/opt/ros/foxy/include/rclcpp/node_impl.hpp:169:23:[m[K   required from â€˜[01m[Kauto rclcpp::Node::declare_parameter(const string&, const ParameterT&, const ParameterDescriptor&, bool) [with ParameterT = std::vector<float>; std::string = std::__cxx11::basic_string<char>; rcl_interfaces::msg::ParameterDescriptor = rcl_interfaces::msg::ParameterDescriptor_<std::allocator<void> >][m[Kâ€™
[01m[K/home/joanne/bookros2_ws/src/book_ros2/br2_tracking/src/br2_tracking/ObjectDetector.cpp:59:53:[m[K   required from here
[01m[K/opt/ros/foxy/include/rclcpp/parameter_value.hpp:254:3:[m[K [01;31m[Kerror: [m[Kno type named â€˜[01m[Ktype[m[Kâ€™ in â€˜[01m[Kstruct std::enable_if<false, const bool&>[m[Kâ€™
/opt/ros/foxy/include/rclcpp/node_impl.hpp: In instantiation of â€˜[01m[Kauto rclcpp::Node::declare_parameter(const string&, const ParameterT&, const ParameterDescriptor&, bool) [with ParameterT = std::vector<float>; std::string = std::__cxx11::basic_string<char>; rcl_interfaces::msg::ParameterDescriptor = rcl_interfaces::msg::ParameterDescriptor_<std::allocator<void> >][m[Kâ€™:
[01m[K/home/joanne/bookros2_ws/src/book_ros2/br2_tracking/src/br2_tracking/ObjectDetector.cpp:59:53:[m[K   required from here
[01m[K/opt/ros/foxy/include/rclcpp/parameter_value.hpp:263:3:[m[K [01;36m[Knote: [m[Kcandidate: â€˜[01m[Ktemplate<class type> constexpr typename std::enable_if<(std::is_integral<_Tp>::value && (! std::is_same<T, bool>::value)), const long int&>::type rclcpp::ParameterValue::get() const[m[Kâ€™
  263 |   [01;36m[Kget[m[K() const
      |   [01;36m[K^~~[m[K
[01m[K/opt/ros/foxy/include/rclcpp/parameter_value.hpp:263:3:[m[K [01;36m[Knote: [m[K  template argument deduction/substitution failed:
/opt/ros/foxy/include/rclcpp/parameter_value.hpp: In substitution of â€˜[01m[Ktemplate<class type> constexpr typename std::enable_if<(std::is_integral<_Tp>::value && (! std::is_same<T, bool>::value)), const long int&>::type rclcpp::ParameterValue::get() const [with type = std::vector<float>][m[Kâ€™:
[01m[K/opt/ros/foxy/include/rclcpp/node_impl.hpp:169:23:[m[K   required from â€˜[01m[Kauto rclcpp::Node::declare_parameter(const string&, const ParameterT&, const ParameterDescriptor&, bool) [with ParameterT = std::vector<float>; std::string = std::__cxx11::basic_string<char>; rcl_interfaces::msg::ParameterDescriptor = rcl_interfaces::msg::ParameterDescriptor_<std::allocator<void> >][m[Kâ€™
[01m[K/home/joanne/bookros2_ws/src/book_ros2/br2_tracking/src/br2_tracking/ObjectDetector.cpp:59:53:[m[K   required from here
[01m[K/opt/ros/foxy/include/rclcpp/parameter_value.hpp:263:3:[m[K [01;31m[Kerror: [m[Kno type named â€˜[01m[Ktype[m[Kâ€™ in â€˜[01m[Kstruct std::enable_if<false, const long int&>[m[Kâ€™
/opt/ros/foxy/include/rclcpp/node_impl.hpp: In instantiation of â€˜[01m[Kauto rclcpp::Node::declare_parameter(const string&, const ParameterT&, const ParameterDescriptor&, bool) [with ParameterT = std::vector<float>; std::string = std::__cxx11::basic_string<char>; rcl_interfaces::msg::ParameterDescriptor = rcl_interfaces::msg::ParameterDescriptor_<std::allocator<void> >][m[Kâ€™:
[01m[K/home/joanne/bookros2_ws/src/book_ros2/br2_tracking/src/br2_tracking/ObjectDetector.cpp:59:53:[m[K   required from here
[01m[K/opt/ros/foxy/include/rclcpp/parameter_value.hpp:271:3:[m[K [01;36m[Knote: [m[Kcandidate: â€˜[01m[Ktemplate<class type> constexpr typename std::enable_if<std::is_floating_point<_Tp>::value, const double&>::type rclcpp::ParameterValue::get() const[m[Kâ€™
  271 |   [01;36m[Kget[m[K() const
      |   [01;36m[K^~~[m[K
[01m[K/opt/ros/foxy/include/rclcpp/parameter_value.hpp:271:3:[m[K [01;36m[Knote: [m[K  template argument deduction/substitution failed:
/opt/ros/foxy/include/rclcpp/parameter_value.hpp: In substitution of â€˜[01m[Ktemplate<class type> constexpr typename std::enable_if<std::is_floating_point<_Tp>::value, const double&>::type rclcpp::ParameterValue::get() const [with type = std::vector<float>][m[Kâ€™:
[01m[K/opt/ros/foxy/include/rclcpp/node_impl.hpp:169:23:[m[K   required from â€˜[01m[Kauto rclcpp::Node::declare_parameter(const string&, const ParameterT&, const ParameterDescriptor&, bool) [with ParameterT = std::vector<float>; std::string = std::__cxx11::basic_string<char>; rcl_interfaces::msg::ParameterDescriptor = rcl_interfaces::msg::ParameterDescriptor_<std::allocator<void> >][m[Kâ€™
[01m[K/home/joanne/bookros2_ws/src/book_ros2/br2_tracking/src/br2_tracking/ObjectDetector.cpp:59:53:[m[K   required from here
[01m[K/opt/ros/foxy/include/rclcpp/parameter_value.hpp:271:3:[m[K [01;31m[Kerror: [m[Kno type named â€˜[01m[Ktype[m[Kâ€™ in â€˜[01m[Kstruct std::enable_if<false, const double&>[m[Kâ€™
/opt/ros/foxy/include/rclcpp/node_impl.hpp: In instantiation of â€˜[01m[Kauto rclcpp::Node::declare_parameter(const string&, const ParameterT&, const ParameterDescriptor&, bool) [with ParameterT = std::vector<float>; std::string = std::__cxx11::basic_string<char>; rcl_interfaces::msg::ParameterDescriptor = rcl_interfaces::msg::ParameterDescriptor_<std::allocator<void> >][m[Kâ€™:
[01m[K/home/joanne/bookros2_ws/src/book_ros2/br2_tracking/src/br2_tracking/ObjectDetector.cpp:59:53:[m[K   required from here
[01m[K/opt/ros/foxy/include/rclcpp/parameter_value.hpp:279:3:[m[K [01;36m[Knote: [m[Kcandidate: â€˜[01m[Ktemplate<class type> constexpr typename std::enable_if<std::is_convertible<type, std::__cxx11::basic_string<char> >::value, const std::__cxx11::basic_string<char>&>::type rclcpp::ParameterValue::get() const[m[Kâ€™
  279 |   [01;36m[Kget[m[K() const
      |   [01;36m[K^~~[m[K
[01m[K/opt/ros/foxy/include/rclcpp/parameter_value.hpp:279:3:[m[K [01;36m[Knote: [m[K  template argument deduction/substitution failed:
/opt/ros/foxy/include/rclcpp/parameter_value.hpp: In substitution of â€˜[01m[Ktemplate<class type> constexpr typename std::enable_if<std::is_convertible<type, std::__cxx11::basic_string<char> >::value, const std::__cxx11::basic_string<char>&>::type rclcpp::ParameterValue::get() const [with type = std::vector<float>][m[Kâ€™:
[01m[K/opt/ros/foxy/include/rclcpp/node_impl.hpp:169:23:[m[K   required from â€˜[01m[Kauto rclcpp::Node::declare_parameter(const string&, const ParameterT&, const ParameterDescriptor&, bool) [with ParameterT = std::vector<float>; std::string = std::__cxx11::basic_string<char>; rcl_interfaces::msg::ParameterDescriptor = rcl_interfaces::msg::ParameterDescriptor_<std::allocator<void> >][m[Kâ€™
[01m[K/home/joanne/bookros2_ws/src/book_ros2/br2_tracking/src/br2_tracking/ObjectDetector.cpp:59:53:[m[K   required from here
[01m[K/opt/ros/foxy/include/rclcpp/parameter_value.hpp:279:3:[m[K [01;31m[Kerror: [m[Kno type named â€˜[01m[Ktype[m[Kâ€™ in â€˜[01m[Kstruct std::enable_if<false, const std::__cxx11::basic_string<char>&>[m[Kâ€™
/opt/ros/foxy/include/rclcpp/node_impl.hpp: In instantiation of â€˜[01m[Kauto rclcpp::Node::declare_parameter(const string&, const ParameterT&, const ParameterDescriptor&, bool) [with ParameterT = std::vector<float>; std::string = std::__cxx11::basic_string<char>; rcl_interfaces::msg::ParameterDescriptor = rcl_interfaces::msg::ParameterDescriptor_<std::allocator<void> >][m[Kâ€™:
[01m[K/home/joanne/bookros2_ws/src/book_ros2/br2_tracking/src/br2_tracking/ObjectDetector.cpp:59:53:[m[K   required from here
[01m[K/opt/ros/foxy/include/rclcpp/parameter_value.hpp:289:3:[m[K [01;36m[Knote: [m[Kcandidate: â€˜[01m[Ktemplate<class type> constexpr typename std::enable_if<std::is_convertible<type, const std::vector<unsigned char>&>::value, const std::vector<unsigned char>&>::type rclcpp::ParameterValue::get() const[m[Kâ€™
  289 |   [01;36m[Kget[m[K() const
      |   [01;36m[K^~~[m[K
[01m[K/opt/ros/foxy/include/rclcpp/parameter_value.hpp:289:3:[m[K [01;36m[Knote: [m[K  template argument deduction/substitution failed:
/opt/ros/foxy/include/rclcpp/parameter_value.hpp: In substitution of â€˜[01m[Ktemplate<class type> constexpr typename std::enable_if<std::is_convertible<type, const std::vector<unsigned char>&>::value, const std::vector<unsigned char>&>::type rclcpp::ParameterValue::get() const [with type = std::vector<float>][m[Kâ€™:
[01m[K/opt/ros/foxy/include/rclcpp/node_impl.hpp:169:23:[m[K   required from â€˜[01m[Kauto rclcpp::Node::declare_parameter(const string&, const ParameterT&, const ParameterDescriptor&, bool) [with ParameterT = std::vector<float>; std::string = std::__cxx11::basic_string<char>; rcl_interfaces::msg::ParameterDescriptor = rcl_interfaces::msg::ParameterDescriptor_<std::allocator<void> >][m[Kâ€™
[01m[K/home/joanne/bookros2_ws/src/book_ros2/br2_tracking/src/br2_tracking/ObjectDetector.cpp:59:53:[m[K   required from here
[01m[K/opt/ros/foxy/include/rclcpp/parameter_value.hpp:289:3:[m[K [01;31m[Kerror: [m[Kno type named â€˜[01m[Ktype[m[Kâ€™ in â€˜[01m[Kstruct std::enable_if<false, const std::vector<unsigned char>&>[m[Kâ€™
/opt/ros/foxy/include/rclcpp/node_impl.hpp: In instantiation of â€˜[01m[Kauto rclcpp::Node::declare_parameter(const string&, const ParameterT&, const ParameterDescriptor&, bool) [with ParameterT = std::vector<float>; std::string = std::__cxx11::basic_string<char>; rcl_interfaces::msg::ParameterDescriptor = rcl_interfaces::msg::ParameterDescriptor_<std::allocator<void> >][m[Kâ€™:
[01m[K/home/joanne/bookros2_ws/src/book_ros2/br2_tracking/src/br2_tracking/ObjectDetector.cpp:59:53:[m[K   required from here
[01m[K/opt/ros/foxy/include/rclcpp/parameter_value.hpp:299:3:[m[K [01;36m[Knote: [m[Kcandidate: â€˜[01m[Ktemplate<class type> constexpr typename std::enable_if<std::is_convertible<type, const std::vector<bool>&>::value, const std::vector<bool>&>::type rclcpp::ParameterValue::get() const[m[Kâ€™
  299 |   [01;36m[Kget[m[K() const
      |   [01;36m[K^~~[m[K
[01m[K/opt/ros/foxy/include/rclcpp/parameter_value.hpp:299:3:[m[K [01;36m[Knote: [m[K  template argument deduction/substitution failed:
/opt/ros/foxy/include/rclcpp/parameter_value.hpp: In substitution of â€˜[01m[Ktemplate<class type> constexpr typename std::enable_if<std::is_convertible<type, const std::vector<bool>&>::value, const std::vector<bool>&>::type rclcpp::ParameterValue::get() const [with type = std::vector<float>][m[Kâ€™:
[01m[K/opt/ros/foxy/include/rclcpp/node_impl.hpp:169:23:[m[K   required from â€˜[01m[Kauto rclcpp::Node::declare_parameter(const string&, const ParameterT&, const ParameterDescriptor&, bool) [with ParameterT = std::vector<float>; std::string = std::__cxx11::basic_string<char>; rcl_interfaces::msg::ParameterDescriptor = rcl_interfaces::msg::ParameterDescriptor_<std::allocator<void> >][m[Kâ€™
[01m[K/home/joanne/bookros2_ws/src/book_ros2/br2_tracking/src/br2_tracking/ObjectDetector.cpp:59:53:[m[K   required from here
[01m[K/opt/ros/foxy/include/rclcpp/parameter_value.hpp:299:3:[m[K [01;31m[Kerror: [m[Kno type named â€˜[01m[Ktype[m[Kâ€™ in â€˜[01m[Kstruct std::enable_if<false, const std::vector<bool>&>[m[Kâ€™
/opt/ros/foxy/include/rclcpp/node_impl.hpp: In instantiation of â€˜[01m[Kauto rclcpp::Node::declare_parameter(const string&, const ParameterT&, const ParameterDescriptor&, bool) [with ParameterT = std::vector<float>; std::string = std::__cxx11::basic_string<char>; rcl_interfaces::msg::ParameterDescriptor = rcl_interfaces::msg::ParameterDescriptor_<std::allocator<void> >][m[Kâ€™:
[01m[K/home/joanne/bookros2_ws/src/book_ros2/br2_tracking/src/br2_tracking/ObjectDetector.cpp:59:53:[m[K   required from here
[01m[K/opt/ros/foxy/include/rclcpp/parameter_value.hpp:309:3:[m[K [01;36m[Knote: [m[Kcandidate: â€˜[01m[Ktemplate<class type> constexpr typename std::enable_if<std::is_convertible<type, const std::vector<long int, std::allocator<long int> >&>::value, const std::vector<long int, std::allocator<long int> >&>::type rclcpp::ParameterValue::get() const[m[Kâ€™
  309 |   [01;36m[Kget[m[K() const
      |   [01;36m[K^~~[m[K
[01m[K/opt/ros/foxy/include/rclcpp/parameter_value.hpp:309:3:[m[K [01;36m[Knote: [m[K  template argument deduction/substitution failed:
/opt/ros/foxy/include/rclcpp/parameter_value.hpp: In substitution of â€˜[01m[Ktemplate<class type> constexpr typename std::enable_if<std::is_convertible<type, const std::vector<long int, std::allocator<long int> >&>::value, const std::vector<long int, std::allocator<long int> >&>::type rclcpp::ParameterValue::get() const [with type = std::vector<float>][m[Kâ€™:
[01m[K/opt/ros/foxy/include/rclcpp/node_impl.hpp:169:23:[m[K   required from â€˜[01m[Kauto rclcpp::Node::declare_parameter(const string&, const ParameterT&, const ParameterDescriptor&, bool) [with ParameterT = std::vector<float>; std::string = std::__cxx11::basic_string<char>; rcl_interfaces::msg::ParameterDescriptor = rcl_interfaces::msg::ParameterDescriptor_<std::allocator<void> >][m[Kâ€™
[01m[K/home/joanne/bookros2_ws/src/book_ros2/br2_tracking/src/br2_tracking/ObjectDetector.cpp:59:53:[m[K   required from here
[01m[K/opt/ros/foxy/include/rclcpp/parameter_value.hpp:309:3:[m[K [01;31m[Kerror: [m[Kno type named â€˜[01m[Ktype[m[Kâ€™ in â€˜[01m[Kstruct std::enable_if<false, const std::vector<long int, std::allocator<long int> >&>[m[Kâ€™
/opt/ros/foxy/include/rclcpp/node_impl.hpp: In instantiation of â€˜[01m[Kauto rclcpp::Node::declare_parameter(const string&, const ParameterT&, const ParameterDescriptor&, bool) [with ParameterT = std::vector<float>; std::string = std::__cxx11::basic_string<char>; rcl_interfaces::msg::ParameterDescriptor = rcl_interfaces::msg::ParameterDescriptor_<std::allocator<void> >][m[Kâ€™:
[01m[K/home/joanne/bookros2_ws/src/book_ros2/br2_tracking/src/br2_tracking/ObjectDetector.cpp:59:53:[m[K   required from here
[01m[K/opt/ros/foxy/include/rclcpp/parameter_value.hpp:319:3:[m[K [01;36m[Knote: [m[Kcandidate: â€˜[01m[Ktemplate<class type> constexpr typename std::enable_if<std::is_convertible<type, const std::vector<double, std::allocator<double> >&>::value, const std::vector<double, std::allocator<double> >&>::type rclcpp::ParameterValue::get() const[m[Kâ€™
  319 |   [01;36m[Kget[m[K() const
      |   [01;36m[K^~~[m[K
[01m[K/opt/ros/foxy/include/rclcpp/parameter_value.hpp:319:3:[m[K [01;36m[Knote: [m[K  template argument deduction/substitution failed:
/opt/ros/foxy/include/rclcpp/parameter_value.hpp: In substitution of â€˜[01m[Ktemplate<class type> constexpr typename std::enable_if<std::is_convertible<type, const std::vector<double, std::allocator<double> >&>::value, const std::vector<double, std::allocator<double> >&>::type rclcpp::ParameterValue::get() const [with type = std::vector<float>][m[Kâ€™:
[01m[K/opt/ros/foxy/include/rclcpp/node_impl.hpp:169:23:[m[K   required from â€˜[01m[Kauto rclcpp::Node::declare_parameter(const string&, const ParameterT&, const ParameterDescriptor&, bool) [with ParameterT = std::vector<float>; std::string = std::__cxx11::basic_string<char>; rcl_interfaces::msg::ParameterDescriptor = rcl_interfaces::msg::ParameterDescriptor_<std::allocator<void> >][m[Kâ€™
[01m[K/home/joanne/bookros2_ws/src/book_ros2/br2_tracking/src/br2_tracking/ObjectDetector.cpp:59:53:[m[K   required from here
[01m[K/opt/ros/foxy/include/rclcpp/parameter_value.hpp:319:3:[m[K [01;31m[Kerror: [m[Kno type named â€˜[01m[Ktype[m[Kâ€™ in â€˜[01m[Kstruct std::enable_if<false, const std::vector<double, std::allocator<double> >&>[m[Kâ€™
/opt/ros/foxy/include/rclcpp/node_impl.hpp: In instantiation of â€˜[01m[Kauto rclcpp::Node::declare_parameter(const string&, const ParameterT&, const ParameterDescriptor&, bool) [with ParameterT = std::vector<float>; std::string = std::__cxx11::basic_string<char>; rcl_interfaces::msg::ParameterDescriptor = rcl_interfaces::msg::ParameterDescriptor_<std::allocator<void> >][m[Kâ€™:
[01m[K/home/joanne/bookros2_ws/src/book_ros2/br2_tracking/src/br2_tracking/ObjectDetector.cpp:59:53:[m[K   required from here
[01m[K/opt/ros/foxy/include/rclcpp/parameter_value.hpp:329:3:[m[K [01;36m[Knote: [m[Kcandidate: â€˜[01m[Ktemplate<class type> constexpr typename std::enable_if<std::is_convertible<type, const std::vector<std::__cxx11::basic_string<char> >&>::value, const std::vector<std::__cxx11::basic_string<char> >&>::type rclcpp::ParameterValue::get() const[m[Kâ€™
  329 |   [01;36m[Kget[m[K() const
      |   [01;36m[K^~~[m[K
[01m[K/opt/ros/foxy/include/rclcpp/parameter_value.hpp:329:3:[m[K [01;36m[Knote: [m[K  template argument deduction/substitution failed:
/opt/ros/foxy/include/rclcpp/parameter_value.hpp: In substitution of â€˜[01m[Ktemplate<class type> constexpr typename std::enable_if<std::is_convertible<type, const std::vector<std::__cxx11::basic_string<char> >&>::value, const std::vector<std::__cxx11::basic_string<char> >&>::type rclcpp::ParameterValue::get() const [with type = std::vector<float>][m[Kâ€™:
[01m[K/opt/ros/foxy/include/rclcpp/node_impl.hpp:169:23:[m[K   required from â€˜[01m[Kauto rclcpp::Node::declare_parameter(const string&, const ParameterT&, const ParameterDescriptor&, bool) [with ParameterT = std::vector<float>; std::string = std::__cxx11::basic_string<char>; rcl_interfaces::msg::ParameterDescriptor = rcl_interfaces::msg::ParameterDescriptor_<std::allocator<void> >][m[Kâ€™
[01m[K/home/joanne/bookros2_ws/src/book_ros2/br2_tracking/src/br2_tracking/ObjectDetector.cpp:59:53:[m[K   required from here
[01m[K/opt/ros/foxy/include/rclcpp/parameter_value.hpp:329:3:[m[K [01;31m[Kerror: [m[Kno type named â€˜[01m[Ktype[m[Kâ€™ in â€˜[01m[Kstruct std::enable_if<false, const std::vector<std::__cxx11::basic_string<char> >&>[m[Kâ€™
[01m[K/home/joanne/bookros2_ws/src/book_ros2/br2_tracking/src/br2_tracking/ObjectDetector.cpp:70:3:[m[K [01;31m[Kerror: [m[Kâ€˜[01m[Kmarker_pub_[m[Kâ€™ was not declared in this scope
   70 |   [01;31m[Kmarker_pub_[m[K = this->create_publisher<visualization_msgs::msg::MarkerArray>(
      |   [01;31m[K^~~~~~~~~~~[m[K
[01m[K/home/joanne/bookros2_ws/src/book_ros2/br2_tracking/src/br2_tracking/ObjectDetector.cpp:70:40:[m[K [01;31m[Kerror: [m[Kâ€˜[01m[Kvisualization_msgs[m[Kâ€™ was not declared in this scope
   70 |   marker_pub_ = this->create_publisher<[01;31m[Kvisualization_msgs[m[K::msg::MarkerArray>(
      |                                        [01;31m[K^~~~~~~~~~~~~~~~~~[m[K
[01m[K/home/joanne/bookros2_ws/src/book_ros2/br2_tracking/src/br2_tracking/ObjectDetector.cpp:70:23:[m[K [01;31m[Kerror: [m[Kparse error in template argument list
   70 |   marker_pub_ = this->[01;31m[Kcreate_publisher<visualization_msgs::msg::MarkerArray>[m[K(
      |                       [01;31m[K^~~~~~~~~~~~~~~~~~~~~~~~~~~~~~~~~~~~~~~~~~~~~~~~~~~~~~[m[K
[01m[K/home/joanne/bookros2_ws/src/book_ros2/br2_tracking/src/br2_tracking/ObjectDetector.cpp:71:37:[m[K [01;31m[Kerror: [m[Kno matching function for call to â€˜[01m[Kbr2_tracking::ObjectDetector::create_publisher<<expression error> >(const char [27], int)[m[Kâ€™
   71 |     "/object_detections/markers", 10[01;31m[K)[m[K;
      |                                     [01;31m[K^[m[K
In file included from [01m[K/opt/ros/foxy/include/rclcpp/node.hpp:1224[m[K,
                 from [01m[K/opt/ros/foxy/include/image_transport/image_transport.hpp:43[m[K,
                 from [01m[K/home/joanne/bookros2_ws/src/book_ros2/br2_tracking/include/br2_tracking/ObjectDetector.hpp:23[m[K,
                 from [01m[K/home/joanne/bookros2_ws/src/book_ros2/br2_tracking/src/br2_tracking/ObjectDetector.cpp:20[m[K:
[01m[K/opt/ros/foxy/include/rclcpp/node_impl.hpp:71:1:[m[K [01;36m[Knote: [m[Kcandidate: â€˜[01m[Ktemplate<class MessageT, class AllocatorT, class PublisherT> std::shared_ptr<PublisherT> rclcpp::Node::create_publisher(const string&, const rclcpp::QoS&, const rclcpp::PublisherOptionsWithAllocator<AllocatorT>&)[m[Kâ€™
   71 | [01;36m[KNode[m[K::create_publisher(
      | [01;36m[K^~~~[m[K
[01m[K/opt/ros/foxy/include/rclcpp/node_impl.hpp:71:1:[m[K [01;36m[Knote: [m[K  template argument deduction/substitution failed:
[01m[K/home/joanne/bookros2_ws/src/book_ros2/br2_tracking/src/br2_tracking/ObjectDetector.cpp:71:37:[m[K [01;31m[Kerror: [m[Ktemplate argument 1 is invalid
   71 |     "/object_detections/markers", 10[01;31m[K)[m[K;
      |                                     [01;31m[K^[m[K
[01m[K/home/joanne/bookros2_ws/src/book_ros2/br2_tracking/src/br2_tracking/ObjectDetector.cpp:72:3:[m[K [01;31m[Kerror: [m[Kâ€˜[01m[Kdetections_pub_[m[Kâ€™ was not declared in this scope; did you mean â€˜[01m[Kdetection_pub_[m[Kâ€™?
   72 |   [01;31m[Kdetections_pub_[m[K = this->create_publisher<vision_msgs::msg::Detection3DArray>(
      |   [01;31m[K^~~~~~~~~~~~~~~[m[K
      |   [32m[Kdetection_pub_[m[K
[01m[K/home/joanne/bookros2_ws/src/book_ros2/br2_tracking/src/br2_tracking/ObjectDetector.cpp:72:62:[m[K [01;31m[Kerror: [m[Kâ€˜[01m[KDetection3DArray[m[Kâ€™ is not a member of â€˜[01m[Kvision_msgs::msg[m[Kâ€™; did you mean â€˜[01m[KDetection2D[m[Kâ€™?
   72 |   detections_pub_ = this->create_publisher<vision_msgs::msg::[01;31m[KDetection3DArray[m[K>(
      |                                                              [01;31m[K^~~~~~~~~~~~~~~~[m[K
      |                                                              [32m[KDetection2D[m[K
[01m[K/home/joanne/bookros2_ws/src/book_ros2/br2_tracking/src/br2_tracking/ObjectDetector.cpp:73:29:[m[K [01;31m[Kerror: [m[Kno matching function for call to â€˜[01m[Kbr2_tracking::ObjectDetector::create_publisher<<expression error> >(const char [19], int)[m[Kâ€™
   73 |     "/object_detections", 10[01;31m[K)[m[K;
      |                             [01;31m[K^[m[K
In file included from [01m[K/opt/ros/foxy/include/rclcpp/node.hpp:1224[m[K,
                 from [01m[K/opt/ros/foxy/include/image_transport/image_transport.hpp:43[m[K,
                 from [01m[K/home/joanne/bookros2_ws/src/book_ros2/br2_tracking/include/br2_tracking/ObjectDetector.hpp:23[m[K,
                 from [01m[K/home/joanne/bookros2_ws/src/book_ros2/br2_tracking/src/br2_tracking/ObjectDetector.cpp:20[m[K:
[01m[K/opt/ros/foxy/include/rclcpp/node_impl.hpp:71:1:[m[K [01;36m[Knote: [m[Kcandidate: â€˜[01m[Ktemplate<class MessageT, class AllocatorT, class PublisherT> std::shared_ptr<PublisherT> rclcpp::Node::create_publisher(const string&, const rclcpp::QoS&, const rclcpp::PublisherOptionsWithAllocator<AllocatorT>&)[m[Kâ€™
   71 | [01;36m[KNode[m[K::create_publisher(
      | [01;36m[K^~~~[m[K
[01m[K/opt/ros/foxy/include/rclcpp/node_impl.hpp:71:1:[m[K [01;36m[Knote: [m[K  template argument deduction/substitution failed:
[01m[K/home/joanne/bookros2_ws/src/book_ros2/br2_tracking/src/br2_tracking/ObjectDetector.cpp:73:29:[m[K [01;31m[Kerror: [m[Ktemplate argument 1 is invalid
   73 |     "/object_detections", 10[01;31m[K)[m[K;
      |                             [01;31m[K^[m[K
[01m[K/home/joanne/bookros2_ws/src/book_ros2/br2_tracking/src/br2_tracking/ObjectDetector.cpp:[m[K At global scope:
[01m[K/home/joanne/bookros2_ws/src/book_ros2/br2_tracking/src/br2_tracking/ObjectDetector.cpp:131:1:[m[K [01;31m[Kerror: [m[Kno declaration matches â€˜[01m[Kvoid br2_tracking::ObjectDetector::pointCloudCallback(const ConstSharedPtr&)[m[Kâ€™
  131 | [01;31m[KObjectDetector[m[K::pointCloudCallback(const sensor_msgs::msg::PointCloud2::ConstSharedPtr & msg)
      | [01;31m[K^~~~~~~~~~~~~~[m[K
In file included from [01m[K/home/joanne/bookros2_ws/src/book_ros2/br2_tracking/src/br2_tracking/ObjectDetector.cpp:20[m[K:
[01m[K/home/joanne/bookros2_ws/src/book_ros2/br2_tracking/include/br2_tracking/ObjectDetector.hpp:33:8:[m[K [01;36m[Knote: [m[Kcandidate is: â€˜[01m[Kvoid br2_tracking::ObjectDetector::pointCloudCallback(...) &[m[Kâ€™
   33 |   void [01;36m[KpointCloudCallback[m[K(const sensor_msgs::msg::PointCloud2::ConstSharedPtr & msg);
      |        [01;36m[K^~~~~~~~~~~~~~~~~~[m[K
[01m[K/home/joanne/bookros2_ws/src/book_ros2/br2_tracking/include/br2_tracking/ObjectDetector.hpp:29:7:[m[K [01;36m[Knote: [m[Kâ€˜[01m[Kclass br2_tracking::ObjectDetector[m[Kâ€™ defined here
   29 | class [01;36m[KObjectDetector[m[K : public rclcpp::Node
      |       [01;36m[K^~~~~~~~~~~~~~[m[K
[01m[K/home/joanne/bookros2_ws/src/book_ros2/br2_tracking/src/br2_tracking/ObjectDetector.cpp:263:1:[m[K [01;31m[Kerror: [m[Kno declaration matches â€˜[01m[Kvoid br2_tracking::ObjectDetector::preprocessCloud(const Ptr&, pcl::PointCloud<pcl::PointXYZ>::Ptr&)[m[Kâ€™
  263 | [01;31m[KObjectDetector[m[K::preprocessCloud(
      | [01;31m[K^~~~~~~~~~~~~~[m[K
In file included from [01m[K/home/joanne/bookros2_ws/src/book_ros2/br2_tracking/src/br2_tracking/ObjectDetector.cpp:20[m[K:
[01m[K/home/joanne/bookros2_ws/src/book_ros2/br2_tracking/include/br2_tracking/ObjectDetector.hpp:41:8:[m[K [01;36m[Knote: [m[Kcandidate is: â€˜[01m[Kvoid br2_tracking::ObjectDetector::preprocessCloud(...)[m[Kâ€™
   41 |   void [01;36m[KpreprocessCloud[m[K(
      |        [01;36m[K^~~~~~~~~~~~~~~[m[K
[01m[K/home/joanne/bookros2_ws/src/book_ros2/br2_tracking/include/br2_tracking/ObjectDetector.hpp:29:7:[m[K [01;36m[Knote: [m[Kâ€˜[01m[Kclass br2_tracking::ObjectDetector[m[Kâ€™ defined here
   29 | class [01;36m[KObjectDetector[m[K : public rclcpp::Node
      |       [01;36m[K^~~~~~~~~~~~~~[m[K
[01m[K/home/joanne/bookros2_ws/src/book_ros2/br2_tracking/src/br2_tracking/ObjectDetector.cpp:282:1:[m[K [01;31m[Kerror: [m[Kno declaration matches â€˜[01m[Kvoid br2_tracking::ObjectDetector::performClustering(const Ptr&, std::vector<pcl::PointIndices>&)[m[Kâ€™
  282 | [01;31m[KObjectDetector[m[K::performClustering(
      | [01;31m[K^~~~~~~~~~~~~~[m[K
In file included from [01m[K/home/joanne/bookros2_ws/src/book_ros2/br2_tracking/src/br2_tracking/ObjectDetector.cpp:20[m[K:
[01m[K/home/joanne/bookros2_ws/src/book_ros2/br2_tracking/include/br2_tracking/ObjectDetector.hpp:45:8:[m[K [01;36m[Knote: [m[Kcandidate is: â€˜[01m[Kvoid br2_tracking::ObjectDetector::performClustering(...)[m[Kâ€™
   45 |   void [01;36m[KperformClustering[m[K(
      |        [01;36m[K^~~~~~~~~~~~~~~~~[m[K
[01m[K/home/joanne/bookros2_ws/src/book_ros2/br2_tracking/include/br2_tracking/ObjectDetector.hpp:29:7:[m[K [01;36m[Knote: [m[Kâ€˜[01m[Kclass br2_tracking::ObjectDetector[m[Kâ€™ defined here
   29 | class [01;36m[KObjectDetector[m[K : public rclcpp::Node
      |       [01;36m[K^~~~~~~~~~~~~~[m[K
[01m[K/home/joanne/bookros2_ws/src/book_ros2/br2_tracking/src/br2_tracking/ObjectDetector.cpp:[m[K In member function â€˜[01m[Kvoid br2_tracking::ObjectDetector::setupDebugMode()[m[Kâ€™:
[01m[K/home/joanne/bookros2_ws/src/book_ros2/br2_tracking/src/br2_tracking/ObjectDetector.cpp:308:5:[m[K [01;31m[Kerror: [m[Kâ€˜[01m[Kcluster_cloud_pub_[m[Kâ€™ was not declared in this scope
  308 |     [01;31m[Kcluster_cloud_pub_[m[K = this->create_publisher<sensor_msgs::msg::PointCloud2>(
      |     [01;31m[K^~~~~~~~~~~~~~~~~~[m[K
In file included from [01m[K/opt/ros/foxy/include/rclcpp/node_interfaces/node_parameters_interface.hpp:28[m[K,
                 from [01m[K/opt/ros/foxy/include/rclcpp/node.hpp:51[m[K,
                 from [01m[K/opt/ros/foxy/include/image_transport/image_transport.hpp:43[m[K,
                 from [01m[K/home/joanne/bookros2_ws/src/book_ros2/br2_tracking/include/br2_tracking/ObjectDetector.hpp:23[m[K,
                 from [01m[K/home/joanne/bookros2_ws/src/book_ros2/br2_tracking/src/br2_tracking/ObjectDetector.cpp:20[m[K:
/opt/ros/foxy/include/rclcpp/parameter.hpp: In instantiation of â€˜[01m[Kauto rclcpp::detail::get_value_helper(const rclcpp::Parameter*) [with T = std::vector<float>][m[Kâ€™:
[01m[K/opt/ros/foxy/include/rclcpp/parameter.hpp:273:39:[m[K   required from â€˜[01m[Kdecltype(auto) rclcpp::Parameter::get_value() const [with T = std::vector<float>][m[Kâ€™
[01m[K/opt/ros/foxy/include/rclcpp/node_impl.hpp:234:17:[m[K   required from â€˜[01m[Kbool rclcpp::Node::get_parameter(const string&, ParameterT&) const [with ParameterT = std::vector<float>; std::string = std::__cxx11::basic_string<char>][m[Kâ€™
[01m[K/home/joanne/bookros2_ws/src/book_ros2/br2_tracking/src/br2_tracking/ObjectDetector.cpp:62:49:[m[K   required from here
[01m[K/opt/ros/foxy/include/rclcpp/parameter.hpp:239:50:[m[K [01;31m[Kerror: [m[Kno matching function for call to â€˜[01m[Krclcpp::ParameterValue::get<std::vector<float, std::allocator<float> > >() const[m[Kâ€™
  239 |   return parameter->get_parameter_value().get<T>([01;31m[K)[m[K;
      |                                                  [01;31m[K^[m[K
In file included from [01m[K/opt/ros/foxy/include/rclcpp/parameter.hpp:26[m[K,
                 from [01m[K/opt/ros/foxy/include/rclcpp/node_interfaces/node_parameters_interface.hpp:28[m[K,
                 from [01m[K/opt/ros/foxy/include/rclcpp/node.hpp:51[m[K,
                 from [01m[K/opt/ros/foxy/include/image_transport/image_transport.hpp:43[m[K,
                 from [01m[K/home/joanne/bookros2_ws/src/book_ros2/br2_tracking/include/br2_tracking/ObjectDetector.hpp:23[m[K,
                 from [01m[K/home/joanne/bookros2_ws/src/book_ros2/br2_tracking/src/br2_tracking/ObjectDetector.cpp:20[m[K:
[01m[K/opt/ros/foxy/include/rclcpp/parameter_value.hpp:148:3:[m[K [01;36m[Knote: [m[Kcandidate: â€˜[01m[Ktemplate<rclcpp::ParameterType type> constexpr typename std::enable_if<(type == rclcpp::PARAMETER_BOOL), const bool&>::type rclcpp::ParameterValue::get() const[m[Kâ€™
  148 |   [01;36m[Kget[m[K() const
      |   [01;36m[K^~~[m[K
[01m[K/opt/ros/foxy/include/rclcpp/parameter_value.hpp:148:3:[m[K [01;36m[Knote: [m[K  template argument deduction/substitution failed:
[01m[K/opt/ros/foxy/include/rclcpp/parameter_value.hpp:159:3:[m[K [01;36m[Knote: [m[Kcandidate: â€˜[01m[Ktemplate<rclcpp::ParameterType type> constexpr typename std::enable_if<(type == rclcpp::PARAMETER_INTEGER), const long int&>::type rclcpp::ParameterValue::get() const[m[Kâ€™
  159 |   [01;36m[Kget[m[K() const
      |   [01;36m[K^~~[m[K
[01m[K/opt/ros/foxy/include/rclcpp/parameter_value.hpp:159:3:[m[K [01;36m[Knote: [m[K  template argument deduction/substitution failed:
[01m[K/opt/ros/foxy/include/rclcpp/parameter_value.hpp:170:3:[m[K [01;36m[Knote: [m[Kcandidate: â€˜[01m[Ktemplate<rclcpp::ParameterType type> constexpr typename std::enable_if<(type == rclcpp::PARAMETER_DOUBLE), const double&>::type rclcpp::ParameterValue::get() const[m[Kâ€™
  170 |   [01;36m[Kget[m[K() const
      |   [01;36m[K^~~[m[K
[01m[K/opt/ros/foxy/include/rclcpp/parameter_value.hpp:170:3:[m[K [01;36m[Knote: [m[K  template argument deduction/substitution failed:
[01m[K/opt/ros/foxy/include/rclcpp/parameter_value.hpp:181:3:[m[K [01;36m[Knote: [m[Kcandidate: â€˜[01m[Ktemplate<rclcpp::ParameterType type> constexpr typename std::enable_if<(type == rclcpp::PARAMETER_STRING), const std::__cxx11::basic_string<char>&>::type rclcpp::ParameterValue::get() const[m[Kâ€™
  181 |   [01;36m[Kget[m[K() const
      |   [01;36m[K^~~[m[K
[01m[K/opt/ros/foxy/include/rclcpp/parameter_value.hpp:181:3:[m[K [01;36m[Knote: [m[K  template argument deduction/substitution failed:
[01m[K/opt/ros/foxy/include/rclcpp/parameter_value.hpp:193:3:[m[K [01;36m[Knote: [m[Kcandidate: â€˜[01m[Ktemplate<rclcpp::ParameterType type> constexpr typename std::enable_if<(type == rclcpp::PARAMETER_BYTE_ARRAY), const std::vector<unsigned char>&>::type rclcpp::ParameterValue::get() const[m[Kâ€™
  193 |   [01;36m[Kget[m[K() const
      |   [01;36m[K^~~[m[K
[01m[K/opt/ros/foxy/include/rclcpp/parameter_value.hpp:193:3:[m[K [01;36m[Knote: [m[K  template argument deduction/substitution failed:
[01m[K/opt/ros/foxy/include/rclcpp/parameter_value.hpp:205:3:[m[K [01;36m[Knote: [m[Kcandidate: â€˜[01m[Ktemplate<rclcpp::ParameterType type> constexpr typename std::enable_if<(type == rclcpp::PARAMETER_BOOL_ARRAY), const std::vector<bool>&>::type rclcpp::ParameterValue::get() const[m[Kâ€™
  205 |   [01;36m[Kget[m[K() const
      |   [01;36m[K^~~[m[K
[01m[K/opt/ros/foxy/include/rclcpp/parameter_value.hpp:205:3:[m[K [01;36m[Knote: [m[K  template argument deduction/substitution failed:
[01m[K/opt/ros/foxy/include/rclcpp/parameter_value.hpp:217:3:[m[K [01;36m[Knote: [m[Kcandidate: â€˜[01m[Ktemplate<rclcpp::ParameterType type> constexpr typename std::enable_if<(type == rclcpp::PARAMETER_INTEGER_ARRAY), const std::vector<long int, std::allocator<long int> >&>::type rclcpp::ParameterValue::get() const[m[Kâ€™
  217 |   [01;36m[Kget[m[K() const
      |   [01;36m[K^~~[m[K
[01m[K/opt/ros/foxy/include/rclcpp/parameter_value.hpp:217:3:[m[K [01;36m[Knote: [m[K  template argument deduction/substitution failed:
[01m[K/opt/ros/foxy/include/rclcpp/parameter_value.hpp:229:3:[m[K [01;36m[Knote: [m[Kcandidate: â€˜[01m[Ktemplate<rclcpp::ParameterType type> constexpr typename std::enable_if<(type == rclcpp::PARAMETER_DOUBLE_ARRAY), const std::vector<double, std::allocator<double> >&>::type rclcpp::ParameterValue::get() const[m[Kâ€™
  229 |   [01;36m[Kget[m[K() const
      |   [01;36m[K^~~[m[K
[01m[K/opt/ros/foxy/include/rclcpp/parameter_value.hpp:229:3:[m[K [01;36m[Knote: [m[K  template argument deduction/substitution failed:
[01m[K/opt/ros/foxy/include/rclcpp/parameter_value.hpp:241:3:[m[K [01;36m[Knote: [m[Kcandidate: â€˜[01m[Ktemplate<rclcpp::ParameterType type> constexpr typename std::enable_if<(type == rclcpp::PARAMETER_STRING_ARRAY), const std::vector<std::__cxx11::basic_string<char> >&>::type rclcpp::ParameterValue::get() const[m[Kâ€™
  241 |   [01;36m[Kget[m[K() const
      |   [01;36m[K^~~[m[K
[01m[K/opt/ros/foxy/include/rclcpp/parameter_value.hpp:241:3:[m[K [01;36m[Knote: [m[K  template argument deduction/substitution failed:
[01m[K/opt/ros/foxy/include/rclcpp/parameter_value.hpp:254:3:[m[K [01;36m[Knote: [m[Kcandidate: â€˜[01m[Ktemplate<class type> constexpr typename std::enable_if<std::is_same<T, bool>::value, const bool&>::type rclcpp::ParameterValue::get() const[m[Kâ€™
  254 |   [01;36m[Kget[m[K() const
      |   [01;36m[K^~~[m[K
[01m[K/opt/ros/foxy/include/rclcpp/parameter_value.hpp:254:3:[m[K [01;36m[Knote: [m[K  template argument deduction/substitution failed:
/opt/ros/foxy/include/rclcpp/parameter_value.hpp: In substitution of â€˜[01m[Ktemplate<class type> constexpr typename std::enable_if<std::is_same<T, bool>::value, const bool&>::type rclcpp::ParameterValue::get() const [with type = std::vector<float>][m[Kâ€™:
[01m[K/opt/ros/foxy/include/rclcpp/parameter.hpp:239:50:[m[K   required from â€˜[01m[Kauto rclcpp::detail::get_value_helper(const rclcpp::Parameter*) [with T = std::vector<float>][m[Kâ€™
[01m[K/opt/ros/foxy/include/rclcpp/parameter.hpp:273:39:[m[K   required from â€˜[01m[Kdecltype(auto) rclcpp::Parameter::get_value() const [with T = std::vector<float>][m[Kâ€™
[01m[K/opt/ros/foxy/include/rclcpp/node_impl.hpp:234:17:[m[K   required from â€˜[01m[Kbool rclcpp::Node::get_parameter(const string&, ParameterT&) const [with ParameterT = std::vector<float>; std::string = std::__cxx11::basic_string<char>][m[Kâ€™
[01m[K/home/joanne/bookros2_ws/src/book_ros2/br2_tracking/src/br2_tracking/ObjectDetector.cpp:62:49:[m[K   required from here
[01m[K/opt/ros/foxy/include/rclcpp/parameter_value.hpp:254:3:[m[K [01;31m[Kerror: [m[Kno type named â€˜[01m[Ktype[m[Kâ€™ in â€˜[01m[Kstruct std::enable_if<false, const bool&>[m[Kâ€™
/opt/ros/foxy/include/rclcpp/parameter.hpp: In instantiation of â€˜[01m[Kauto rclcpp::detail::get_value_helper(const rclcpp::Parameter*) [with T = std::vector<float>][m[Kâ€™:
[01m[K/opt/ros/foxy/include/rclcpp/parameter.hpp:273:39:[m[K   required from â€˜[01m[Kdecltype(auto) rclcpp::Parameter::get_value() const [with T = std::vector<float>][m[Kâ€™
[01m[K/opt/ros/foxy/include/rclcpp/node_impl.hpp:234:17:[m[K   required from â€˜[01m[Kbool rclcpp::Node::get_parameter(const string&, ParameterT&) const [with ParameterT = std::vector<float>; std::string = std::__cxx11::basic_string<char>][m[Kâ€™
[01m[K/home/joanne/bookros2_ws/src/book_ros2/br2_tracking/src/br2_tracking/ObjectDetector.cpp:62:49:[m[K   required from here
[01m[K/opt/ros/foxy/include/rclcpp/parameter_value.hpp:263:3:[m[K [01;36m[Knote: [m[Kcandidate: â€˜[01m[Ktemplate<class type> constexpr typename std::enable_if<(std::is_integral<_Tp>::value && (! std::is_same<T, bool>::value)), const long int&>::type rclcpp::ParameterValue::get() const[m[Kâ€™
  263 |   [01;36m[Kget[m[K() const
      |   [01;36m[K^~~[m[K
[01m[K/opt/ros/foxy/include/rclcpp/parameter_value.hpp:263:3:[m[K [01;36m[Knote: [m[K  template argument deduction/substitution failed:
/opt/ros/foxy/include/rclcpp/parameter_value.hpp: In substitution of â€˜[01m[Ktemplate<class type> constexpr typename std::enable_if<(std::is_integral<_Tp>::value && (! std::is_same<T, bool>::value)), const long int&>::type rclcpp::ParameterValue::get() const [with type = std::vector<float>][m[Kâ€™:
[01m[K/opt/ros/foxy/include/rclcpp/parameter.hpp:239:50:[m[K   required from â€˜[01m[Kauto rclcpp::detail::get_value_helper(const rclcpp::Parameter*) [with T = std::vector<float>][m[Kâ€™
[01m[K/opt/ros/foxy/include/rclcpp/parameter.hpp:273:39:[m[K   required from â€˜[01m[Kdecltype(auto) rclcpp::Parameter::get_value() const [with T = std::vector<float>][m[Kâ€™
[01m[K/opt/ros/foxy/include/rclcpp/node_impl.hpp:234:17:[m[K   required from â€˜[01m[Kbool rclcpp::Node::get_parameter(const string&, ParameterT&) const [with ParameterT = std::vector<float>; std::string = std::__cxx11::basic_string<char>][m[Kâ€™
[01m[K/home/joanne/bookros2_ws/src/book_ros2/br2_tracking/src/br2_tracking/ObjectDetector.cpp:62:49:[m[K   required from here
[01m[K/opt/ros/foxy/include/rclcpp/parameter_value.hpp:263:3:[m[K [01;31m[Kerror: [m[Kno type named â€˜[01m[Ktype[m[Kâ€™ in â€˜[01m[Kstruct std::enable_if<false, const long int&>[m[Kâ€™
/opt/ros/foxy/include/rclcpp/parameter.hpp: In instantiation of â€˜[01m[Kauto rclcpp::detail::get_value_helper(const rclcpp::Parameter*) [with T = std::vector<float>][m[Kâ€™:
[01m[K/opt/ros/foxy/include/rclcpp/parameter.hpp:273:39:[m[K   required from â€˜[01m[Kdecltype(auto) rclcpp::Parameter::get_value() const [with T = std::vector<float>][m[Kâ€™
[01m[K/opt/ros/foxy/include/rclcpp/node_impl.hpp:234:17:[m[K   required from â€˜[01m[Kbool rclcpp::Node::get_parameter(const string&, ParameterT&) const [with ParameterT = std::vector<float>; std::string = std::__cxx11::basic_string<char>][m[Kâ€™
[01m[K/home/joanne/bookros2_ws/src/book_ros2/br2_tracking/src/br2_tracking/ObjectDetector.cpp:62:49:[m[K   required from here
[01m[K/opt/ros/foxy/include/rclcpp/parameter_value.hpp:271:3:[m[K [01;36m[Knote: [m[Kcandidate: â€˜[01m[Ktemplate<class type> constexpr typename std::enable_if<std::is_floating_point<_Tp>::value, const double&>::type rclcpp::ParameterValue::get() const[m[Kâ€™
  271 |   [01;36m[Kget[m[K() const
      |   [01;36m[K^~~[m[K
[01m[K/opt/ros/foxy/include/rclcpp/parameter_value.hpp:271:3:[m[K [01;36m[Knote: [m[K  template argument deduction/substitution failed:
/opt/ros/foxy/include/rclcpp/parameter_value.hpp: In substitution of â€˜[01m[Ktemplate<class type> constexpr typename std::enable_if<std::is_floating_point<_Tp>::value, const double&>::type rclcpp::ParameterValue::get() const [with type = std::vector<float>][m[Kâ€™:
[01m[K/opt/ros/foxy/include/rclcpp/parameter.hpp:239:50:[m[K   required from â€˜[01m[Kauto rclcpp::detail::get_value_helper(const rclcpp::Parameter*) [with T = std::vector<float>][m[Kâ€™
[01m[K/opt/ros/foxy/include/rclcpp/parameter.hpp:273:39:[m[K   required from â€˜[01m[Kdecltype(auto) rclcpp::Parameter::get_value() const [with T = std::vector<float>][m[Kâ€™
[01m[K/opt/ros/foxy/include/rclcpp/node_impl.hpp:234:17:[m[K   required from â€˜[01m[Kbool rclcpp::Node::get_parameter(const string&, ParameterT&) const [with ParameterT = std::vector<float>; std::string = std::__cxx11::basic_string<char>][m[Kâ€™
[01m[K/home/joanne/bookros2_ws/src/book_ros2/br2_tracking/src/br2_tracking/ObjectDetector.cpp:62:49:[m[K   required from here
[01m[K/opt/ros/foxy/include/rclcpp/parameter_value.hpp:271:3:[m[K [01;31m[Kerror: [m[Kno type named â€˜[01m[Ktype[m[Kâ€™ in â€˜[01m[Kstruct std::enable_if<false, const double&>[m[Kâ€™
/opt/ros/foxy/include/rclcpp/parameter.hpp: In instantiation of â€˜[01m[Kauto rclcpp::detail::get_value_helper(const rclcpp::Parameter*) [with T = std::vector<float>][m[Kâ€™:
[01m[K/opt/ros/foxy/include/rclcpp/parameter.hpp:273:39:[m[K   required from â€˜[01m[Kdecltype(auto) rclcpp::Parameter::get_value() const [with T = std::vector<float>][m[Kâ€™
[01m[K/opt/ros/foxy/include/rclcpp/node_impl.hpp:234:17:[m[K   required from â€˜[01m[Kbool rclcpp::Node::get_parameter(const string&, ParameterT&) const [with ParameterT = std::vector<float>; std::string = std::__cxx11::basic_string<char>][m[Kâ€™
[01m[K/home/joanne/bookros2_ws/src/book_ros2/br2_tracking/src/br2_tracking/ObjectDetector.cpp:62:49:[m[K   required from here
[01m[K/opt/ros/foxy/include/rclcpp/parameter_value.hpp:279:3:[m[K [01;36m[Knote: [m[Kcandidate: â€˜[01m[Ktemplate<class type> constexpr typename std::enable_if<std::is_convertible<type, std::__cxx11::basic_string<char> >::value, const std::__cxx11::basic_string<char>&>::type rclcpp::ParameterValue::get() const[m[Kâ€™
  279 |   [01;36m[Kget[m[K() const
      |   [01;36m[K^~~[m[K
[01m[K/opt/ros/foxy/include/rclcpp/parameter_value.hpp:279:3:[m[K [01;36m[Knote: [m[K  template argument deduction/substitution failed:
/opt/ros/foxy/include/rclcpp/parameter_value.hpp: In substitution of â€˜[01m[Ktemplate<class type> constexpr typename std::enable_if<std::is_convertible<type, std::__cxx11::basic_string<char> >::value, const std::__cxx11::basic_string<char>&>::type rclcpp::ParameterValue::get() const [with type = std::vector<float>][m[Kâ€™:
[01m[K/opt/ros/foxy/include/rclcpp/parameter.hpp:239:50:[m[K   required from â€˜[01m[Kauto rclcpp::detail::get_value_helper(const rclcpp::Parameter*) [with T = std::vector<float>][m[Kâ€™
[01m[K/opt/ros/foxy/include/rclcpp/parameter.hpp:273:39:[m[K   required from â€˜[01m[Kdecltype(auto) rclcpp::Parameter::get_value() const [with T = std::vector<float>][m[Kâ€™
[01m[K/opt/ros/foxy/include/rclcpp/node_impl.hpp:234:17:[m[K   required from â€˜[01m[Kbool rclcpp::Node::get_parameter(const string&, ParameterT&) const [with ParameterT = std::vector<float>; std::string = std::__cxx11::basic_string<char>][m[Kâ€™
[01m[K/home/joanne/bookros2_ws/src/book_ros2/br2_tracking/src/br2_tracking/ObjectDetector.cpp:62:49:[m[K   required from here
[01m[K/opt/ros/foxy/include/rclcpp/parameter_value.hpp:279:3:[m[K [01;31m[Kerror: [m[Kno type named â€˜[01m[Ktype[m[Kâ€™ in â€˜[01m[Kstruct std::enable_if<false, const std::__cxx11::basic_string<char>&>[m[Kâ€™
/opt/ros/foxy/include/rclcpp/parameter.hpp: In instantiation of â€˜[01m[Kauto rclcpp::detail::get_value_helper(const rclcpp::Parameter*) [with T = std::vector<float>][m[Kâ€™:
[01m[K/opt/ros/foxy/include/rclcpp/parameter.hpp:273:39:[m[K   required from â€˜[01m[Kdecltype(auto) rclcpp::Parameter::get_value() const [with T = std::vector<float>][m[Kâ€™
[01m[K/opt/ros/foxy/include/rclcpp/node_impl.hpp:234:17:[m[K   required from â€˜[01m[Kbool rclcpp::Node::get_parameter(const string&, ParameterT&) const [with ParameterT = std::vector<float>; std::string = std::__cxx11::basic_string<char>][m[Kâ€™
[01m[K/home/joanne/bookros2_ws/src/book_ros2/br2_tracking/src/br2_tracking/ObjectDetector.cpp:62:49:[m[K   required from here
[01m[K/opt/ros/foxy/include/rclcpp/parameter_value.hpp:289:3:[m[K [01;36m[Knote: [m[Kcandidate: â€˜[01m[Ktemplate<class type> constexpr typename std::enable_if<std::is_convertible<type, const std::vector<unsigned char>&>::value, const std::vector<unsigned char>&>::type rclcpp::ParameterValue::get() const[m[Kâ€™
  289 |   [01;36m[Kget[m[K() const
      |   [01;36m[K^~~[m[K
[01m[K/opt/ros/foxy/include/rclcpp/parameter_value.hpp:289:3:[m[K [01;36m[Knote: [m[K  template argument deduction/substitution failed:
/opt/ros/foxy/include/rclcpp/parameter_value.hpp: In substitution of â€˜[01m[Ktemplate<class type> constexpr typename std::enable_if<std::is_convertible<type, const std::vector<unsigned char>&>::value, const std::vector<unsigned char>&>::type rclcpp::ParameterValue::get() const [with type = std::vector<float>][m[Kâ€™:
[01m[K/opt/ros/foxy/include/rclcpp/parameter.hpp:239:50:[m[K   required from â€˜[01m[Kauto rclcpp::detail::get_value_helper(const rclcpp::Parameter*) [with T = std::vector<float>][m[Kâ€™
[01m[K/opt/ros/foxy/include/rclcpp/parameter.hpp:273:39:[m[K   required from â€˜[01m[Kdecltype(auto) rclcpp::Parameter::get_value() const [with T = std::vector<float>][m[Kâ€™
[01m[K/opt/ros/foxy/include/rclcpp/node_impl.hpp:234:17:[m[K   required from â€˜[01m[Kbool rclcpp::Node::get_parameter(const string&, ParameterT&) const [with ParameterT = std::vector<float>; std::string = std::__cxx11::basic_string<char>][m[Kâ€™
[01m[K/home/joanne/bookros2_ws/src/book_ros2/br2_tracking/src/br2_tracking/ObjectDetector.cpp:62:49:[m[K   required from here
[01m[K/opt/ros/foxy/include/rclcpp/parameter_value.hpp:289:3:[m[K [01;31m[Kerror: [m[Kno type named â€˜[01m[Ktype[m[Kâ€™ in â€˜[01m[Kstruct std::enable_if<false, const std::vector<unsigned char>&>[m[Kâ€™
/opt/ros/foxy/include/rclcpp/parameter.hpp: In instantiation of â€˜[01m[Kauto rclcpp::detail::get_value_helper(const rclcpp::Parameter*) [with T = std::vector<float>][m[Kâ€™:
[01m[K/opt/ros/foxy/include/rclcpp/parameter.hpp:273:39:[m[K   required from â€˜[01m[Kdecltype(auto) rclcpp::Parameter::get_value() const [with T = std::vector<float>][m[Kâ€™
[01m[K/opt/ros/foxy/include/rclcpp/node_impl.hpp:234:17:[m[K   required from â€˜[01m[Kbool rclcpp::Node::get_parameter(const string&, ParameterT&) const [with ParameterT = std::vector<float>; std::string = std::__cxx11::basic_string<char>][m[Kâ€™
[01m[K/home/joanne/bookros2_ws/src/book_ros2/br2_tracking/src/br2_tracking/ObjectDetector.cpp:62:49:[m[K   required from here
[01m[K/opt/ros/foxy/include/rclcpp/parameter_value.hpp:299:3:[m[K [01;36m[Knote: [m[Kcandidate: â€˜[01m[Ktemplate<class type> constexpr typename std::enable_if<std::is_convertible<type, const std::vector<bool>&>::value, const std::vector<bool>&>::type rclcpp::ParameterValue::get() const[m[Kâ€™
  299 |   [01;36m[Kget[m[K() const
      |   [01;36m[K^~~[m[K
[01m[K/opt/ros/foxy/include/rclcpp/parameter_value.hpp:299:3:[m[K [01;36m[Knote: [m[K  template argument deduction/substitution failed:
/opt/ros/foxy/include/rclcpp/parameter_value.hpp: In substitution of â€˜[01m[Ktemplate<class type> constexpr typename std::enable_if<std::is_convertible<type, const std::vector<bool>&>::value, const std::vector<bool>&>::type rclcpp::ParameterValue::get() const [with type = std::vector<float>][m[Kâ€™:
[01m[K/opt/ros/foxy/include/rclcpp/parameter.hpp:239:50:[m[K   required from â€˜[01m[Kauto rclcpp::detail::get_value_helper(const rclcpp::Parameter*) [with T = std::vector<float>][m[Kâ€™
[01m[K/opt/ros/foxy/include/rclcpp/parameter.hpp:273:39:[m[K   required from â€˜[01m[Kdecltype(auto) rclcpp::Parameter::get_value() const [with T = std::vector<float>][m[Kâ€™
[01m[K/opt/ros/foxy/include/rclcpp/node_impl.hpp:234:17:[m[K   required from â€˜[01m[Kbool rclcpp::Node::get_parameter(const string&, ParameterT&) const [with ParameterT = std::vector<float>; std::string = std::__cxx11::basic_string<char>][m[Kâ€™
[01m[K/home/joanne/bookros2_ws/src/book_ros2/br2_tracking/src/br2_tracking/ObjectDetector.cpp:62:49:[m[K   required from here
[01m[K/opt/ros/foxy/include/rclcpp/parameter_value.hpp:299:3:[m[K [01;31m[Kerror: [m[Kno type named â€˜[01m[Ktype[m[Kâ€™ in â€˜[01m[Kstruct std::enable_if<false, const std::vector<bool>&>[m[Kâ€™
/opt/ros/foxy/include/rclcpp/parameter.hpp: In instantiation of â€˜[01m[Kauto rclcpp::detail::get_value_helper(const rclcpp::Parameter*) [with T = std::vector<float>][m[Kâ€™:
[01m[K/opt/ros/foxy/include/rclcpp/parameter.hpp:273:39:[m[K   required from â€˜[01m[Kdecltype(auto) rclcpp::Parameter::get_value() const [with T = std::vector<float>][m[Kâ€™
[01m[K/opt/ros/foxy/include/rclcpp/node_impl.hpp:234:17:[m[K   required from â€˜[01m[Kbool rclcpp::Node::get_parameter(const string&, ParameterT&) const [with ParameterT = std::vector<float>; std::string = std::__cxx11::basic_string<char>][m[Kâ€™
[01m[K/home/joanne/bookros2_ws/src/book_ros2/br2_tracking/src/br2_tracking/ObjectDetector.cpp:62:49:[m[K   required from here
[01m[K/opt/ros/foxy/include/rclcpp/parameter_value.hpp:309:3:[m[K [01;36m[Knote: [m[Kcandidate: â€˜[01m[Ktemplate<class type> constexpr typename std::enable_if<std::is_convertible<type, const std::vector<long int, std::allocator<long int> >&>::value, const std::vector<long int, std::allocator<long int> >&>::type rclcpp::ParameterValue::get() const[m[Kâ€™
  309 |   [01;36m[Kget[m[K() const
      |   [01;36m[K^~~[m[K
[01m[K/opt/ros/foxy/include/rclcpp/parameter_value.hpp:309:3:[m[K [01;36m[Knote: [m[K  template argument deduction/substitution failed:
/opt/ros/foxy/include/rclcpp/parameter_value.hpp: In substitution of â€˜[01m[Ktemplate<class type> constexpr typename std::enable_if<std::is_convertible<type, const std::vector<long int, std::allocator<long int> >&>::value, const std::vector<long int, std::allocator<long int> >&>::type rclcpp::ParameterValue::get() const [with type = std::vector<float>][m[Kâ€™:
[01m[K/opt/ros/foxy/include/rclcpp/parameter.hpp:239:50:[m[K   required from â€˜[01m[Kauto rclcpp::detail::get_value_helper(const rclcpp::Parameter*) [with T = std::vector<float>][m[Kâ€™
[01m[K/opt/ros/foxy/include/rclcpp/parameter.hpp:273:39:[m[K   required from â€˜[01m[Kdecltype(auto) rclcpp::Parameter::get_value() const [with T = std::vector<float>][m[Kâ€™
[01m[K/opt/ros/foxy/include/rclcpp/node_impl.hpp:234:17:[m[K   required from â€˜[01m[Kbool rclcpp::Node::get_parameter(const string&, ParameterT&) const [with ParameterT = std::vector<float>; std::string = std::__cxx11::basic_string<char>][m[Kâ€™
[01m[K/home/joanne/bookros2_ws/src/book_ros2/br2_tracking/src/br2_tracking/ObjectDetector.cpp:62:49:[m[K   required from here
[01m[K/opt/ros/foxy/include/rclcpp/parameter_value.hpp:309:3:[m[K [01;31m[Kerror: [m[Kno type named â€˜[01m[Ktype[m[Kâ€™ in â€˜[01m[Kstruct std::enable_if<false, const std::vector<long int, std::allocator<long int> >&>[m[Kâ€™
/opt/ros/foxy/include/rclcpp/parameter.hpp: In instantiation of â€˜[01m[Kauto rclcpp::detail::get_value_helper(const rclcpp::Parameter*) [with T = std::vector<float>][m[Kâ€™:
[01m[K/opt/ros/foxy/include/rclcpp/parameter.hpp:273:39:[m[K   required from â€˜[01m[Kdecltype(auto) rclcpp::Parameter::get_value() const [with T = std::vector<float>][m[Kâ€™
[01m[K/opt/ros/foxy/include/rclcpp/node_impl.hpp:234:17:[m[K   required from â€˜[01m[Kbool rclcpp::Node::get_parameter(const string&, ParameterT&) const [with ParameterT = std::vector<float>; std::string = std::__cxx11::basic_string<char>][m[Kâ€™
[01m[K/home/joanne/bookros2_ws/src/book_ros2/br2_tracking/src/br2_tracking/ObjectDetector.cpp:62:49:[m[K   required from here
[01m[K/opt/ros/foxy/include/rclcpp/parameter_value.hpp:319:3:[m[K [01;36m[Knote: [m[Kcandidate: â€˜[01m[Ktemplate<class type> constexpr typename std::enable_if<std::is_convertible<type, const std::vector<double, std::allocator<double> >&>::value, const std::vector<double, std::allocator<double> >&>::type rclcpp::ParameterValue::get() const[m[Kâ€™
  319 |   [01;36m[Kget[m[K() const
      |   [01;36m[K^~~[m[K
[01m[K/opt/ros/foxy/include/rclcpp/parameter_value.hpp:319:3:[m[K [01;36m[Knote: [m[K  template argument deduction/substitution failed:
/opt/ros/foxy/include/rclcpp/parameter_value.hpp: In substitution of â€˜[01m[Ktemplate<class type> constexpr typename std::enable_if<std::is_convertible<type, const std::vector<double, std::allocator<double> >&>::value, const std::vector<double, std::allocator<double> >&>::type rclcpp::ParameterValue::get() const [with type = std::vector<float>][m[Kâ€™:
[01m[K/opt/ros/foxy/include/rclcpp/parameter.hpp:239:50:[m[K   required from â€˜[01m[Kauto rclcpp::detail::get_value_helper(const rclcpp::Parameter*) [with T = std::vector<float>][m[Kâ€™
[01m[K/opt/ros/foxy/include/rclcpp/parameter.hpp:273:39:[m[K   required from â€˜[01m[Kdecltype(auto) rclcpp::Parameter::get_value() const [with T = std::vector<float>][m[Kâ€™
[01m[K/opt/ros/foxy/include/rclcpp/node_impl.hpp:234:17:[m[K   required from â€˜[01m[Kbool rclcpp::Node::get_parameter(const string&, ParameterT&) const [with ParameterT = std::vector<float>; std::string = std::__cxx11::basic_string<char>][m[Kâ€™
[01m[K/home/joanne/bookros2_ws/src/book_ros2/br2_tracking/src/br2_tracking/ObjectDetector.cpp:62:49:[m[K   required from here
[01m[K/opt/ros/foxy/include/rclcpp/parameter_value.hpp:319:3:[m[K [01;31m[Kerror: [m[Kno type named â€˜[01m[Ktype[m[Kâ€™ in â€˜[01m[Kstruct std::enable_if<false, const std::vector<double, std::allocator<double> >&>[m[Kâ€™
/opt/ros/foxy/include/rclcpp/parameter.hpp: In instantiation of â€˜[01m[Kauto rclcpp::detail::get_value_helper(const rclcpp::Parameter*) [with T = std::vector<float>][m[Kâ€™:
[01m[K/opt/ros/foxy/include/rclcpp/parameter.hpp:273:39:[m[K   required from â€˜[01m[Kdecltype(auto) rclcpp::Parameter::get_value() const [with T = std::vector<float>][m[Kâ€™
[01m[K/opt/ros/foxy/include/rclcpp/node_impl.hpp:234:17:[m[K   required from â€˜[01m[Kbool rclcpp::Node::get_parameter(const string&, ParameterT&) const [with ParameterT = std::vector<float>; std::string = std::__cxx11::basic_string<char>][m[Kâ€™
[01m[K/home/joanne/bookros2_ws/src/book_ros2/br2_tracking/src/br2_tracking/ObjectDetector.cpp:62:49:[m[K   required from here
[01m[K/opt/ros/foxy/include/rclcpp/parameter_value.hpp:329:3:[m[K [01;36m[Knote: [m[Kcandidate: â€˜[01m[Ktemplate<class type> constexpr typename std::enable_if<std::is_convertible<type, const std::vector<std::__cxx11::basic_string<char> >&>::value, const std::vector<std::__cxx11::basic_string<char> >&>::type rclcpp::ParameterValue::get() const[m[Kâ€™
  329 |   [01;36m[Kget[m[K() const
      |   [01;36m[K^~~[m[K
[01m[K/opt/ros/foxy/include/rclcpp/parameter_value.hpp:329:3:[m[K [01;36m[Knote: [m[K  template argument deduction/substitution failed:
/opt/ros/foxy/include/rclcpp/parameter_value.hpp: In substitution of â€˜[01m[Ktemplate<class type> constexpr typename std::enable_if<std::is_convertible<type, const std::vector<std::__cxx11::basic_string<char> >&>::value, const std::vector<std::__cxx11::basic_string<char> >&>::type rclcpp::ParameterValue::get() const [with type = std::vector<float>][m[Kâ€™:
[01m[K/opt/ros/foxy/include/rclcpp/parameter.hpp:239:50:[m[K   required from â€˜[01m[Kauto rclcpp::detail::get_value_helper(const rclcpp::Parameter*) [with T = std::vector<float>][m[Kâ€™
[01m[K/opt/ros/foxy/include/rclcpp/parameter.hpp:273:39:[m[K   required from â€˜[01m[Kdecltype(auto) rclcpp::Parameter::get_value() const [with T = std::vector<float>][m[Kâ€™
[01m[K/opt/ros/foxy/include/rclcpp/node_impl.hpp:234:17:[m[K   required from â€˜[01m[Kbool rclcpp::Node::get_parameter(const string&, ParameterT&) const [with ParameterT = std::vector<float>; std::string = std::__cxx11::basic_string<char>][m[Kâ€™
[01m[K/home/joanne/bookros2_ws/src/book_ros2/br2_tracking/src/br2_tracking/ObjectDetector.cpp:62:49:[m[K   required from here
[01m[K/opt/ros/foxy/include/rclcpp/parameter_value.hpp:329:3:[m[K [01;31m[Kerror: [m[Kno type named â€˜[01m[Ktype[m[Kâ€™ in â€˜[01m[Kstruct std::enable_if<false, const std::vector<std::__cxx11::basic_string<char> >&>[m[Kâ€™
In file included from [01m[K/opt/ros/foxy/include/rclcpp/node.hpp:1224[m[K,
                 from [01m[K/opt/ros/foxy/include/image_transport/image_transport.hpp:43[m[K,
                 from [01m[K/home/joanne/bookros2_ws/src/book_ros2/br2_tracking/include/br2_tracking/ObjectDetector.hpp:23[m[K,
                 from [01m[K/home/joanne/bookros2_ws/src/book_ros2/br2_tracking/src/br2_tracking/ObjectDetector.cpp:20[m[K:
/opt/ros/foxy/include/rclcpp/node_impl.hpp: In instantiation of â€˜[01m[Kbool rclcpp::Node::get_parameter(const string&, ParameterT&) const [with ParameterT = std::vector<float>; std::string = std::__cxx11::basic_string<char>][m[Kâ€™:
[01m[K/home/joanne/bookros2_ws/src/book_ros2/br2_tracking/src/br2_tracking/ObjectDetector.cpp:62:49:[m[K   required from here
[01m[K/opt/ros/foxy/include/rclcpp/node_impl.hpp:234:17:[m[K [01;31m[Kerror: [m[Kinvalid use of void expression
  234 |     parameter = [01;31m[Kstatic_cast<ParameterT>(parameter_variant.get_value<ParameterT>())[m[K;
      |                 [01;31m[K^~~~~~~~~~~~~~~~~~~~~~~~~~~~~~~~~~~~~~~~~~~~~~~~~~~~~~~~~~~~~~~~~~[m[K
make[2]: *** [CMakeFiles/br2_tracking.dir/build.make:63: CMakeFiles/br2_tracking.dir/src/br2_tracking/ObjectDetector.cpp.o] Error 1
make[1]: *** [CMakeFiles/Makefile2:204: CMakeFiles/br2_tracking.dir/all] Error 2
make: *** [Makefile:141: all] Error 2
