[0.030s] Invoking command in '/home/joanne/bookros2_ws/build/br2_tracking': CMAKE_PREFIX_PATH=/home/joanne/bookros2_ws/install/br2_tracking_msgs:/home/joanne/bookros2_ws/install/gazebo_ros2_control_demos:/home/joanne/bookros2_ws/install/ros2_controllers:/home/joanne/bookros2_ws/install/velocity_controllers:/home/joanne/bookros2_ws/install/urdf_test:/home/joanne/bookros2_ws/install/tiago_simulation:/home/joanne/bookros2_ws/install/tiago_robot:/home/joanne/bookros2_ws/install/tiago_2dnav_gazebo:/home/joanne/bookros2_ws/install/tiago_gazebo:/home/joanne/bookros2_ws/install/tiago_bringup:/home/joanne/bookros2_ws/install/pmb2_robot:/home/joanne/bookros2_ws/install/pmb2_bringup:/home/joanne/bookros2_ws/install/twist_mux:/home/joanne/bookros2_ws/install/transmission_interface:/home/joanne/bookros2_ws/install/tiago_description:/home/joanne/bookros2_ws/install/tiago_description_calibration:/home/joanne/bookros2_ws/install/tiago_controller_configuration:/home/joanne/bookros2_ws/install/ros2_control:/home/joanne/bookros2_ws/install/ros2_control_test_assets:/home/joanne/bookros2_ws/install/pal_gripper:/home/joanne/bookros2_ws/install/pal_gripper_controller_configuration:/home/joanne/bookros2_ws/install/position_controllers:/home/joanne/bookros2_ws/install/pmb2_navigation:/home/joanne/bookros2_ws/install/pmb2_2dnav:/home/joanne/bookros2_ws/install/pmb2_maps:/home/joanne/bookros2_ws/install/pmb2_description:/home/joanne/bookros2_ws/install/pmb2_controller_configuration:/home/joanne/bookros2_ws/install/pal_gripper_description:/home/joanne/bookros2_ws/install/pal_gazebo_worlds:/home/joanne/bookros2_ws/install/joint_trajectory_controller:/home/joanne/bookros2_ws/install/joint_state_controller:/home/joanne/bookros2_ws/install/joint_state_broadcaster:/home/joanne/bookros2_ws/install/imu_sensor_broadcaster:/home/joanne/bookros2_ws/install/hey5_description:/home/joanne/bookros2_ws/install/gripper_controllers:/home/joanne/bookros2_ws/install/gazebo_ros2_control:/home/joanne/bookros2_ws/install/effort_controllers:/home/joanne/bookros2_ws/install/forward_command_controller:/home/joanne/bookros2_ws/install/force_torque_sensor_broadcaster:/home/joanne/bookros2_ws/install/diff_drive_controller:/home/joanne/bookros2_ws/install/controller_manager:/home/joanne/bookros2_ws/install/controller_interface:/home/joanne/bookros2_ws/install/hardware_interface:/home/joanne/bookros2_ws/install/groot:/home/joanne/bookros2_ws/install/controller_manager_msgs:/home/joanne/bookros2_ws/install/br2_vff_avoidance:/home/joanne/bookros2_ws/install/br2_tracking:/home/joanne/bookros2_ws/install/br2_tiago:/home/joanne/bookros2_ws/install/br2_tf2_detector:/home/joanne/bookros2_ws/install/br2_navigation:/home/joanne/bookros2_ws/install/br2_fsm_bumpgo_cpp:/home/joanne/bookros2_ws/install/br2_bt_patrolling:/home/joanne/bookros2_ws/install/br2_bt_bumpgo:/home/joanne/bookros2_ws/install/br2_basics:/home/joanne/nav2_ws/install/nav2_system_tests:/home/joanne/nav2_ws/install/nav2_bringup:/home/joanne/nav2_ws/install/navigation2:/home/joanne/nav2_ws/install/smac_planner:/home/joanne/nav2_ws/install/nav2_dwb_controller:/home/joanne/nav2_ws/install/nav2_controller:/home/joanne/nav2_ws/install/dwb_plugins:/home/joanne/nav2_ws/install/dwb_critics:/home/joanne/nav2_ws/install/dwb_core:/home/joanne/nav2_ws/install/nav_2d_utils:/home/joanne/nav2_ws/install/dwb_msgs:/home/joanne/nav2_ws/install/nav_2d_msgs:/home/joanne/nav2_ws/install/nav2_waypoint_follower:/home/joanne/nav2_ws/install/nav2_regulated_pure_pursuit_controller:/home/joanne/nav2_ws/install/nav2_recoveries:/home/joanne/nav2_ws/install/nav2_planner:/home/joanne/nav2_ws/install/nav2_navfn_planner:/home/joanne/nav2_ws/install/nav2_core:/home/joanne/nav2_ws/install/costmap_queue:/home/joanne/nav2_ws/install/nav2_costmap_2d:/home/joanne/nav2_ws/install/nav2_voxel_grid:/home/joanne/nav2_ws/install/nav2_rviz_plugins:/home/joanne/nav2_ws/install/nav2_map_server:/home/joanne/nav2_ws/install/nav2_lifecycle_manager:/home/joanne/nav2_ws/install/nav2_bt_navigator:/home/joanne/nav2_ws/install/nav2_behavior_tree:/home/joanne/nav2_ws/install/nav2_amcl:/home/joanne/nav2_ws/install/nav2_util:/home/joanne/nav2_ws/install/nav2_msgs:/home/joanne/nav2_ws/install/nav2_common:/home/joanne/bookros2_ws/install/ros2controlcli:/home/joanne/bookros2_ws/install/launch_pal:/home/joanne/bookros2_ws/install/br2_fsm_bumpgo_py:/home/joanne/nav2_ws/install/nav2_gazebo_spawner:/opt/ros/foxy LD_LIBRARY_PATH=/home/joanne/bookros2_ws/install/br2_tracking_msgs/lib:/home/joanne/bookros2_ws/install/velocity_controllers/lib:/home/joanne/bookros2_ws/install/position_controllers/lib:/home/joanne/bookros2_ws/install/joint_trajectory_controller/lib:/home/joanne/bookros2_ws/install/joint_state_controller/lib:/home/joanne/bookros2_ws/install/joint_state_broadcaster/lib:/home/joanne/bookros2_ws/install/imu_sensor_broadcaster/lib:/home/joanne/bookros2_ws/install/gripper_controllers/lib:/home/joanne/bookros2_ws/install/gazebo_ros2_control/lib:/home/joanne/bookros2_ws/install/effort_controllers/lib:/home/joanne/bookros2_ws/install/forward_command_controller/lib:/home/joanne/bookros2_ws/install/force_torque_sensor_broadcaster/lib:/home/joanne/bookros2_ws/install/diff_drive_controller/lib:/home/joanne/bookros2_ws/install/controller_manager/lib:/home/joanne/bookros2_ws/install/controller_interface/lib:/home/joanne/bookros2_ws/install/hardware_interface/lib:/home/joanne/bookros2_ws/install/groot/lib:/home/joanne/bookros2_ws/install/controller_manager_msgs/lib:/home/joanne/bookros2_ws/install/br2_vff_avoidance/lib:/home/joanne/bookros2_ws/install/br2_tracking/lib:/home/joanne/bookros2_ws/install/br2_tf2_detector/lib:/home/joanne/bookros2_ws/install/br2_bt_patrolling/lib:/home/joanne/bookros2_ws/install/br2_bt_bumpgo/lib:/home/joanne/nav2_ws/install/smac_planner/lib:/home/joanne/nav2_ws/install/nav2_controller/lib:/home/joanne/nav2_ws/install/dwb_plugins/lib:/home/joanne/nav2_ws/install/dwb_critics/lib:/home/joanne/nav2_ws/install/dwb_core/lib:/home/joanne/nav2_ws/install/nav_2d_utils/lib:/home/joanne/nav2_ws/install/dwb_msgs/lib:/home/joanne/nav2_ws/install/nav_2d_msgs/lib:/home/joanne/nav2_ws/install/nav2_waypoint_follower/lib:/home/joanne/nav2_ws/install/nav2_regulated_pure_pursuit_controller/lib:/home/joanne/nav2_ws/install/nav2_recoveries/lib:/home/joanne/nav2_ws/install/nav2_planner/lib:/home/joanne/nav2_ws/install/nav2_navfn_planner/lib:/home/joanne/nav2_ws/install/costmap_queue/lib:/home/joanne/nav2_ws/install/nav2_costmap_2d/lib:/home/joanne/nav2_ws/install/nav2_voxel_grid/lib:/home/joanne/nav2_ws/install/nav2_rviz_plugins/lib:/home/joanne/nav2_ws/install/nav2_map_server/lib:/home/joanne/nav2_ws/install/nav2_lifecycle_manager/lib:/home/joanne/nav2_ws/install/nav2_bt_navigator/lib:/home/joanne/nav2_ws/install/nav2_behavior_tree/lib:/home/joanne/nav2_ws/install/nav2_amcl/lib:/home/joanne/nav2_ws/install/nav2_util/lib:/home/joanne/nav2_ws/install/nav2_msgs/lib:/usr/lib/x86_64-linux-gnu/gazebo-11/plugins:/opt/ros/foxy/opt/yaml_cpp_vendor/lib:/opt/ros/foxy/opt/rviz_ogre_vendor/lib:/opt/ros/foxy/lib/x86_64-linux-gnu:/opt/ros/foxy/lib PYTHONPATH=/home/joanne/bookros2_ws/install/br2_tracking_msgs/lib/python3.8/site-packages:/home/joanne/bookros2_ws/install/urdf_test/lib/python3.8/site-packages:/home/joanne/bookros2_ws/install/tiago_description/lib/python3.8/site-packages:/home/joanne/bookros2_ws/build/ros2controlcli:/home/joanne/bookros2_ws/install/ros2controlcli/lib/python3.8/site-packages:/home/joanne/bookros2_ws/install/pmb2_description/lib/python3.8/site-packages:/home/joanne/bookros2_ws/build/launch_pal:/home/joanne/bookros2_ws/install/launch_pal/lib/python3.8/site-packages:/home/joanne/bookros2_ws/install/controller_manager/lib/python3.8/site-packages:/home/joanne/bookros2_ws/install/controller_manager_msgs/lib/python3.8/site-packages:/home/joanne/bookros2_ws/build/br2_fsm_bumpgo_py:/home/joanne/bookros2_ws/install/br2_fsm_bumpgo_py/lib/python3.8/site-packages:/home/joanne/nav2_ws/install/dwb_msgs/lib/python3.8/site-packages:/home/joanne/nav2_ws/install/nav_2d_msgs/lib/python3.8/site-packages:/home/joanne/nav2_ws/install/nav2_msgs/lib/python3.8/site-packages:/home/joanne/nav2_ws/build/nav2_gazebo_spawner:/home/joanne/nav2_ws/install/nav2_gazebo_spawner/lib/python3.8/site-packages:/home/joanne/nav2_ws/install/nav2_common/lib/python3.8/site-packages:/opt/ros/foxy/lib/python3.8/site-packages /usr/bin/cmake --build /home/joanne/bookros2_ws/build/br2_tracking -- -j8 -l8
[0.162s] [35m[1mScanning dependencies of target br2_tracking[0m
[0.178s] [ 14%] Built target gtest_main
[0.181s] [ 28%] Built target gtest
[0.261s] [ 35%] [32mBuilding CXX object CMakeFiles/br2_tracking.dir/src/br2_tracking/ObjectDetector.cpp.o[0m
[6.320s] In file included from [01m[K/home/joanne/bookros2_ws/src/book_ros2/br2_tracking/src/br2_tracking/ObjectDetector.cpp:20[m[K:
[6.321s] [01m[K/home/joanne/bookros2_ws/src/book_ros2/br2_tracking/include/br2_tracking/ObjectDetector.hpp:33:51:[m[K [01;31m[Kerror: [m[Kâ€˜[01m[KPointCloud2[m[Kâ€™ in namespace â€˜[01m[Ksensor_msgs::msg[m[Kâ€™ does not name a type
[6.321s]    33 |   void pointCloudCallback(const sensor_msgs::msg::[01;31m[KPointCloud2[m[K::ConstSharedPtr & msg);
[6.321s]       |                                                   [01;31m[K^~~~~~~~~~~[m[K
[6.321s] [01m[K/home/joanne/bookros2_ws/src/book_ros2/br2_tracking/include/br2_tracking/ObjectDetector.hpp:33:79:[m[K [01;31m[Kerror: [m[Kexpected unqualified-id before â€˜[01m[K&[m[Kâ€™ token
[6.321s]    33 |   void pointCloudCallback(const sensor_msgs::msg::PointCloud2::ConstSharedPtr [01;31m[K&[m[K msg);
[6.321s]       |                                                                               [01;31m[K^[m[K
[6.321s] [01m[K/home/joanne/bookros2_ws/src/book_ros2/br2_tracking/include/br2_tracking/ObjectDetector.hpp:33:78:[m[K [01;31m[Kerror: [m[Kexpected â€˜[01m[K)[m[Kâ€™ before â€˜[01m[K&[m[Kâ€™ token
[6.321s]    33 |   void pointCloudCallback[34m[K([m[Kconst sensor_msgs::msg::PointCloud2::ConstSharedPtr[01;31m[K [m[K[32m[K&[m[K msg);
[6.321s]       |                          [34m[K~[m[K                                                   [01;31m[K^[m[K[32m[K~[m[K
[6.321s]       |                                                                              [32m[K)[m[K
[6.321s] [01m[K/home/joanne/bookros2_ws/src/book_ros2/br2_tracking/include/br2_tracking/ObjectDetector.hpp:33:79:[m[K [01;31m[Kerror: [m[Kexpected â€˜[01m[K;[m[Kâ€™ at end of member declaration
[6.321s]    33 |   void pointCloudCallback(const sensor_msgs::msg::PointCloud2::ConstSharedPtr [01;31m[K&[m[K msg);
[6.321s]       |                                                                               [01;31m[K^[m[K
[6.322s]       |                                                                                [32m[K;[m[K
[6.323s] [01m[K/home/joanne/bookros2_ws/src/book_ros2/br2_tracking/include/br2_tracking/ObjectDetector.hpp:33:81:[m[K [01;31m[Kerror: [m[Kâ€˜[01m[Kmsg[m[Kâ€™ does not name a type
[6.323s]    33 |   void pointCloudCallback(const sensor_msgs::msg::PointCloud2::ConstSharedPtr & [01;31m[Kmsg[m[K);
[6.323s]       |                                                                                 [01;31m[K^~~[m[K
[6.323s] [01m[K/home/joanne/bookros2_ws/src/book_ros2/br2_tracking/include/br2_tracking/ObjectDetector.hpp:37:8:[m[K [01;31m[Kerror: [m[Kâ€˜[01m[Kvoid br2_tracking::ObjectDetector::image_callback(const ConstSharedPtr&)[m[Kâ€™ cannot be overloaded with â€˜[01m[Kvoid br2_tracking::ObjectDetector::image_callback(const ConstSharedPtr&)[m[Kâ€™
[6.323s]    37 |   void [01;31m[Kimage_callback[m[K(const sensor_msgs::msg::Image::ConstSharedPtr & msg);
[6.323s]       |        [01;31m[K^~~~~~~~~~~~~~[m[K
[6.323s] [01m[K/home/joanne/bookros2_ws/src/book_ros2/br2_tracking/include/br2_tracking/ObjectDetector.hpp:34:8:[m[K [01;36m[Knote: [m[Kprevious declaration â€˜[01m[Kvoid br2_tracking::ObjectDetector::image_callback(const ConstSharedPtr&)[m[Kâ€™
[6.323s]    34 |   void [01;36m[Kimage_callback[m[K(const sensor_msgs::msg::Image::ConstSharedPtr & msg);
[6.323s]       |        [01;36m[K^~~~~~~~~~~~~~[m[K
[6.323s] [01m[K/home/joanne/bookros2_ws/src/book_ros2/br2_tracking/include/br2_tracking/ObjectDetector.hpp:38:51:[m[K [01;31m[Kerror: [m[Kâ€˜[01m[KPointCloud2[m[Kâ€™ in namespace â€˜[01m[Ksensor_msgs::msg[m[Kâ€™ does not name a type
[6.324s]    38 |   void pointCloudCallback(const sensor_msgs::msg::[01;31m[KPointCloud2[m[K::ConstSharedPtr & msg);
[6.324s]       |                                                   [01;31m[K^~~~~~~~~~~[m[K
[6.324s] [01m[K/home/joanne/bookros2_ws/src/book_ros2/br2_tracking/include/br2_tracking/ObjectDetector.hpp:38:79:[m[K [01;31m[Kerror: [m[Kexpected unqualified-id before â€˜[01m[K&[m[Kâ€™ token
[6.324s]    38 |   void pointCloudCallback(const sensor_msgs::msg::PointCloud2::ConstSharedPtr [01;31m[K&[m[K msg);
[6.324s]       |                                                                               [01;31m[K^[m[K
[6.324s] [01m[K/home/joanne/bookros2_ws/src/book_ros2/br2_tracking/include/br2_tracking/ObjectDetector.hpp:38:78:[m[K [01;31m[Kerror: [m[Kexpected â€˜[01m[K)[m[Kâ€™ before â€˜[01m[K&[m[Kâ€™ token
[6.324s]    38 |   void pointCloudCallback[34m[K([m[Kconst sensor_msgs::msg::PointCloud2::ConstSharedPtr[01;31m[K [m[K[32m[K&[m[K msg);
[6.324s]       |                          [34m[K~[m[K                                                   [01;31m[K^[m[K[32m[K~[m[K
[6.324s]       |                                                                              [32m[K)[m[K
[6.324s] [01m[K/home/joanne/bookros2_ws/src/book_ros2/br2_tracking/include/br2_tracking/ObjectDetector.hpp:38:79:[m[K [01;31m[Kerror: [m[Kexpected â€˜[01m[K;[m[Kâ€™ at end of member declaration
[6.324s]    38 |   void pointCloudCallback(const sensor_msgs::msg::PointCloud2::ConstSharedPtr [01;31m[K&[m[K msg);
[6.324s]       |                                                                               [01;31m[K^[m[K
[6.324s]       |                                                                                [32m[K;[m[K
[6.324s] [01m[K/home/joanne/bookros2_ws/src/book_ros2/br2_tracking/include/br2_tracking/ObjectDetector.hpp:38:8:[m[K [01;31m[Kerror: [m[Kâ€˜[01m[Kvoid br2_tracking::ObjectDetector::pointCloudCallback(...) &[m[Kâ€™ cannot be overloaded with â€˜[01m[Kvoid br2_tracking::ObjectDetector::pointCloudCallback(...) &[m[Kâ€™
[6.324s]    38 |   void [01;31m[KpointCloudCallback[m[K(const sensor_msgs::msg::PointCloud2::ConstSharedPtr & msg);
[6.325s]       |        [01;31m[K^~~~~~~~~~~~~~~~~~[m[K
[6.325s] [01m[K/home/joanne/bookros2_ws/src/book_ros2/br2_tracking/include/br2_tracking/ObjectDetector.hpp:33:8:[m[K [01;36m[Knote: [m[Kprevious declaration â€˜[01m[Kvoid br2_tracking::ObjectDetector::pointCloudCallback(...) &[m[Kâ€™
[6.325s]    33 |   void [01;36m[KpointCloudCallback[m[K(const sensor_msgs::msg::PointCloud2::ConstSharedPtr & msg);
[6.325s]       |        [01;36m[K^~~~~~~~~~~~~~~~~~[m[K
[6.325s] [01m[K/home/joanne/bookros2_ws/src/book_ros2/br2_tracking/include/br2_tracking/ObjectDetector.hpp:38:81:[m[K [01;31m[Kerror: [m[Kâ€˜[01m[Kmsg[m[Kâ€™ does not name a type
[6.325s]    38 |   void pointCloudCallback(const sensor_msgs::msg::PointCloud2::ConstSharedPtr & [01;31m[Kmsg[m[K);
[6.325s]       |                                                                                 [01;31m[K^~~[m[K
[6.327s] [01m[K/home/joanne/bookros2_ws/src/book_ros2/br2_tracking/include/br2_tracking/ObjectDetector.hpp:42:11:[m[K [01;31m[Kerror: [m[Kâ€˜[01m[Kpcl[m[Kâ€™ does not name a type
[6.327s]    42 |     const [01;31m[Kpcl[m[K::PointCloud<pcl::PointXYZ>::Ptr & input_cloud,
[6.327s]       |           [01;31m[K^~~[m[K
[6.327s] [01m[K/home/joanne/bookros2_ws/src/book_ros2/br2_tracking/include/br2_tracking/ObjectDetector.hpp:42:26:[m[K [01;31m[Kerror: [m[Kexpected unqualified-id before â€˜[01m[K<[m[Kâ€™ token
[6.327s]    42 |     const pcl::PointCloud[01;31m[K<[m[Kpcl::PointXYZ>::Ptr & input_cloud,
[6.327s]       |                          [01;31m[K^[m[K
[6.327s] [01m[K/home/joanne/bookros2_ws/src/book_ros2/br2_tracking/include/br2_tracking/ObjectDetector.hpp:42:26:[m[K [01;31m[Kerror: [m[Kexpected â€˜[01m[K)[m[Kâ€™ before â€˜[01m[K<[m[Kâ€™ token
[6.327s]    42 |     const pcl::PointCloud[01;31m[K<[m[Kpcl::PointXYZ>::Ptr & input_cloud,
[6.327s]       |                          [01;31m[K^[m[K
[6.327s]       |                          [32m[K)[m[K
[6.327s] [01m[K/home/joanne/bookros2_ws/src/book_ros2/br2_tracking/include/br2_tracking/ObjectDetector.hpp:41:23:[m[K [01;36m[Knote: [m[Kto match this â€˜[01m[K([m[Kâ€™
[6.327s]    41 |   void preprocessCloud[01;36m[K([m[K
[6.328s]       |                       [01;36m[K^[m[K
[6.328s] [01m[K/home/joanne/bookros2_ws/src/book_ros2/br2_tracking/include/br2_tracking/ObjectDetector.hpp:42:16:[m[K [01;31m[Kerror: [m[Kexpected â€˜[01m[K;[m[Kâ€™ at end of member declaration
[6.328s]    42 |     const pcl::[01;31m[KPointCloud[m[K<pcl::PointXYZ>::Ptr & input_cloud,
[6.328s]       |                [01;31m[K^~~~~~~~~~[m[K
[6.328s]       |                          [32m[K;[m[K
[6.328s] [01m[K/home/joanne/bookros2_ws/src/book_ros2/br2_tracking/include/br2_tracking/ObjectDetector.hpp:42:26:[m[K [01;31m[Kerror: [m[Kexpected unqualified-id before â€˜[01m[K<[m[Kâ€™ token
[6.328s]    42 |     const pcl::PointCloud[01;31m[K<[m[Kpcl::PointXYZ>::Ptr & input_cloud,
[6.328s]       |                          [01;31m[K^[m[K
[6.329s] [01m[K/home/joanne/bookros2_ws/src/book_ros2/br2_tracking/include/br2_tracking/ObjectDetector.hpp:46:11:[m[K [01;31m[Kerror: [m[Kâ€˜[01m[Kpcl[m[Kâ€™ does not name a type
[6.329s]    46 |     const [01;31m[Kpcl[m[K::PointCloud<pcl::PointXYZ>::Ptr & cloud,
[6.329s]       |           [01;31m[K^~~[m[K
[6.329s] [01m[K/home/joanne/bookros2_ws/src/book_ros2/br2_tracking/include/br2_tracking/ObjectDetector.hpp:46:26:[m[K [01;31m[Kerror: [m[Kexpected unqualified-id before â€˜[01m[K<[m[Kâ€™ token
[6.329s]    46 |     const pcl::PointCloud[01;31m[K<[m[Kpcl::PointXYZ>::Ptr & cloud,
[6.329s]       |                          [01;31m[K^[m[K
[6.329s] [01m[K/home/joanne/bookros2_ws/src/book_ros2/br2_tracking/include/br2_tracking/ObjectDetector.hpp:46:26:[m[K [01;31m[Kerror: [m[Kexpected â€˜[01m[K)[m[Kâ€™ before â€˜[01m[K<[m[Kâ€™ token
[6.330s]    46 |     const pcl::PointCloud[01;31m[K<[m[Kpcl::PointXYZ>::Ptr & cloud,
[6.330s]       |                          [01;31m[K^[m[K
[6.330s]       |                          [32m[K)[m[K
[6.330s] [01m[K/home/joanne/bookros2_ws/src/book_ros2/br2_tracking/include/br2_tracking/ObjectDetector.hpp:45:25:[m[K [01;36m[Knote: [m[Kto match this â€˜[01m[K([m[Kâ€™
[6.330s]    45 |   void performClustering[01;36m[K([m[K
[6.330s]       |                         [01;36m[K^[m[K
[6.330s] [01m[K/home/joanne/bookros2_ws/src/book_ros2/br2_tracking/include/br2_tracking/ObjectDetector.hpp:46:16:[m[K [01;31m[Kerror: [m[Kexpected â€˜[01m[K;[m[Kâ€™ at end of member declaration
[6.330s]    46 |     const pcl::[01;31m[KPointCloud[m[K<pcl::PointXYZ>::Ptr & cloud,
[6.330s]       |                [01;31m[K^~~~~~~~~~[m[K
[6.331s]       |                          [32m[K;[m[K
[6.331s] [01m[K/home/joanne/bookros2_ws/src/book_ros2/br2_tracking/include/br2_tracking/ObjectDetector.hpp:46:26:[m[K [01;31m[Kerror: [m[Kexpected unqualified-id before â€˜[01m[K<[m[Kâ€™ token
[6.331s]    46 |     const pcl::PointCloud[01;31m[K<[m[Kpcl::PointXYZ>::Ptr & cloud,
[6.331s]       |                          [01;31m[K^[m[K
[6.332s] [01m[K/home/joanne/bookros2_ws/src/book_ros2/br2_tracking/include/br2_tracking/ObjectDetector.hpp:49:41:[m[K [01;31m[Kerror: [m[Kâ€˜[01m[Kpcl[m[Kâ€™ does not name a type
[6.332s]    49 |   double calculateConfidenceScore(const [01;31m[Kpcl[m[K::PointCloud<pcl::PointXYZ>::Ptr & cluster);
[6.332s]       |                                         [01;31m[K^~~[m[K
[6.332s] [01m[K/home/joanne/bookros2_ws/src/book_ros2/br2_tracking/include/br2_tracking/ObjectDetector.hpp:49:56:[m[K [01;31m[Kerror: [m[Kexpected unqualified-id before â€˜[01m[K<[m[Kâ€™ token
[6.332s]    49 |   double calculateConfidenceScore(const pcl::PointCloud[01;31m[K<[m[Kpcl::PointXYZ>::Ptr & cluster);
[6.332s]       |                                                        [01;31m[K^[m[K
[6.333s] [01m[K/home/joanne/bookros2_ws/src/book_ros2/br2_tracking/include/br2_tracking/ObjectDetector.hpp:49:56:[m[K [01;31m[Kerror: [m[Kexpected â€˜[01m[K)[m[Kâ€™ before â€˜[01m[K<[m[Kâ€™ token
[6.333s]    49 |   double calculateConfidenceScore[34m[K([m[Kconst pcl::PointCloud[01;31m[K<[m[Kpcl::PointXYZ>::Ptr & cluster);
[6.333s]       |                                  [34m[K~[m[K                     [01;31m[K^[m[K
[6.333s]       |                                                        [32m[K)[m[K
[6.333s] [01m[K/home/joanne/bookros2_ws/src/book_ros2/br2_tracking/include/br2_tracking/ObjectDetector.hpp:49:46:[m[K [01;31m[Kerror: [m[Kexpected â€˜[01m[K;[m[Kâ€™ at end of member declaration
[6.333s]    49 |   double calculateConfidenceScore(const pcl::[01;31m[KPointCloud[m[K<pcl::PointXYZ>::Ptr & cluster);
[6.333s]       |                                              [01;31m[K^~~~~~~~~~[m[K
[6.333s]       |                                                        [32m[K;[m[K
[6.333s] [01m[K/home/joanne/bookros2_ws/src/book_ros2/br2_tracking/include/br2_tracking/ObjectDetector.hpp:49:56:[m[K [01;31m[Kerror: [m[Kexpected unqualified-id before â€˜[01m[K<[m[Kâ€™ token
[6.334s]    49 |   double calculateConfidenceScore(const pcl::PointCloud[01;31m[K<[m[Kpcl::PointXYZ>::Ptr & cluster);
[6.334s]       |                                                        [01;31m[K^[m[K
[6.339s] [01m[K/home/joanne/bookros2_ws/src/book_ros2/br2_tracking/include/br2_tracking/ObjectDetector.hpp:62:42:[m[K [01;31m[Kerror: [m[Kâ€˜[01m[KPointCloud2[m[Kâ€™ is not a member of â€˜[01m[Ksensor_msgs::msg[m[Kâ€™
[6.339s]    62 |   rclcpp::Subscription<sensor_msgs::msg::[01;31m[KPointCloud2[m[K>::SharedPtr pointcloud_sub_;
[6.339s]       |                                          [01;31m[K^~~~~~~~~~~[m[K
[6.339s] [01m[K/home/joanne/bookros2_ws/src/book_ros2/br2_tracking/include/br2_tracking/ObjectDetector.hpp:62:53:[m[K [01;31m[Kerror: [m[Ktemplate argument 1 is invalid
[6.339s]    62 |   rclcpp::Subscription<sensor_msgs::msg::PointCloud2[01;31m[K>[m[K::SharedPtr pointcloud_sub_;
[6.339s]       |                                                     [01;31m[K^[m[K
[6.339s] [01m[K/home/joanne/bookros2_ws/src/book_ros2/br2_tracking/include/br2_tracking/ObjectDetector.hpp:62:53:[m[K [01;31m[Kerror: [m[Ktemplate argument 3 is invalid
[6.339s] [01m[K/home/joanne/bookros2_ws/src/book_ros2/br2_tracking/include/br2_tracking/ObjectDetector.hpp:62:56:[m[K [01;31m[Kerror: [m[Kexpected â€˜[01m[K;[m[Kâ€™ at end of member declaration
[6.339s]    62 |   rclcpp::Subscription<sensor_msgs::msg::PointCloud2>::[01;31m[KSharedPtr[m[K pointcloud_sub_;
[6.339s]       |                                                        [01;31m[K^~~~~~~~~[m[K
[6.339s]       |                                                                 [32m[K;[m[K
[6.350s] [01m[K/home/joanne/bookros2_ws/src/book_ros2/br2_tracking/include/br2_tracking/ObjectDetector.hpp:62:66:[m[K [01;31m[Kerror: [m[Kâ€˜[01m[Kpointcloud_sub_[m[Kâ€™ does not name a type
[6.350s]    62 |   rclcpp::Subscription<sensor_msgs::msg::PointCloud2>::SharedPtr [01;31m[Kpointcloud_sub_[m[K;
[6.350s]       |                                                                  [01;31m[K^~~~~~~~~~~~~~~[m[K
[6.363s] [01m[K/home/joanne/bookros2_ws/src/book_ros2/br2_tracking/include/br2_tracking/ObjectDetector.hpp:63:21:[m[K [01;31m[Kerror: [m[Kâ€˜[01m[Kvisualization_msgs[m[Kâ€™ was not declared in this scope
[6.363s]    63 |   rclcpp::Publisher<[01;31m[Kvisualization_msgs[m[K::msg::MarkerArray>::SharedPtr marker_pub_;
[6.363s]       |                     [01;31m[K^~~~~~~~~~~~~~~~~~[m[K
[6.363s] [01m[K/home/joanne/bookros2_ws/src/book_ros2/br2_tracking/include/br2_tracking/ObjectDetector.hpp:63:57:[m[K [01;31m[Kerror: [m[Ktemplate argument 1 is invalid
[6.363s]    63 |   rclcpp::Publisher<visualization_msgs::msg::MarkerArray[01;31m[K>[m[K::SharedPtr marker_pub_;
[6.364s]       |                                                         [01;31m[K^[m[K
[6.364s] [01m[K/home/joanne/bookros2_ws/src/book_ros2/br2_tracking/include/br2_tracking/ObjectDetector.hpp:63:60:[m[K [01;31m[Kerror: [m[Kexpected â€˜[01m[K;[m[Kâ€™ at end of member declaration
[6.364s]    63 |   rclcpp::Publisher<visualization_msgs::msg::MarkerArray>::[01;31m[KSharedPtr[m[K marker_pub_;
[6.364s]       |                                                            [01;31m[K^~~~~~~~~[m[K
[6.364s]       |                                                                     [32m[K;[m[K
[6.364s] [01m[K/home/joanne/bookros2_ws/src/book_ros2/br2_tracking/include/br2_tracking/ObjectDetector.hpp:63:60:[m[K [01;31m[Kerror: [m[Kredeclaration of â€˜[01m[Kint br2_tracking::ObjectDetector::SharedPtr[m[Kâ€™
[6.364s] [01m[K/home/joanne/bookros2_ws/src/book_ros2/br2_tracking/include/br2_tracking/ObjectDetector.hpp:62:56:[m[K [01;36m[Knote: [m[Kprevious declaration â€˜[01m[Kint br2_tracking::ObjectDetector::SharedPtr[m[Kâ€™
[6.364s]    62 |   rclcpp::Subscription<sensor_msgs::msg::PointCloud2>::[01;36m[KSharedPtr[m[K pointcloud_sub_;
[6.364s]       |                                                        [01;36m[K^~~~~~~~~[m[K
[6.372s] [01m[K/home/joanne/bookros2_ws/src/book_ros2/br2_tracking/include/br2_tracking/ObjectDetector.hpp:63:70:[m[K [01;31m[Kerror: [m[Kâ€˜[01m[Kmarker_pub_[m[Kâ€™ does not name a type
[6.373s]    63 |   rclcpp::Publisher<visualization_msgs::msg::MarkerArray>::SharedPtr [01;31m[Kmarker_pub_[m[K;
[6.373s]       |                                                                      [01;31m[K^~~~~~~~~~~[m[K
[6.373s] [01m[K/home/joanne/bookros2_ws/src/book_ros2/br2_tracking/include/br2_tracking/ObjectDetector.hpp:64:39:[m[K [01;31m[Kerror: [m[Kâ€˜[01m[KDetection3DArray[m[Kâ€™ is not a member of â€˜[01m[Kvision_msgs::msg[m[Kâ€™; did you mean â€˜[01m[KDetection2D[m[Kâ€™?
[6.373s]    64 |   rclcpp::Publisher<vision_msgs::msg::[01;31m[KDetection3DArray[m[K>::SharedPtr detections_pub_;
[6.373s]       |                                       [01;31m[K^~~~~~~~~~~~~~~~[m[K
[6.373s]       |                                       [32m[KDetection2D[m[K
[6.373s] [01m[K/home/joanne/bookros2_ws/src/book_ros2/br2_tracking/include/br2_tracking/ObjectDetector.hpp:64:55:[m[K [01;31m[Kerror: [m[Ktemplate argument 1 is invalid
[6.373s]    64 |   rclcpp::Publisher<vision_msgs::msg::Detection3DArray[01;31m[K>[m[K::SharedPtr detections_pub_;
[6.373s]       |                                                       [01;31m[K^[m[K
[6.373s] [01m[K/home/joanne/bookros2_ws/src/book_ros2/br2_tracking/include/br2_tracking/ObjectDetector.hpp:64:58:[m[K [01;31m[Kerror: [m[Kexpected â€˜[01m[K;[m[Kâ€™ at end of member declaration
[6.373s]    64 |   rclcpp::Publisher<vision_msgs::msg::Detection3DArray>::[01;31m[KSharedPtr[m[K detections_pub_;
[6.374s]       |                                                          [01;31m[K^~~~~~~~~[m[K
[6.374s]       |                                                                   [32m[K;[m[K
[6.374s] [01m[K/home/joanne/bookros2_ws/src/book_ros2/br2_tracking/include/br2_tracking/ObjectDetector.hpp:64:58:[m[K [01;31m[Kerror: [m[Kredeclaration of â€˜[01m[Kint br2_tracking::ObjectDetector::SharedPtr[m[Kâ€™
[6.374s] [01m[K/home/joanne/bookros2_ws/src/book_ros2/br2_tracking/include/br2_tracking/ObjectDetector.hpp:62:56:[m[K [01;36m[Knote: [m[Kprevious declaration â€˜[01m[Kint br2_tracking::ObjectDetector::SharedPtr[m[Kâ€™
[6.374s]    62 |   rclcpp::Subscription<sensor_msgs::msg::PointCloud2>::[01;36m[KSharedPtr[m[K pointcloud_sub_;
[6.374s]       |                                                        [01;36m[K^~~~~~~~~[m[K
[6.389s] [01m[K/home/joanne/bookros2_ws/src/book_ros2/br2_tracking/include/br2_tracking/ObjectDetector.hpp:64:68:[m[K [01;31m[Kerror: [m[Kâ€˜[01m[Kdetections_pub_[m[Kâ€™ does not name a type
[6.389s]    64 |   rclcpp::Publisher<vision_msgs::msg::Detection3DArray>::SharedPtr [01;31m[Kdetections_pub_[m[K;
[6.389s]       |                                                                    [01;31m[K^~~~~~~~~~~~~~~[m[K
[6.390s] [01m[K/home/joanne/bookros2_ws/src/book_ros2/br2_tracking/include/br2_tracking/ObjectDetector.hpp:65:39:[m[K [01;31m[Kerror: [m[Kâ€˜[01m[KPointCloud2[m[Kâ€™ is not a member of â€˜[01m[Ksensor_msgs::msg[m[Kâ€™
[6.391s]    65 |   rclcpp::Publisher<sensor_msgs::msg::[01;31m[KPointCloud2[m[K>::SharedPtr cluster_cloud_pub_;
[6.391s]       |                                       [01;31m[K^~~~~~~~~~~[m[K
[6.391s] [01m[K/home/joanne/bookros2_ws/src/book_ros2/br2_tracking/include/br2_tracking/ObjectDetector.hpp:65:50:[m[K [01;31m[Kerror: [m[Ktemplate argument 1 is invalid
[6.391s]    65 |   rclcpp::Publisher<sensor_msgs::msg::PointCloud2[01;31m[K>[m[K::SharedPtr cluster_cloud_pub_;
[6.391s]       |                                                  [01;31m[K^[m[K
[6.391s] [01m[K/home/joanne/bookros2_ws/src/book_ros2/br2_tracking/include/br2_tracking/ObjectDetector.hpp:65:53:[m[K [01;31m[Kerror: [m[Kexpected â€˜[01m[K;[m[Kâ€™ at end of member declaration
[6.391s]    65 |   rclcpp::Publisher<sensor_msgs::msg::PointCloud2>::[01;31m[KSharedPtr[m[K cluster_cloud_pub_;
[6.391s]       |                                                     [01;31m[K^~~~~~~~~[m[K
[6.391s]       |                                                              [32m[K;[m[K
[6.392s] [01m[K/home/joanne/bookros2_ws/src/book_ros2/br2_tracking/include/br2_tracking/ObjectDetector.hpp:65:53:[m[K [01;31m[Kerror: [m[Kredeclaration of â€˜[01m[Kint br2_tracking::ObjectDetector::SharedPtr[m[Kâ€™
[6.392s] [01m[K/home/joanne/bookros2_ws/src/book_ros2/br2_tracking/include/br2_tracking/ObjectDetector.hpp:62:56:[m[K [01;36m[Knote: [m[Kprevious declaration â€˜[01m[Kint br2_tracking::ObjectDetector::SharedPtr[m[Kâ€™
[6.392s]    62 |   rclcpp::Subscription<sensor_msgs::msg::PointCloud2>::[01;36m[KSharedPtr[m[K pointcloud_sub_;
[6.392s]       |                                                        [01;36m[K^~~~~~~~~[m[K
[6.407s] [01m[K/home/joanne/bookros2_ws/src/book_ros2/br2_tracking/include/br2_tracking/ObjectDetector.hpp:65:63:[m[K [01;31m[Kerror: [m[Kâ€˜[01m[Kcluster_cloud_pub_[m[Kâ€™ does not name a type
[6.407s]    65 |   rclcpp::Publisher<sensor_msgs::msg::PointCloud2>::SharedPtr [01;31m[Kcluster_cloud_pub_[m[K;
[6.407s]       |                                                               [01;31m[K^~~~~~~~~~~~~~~~~~[m[K
[9.131s] [01m[K/home/joanne/bookros2_ws/src/book_ros2/br2_tracking/src/br2_tracking/ObjectDetector.cpp:[m[K In constructor â€˜[01m[Kbr2_tracking::ObjectDetector::ObjectDetector()[m[Kâ€™:
[9.131s] [01m[K/home/joanne/bookros2_ws/src/book_ros2/br2_tracking/src/br2_tracking/ObjectDetector.cpp:52:3:[m[K [01;31m[Kerror: [m[Kâ€˜[01m[Kpointcloud_sub_[m[Kâ€™ was not declared in this scope
[9.131s]    52 |   [01;31m[Kpointcloud_sub_[m[K = this->create_subscription<sensor_msgs::msg::PointCloud2>(
[9.131s]       |   [01;31m[K^~~~~~~~~~~~~~~[m[K
[9.134s] In file included from [01m[K/opt/ros/foxy/include/rclcpp/client.hpp:32[m[K,
[9.134s]                  from [01m[K/opt/ros/foxy/include/rclcpp/callback_group.hpp:23[m[K,
[9.134s]                  from [01m[K/opt/ros/foxy/include/rclcpp/node.hpp:39[m[K,
[9.134s]                  from [01m[K/opt/ros/foxy/include/image_transport/image_transport.hpp:43[m[K,
[9.134s]                  from [01m[K/home/joanne/bookros2_ws/src/book_ros2/br2_tracking/include/br2_tracking/ObjectDetector.hpp:23[m[K,
[9.134s]                  from [01m[K/home/joanne/bookros2_ws/src/book_ros2/br2_tracking/src/br2_tracking/ObjectDetector.cpp:20[m[K:
[9.134s] /opt/ros/foxy/include/rclcpp/function_traits.hpp: In instantiation of â€˜[01m[Kstruct rclcpp::function_traits::function_traits<std::_Bind<void (br2_tracking::ObjectDetector::*(br2_tracking::ObjectDetector*, std::_Placeholder<1>))(...) &> >[m[Kâ€™:
[9.134s] [01m[K/opt/ros/foxy/include/rclcpp/subscription_traits.hpp:97:8:[m[K   required from â€˜[01m[Kstruct rclcpp::subscription_traits::has_message_type<std::_Bind<void (br2_tracking::ObjectDetector::*(br2_tracking::ObjectDetector*, std::_Placeholder<1>))(...) &>, std::allocator<void>, void, void, void, void>[m[Kâ€™
[9.134s] [01m[K/opt/ros/foxy/include/rclcpp/node.hpp:204:5:[m[K   required by substitution of â€˜[01m[Ktemplate<class MessageT, class CallbackT, class AllocatorT, class CallbackMessageT, class SubscriptionT, class MessageMemoryStrategyT> std::shared_ptr<SubscriptionT> rclcpp::Node::create_subscription(const string&, const rclcpp::QoS&, CallbackT&&, const rclcpp::SubscriptionOptionsWithAllocator<AllocatorT>&, typename MessageMemoryStrategyT::SharedPtr) [with MessageT = sensor_msgs::msg::PointCloud2_<std::allocator<void> >; CallbackT = std::_Bind<void (br2_tracking::ObjectDetector::*(br2_tracking::ObjectDetector*, std::_Placeholder<1>))(...) &>; AllocatorT = std::allocator<void>; CallbackMessageT = <missing>; SubscriptionT = <missing>; MessageMemoryStrategyT = <missing>][m[Kâ€™
[9.134s] [01m[K/home/joanne/bookros2_ws/src/book_ros2/br2_tracking/src/br2_tracking/ObjectDetector.cpp:54:61:[m[K   required from here
[9.135s] [01m[K/opt/ros/foxy/include/rclcpp/function_traits.hpp:51:9:[m[K [01;31m[Kerror: [m[Kdecltype cannot resolve address of overloaded function
[9.135s]    51 |   using [01;31m[Karguments[m[K = typename tuple_tail<
[9.135s]       |         [01;31m[K^~~~~~~~~[m[K
[9.135s] [01m[K/opt/ros/foxy/include/rclcpp/function_traits.hpp:57:9:[m[K [01;31m[Kerror: [m[Kdecltype cannot resolve address of overloaded function
[9.135s]    57 |   using [01;31m[Kargument_type[m[K = typename std::tuple_element<N, arguments>::type;
[9.135s]       |         [01;31m[K^~~~~~~~~~~~~[m[K
[9.135s] [01m[K/opt/ros/foxy/include/rclcpp/function_traits.hpp:59:9:[m[K [01;31m[Kerror: [m[Kdecltype cannot resolve address of overloaded function
[9.135s]    59 |   using [01;31m[Kreturn_type[m[K = typename function_traits<decltype( &FunctionT::operator())>::return_type;
[9.135s]       |         [01;31m[K^~~~~~~~~~~[m[K
[9.135s] [01m[K/home/joanne/bookros2_ws/src/book_ros2/br2_tracking/src/br2_tracking/ObjectDetector.cpp:54:61:[m[K [01;31m[Kerror: [m[Kno matching function for call to â€˜[01m[Kbr2_tracking::ObjectDetector::create_subscription<sensor_msgs::msg::PointCloud2>(const char [17], int, std::_Bind_helper<false, void (br2_tracking::ObjectDetector::*)(...) &, br2_tracking::ObjectDetector*, const std::_Placeholder<1>&>::type)[m[Kâ€™
[9.135s]    54 |     std::bind(&ObjectDetector::pointCloudCallback, this, _1)[01;31m[K)[m[K;
[9.135s]       |                                                             [01;31m[K^[m[K
[9.135s] In file included from [01m[K/opt/ros/foxy/include/image_transport/image_transport.hpp:43[m[K,
[9.135s]                  from [01m[K/home/joanne/bookros2_ws/src/book_ros2/br2_tracking/include/br2_tracking/ObjectDetector.hpp:23[m[K,
[9.135s]                  from [01m[K/home/joanne/bookros2_ws/src/book_ros2/br2_tracking/src/br2_tracking/ObjectDetector.cpp:20[m[K:
[9.135s] [01m[K/opt/ros/foxy/include/rclcpp/node.hpp:213:3:[m[K [01;36m[Knote: [m[Kcandidate: â€˜[01m[Ktemplate<class MessageT, class CallbackT, class AllocatorT, class CallbackMessageT, class SubscriptionT, class MessageMemoryStrategyT> std::shared_ptr<SubscriptionT> rclcpp::Node::create_subscription(const string&, const rclcpp::QoS&, CallbackT&&, const rclcpp::SubscriptionOptionsWithAllocator<AllocatorT>&, typename MessageMemoryStrategyT::SharedPtr)[m[Kâ€™
[9.136s]   213 |   [01;36m[Kcreate_subscription[m[K(
[9.136s]       |   [01;36m[K^~~~~~~~~~~~~~~~~~~[m[K
[9.136s] [01m[K/opt/ros/foxy/include/rclcpp/node.hpp:213:3:[m[K [01;36m[Knote: [m[K  substitution of deduced template arguments resulted in errors seen above
[9.137s] In file included from [01m[K/opt/ros/foxy/include/rclcpp/node.hpp:1224[m[K,
[9.137s]                  from [01m[K/opt/ros/foxy/include/image_transport/image_transport.hpp:43[m[K,
[9.137s]                  from [01m[K/home/joanne/bookros2_ws/src/book_ros2/br2_tracking/include/br2_tracking/ObjectDetector.hpp:23[m[K,
[9.138s]                  from [01m[K/home/joanne/bookros2_ws/src/book_ros2/br2_tracking/src/br2_tracking/ObjectDetector.cpp:20[m[K:
[9.138s] /opt/ros/foxy/include/rclcpp/node_impl.hpp: In instantiation of â€˜[01m[Kauto rclcpp::Node::declare_parameter(const string&, const ParameterT&, const ParameterDescriptor&, bool) [with ParameterT = std::vector<float>; std::string = std::__cxx11::basic_string<char>; rcl_interfaces::msg::ParameterDescriptor = rcl_interfaces::msg::ParameterDescriptor_<std::allocator<void> >][m[Kâ€™:
[9.138s] [01m[K/home/joanne/bookros2_ws/src/book_ros2/br2_tracking/src/br2_tracking/ObjectDetector.cpp:59:53:[m[K   required from here
[9.138s] [01m[K/opt/ros/foxy/include/rclcpp/node_impl.hpp:169:23:[m[K [01;31m[Kerror: [m[Kno matching function for call to â€˜[01m[Krclcpp::ParameterValue::get<std::vector<float, std::allocator<float> > >() const[m[Kâ€™
[9.138s]   169 |     ).get<ParameterT>([01;31m[K)[m[K;
[9.139s]       |                       [01;31m[K^[m[K
[9.139s] In file included from [01m[K/opt/ros/foxy/include/rclcpp/parameter.hpp:26[m[K,
[9.139s]                  from [01m[K/opt/ros/foxy/include/rclcpp/node_interfaces/node_parameters_interface.hpp:28[m[K,
[9.139s]                  from [01m[K/opt/ros/foxy/include/rclcpp/node.hpp:51[m[K,
[9.139s]                  from [01m[K/opt/ros/foxy/include/image_transport/image_transport.hpp:43[m[K,
[9.139s]                  from [01m[K/home/joanne/bookros2_ws/src/book_ros2/br2_tracking/include/br2_tracking/ObjectDetector.hpp:23[m[K,
[9.139s]                  from [01m[K/home/joanne/bookros2_ws/src/book_ros2/br2_tracking/src/br2_tracking/ObjectDetector.cpp:20[m[K:
[9.139s] [01m[K/opt/ros/foxy/include/rclcpp/parameter_value.hpp:148:3:[m[K [01;36m[Knote: [m[Kcandidate: â€˜[01m[Ktemplate<rclcpp::ParameterType type> constexpr typename std::enable_if<(type == rclcpp::PARAMETER_BOOL), const bool&>::type rclcpp::ParameterValue::get() const[m[Kâ€™
[9.139s]   148 |   [01;36m[Kget[m[K() const
[9.139s]       |   [01;36m[K^~~[m[K
[9.140s] [01m[K/opt/ros/foxy/include/rclcpp/parameter_value.hpp:148:3:[m[K [01;36m[Knote: [m[K  template argument deduction/substitution failed:
[9.140s] [01m[K/opt/ros/foxy/include/rclcpp/parameter_value.hpp:159:3:[m[K [01;36m[Knote: [m[Kcandidate: â€˜[01m[Ktemplate<rclcpp::ParameterType type> constexpr typename std::enable_if<(type == rclcpp::PARAMETER_INTEGER), const long int&>::type rclcpp::ParameterValue::get() const[m[Kâ€™
[9.140s]   159 |   [01;36m[Kget[m[K() const
[9.140s]       |   [01;36m[K^~~[m[K
[9.140s] [01m[K/opt/ros/foxy/include/rclcpp/parameter_value.hpp:159:3:[m[K [01;36m[Knote: [m[K  template argument deduction/substitution failed:
[9.140s] [01m[K/opt/ros/foxy/include/rclcpp/parameter_value.hpp:170:3:[m[K [01;36m[Knote: [m[Kcandidate: â€˜[01m[Ktemplate<rclcpp::ParameterType type> constexpr typename std::enable_if<(type == rclcpp::PARAMETER_DOUBLE), const double&>::type rclcpp::ParameterValue::get() const[m[Kâ€™
[9.140s]   170 |   [01;36m[Kget[m[K() const
[9.140s]       |   [01;36m[K^~~[m[K
[9.140s] [01m[K/opt/ros/foxy/include/rclcpp/parameter_value.hpp:170:3:[m[K [01;36m[Knote: [m[K  template argument deduction/substitution failed:
[9.141s] [01m[K/opt/ros/foxy/include/rclcpp/parameter_value.hpp:181:3:[m[K [01;36m[Knote: [m[Kcandidate: â€˜[01m[Ktemplate<rclcpp::ParameterType type> constexpr typename std::enable_if<(type == rclcpp::PARAMETER_STRING), const std::__cxx11::basic_string<char>&>::type rclcpp::ParameterValue::get() const[m[Kâ€™
[9.141s]   181 |   [01;36m[Kget[m[K() const
[9.141s]       |   [01;36m[K^~~[m[K
[9.141s] [01m[K/opt/ros/foxy/include/rclcpp/parameter_value.hpp:181:3:[m[K [01;36m[Knote: [m[K  template argument deduction/substitution failed:
[9.141s] [01m[K/opt/ros/foxy/include/rclcpp/parameter_value.hpp:193:3:[m[K [01;36m[Knote: [m[Kcandidate: â€˜[01m[Ktemplate<rclcpp::ParameterType type> constexpr typename std::enable_if<(type == rclcpp::PARAMETER_BYTE_ARRAY), const std::vector<unsigned char>&>::type rclcpp::ParameterValue::get() const[m[Kâ€™
[9.141s]   193 |   [01;36m[Kget[m[K() const
[9.141s]       |   [01;36m[K^~~[m[K
[9.141s] [01m[K/opt/ros/foxy/include/rclcpp/parameter_value.hpp:193:3:[m[K [01;36m[Knote: [m[K  template argument deduction/substitution failed:
[9.141s] [01m[K/opt/ros/foxy/include/rclcpp/parameter_value.hpp:205:3:[m[K [01;36m[Knote: [m[Kcandidate: â€˜[01m[Ktemplate<rclcpp::ParameterType type> constexpr typename std::enable_if<(type == rclcpp::PARAMETER_BOOL_ARRAY), const std::vector<bool>&>::type rclcpp::ParameterValue::get() const[m[Kâ€™
[9.142s]   205 |   [01;36m[Kget[m[K() const
[9.142s]       |   [01;36m[K^~~[m[K
[9.142s] [01m[K/opt/ros/foxy/include/rclcpp/parameter_value.hpp:205:3:[m[K [01;36m[Knote: [m[K  template argument deduction/substitution failed:
[9.142s] [01m[K/opt/ros/foxy/include/rclcpp/parameter_value.hpp:217:3:[m[K [01;36m[Knote: [m[Kcandidate: â€˜[01m[Ktemplate<rclcpp::ParameterType type> constexpr typename std::enable_if<(type == rclcpp::PARAMETER_INTEGER_ARRAY), const std::vector<long int, std::allocator<long int> >&>::type rclcpp::ParameterValue::get() const[m[Kâ€™
[9.142s]   217 |   [01;36m[Kget[m[K() const
[9.142s]       |   [01;36m[K^~~[m[K
[9.142s] [01m[K/opt/ros/foxy/include/rclcpp/parameter_value.hpp:217:3:[m[K [01;36m[Knote: [m[K  template argument deduction/substitution failed:
[9.142s] [01m[K/opt/ros/foxy/include/rclcpp/parameter_value.hpp:229:3:[m[K [01;36m[Knote: [m[Kcandidate: â€˜[01m[Ktemplate<rclcpp::ParameterType type> constexpr typename std::enable_if<(type == rclcpp::PARAMETER_DOUBLE_ARRAY), const std::vector<double, std::allocator<double> >&>::type rclcpp::ParameterValue::get() const[m[Kâ€™
[9.142s]   229 |   [01;36m[Kget[m[K() const
[9.142s]       |   [01;36m[K^~~[m[K
[9.143s] [01m[K/opt/ros/foxy/include/rclcpp/parameter_value.hpp:229:3:[m[K [01;36m[Knote: [m[K  template argument deduction/substitution failed:
[9.143s] [01m[K/opt/ros/foxy/include/rclcpp/parameter_value.hpp:241:3:[m[K [01;36m[Knote: [m[Kcandidate: â€˜[01m[Ktemplate<rclcpp::ParameterType type> constexpr typename std::enable_if<(type == rclcpp::PARAMETER_STRING_ARRAY), const std::vector<std::__cxx11::basic_string<char> >&>::type rclcpp::ParameterValue::get() const[m[Kâ€™
[9.143s]   241 |   [01;36m[Kget[m[K() const
[9.143s]       |   [01;36m[K^~~[m[K
[9.143s] [01m[K/opt/ros/foxy/include/rclcpp/parameter_value.hpp:241:3:[m[K [01;36m[Knote: [m[K  template argument deduction/substitution failed:
[9.143s] [01m[K/opt/ros/foxy/include/rclcpp/parameter_value.hpp:254:3:[m[K [01;36m[Knote: [m[Kcandidate: â€˜[01m[Ktemplate<class type> constexpr typename std::enable_if<std::is_same<T, bool>::value, const bool&>::type rclcpp::ParameterValue::get() const[m[Kâ€™
[9.143s]   254 |   [01;36m[Kget[m[K() const
[9.143s]       |   [01;36m[K^~~[m[K
[9.143s] [01m[K/opt/ros/foxy/include/rclcpp/parameter_value.hpp:254:3:[m[K [01;36m[Knote: [m[K  template argument deduction/substitution failed:
[9.144s] /opt/ros/foxy/include/rclcpp/parameter_value.hpp: In substitution of â€˜[01m[Ktemplate<class type> constexpr typename std::enable_if<std::is_same<T, bool>::value, const bool&>::type rclcpp::ParameterValue::get() const [with type = std::vector<float>][m[Kâ€™:
[9.144s] [01m[K/opt/ros/foxy/include/rclcpp/node_impl.hpp:169:23:[m[K   required from â€˜[01m[Kauto rclcpp::Node::declare_parameter(const string&, const ParameterT&, const ParameterDescriptor&, bool) [with ParameterT = std::vector<float>; std::string = std::__cxx11::basic_string<char>; rcl_interfaces::msg::ParameterDescriptor = rcl_interfaces::msg::ParameterDescriptor_<std::allocator<void> >][m[Kâ€™
[9.144s] [01m[K/home/joanne/bookros2_ws/src/book_ros2/br2_tracking/src/br2_tracking/ObjectDetector.cpp:59:53:[m[K   required from here
[9.144s] [01m[K/opt/ros/foxy/include/rclcpp/parameter_value.hpp:254:3:[m[K [01;31m[Kerror: [m[Kno type named â€˜[01m[Ktype[m[Kâ€™ in â€˜[01m[Kstruct std::enable_if<false, const bool&>[m[Kâ€™
[9.144s] /opt/ros/foxy/include/rclcpp/node_impl.hpp: In instantiation of â€˜[01m[Kauto rclcpp::Node::declare_parameter(const string&, const ParameterT&, const ParameterDescriptor&, bool) [with ParameterT = std::vector<float>; std::string = std::__cxx11::basic_string<char>; rcl_interfaces::msg::ParameterDescriptor = rcl_interfaces::msg::ParameterDescriptor_<std::allocator<void> >][m[Kâ€™:
[9.144s] [01m[K/home/joanne/bookros2_ws/src/book_ros2/br2_tracking/src/br2_tracking/ObjectDetector.cpp:59:53:[m[K   required from here
[9.144s] [01m[K/opt/ros/foxy/include/rclcpp/parameter_value.hpp:263:3:[m[K [01;36m[Knote: [m[Kcandidate: â€˜[01m[Ktemplate<class type> constexpr typename std::enable_if<(std::is_integral<_Tp>::value && (! std::is_same<T, bool>::value)), const long int&>::type rclcpp::ParameterValue::get() const[m[Kâ€™
[9.144s]   263 |   [01;36m[Kget[m[K() const
[9.144s]       |   [01;36m[K^~~[m[K
[9.144s] [01m[K/opt/ros/foxy/include/rclcpp/parameter_value.hpp:263:3:[m[K [01;36m[Knote: [m[K  template argument deduction/substitution failed:
[9.145s] /opt/ros/foxy/include/rclcpp/parameter_value.hpp: In substitution of â€˜[01m[Ktemplate<class type> constexpr typename std::enable_if<(std::is_integral<_Tp>::value && (! std::is_same<T, bool>::value)), const long int&>::type rclcpp::ParameterValue::get() const [with type = std::vector<float>][m[Kâ€™:
[9.145s] [01m[K/opt/ros/foxy/include/rclcpp/node_impl.hpp:169:23:[m[K   required from â€˜[01m[Kauto rclcpp::Node::declare_parameter(const string&, const ParameterT&, const ParameterDescriptor&, bool) [with ParameterT = std::vector<float>; std::string = std::__cxx11::basic_string<char>; rcl_interfaces::msg::ParameterDescriptor = rcl_interfaces::msg::ParameterDescriptor_<std::allocator<void> >][m[Kâ€™
[9.145s] [01m[K/home/joanne/bookros2_ws/src/book_ros2/br2_tracking/src/br2_tracking/ObjectDetector.cpp:59:53:[m[K   required from here
[9.145s] [01m[K/opt/ros/foxy/include/rclcpp/parameter_value.hpp:263:3:[m[K [01;31m[Kerror: [m[Kno type named â€˜[01m[Ktype[m[Kâ€™ in â€˜[01m[Kstruct std::enable_if<false, const long int&>[m[Kâ€™
[9.145s] /opt/ros/foxy/include/rclcpp/node_impl.hpp: In instantiation of â€˜[01m[Kauto rclcpp::Node::declare_parameter(const string&, const ParameterT&, const ParameterDescriptor&, bool) [with ParameterT = std::vector<float>; std::string = std::__cxx11::basic_string<char>; rcl_interfaces::msg::ParameterDescriptor = rcl_interfaces::msg::ParameterDescriptor_<std::allocator<void> >][m[Kâ€™:
[9.145s] [01m[K/home/joanne/bookros2_ws/src/book_ros2/br2_tracking/src/br2_tracking/ObjectDetector.cpp:59:53:[m[K   required from here
[9.145s] [01m[K/opt/ros/foxy/include/rclcpp/parameter_value.hpp:271:3:[m[K [01;36m[Knote: [m[Kcandidate: â€˜[01m[Ktemplate<class type> constexpr typename std::enable_if<std::is_floating_point<_Tp>::value, const double&>::type rclcpp::ParameterValue::get() const[m[Kâ€™
[9.145s]   271 |   [01;36m[Kget[m[K() const
[9.145s]       |   [01;36m[K^~~[m[K
[9.146s] [01m[K/opt/ros/foxy/include/rclcpp/parameter_value.hpp:271:3:[m[K [01;36m[Knote: [m[K  template argument deduction/substitution failed:
[9.146s] /opt/ros/foxy/include/rclcpp/parameter_value.hpp: In substitution of â€˜[01m[Ktemplate<class type> constexpr typename std::enable_if<std::is_floating_point<_Tp>::value, const double&>::type rclcpp::ParameterValue::get() const [with type = std::vector<float>][m[Kâ€™:
[9.146s] [01m[K/opt/ros/foxy/include/rclcpp/node_impl.hpp:169:23:[m[K   required from â€˜[01m[Kauto rclcpp::Node::declare_parameter(const string&, const ParameterT&, const ParameterDescriptor&, bool) [with ParameterT = std::vector<float>; std::string = std::__cxx11::basic_string<char>; rcl_interfaces::msg::ParameterDescriptor = rcl_interfaces::msg::ParameterDescriptor_<std::allocator<void> >][m[Kâ€™
[9.146s] [01m[K/home/joanne/bookros2_ws/src/book_ros2/br2_tracking/src/br2_tracking/ObjectDetector.cpp:59:53:[m[K   required from here
[9.146s] [01m[K/opt/ros/foxy/include/rclcpp/parameter_value.hpp:271:3:[m[K [01;31m[Kerror: [m[Kno type named â€˜[01m[Ktype[m[Kâ€™ in â€˜[01m[Kstruct std::enable_if<false, const double&>[m[Kâ€™
[9.146s] /opt/ros/foxy/include/rclcpp/node_impl.hpp: In instantiation of â€˜[01m[Kauto rclcpp::Node::declare_parameter(const string&, const ParameterT&, const ParameterDescriptor&, bool) [with ParameterT = std::vector<float>; std::string = std::__cxx11::basic_string<char>; rcl_interfaces::msg::ParameterDescriptor = rcl_interfaces::msg::ParameterDescriptor_<std::allocator<void> >][m[Kâ€™:
[9.146s] [01m[K/home/joanne/bookros2_ws/src/book_ros2/br2_tracking/src/br2_tracking/ObjectDetector.cpp:59:53:[m[K   required from here
[9.146s] [01m[K/opt/ros/foxy/include/rclcpp/parameter_value.hpp:279:3:[m[K [01;36m[Knote: [m[Kcandidate: â€˜[01m[Ktemplate<class type> constexpr typename std::enable_if<std::is_convertible<type, std::__cxx11::basic_string<char> >::value, const std::__cxx11::basic_string<char>&>::type rclcpp::ParameterValue::get() const[m[Kâ€™
[9.146s]   279 |   [01;36m[Kget[m[K() const
[9.146s]       |   [01;36m[K^~~[m[K
[9.147s] [01m[K/opt/ros/foxy/include/rclcpp/parameter_value.hpp:279:3:[m[K [01;36m[Knote: [m[K  template argument deduction/substitution failed:
[9.147s] /opt/ros/foxy/include/rclcpp/parameter_value.hpp: In substitution of â€˜[01m[Ktemplate<class type> constexpr typename std::enable_if<std::is_convertible<type, std::__cxx11::basic_string<char> >::value, const std::__cxx11::basic_string<char>&>::type rclcpp::ParameterValue::get() const [with type = std::vector<float>][m[Kâ€™:
[9.147s] [01m[K/opt/ros/foxy/include/rclcpp/node_impl.hpp:169:23:[m[K   required from â€˜[01m[Kauto rclcpp::Node::declare_parameter(const string&, const ParameterT&, const ParameterDescriptor&, bool) [with ParameterT = std::vector<float>; std::string = std::__cxx11::basic_string<char>; rcl_interfaces::msg::ParameterDescriptor = rcl_interfaces::msg::ParameterDescriptor_<std::allocator<void> >][m[Kâ€™
[9.147s] [01m[K/home/joanne/bookros2_ws/src/book_ros2/br2_tracking/src/br2_tracking/ObjectDetector.cpp:59:53:[m[K   required from here
[9.147s] [01m[K/opt/ros/foxy/include/rclcpp/parameter_value.hpp:279:3:[m[K [01;31m[Kerror: [m[Kno type named â€˜[01m[Ktype[m[Kâ€™ in â€˜[01m[Kstruct std::enable_if<false, const std::__cxx11::basic_string<char>&>[m[Kâ€™
[9.147s] /opt/ros/foxy/include/rclcpp/node_impl.hpp: In instantiation of â€˜[01m[Kauto rclcpp::Node::declare_parameter(const string&, const ParameterT&, const ParameterDescriptor&, bool) [with ParameterT = std::vector<float>; std::string = std::__cxx11::basic_string<char>; rcl_interfaces::msg::ParameterDescriptor = rcl_interfaces::msg::ParameterDescriptor_<std::allocator<void> >][m[Kâ€™:
[9.147s] [01m[K/home/joanne/bookros2_ws/src/book_ros2/br2_tracking/src/br2_tracking/ObjectDetector.cpp:59:53:[m[K   required from here
[9.147s] [01m[K/opt/ros/foxy/include/rclcpp/parameter_value.hpp:289:3:[m[K [01;36m[Knote: [m[Kcandidate: â€˜[01m[Ktemplate<class type> constexpr typename std::enable_if<std::is_convertible<type, const std::vector<unsigned char>&>::value, const std::vector<unsigned char>&>::type rclcpp::ParameterValue::get() const[m[Kâ€™
[9.147s]   289 |   [01;36m[Kget[m[K() const
[9.148s]       |   [01;36m[K^~~[m[K
[9.148s] [01m[K/opt/ros/foxy/include/rclcpp/parameter_value.hpp:289:3:[m[K [01;36m[Knote: [m[K  template argument deduction/substitution failed:
[9.148s] /opt/ros/foxy/include/rclcpp/parameter_value.hpp: In substitution of â€˜[01m[Ktemplate<class type> constexpr typename std::enable_if<std::is_convertible<type, const std::vector<unsigned char>&>::value, const std::vector<unsigned char>&>::type rclcpp::ParameterValue::get() const [with type = std::vector<float>][m[Kâ€™:
[9.148s] [01m[K/opt/ros/foxy/include/rclcpp/node_impl.hpp:169:23:[m[K   required from â€˜[01m[Kauto rclcpp::Node::declare_parameter(const string&, const ParameterT&, const ParameterDescriptor&, bool) [with ParameterT = std::vector<float>; std::string = std::__cxx11::basic_string<char>; rcl_interfaces::msg::ParameterDescriptor = rcl_interfaces::msg::ParameterDescriptor_<std::allocator<void> >][m[Kâ€™
[9.148s] [01m[K/home/joanne/bookros2_ws/src/book_ros2/br2_tracking/src/br2_tracking/ObjectDetector.cpp:59:53:[m[K   required from here
[9.148s] [01m[K/opt/ros/foxy/include/rclcpp/parameter_value.hpp:289:3:[m[K [01;31m[Kerror: [m[Kno type named â€˜[01m[Ktype[m[Kâ€™ in â€˜[01m[Kstruct std::enable_if<false, const std::vector<unsigned char>&>[m[Kâ€™
[9.148s] /opt/ros/foxy/include/rclcpp/node_impl.hpp: In instantiation of â€˜[01m[Kauto rclcpp::Node::declare_parameter(const string&, const ParameterT&, const ParameterDescriptor&, bool) [with ParameterT = std::vector<float>; std::string = std::__cxx11::basic_string<char>; rcl_interfaces::msg::ParameterDescriptor = rcl_interfaces::msg::ParameterDescriptor_<std::allocator<void> >][m[Kâ€™:
[9.148s] [01m[K/home/joanne/bookros2_ws/src/book_ros2/br2_tracking/src/br2_tracking/ObjectDetector.cpp:59:53:[m[K   required from here
[9.148s] [01m[K/opt/ros/foxy/include/rclcpp/parameter_value.hpp:299:3:[m[K [01;36m[Knote: [m[Kcandidate: â€˜[01m[Ktemplate<class type> constexpr typename std::enable_if<std::is_convertible<type, const std::vector<bool>&>::value, const std::vector<bool>&>::type rclcpp::ParameterValue::get() const[m[Kâ€™
[9.149s]   299 |   [01;36m[Kget[m[K() const
[9.149s]       |   [01;36m[K^~~[m[K
[9.149s] [01m[K/opt/ros/foxy/include/rclcpp/parameter_value.hpp:299:3:[m[K [01;36m[Knote: [m[K  template argument deduction/substitution failed:
[9.149s] /opt/ros/foxy/include/rclcpp/parameter_value.hpp: In substitution of â€˜[01m[Ktemplate<class type> constexpr typename std::enable_if<std::is_convertible<type, const std::vector<bool>&>::value, const std::vector<bool>&>::type rclcpp::ParameterValue::get() const [with type = std::vector<float>][m[Kâ€™:
[9.149s] [01m[K/opt/ros/foxy/include/rclcpp/node_impl.hpp:169:23:[m[K   required from â€˜[01m[Kauto rclcpp::Node::declare_parameter(const string&, const ParameterT&, const ParameterDescriptor&, bool) [with ParameterT = std::vector<float>; std::string = std::__cxx11::basic_string<char>; rcl_interfaces::msg::ParameterDescriptor = rcl_interfaces::msg::ParameterDescriptor_<std::allocator<void> >][m[Kâ€™
[9.149s] [01m[K/home/joanne/bookros2_ws/src/book_ros2/br2_tracking/src/br2_tracking/ObjectDetector.cpp:59:53:[m[K   required from here
[9.149s] [01m[K/opt/ros/foxy/include/rclcpp/parameter_value.hpp:299:3:[m[K [01;31m[Kerror: [m[Kno type named â€˜[01m[Ktype[m[Kâ€™ in â€˜[01m[Kstruct std::enable_if<false, const std::vector<bool>&>[m[Kâ€™
[9.149s] /opt/ros/foxy/include/rclcpp/node_impl.hpp: In instantiation of â€˜[01m[Kauto rclcpp::Node::declare_parameter(const string&, const ParameterT&, const ParameterDescriptor&, bool) [with ParameterT = std::vector<float>; std::string = std::__cxx11::basic_string<char>; rcl_interfaces::msg::ParameterDescriptor = rcl_interfaces::msg::ParameterDescriptor_<std::allocator<void> >][m[Kâ€™:
[9.149s] [01m[K/home/joanne/bookros2_ws/src/book_ros2/br2_tracking/src/br2_tracking/ObjectDetector.cpp:59:53:[m[K   required from here
[9.150s] [01m[K/opt/ros/foxy/include/rclcpp/parameter_value.hpp:309:3:[m[K [01;36m[Knote: [m[Kcandidate: â€˜[01m[Ktemplate<class type> constexpr typename std::enable_if<std::is_convertible<type, const std::vector<long int, std::allocator<long int> >&>::value, const std::vector<long int, std::allocator<long int> >&>::type rclcpp::ParameterValue::get() const[m[Kâ€™
[9.150s]   309 |   [01;36m[Kget[m[K() const
[9.150s]       |   [01;36m[K^~~[m[K
[9.150s] [01m[K/opt/ros/foxy/include/rclcpp/parameter_value.hpp:309:3:[m[K [01;36m[Knote: [m[K  template argument deduction/substitution failed:
[9.150s] /opt/ros/foxy/include/rclcpp/parameter_value.hpp: In substitution of â€˜[01m[Ktemplate<class type> constexpr typename std::enable_if<std::is_convertible<type, const std::vector<long int, std::allocator<long int> >&>::value, const std::vector<long int, std::allocator<long int> >&>::type rclcpp::ParameterValue::get() const [with type = std::vector<float>][m[Kâ€™:
[9.150s] [01m[K/opt/ros/foxy/include/rclcpp/node_impl.hpp:169:23:[m[K   required from â€˜[01m[Kauto rclcpp::Node::declare_parameter(const string&, const ParameterT&, const ParameterDescriptor&, bool) [with ParameterT = std::vector<float>; std::string = std::__cxx11::basic_string<char>; rcl_interfaces::msg::ParameterDescriptor = rcl_interfaces::msg::ParameterDescriptor_<std::allocator<void> >][m[Kâ€™
[9.150s] [01m[K/home/joanne/bookros2_ws/src/book_ros2/br2_tracking/src/br2_tracking/ObjectDetector.cpp:59:53:[m[K   required from here
[9.150s] [01m[K/opt/ros/foxy/include/rclcpp/parameter_value.hpp:309:3:[m[K [01;31m[Kerror: [m[Kno type named â€˜[01m[Ktype[m[Kâ€™ in â€˜[01m[Kstruct std::enable_if<false, const std::vector<long int, std::allocator<long int> >&>[m[Kâ€™
[9.150s] /opt/ros/foxy/include/rclcpp/node_impl.hpp: In instantiation of â€˜[01m[Kauto rclcpp::Node::declare_parameter(const string&, const ParameterT&, const ParameterDescriptor&, bool) [with ParameterT = std::vector<float>; std::string = std::__cxx11::basic_string<char>; rcl_interfaces::msg::ParameterDescriptor = rcl_interfaces::msg::ParameterDescriptor_<std::allocator<void> >][m[Kâ€™:
[9.150s] [01m[K/home/joanne/bookros2_ws/src/book_ros2/br2_tracking/src/br2_tracking/ObjectDetector.cpp:59:53:[m[K   required from here
[9.151s] [01m[K/opt/ros/foxy/include/rclcpp/parameter_value.hpp:319:3:[m[K [01;36m[Knote: [m[Kcandidate: â€˜[01m[Ktemplate<class type> constexpr typename std::enable_if<std::is_convertible<type, const std::vector<double, std::allocator<double> >&>::value, const std::vector<double, std::allocator<double> >&>::type rclcpp::ParameterValue::get() const[m[Kâ€™
[9.151s]   319 |   [01;36m[Kget[m[K() const
[9.151s]       |   [01;36m[K^~~[m[K
[9.151s] [01m[K/opt/ros/foxy/include/rclcpp/parameter_value.hpp:319:3:[m[K [01;36m[Knote: [m[K  template argument deduction/substitution failed:
[9.151s] /opt/ros/foxy/include/rclcpp/parameter_value.hpp: In substitution of â€˜[01m[Ktemplate<class type> constexpr typename std::enable_if<std::is_convertible<type, const std::vector<double, std::allocator<double> >&>::value, const std::vector<double, std::allocator<double> >&>::type rclcpp::ParameterValue::get() const [with type = std::vector<float>][m[Kâ€™:
[9.151s] [01m[K/opt/ros/foxy/include/rclcpp/node_impl.hpp:169:23:[m[K   required from â€˜[01m[Kauto rclcpp::Node::declare_parameter(const string&, const ParameterT&, const ParameterDescriptor&, bool) [with ParameterT = std::vector<float>; std::string = std::__cxx11::basic_string<char>; rcl_interfaces::msg::ParameterDescriptor = rcl_interfaces::msg::ParameterDescriptor_<std::allocator<void> >][m[Kâ€™
[9.151s] [01m[K/home/joanne/bookros2_ws/src/book_ros2/br2_tracking/src/br2_tracking/ObjectDetector.cpp:59:53:[m[K   required from here
[9.151s] [01m[K/opt/ros/foxy/include/rclcpp/parameter_value.hpp:319:3:[m[K [01;31m[Kerror: [m[Kno type named â€˜[01m[Ktype[m[Kâ€™ in â€˜[01m[Kstruct std::enable_if<false, const std::vector<double, std::allocator<double> >&>[m[Kâ€™
[9.151s] /opt/ros/foxy/include/rclcpp/node_impl.hpp: In instantiation of â€˜[01m[Kauto rclcpp::Node::declare_parameter(const string&, const ParameterT&, const ParameterDescriptor&, bool) [with ParameterT = std::vector<float>; std::string = std::__cxx11::basic_string<char>; rcl_interfaces::msg::ParameterDescriptor = rcl_interfaces::msg::ParameterDescriptor_<std::allocator<void> >][m[Kâ€™:
[9.152s] [01m[K/home/joanne/bookros2_ws/src/book_ros2/br2_tracking/src/br2_tracking/ObjectDetector.cpp:59:53:[m[K   required from here
[9.152s] [01m[K/opt/ros/foxy/include/rclcpp/parameter_value.hpp:329:3:[m[K [01;36m[Knote: [m[Kcandidate: â€˜[01m[Ktemplate<class type> constexpr typename std::enable_if<std::is_convertible<type, const std::vector<std::__cxx11::basic_string<char> >&>::value, const std::vector<std::__cxx11::basic_string<char> >&>::type rclcpp::ParameterValue::get() const[m[Kâ€™
[9.152s]   329 |   [01;36m[Kget[m[K() const
[9.152s]       |   [01;36m[K^~~[m[K
[9.152s] [01m[K/opt/ros/foxy/include/rclcpp/parameter_value.hpp:329:3:[m[K [01;36m[Knote: [m[K  template argument deduction/substitution failed:
[9.152s] /opt/ros/foxy/include/rclcpp/parameter_value.hpp: In substitution of â€˜[01m[Ktemplate<class type> constexpr typename std::enable_if<std::is_convertible<type, const std::vector<std::__cxx11::basic_string<char> >&>::value, const std::vector<std::__cxx11::basic_string<char> >&>::type rclcpp::ParameterValue::get() const [with type = std::vector<float>][m[Kâ€™:
[9.152s] [01m[K/opt/ros/foxy/include/rclcpp/node_impl.hpp:169:23:[m[K   required from â€˜[01m[Kauto rclcpp::Node::declare_parameter(const string&, const ParameterT&, const ParameterDescriptor&, bool) [with ParameterT = std::vector<float>; std::string = std::__cxx11::basic_string<char>; rcl_interfaces::msg::ParameterDescriptor = rcl_interfaces::msg::ParameterDescriptor_<std::allocator<void> >][m[Kâ€™
[9.152s] [01m[K/home/joanne/bookros2_ws/src/book_ros2/br2_tracking/src/br2_tracking/ObjectDetector.cpp:59:53:[m[K   required from here
[9.152s] [01m[K/opt/ros/foxy/include/rclcpp/parameter_value.hpp:329:3:[m[K [01;31m[Kerror: [m[Kno type named â€˜[01m[Ktype[m[Kâ€™ in â€˜[01m[Kstruct std::enable_if<false, const std::vector<std::__cxx11::basic_string<char> >&>[m[Kâ€™
[9.152s] [01m[K/home/joanne/bookros2_ws/src/book_ros2/br2_tracking/src/br2_tracking/ObjectDetector.cpp:70:3:[m[K [01;31m[Kerror: [m[Kâ€˜[01m[Kmarker_pub_[m[Kâ€™ was not declared in this scope
[9.153s]    70 |   [01;31m[Kmarker_pub_[m[K = this->create_publisher<visualization_msgs::msg::MarkerArray>(
[9.153s]       |   [01;31m[K^~~~~~~~~~~[m[K
[9.164s] [01m[K/home/joanne/bookros2_ws/src/book_ros2/br2_tracking/src/br2_tracking/ObjectDetector.cpp:70:40:[m[K [01;31m[Kerror: [m[Kâ€˜[01m[Kvisualization_msgs[m[Kâ€™ was not declared in this scope
[9.164s]    70 |   marker_pub_ = this->create_publisher<[01;31m[Kvisualization_msgs[m[K::msg::MarkerArray>(
[9.164s]       |                                        [01;31m[K^~~~~~~~~~~~~~~~~~[m[K
[9.164s] [01m[K/home/joanne/bookros2_ws/src/book_ros2/br2_tracking/src/br2_tracking/ObjectDetector.cpp:70:23:[m[K [01;31m[Kerror: [m[Kparse error in template argument list
[9.164s]    70 |   marker_pub_ = this->[01;31m[Kcreate_publisher<visualization_msgs::msg::MarkerArray>[m[K(
[9.164s]       |                       [01;31m[K^~~~~~~~~~~~~~~~~~~~~~~~~~~~~~~~~~~~~~~~~~~~~~~~~~~~~~[m[K
[9.164s] [01m[K/home/joanne/bookros2_ws/src/book_ros2/br2_tracking/src/br2_tracking/ObjectDetector.cpp:71:37:[m[K [01;31m[Kerror: [m[Kno matching function for call to â€˜[01m[Kbr2_tracking::ObjectDetector::create_publisher<<expression error> >(const char [27], int)[m[Kâ€™
[9.164s]    71 |     "/object_detections/markers", 10[01;31m[K)[m[K;
[9.165s]       |                                     [01;31m[K^[m[K
[9.165s] In file included from [01m[K/opt/ros/foxy/include/rclcpp/node.hpp:1224[m[K,
[9.165s]                  from [01m[K/opt/ros/foxy/include/image_transport/image_transport.hpp:43[m[K,
[9.165s]                  from [01m[K/home/joanne/bookros2_ws/src/book_ros2/br2_tracking/include/br2_tracking/ObjectDetector.hpp:23[m[K,
[9.165s]                  from [01m[K/home/joanne/bookros2_ws/src/book_ros2/br2_tracking/src/br2_tracking/ObjectDetector.cpp:20[m[K:
[9.165s] [01m[K/opt/ros/foxy/include/rclcpp/node_impl.hpp:71:1:[m[K [01;36m[Knote: [m[Kcandidate: â€˜[01m[Ktemplate<class MessageT, class AllocatorT, class PublisherT> std::shared_ptr<PublisherT> rclcpp::Node::create_publisher(const string&, const rclcpp::QoS&, const rclcpp::PublisherOptionsWithAllocator<AllocatorT>&)[m[Kâ€™
[9.165s]    71 | [01;36m[KNode[m[K::create_publisher(
[9.165s]       | [01;36m[K^~~~[m[K
[9.165s] [01m[K/opt/ros/foxy/include/rclcpp/node_impl.hpp:71:1:[m[K [01;36m[Knote: [m[K  template argument deduction/substitution failed:
[9.165s] [01m[K/home/joanne/bookros2_ws/src/book_ros2/br2_tracking/src/br2_tracking/ObjectDetector.cpp:71:37:[m[K [01;31m[Kerror: [m[Ktemplate argument 1 is invalid
[9.166s]    71 |     "/object_detections/markers", 10[01;31m[K)[m[K;
[9.166s]       |                                     [01;31m[K^[m[K
[9.168s] [01m[K/home/joanne/bookros2_ws/src/book_ros2/br2_tracking/src/br2_tracking/ObjectDetector.cpp:72:3:[m[K [01;31m[Kerror: [m[Kâ€˜[01m[Kdetections_pub_[m[Kâ€™ was not declared in this scope; did you mean â€˜[01m[Kdetection_pub_[m[Kâ€™?
[9.168s]    72 |   [01;31m[Kdetections_pub_[m[K = this->create_publisher<vision_msgs::msg::Detection3DArray>(
[9.169s]       |   [01;31m[K^~~~~~~~~~~~~~~[m[K
[9.169s]       |   [32m[Kdetection_pub_[m[K
[9.169s] [01m[K/home/joanne/bookros2_ws/src/book_ros2/br2_tracking/src/br2_tracking/ObjectDetector.cpp:72:62:[m[K [01;31m[Kerror: [m[Kâ€˜[01m[KDetection3DArray[m[Kâ€™ is not a member of â€˜[01m[Kvision_msgs::msg[m[Kâ€™; did you mean â€˜[01m[KDetection2D[m[Kâ€™?
[9.169s]    72 |   detections_pub_ = this->create_publisher<vision_msgs::msg::[01;31m[KDetection3DArray[m[K>(
[9.169s]       |                                                              [01;31m[K^~~~~~~~~~~~~~~~[m[K
[9.169s]       |                                                              [32m[KDetection2D[m[K
[9.169s] [01m[K/home/joanne/bookros2_ws/src/book_ros2/br2_tracking/src/br2_tracking/ObjectDetector.cpp:73:29:[m[K [01;31m[Kerror: [m[Kno matching function for call to â€˜[01m[Kbr2_tracking::ObjectDetector::create_publisher<<expression error> >(const char [19], int)[m[Kâ€™
[9.169s]    73 |     "/object_detections", 10[01;31m[K)[m[K;
[9.169s]       |                             [01;31m[K^[m[K
[9.169s] In file included from [01m[K/opt/ros/foxy/include/rclcpp/node.hpp:1224[m[K,
[9.170s]                  from [01m[K/opt/ros/foxy/include/image_transport/image_transport.hpp:43[m[K,
[9.170s]                  from [01m[K/home/joanne/bookros2_ws/src/book_ros2/br2_tracking/include/br2_tracking/ObjectDetector.hpp:23[m[K,
[9.170s]                  from [01m[K/home/joanne/bookros2_ws/src/book_ros2/br2_tracking/src/br2_tracking/ObjectDetector.cpp:20[m[K:
[9.170s] [01m[K/opt/ros/foxy/include/rclcpp/node_impl.hpp:71:1:[m[K [01;36m[Knote: [m[Kcandidate: â€˜[01m[Ktemplate<class MessageT, class AllocatorT, class PublisherT> std::shared_ptr<PublisherT> rclcpp::Node::create_publisher(const string&, const rclcpp::QoS&, const rclcpp::PublisherOptionsWithAllocator<AllocatorT>&)[m[Kâ€™
[9.170s]    71 | [01;36m[KNode[m[K::create_publisher(
[9.170s]       | [01;36m[K^~~~[m[K
[9.170s] [01m[K/opt/ros/foxy/include/rclcpp/node_impl.hpp:71:1:[m[K [01;36m[Knote: [m[K  template argument deduction/substitution failed:
[9.170s] [01m[K/home/joanne/bookros2_ws/src/book_ros2/br2_tracking/src/br2_tracking/ObjectDetector.cpp:73:29:[m[K [01;31m[Kerror: [m[Ktemplate argument 1 is invalid
[9.170s]    73 |     "/object_detections", 10[01;31m[K)[m[K;
[9.171s]       |                             [01;31m[K^[m[K
[9.191s] [01m[K/home/joanne/bookros2_ws/src/book_ros2/br2_tracking/src/br2_tracking/ObjectDetector.cpp:[m[K At global scope:
[9.192s] [01m[K/home/joanne/bookros2_ws/src/book_ros2/br2_tracking/src/br2_tracking/ObjectDetector.cpp:131:1:[m[K [01;31m[Kerror: [m[Kno declaration matches â€˜[01m[Kvoid br2_tracking::ObjectDetector::pointCloudCallback(const ConstSharedPtr&)[m[Kâ€™
[9.192s]   131 | [01;31m[KObjectDetector[m[K::pointCloudCallback(const sensor_msgs::msg::PointCloud2::ConstSharedPtr & msg)
[9.192s]       | [01;31m[K^~~~~~~~~~~~~~[m[K
[9.192s] In file included from [01m[K/home/joanne/bookros2_ws/src/book_ros2/br2_tracking/src/br2_tracking/ObjectDetector.cpp:20[m[K:
[9.192s] [01m[K/home/joanne/bookros2_ws/src/book_ros2/br2_tracking/include/br2_tracking/ObjectDetector.hpp:33:8:[m[K [01;36m[Knote: [m[Kcandidate is: â€˜[01m[Kvoid br2_tracking::ObjectDetector::pointCloudCallback(...) &[m[Kâ€™
[9.192s]    33 |   void [01;36m[KpointCloudCallback[m[K(const sensor_msgs::msg::PointCloud2::ConstSharedPtr & msg);
[9.192s]       |        [01;36m[K^~~~~~~~~~~~~~~~~~[m[K
[9.192s] [01m[K/home/joanne/bookros2_ws/src/book_ros2/br2_tracking/include/br2_tracking/ObjectDetector.hpp:29:7:[m[K [01;36m[Knote: [m[Kâ€˜[01m[Kclass br2_tracking::ObjectDetector[m[Kâ€™ defined here
[9.192s]    29 | class [01;36m[KObjectDetector[m[K : public rclcpp::Node
[9.193s]       |       [01;36m[K^~~~~~~~~~~~~~[m[K
[9.198s] [01m[K/home/joanne/bookros2_ws/src/book_ros2/br2_tracking/src/br2_tracking/ObjectDetector.cpp:263:1:[m[K [01;31m[Kerror: [m[Kno declaration matches â€˜[01m[Kvoid br2_tracking::ObjectDetector::preprocessCloud(const Ptr&, pcl::PointCloud<pcl::PointXYZ>::Ptr&)[m[Kâ€™
[9.198s]   263 | [01;31m[KObjectDetector[m[K::preprocessCloud(
[9.198s]       | [01;31m[K^~~~~~~~~~~~~~[m[K
[9.198s] In file included from [01m[K/home/joanne/bookros2_ws/src/book_ros2/br2_tracking/src/br2_tracking/ObjectDetector.cpp:20[m[K:
[9.198s] [01m[K/home/joanne/bookros2_ws/src/book_ros2/br2_tracking/include/br2_tracking/ObjectDetector.hpp:41:8:[m[K [01;36m[Knote: [m[Kcandidate is: â€˜[01m[Kvoid br2_tracking::ObjectDetector::preprocessCloud(...)[m[Kâ€™
[9.199s]    41 |   void [01;36m[KpreprocessCloud[m[K(
[9.199s]       |        [01;36m[K^~~~~~~~~~~~~~~[m[K
[9.199s] [01m[K/home/joanne/bookros2_ws/src/book_ros2/br2_tracking/include/br2_tracking/ObjectDetector.hpp:29:7:[m[K [01;36m[Knote: [m[Kâ€˜[01m[Kclass br2_tracking::ObjectDetector[m[Kâ€™ defined here
[9.199s]    29 | class [01;36m[KObjectDetector[m[K : public rclcpp::Node
[9.199s]       |       [01;36m[K^~~~~~~~~~~~~~[m[K
[9.199s] [01m[K/home/joanne/bookros2_ws/src/book_ros2/br2_tracking/src/br2_tracking/ObjectDetector.cpp:282:1:[m[K [01;31m[Kerror: [m[Kno declaration matches â€˜[01m[Kvoid br2_tracking::ObjectDetector::performClustering(const Ptr&, std::vector<pcl::PointIndices>&)[m[Kâ€™
[9.199s]   282 | [01;31m[KObjectDetector[m[K::performClustering(
[9.199s]       | [01;31m[K^~~~~~~~~~~~~~[m[K
[9.199s] In file included from [01m[K/home/joanne/bookros2_ws/src/book_ros2/br2_tracking/src/br2_tracking/ObjectDetector.cpp:20[m[K:
[9.199s] [01m[K/home/joanne/bookros2_ws/src/book_ros2/br2_tracking/include/br2_tracking/ObjectDetector.hpp:45:8:[m[K [01;36m[Knote: [m[Kcandidate is: â€˜[01m[Kvoid br2_tracking::ObjectDetector::performClustering(...)[m[Kâ€™
[9.199s]    45 |   void [01;36m[KperformClustering[m[K(
[9.199s]       |        [01;36m[K^~~~~~~~~~~~~~~~~[m[K
[9.199s] [01m[K/home/joanne/bookros2_ws/src/book_ros2/br2_tracking/include/br2_tracking/ObjectDetector.hpp:29:7:[m[K [01;36m[Knote: [m[Kâ€˜[01m[Kclass br2_tracking::ObjectDetector[m[Kâ€™ defined here
[9.199s]    29 | class [01;36m[KObjectDetector[m[K : public rclcpp::Node
[9.199s]       |       [01;36m[K^~~~~~~~~~~~~~[m[K
[9.216s] [01m[K/home/joanne/bookros2_ws/src/book_ros2/br2_tracking/src/br2_tracking/ObjectDetector.cpp:[m[K In member function â€˜[01m[Kvoid br2_tracking::ObjectDetector::setupDebugMode()[m[Kâ€™:
[9.216s] [01m[K/home/joanne/bookros2_ws/src/book_ros2/br2_tracking/src/br2_tracking/ObjectDetector.cpp:308:5:[m[K [01;31m[Kerror: [m[Kâ€˜[01m[Kcluster_cloud_pub_[m[Kâ€™ was not declared in this scope
[9.216s]   308 |     [01;31m[Kcluster_cloud_pub_[m[K = this->create_publisher<sensor_msgs::msg::PointCloud2>(
[9.216s]       |     [01;31m[K^~~~~~~~~~~~~~~~~~[m[K
[10.471s] In file included from [01m[K/opt/ros/foxy/include/rclcpp/node_interfaces/node_parameters_interface.hpp:28[m[K,
[10.471s]                  from [01m[K/opt/ros/foxy/include/rclcpp/node.hpp:51[m[K,
[10.471s]                  from [01m[K/opt/ros/foxy/include/image_transport/image_transport.hpp:43[m[K,
[10.471s]                  from [01m[K/home/joanne/bookros2_ws/src/book_ros2/br2_tracking/include/br2_tracking/ObjectDetector.hpp:23[m[K,
[10.472s]                  from [01m[K/home/joanne/bookros2_ws/src/book_ros2/br2_tracking/src/br2_tracking/ObjectDetector.cpp:20[m[K:
[10.472s] /opt/ros/foxy/include/rclcpp/parameter.hpp: In instantiation of â€˜[01m[Kauto rclcpp::detail::get_value_helper(const rclcpp::Parameter*) [with T = std::vector<float>][m[Kâ€™:
[10.472s] [01m[K/opt/ros/foxy/include/rclcpp/parameter.hpp:273:39:[m[K   required from â€˜[01m[Kdecltype(auto) rclcpp::Parameter::get_value() const [with T = std::vector<float>][m[Kâ€™
[10.472s] [01m[K/opt/ros/foxy/include/rclcpp/node_impl.hpp:234:17:[m[K   required from â€˜[01m[Kbool rclcpp::Node::get_parameter(const string&, ParameterT&) const [with ParameterT = std::vector<float>; std::string = std::__cxx11::basic_string<char>][m[Kâ€™
[10.472s] [01m[K/home/joanne/bookros2_ws/src/book_ros2/br2_tracking/src/br2_tracking/ObjectDetector.cpp:62:49:[m[K   required from here
[10.472s] [01m[K/opt/ros/foxy/include/rclcpp/parameter.hpp:239:50:[m[K [01;31m[Kerror: [m[Kno matching function for call to â€˜[01m[Krclcpp::ParameterValue::get<std::vector<float, std::allocator<float> > >() const[m[Kâ€™
[10.472s]   239 |   return parameter->get_parameter_value().get<T>([01;31m[K)[m[K;
[10.472s]       |                                                  [01;31m[K^[m[K
[10.472s] In file included from [01m[K/opt/ros/foxy/include/rclcpp/parameter.hpp:26[m[K,
[10.472s]                  from [01m[K/opt/ros/foxy/include/rclcpp/node_interfaces/node_parameters_interface.hpp:28[m[K,
[10.472s]                  from [01m[K/opt/ros/foxy/include/rclcpp/node.hpp:51[m[K,
[10.472s]                  from [01m[K/opt/ros/foxy/include/image_transport/image_transport.hpp:43[m[K,
[10.472s]                  from [01m[K/home/joanne/bookros2_ws/src/book_ros2/br2_tracking/include/br2_tracking/ObjectDetector.hpp:23[m[K,
[10.472s]                  from [01m[K/home/joanne/bookros2_ws/src/book_ros2/br2_tracking/src/br2_tracking/ObjectDetector.cpp:20[m[K:
[10.473s] [01m[K/opt/ros/foxy/include/rclcpp/parameter_value.hpp:148:3:[m[K [01;36m[Knote: [m[Kcandidate: â€˜[01m[Ktemplate<rclcpp::ParameterType type> constexpr typename std::enable_if<(type == rclcpp::PARAMETER_BOOL), const bool&>::type rclcpp::ParameterValue::get() const[m[Kâ€™
[10.473s]   148 |   [01;36m[Kget[m[K() const
[10.473s]       |   [01;36m[K^~~[m[K
[10.473s] [01m[K/opt/ros/foxy/include/rclcpp/parameter_value.hpp:148:3:[m[K [01;36m[Knote: [m[K  template argument deduction/substitution failed:
[10.473s] [01m[K/opt/ros/foxy/include/rclcpp/parameter_value.hpp:159:3:[m[K [01;36m[Knote: [m[Kcandidate: â€˜[01m[Ktemplate<rclcpp::ParameterType type> constexpr typename std::enable_if<(type == rclcpp::PARAMETER_INTEGER), const long int&>::type rclcpp::ParameterValue::get() const[m[Kâ€™
[10.473s]   159 |   [01;36m[Kget[m[K() const
[10.473s]       |   [01;36m[K^~~[m[K
[10.473s] [01m[K/opt/ros/foxy/include/rclcpp/parameter_value.hpp:159:3:[m[K [01;36m[Knote: [m[K  template argument deduction/substitution failed:
[10.473s] [01m[K/opt/ros/foxy/include/rclcpp/parameter_value.hpp:170:3:[m[K [01;36m[Knote: [m[Kcandidate: â€˜[01m[Ktemplate<rclcpp::ParameterType type> constexpr typename std::enable_if<(type == rclcpp::PARAMETER_DOUBLE), const double&>::type rclcpp::ParameterValue::get() const[m[Kâ€™
[10.473s]   170 |   [01;36m[Kget[m[K() const
[10.473s]       |   [01;36m[K^~~[m[K
[10.473s] [01m[K/opt/ros/foxy/include/rclcpp/parameter_value.hpp:170:3:[m[K [01;36m[Knote: [m[K  template argument deduction/substitution failed:
[10.473s] [01m[K/opt/ros/foxy/include/rclcpp/parameter_value.hpp:181:3:[m[K [01;36m[Knote: [m[Kcandidate: â€˜[01m[Ktemplate<rclcpp::ParameterType type> constexpr typename std::enable_if<(type == rclcpp::PARAMETER_STRING), const std::__cxx11::basic_string<char>&>::type rclcpp::ParameterValue::get() const[m[Kâ€™
[10.473s]   181 |   [01;36m[Kget[m[K() const
[10.473s]       |   [01;36m[K^~~[m[K
[10.473s] [01m[K/opt/ros/foxy/include/rclcpp/parameter_value.hpp:181:3:[m[K [01;36m[Knote: [m[K  template argument deduction/substitution failed:
[10.474s] [01m[K/opt/ros/foxy/include/rclcpp/parameter_value.hpp:193:3:[m[K [01;36m[Knote: [m[Kcandidate: â€˜[01m[Ktemplate<rclcpp::ParameterType type> constexpr typename std::enable_if<(type == rclcpp::PARAMETER_BYTE_ARRAY), const std::vector<unsigned char>&>::type rclcpp::ParameterValue::get() const[m[Kâ€™
[10.474s]   193 |   [01;36m[Kget[m[K() const
[10.474s]       |   [01;36m[K^~~[m[K
[10.474s] [01m[K/opt/ros/foxy/include/rclcpp/parameter_value.hpp:193:3:[m[K [01;36m[Knote: [m[K  template argument deduction/substitution failed:
[10.474s] [01m[K/opt/ros/foxy/include/rclcpp/parameter_value.hpp:205:3:[m[K [01;36m[Knote: [m[Kcandidate: â€˜[01m[Ktemplate<rclcpp::ParameterType type> constexpr typename std::enable_if<(type == rclcpp::PARAMETER_BOOL_ARRAY), const std::vector<bool>&>::type rclcpp::ParameterValue::get() const[m[Kâ€™
[10.474s]   205 |   [01;36m[Kget[m[K() const
[10.474s]       |   [01;36m[K^~~[m[K
[10.474s] [01m[K/opt/ros/foxy/include/rclcpp/parameter_value.hpp:205:3:[m[K [01;36m[Knote: [m[K  template argument deduction/substitution failed:
[10.474s] [01m[K/opt/ros/foxy/include/rclcpp/parameter_value.hpp:217:3:[m[K [01;36m[Knote: [m[Kcandidate: â€˜[01m[Ktemplate<rclcpp::ParameterType type> constexpr typename std::enable_if<(type == rclcpp::PARAMETER_INTEGER_ARRAY), const std::vector<long int, std::allocator<long int> >&>::type rclcpp::ParameterValue::get() const[m[Kâ€™
[10.474s]   217 |   [01;36m[Kget[m[K() const
[10.474s]       |   [01;36m[K^~~[m[K
[10.474s] [01m[K/opt/ros/foxy/include/rclcpp/parameter_value.hpp:217:3:[m[K [01;36m[Knote: [m[K  template argument deduction/substitution failed:
[10.474s] [01m[K/opt/ros/foxy/include/rclcpp/parameter_value.hpp:229:3:[m[K [01;36m[Knote: [m[Kcandidate: â€˜[01m[Ktemplate<rclcpp::ParameterType type> constexpr typename std::enable_if<(type == rclcpp::PARAMETER_DOUBLE_ARRAY), const std::vector<double, std::allocator<double> >&>::type rclcpp::ParameterValue::get() const[m[Kâ€™
[10.474s]   229 |   [01;36m[Kget[m[K() const
[10.475s]       |   [01;36m[K^~~[m[K
[10.475s] [01m[K/opt/ros/foxy/include/rclcpp/parameter_value.hpp:229:3:[m[K [01;36m[Knote: [m[K  template argument deduction/substitution failed:
[10.475s] [01m[K/opt/ros/foxy/include/rclcpp/parameter_value.hpp:241:3:[m[K [01;36m[Knote: [m[Kcandidate: â€˜[01m[Ktemplate<rclcpp::ParameterType type> constexpr typename std::enable_if<(type == rclcpp::PARAMETER_STRING_ARRAY), const std::vector<std::__cxx11::basic_string<char> >&>::type rclcpp::ParameterValue::get() const[m[Kâ€™
[10.475s]   241 |   [01;36m[Kget[m[K() const
[10.475s]       |   [01;36m[K^~~[m[K
[10.475s] [01m[K/opt/ros/foxy/include/rclcpp/parameter_value.hpp:241:3:[m[K [01;36m[Knote: [m[K  template argument deduction/substitution failed:
[10.475s] [01m[K/opt/ros/foxy/include/rclcpp/parameter_value.hpp:254:3:[m[K [01;36m[Knote: [m[Kcandidate: â€˜[01m[Ktemplate<class type> constexpr typename std::enable_if<std::is_same<T, bool>::value, const bool&>::type rclcpp::ParameterValue::get() const[m[Kâ€™
[10.475s]   254 |   [01;36m[Kget[m[K() const
[10.475s]       |   [01;36m[K^~~[m[K
[10.475s] [01m[K/opt/ros/foxy/include/rclcpp/parameter_value.hpp:254:3:[m[K [01;36m[Knote: [m[K  template argument deduction/substitution failed:
[10.475s] /opt/ros/foxy/include/rclcpp/parameter_value.hpp: In substitution of â€˜[01m[Ktemplate<class type> constexpr typename std::enable_if<std::is_same<T, bool>::value, const bool&>::type rclcpp::ParameterValue::get() const [with type = std::vector<float>][m[Kâ€™:
[10.475s] [01m[K/opt/ros/foxy/include/rclcpp/parameter.hpp:239:50:[m[K   required from â€˜[01m[Kauto rclcpp::detail::get_value_helper(const rclcpp::Parameter*) [with T = std::vector<float>][m[Kâ€™
[10.475s] [01m[K/opt/ros/foxy/include/rclcpp/parameter.hpp:273:39:[m[K   required from â€˜[01m[Kdecltype(auto) rclcpp::Parameter::get_value() const [with T = std::vector<float>][m[Kâ€™
[10.475s] [01m[K/opt/ros/foxy/include/rclcpp/node_impl.hpp:234:17:[m[K   required from â€˜[01m[Kbool rclcpp::Node::get_parameter(const string&, ParameterT&) const [with ParameterT = std::vector<float>; std::string = std::__cxx11::basic_string<char>][m[Kâ€™
[10.475s] [01m[K/home/joanne/bookros2_ws/src/book_ros2/br2_tracking/src/br2_tracking/ObjectDetector.cpp:62:49:[m[K   required from here
[10.476s] [01m[K/opt/ros/foxy/include/rclcpp/parameter_value.hpp:254:3:[m[K [01;31m[Kerror: [m[Kno type named â€˜[01m[Ktype[m[Kâ€™ in â€˜[01m[Kstruct std::enable_if<false, const bool&>[m[Kâ€™
[10.476s] /opt/ros/foxy/include/rclcpp/parameter.hpp: In instantiation of â€˜[01m[Kauto rclcpp::detail::get_value_helper(const rclcpp::Parameter*) [with T = std::vector<float>][m[Kâ€™:
[10.476s] [01m[K/opt/ros/foxy/include/rclcpp/parameter.hpp:273:39:[m[K   required from â€˜[01m[Kdecltype(auto) rclcpp::Parameter::get_value() const [with T = std::vector<float>][m[Kâ€™
[10.476s] [01m[K/opt/ros/foxy/include/rclcpp/node_impl.hpp:234:17:[m[K   required from â€˜[01m[Kbool rclcpp::Node::get_parameter(const string&, ParameterT&) const [with ParameterT = std::vector<float>; std::string = std::__cxx11::basic_string<char>][m[Kâ€™
[10.476s] [01m[K/home/joanne/bookros2_ws/src/book_ros2/br2_tracking/src/br2_tracking/ObjectDetector.cpp:62:49:[m[K   required from here
[10.476s] [01m[K/opt/ros/foxy/include/rclcpp/parameter_value.hpp:263:3:[m[K [01;36m[Knote: [m[Kcandidate: â€˜[01m[Ktemplate<class type> constexpr typename std::enable_if<(std::is_integral<_Tp>::value && (! std::is_same<T, bool>::value)), const long int&>::type rclcpp::ParameterValue::get() const[m[Kâ€™
[10.476s]   263 |   [01;36m[Kget[m[K() const
[10.476s]       |   [01;36m[K^~~[m[K
[10.476s] [01m[K/opt/ros/foxy/include/rclcpp/parameter_value.hpp:263:3:[m[K [01;36m[Knote: [m[K  template argument deduction/substitution failed:
[10.476s] /opt/ros/foxy/include/rclcpp/parameter_value.hpp: In substitution of â€˜[01m[Ktemplate<class type> constexpr typename std::enable_if<(std::is_integral<_Tp>::value && (! std::is_same<T, bool>::value)), const long int&>::type rclcpp::ParameterValue::get() const [with type = std::vector<float>][m[Kâ€™:
[10.476s] [01m[K/opt/ros/foxy/include/rclcpp/parameter.hpp:239:50:[m[K   required from â€˜[01m[Kauto rclcpp::detail::get_value_helper(const rclcpp::Parameter*) [with T = std::vector<float>][m[Kâ€™
[10.476s] [01m[K/opt/ros/foxy/include/rclcpp/parameter.hpp:273:39:[m[K   required from â€˜[01m[Kdecltype(auto) rclcpp::Parameter::get_value() const [with T = std::vector<float>][m[Kâ€™
[10.476s] [01m[K/opt/ros/foxy/include/rclcpp/node_impl.hpp:234:17:[m[K   required from â€˜[01m[Kbool rclcpp::Node::get_parameter(const string&, ParameterT&) const [with ParameterT = std::vector<float>; std::string = std::__cxx11::basic_string<char>][m[Kâ€™
[10.476s] [01m[K/home/joanne/bookros2_ws/src/book_ros2/br2_tracking/src/br2_tracking/ObjectDetector.cpp:62:49:[m[K   required from here
[10.476s] [01m[K/opt/ros/foxy/include/rclcpp/parameter_value.hpp:263:3:[m[K [01;31m[Kerror: [m[Kno type named â€˜[01m[Ktype[m[Kâ€™ in â€˜[01m[Kstruct std::enable_if<false, const long int&>[m[Kâ€™
[10.476s] /opt/ros/foxy/include/rclcpp/parameter.hpp: In instantiation of â€˜[01m[Kauto rclcpp::detail::get_value_helper(const rclcpp::Parameter*) [with T = std::vector<float>][m[Kâ€™:
[10.477s] [01m[K/opt/ros/foxy/include/rclcpp/parameter.hpp:273:39:[m[K   required from â€˜[01m[Kdecltype(auto) rclcpp::Parameter::get_value() const [with T = std::vector<float>][m[Kâ€™
[10.477s] [01m[K/opt/ros/foxy/include/rclcpp/node_impl.hpp:234:17:[m[K   required from â€˜[01m[Kbool rclcpp::Node::get_parameter(const string&, ParameterT&) const [with ParameterT = std::vector<float>; std::string = std::__cxx11::basic_string<char>][m[Kâ€™
[10.477s] [01m[K/home/joanne/bookros2_ws/src/book_ros2/br2_tracking/src/br2_tracking/ObjectDetector.cpp:62:49:[m[K   required from here
[10.477s] [01m[K/opt/ros/foxy/include/rclcpp/parameter_value.hpp:271:3:[m[K [01;36m[Knote: [m[Kcandidate: â€˜[01m[Ktemplate<class type> constexpr typename std::enable_if<std::is_floating_point<_Tp>::value, const double&>::type rclcpp::ParameterValue::get() const[m[Kâ€™
[10.477s]   271 |   [01;36m[Kget[m[K() const
[10.477s]       |   [01;36m[K^~~[m[K
[10.477s] [01m[K/opt/ros/foxy/include/rclcpp/parameter_value.hpp:271:3:[m[K [01;36m[Knote: [m[K  template argument deduction/substitution failed:
[10.477s] /opt/ros/foxy/include/rclcpp/parameter_value.hpp: In substitution of â€˜[01m[Ktemplate<class type> constexpr typename std::enable_if<std::is_floating_point<_Tp>::value, const double&>::type rclcpp::ParameterValue::get() const [with type = std::vector<float>][m[Kâ€™:
[10.477s] [01m[K/opt/ros/foxy/include/rclcpp/parameter.hpp:239:50:[m[K   required from â€˜[01m[Kauto rclcpp::detail::get_value_helper(const rclcpp::Parameter*) [with T = std::vector<float>][m[Kâ€™
[10.477s] [01m[K/opt/ros/foxy/include/rclcpp/parameter.hpp:273:39:[m[K   required from â€˜[01m[Kdecltype(auto) rclcpp::Parameter::get_value() const [with T = std::vector<float>][m[Kâ€™
[10.477s] [01m[K/opt/ros/foxy/include/rclcpp/node_impl.hpp:234:17:[m[K   required from â€˜[01m[Kbool rclcpp::Node::get_parameter(const string&, ParameterT&) const [with ParameterT = std::vector<float>; std::string = std::__cxx11::basic_string<char>][m[Kâ€™
[10.477s] [01m[K/home/joanne/bookros2_ws/src/book_ros2/br2_tracking/src/br2_tracking/ObjectDetector.cpp:62:49:[m[K   required from here
[10.477s] [01m[K/opt/ros/foxy/include/rclcpp/parameter_value.hpp:271:3:[m[K [01;31m[Kerror: [m[Kno type named â€˜[01m[Ktype[m[Kâ€™ in â€˜[01m[Kstruct std::enable_if<false, const double&>[m[Kâ€™
[10.477s] /opt/ros/foxy/include/rclcpp/parameter.hpp: In instantiation of â€˜[01m[Kauto rclcpp::detail::get_value_helper(const rclcpp::Parameter*) [with T = std::vector<float>][m[Kâ€™:
[10.477s] [01m[K/opt/ros/foxy/include/rclcpp/parameter.hpp:273:39:[m[K   required from â€˜[01m[Kdecltype(auto) rclcpp::Parameter::get_value() const [with T = std::vector<float>][m[Kâ€™
[10.477s] [01m[K/opt/ros/foxy/include/rclcpp/node_impl.hpp:234:17:[m[K   required from â€˜[01m[Kbool rclcpp::Node::get_parameter(const string&, ParameterT&) const [with ParameterT = std::vector<float>; std::string = std::__cxx11::basic_string<char>][m[Kâ€™
[10.478s] [01m[K/home/joanne/bookros2_ws/src/book_ros2/br2_tracking/src/br2_tracking/ObjectDetector.cpp:62:49:[m[K   required from here
[10.478s] [01m[K/opt/ros/foxy/include/rclcpp/parameter_value.hpp:279:3:[m[K [01;36m[Knote: [m[Kcandidate: â€˜[01m[Ktemplate<class type> constexpr typename std::enable_if<std::is_convertible<type, std::__cxx11::basic_string<char> >::value, const std::__cxx11::basic_string<char>&>::type rclcpp::ParameterValue::get() const[m[Kâ€™
[10.478s]   279 |   [01;36m[Kget[m[K() const
[10.478s]       |   [01;36m[K^~~[m[K
[10.478s] [01m[K/opt/ros/foxy/include/rclcpp/parameter_value.hpp:279:3:[m[K [01;36m[Knote: [m[K  template argument deduction/substitution failed:
[10.478s] /opt/ros/foxy/include/rclcpp/parameter_value.hpp: In substitution of â€˜[01m[Ktemplate<class type> constexpr typename std::enable_if<std::is_convertible<type, std::__cxx11::basic_string<char> >::value, const std::__cxx11::basic_string<char>&>::type rclcpp::ParameterValue::get() const [with type = std::vector<float>][m[Kâ€™:
[10.478s] [01m[K/opt/ros/foxy/include/rclcpp/parameter.hpp:239:50:[m[K   required from â€˜[01m[Kauto rclcpp::detail::get_value_helper(const rclcpp::Parameter*) [with T = std::vector<float>][m[Kâ€™
[10.478s] [01m[K/opt/ros/foxy/include/rclcpp/parameter.hpp:273:39:[m[K   required from â€˜[01m[Kdecltype(auto) rclcpp::Parameter::get_value() const [with T = std::vector<float>][m[Kâ€™
[10.478s] [01m[K/opt/ros/foxy/include/rclcpp/node_impl.hpp:234:17:[m[K   required from â€˜[01m[Kbool rclcpp::Node::get_parameter(const string&, ParameterT&) const [with ParameterT = std::vector<float>; std::string = std::__cxx11::basic_string<char>][m[Kâ€™
[10.478s] [01m[K/home/joanne/bookros2_ws/src/book_ros2/br2_tracking/src/br2_tracking/ObjectDetector.cpp:62:49:[m[K   required from here
[10.478s] [01m[K/opt/ros/foxy/include/rclcpp/parameter_value.hpp:279:3:[m[K [01;31m[Kerror: [m[Kno type named â€˜[01m[Ktype[m[Kâ€™ in â€˜[01m[Kstruct std::enable_if<false, const std::__cxx11::basic_string<char>&>[m[Kâ€™
[10.478s] /opt/ros/foxy/include/rclcpp/parameter.hpp: In instantiation of â€˜[01m[Kauto rclcpp::detail::get_value_helper(const rclcpp::Parameter*) [with T = std::vector<float>][m[Kâ€™:
[10.478s] [01m[K/opt/ros/foxy/include/rclcpp/parameter.hpp:273:39:[m[K   required from â€˜[01m[Kdecltype(auto) rclcpp::Parameter::get_value() const [with T = std::vector<float>][m[Kâ€™
[10.478s] [01m[K/opt/ros/foxy/include/rclcpp/node_impl.hpp:234:17:[m[K   required from â€˜[01m[Kbool rclcpp::Node::get_parameter(const string&, ParameterT&) const [with ParameterT = std::vector<float>; std::string = std::__cxx11::basic_string<char>][m[Kâ€™
[10.478s] [01m[K/home/joanne/bookros2_ws/src/book_ros2/br2_tracking/src/br2_tracking/ObjectDetector.cpp:62:49:[m[K   required from here
[10.478s] [01m[K/opt/ros/foxy/include/rclcpp/parameter_value.hpp:289:3:[m[K [01;36m[Knote: [m[Kcandidate: â€˜[01m[Ktemplate<class type> constexpr typename std::enable_if<std::is_convertible<type, const std::vector<unsigned char>&>::value, const std::vector<unsigned char>&>::type rclcpp::ParameterValue::get() const[m[Kâ€™
[10.479s]   289 |   [01;36m[Kget[m[K() const
[10.479s]       |   [01;36m[K^~~[m[K
[10.479s] [01m[K/opt/ros/foxy/include/rclcpp/parameter_value.hpp:289:3:[m[K [01;36m[Knote: [m[K  template argument deduction/substitution failed:
[10.479s] /opt/ros/foxy/include/rclcpp/parameter_value.hpp: In substitution of â€˜[01m[Ktemplate<class type> constexpr typename std::enable_if<std::is_convertible<type, const std::vector<unsigned char>&>::value, const std::vector<unsigned char>&>::type rclcpp::ParameterValue::get() const [with type = std::vector<float>][m[Kâ€™:
[10.479s] [01m[K/opt/ros/foxy/include/rclcpp/parameter.hpp:239:50:[m[K   required from â€˜[01m[Kauto rclcpp::detail::get_value_helper(const rclcpp::Parameter*) [with T = std::vector<float>][m[Kâ€™
[10.479s] [01m[K/opt/ros/foxy/include/rclcpp/parameter.hpp:273:39:[m[K   required from â€˜[01m[Kdecltype(auto) rclcpp::Parameter::get_value() const [with T = std::vector<float>][m[Kâ€™
[10.479s] [01m[K/opt/ros/foxy/include/rclcpp/node_impl.hpp:234:17:[m[K   required from â€˜[01m[Kbool rclcpp::Node::get_parameter(const string&, ParameterT&) const [with ParameterT = std::vector<float>; std::string = std::__cxx11::basic_string<char>][m[Kâ€™
[10.479s] [01m[K/home/joanne/bookros2_ws/src/book_ros2/br2_tracking/src/br2_tracking/ObjectDetector.cpp:62:49:[m[K   required from here
[10.479s] [01m[K/opt/ros/foxy/include/rclcpp/parameter_value.hpp:289:3:[m[K [01;31m[Kerror: [m[Kno type named â€˜[01m[Ktype[m[Kâ€™ in â€˜[01m[Kstruct std::enable_if<false, const std::vector<unsigned char>&>[m[Kâ€™
[10.479s] /opt/ros/foxy/include/rclcpp/parameter.hpp: In instantiation of â€˜[01m[Kauto rclcpp::detail::get_value_helper(const rclcpp::Parameter*) [with T = std::vector<float>][m[Kâ€™:
[10.479s] [01m[K/opt/ros/foxy/include/rclcpp/parameter.hpp:273:39:[m[K   required from â€˜[01m[Kdecltype(auto) rclcpp::Parameter::get_value() const [with T = std::vector<float>][m[Kâ€™
[10.479s] [01m[K/opt/ros/foxy/include/rclcpp/node_impl.hpp:234:17:[m[K   required from â€˜[01m[Kbool rclcpp::Node::get_parameter(const string&, ParameterT&) const [with ParameterT = std::vector<float>; std::string = std::__cxx11::basic_string<char>][m[Kâ€™
[10.479s] [01m[K/home/joanne/bookros2_ws/src/book_ros2/br2_tracking/src/br2_tracking/ObjectDetector.cpp:62:49:[m[K   required from here
[10.479s] [01m[K/opt/ros/foxy/include/rclcpp/parameter_value.hpp:299:3:[m[K [01;36m[Knote: [m[Kcandidate: â€˜[01m[Ktemplate<class type> constexpr typename std::enable_if<std::is_convertible<type, const std::vector<bool>&>::value, const std::vector<bool>&>::type rclcpp::ParameterValue::get() const[m[Kâ€™
[10.479s]   299 |   [01;36m[Kget[m[K() const
[10.479s]       |   [01;36m[K^~~[m[K
[10.480s] [01m[K/opt/ros/foxy/include/rclcpp/parameter_value.hpp:299:3:[m[K [01;36m[Knote: [m[K  template argument deduction/substitution failed:
[10.480s] /opt/ros/foxy/include/rclcpp/parameter_value.hpp: In substitution of â€˜[01m[Ktemplate<class type> constexpr typename std::enable_if<std::is_convertible<type, const std::vector<bool>&>::value, const std::vector<bool>&>::type rclcpp::ParameterValue::get() const [with type = std::vector<float>][m[Kâ€™:
[10.480s] [01m[K/opt/ros/foxy/include/rclcpp/parameter.hpp:239:50:[m[K   required from â€˜[01m[Kauto rclcpp::detail::get_value_helper(const rclcpp::Parameter*) [with T = std::vector<float>][m[Kâ€™
[10.480s] [01m[K/opt/ros/foxy/include/rclcpp/parameter.hpp:273:39:[m[K   required from â€˜[01m[Kdecltype(auto) rclcpp::Parameter::get_value() const [with T = std::vector<float>][m[Kâ€™
[10.480s] [01m[K/opt/ros/foxy/include/rclcpp/node_impl.hpp:234:17:[m[K   required from â€˜[01m[Kbool rclcpp::Node::get_parameter(const string&, ParameterT&) const [with ParameterT = std::vector<float>; std::string = std::__cxx11::basic_string<char>][m[Kâ€™
[10.480s] [01m[K/home/joanne/bookros2_ws/src/book_ros2/br2_tracking/src/br2_tracking/ObjectDetector.cpp:62:49:[m[K   required from here
[10.480s] [01m[K/opt/ros/foxy/include/rclcpp/parameter_value.hpp:299:3:[m[K [01;31m[Kerror: [m[Kno type named â€˜[01m[Ktype[m[Kâ€™ in â€˜[01m[Kstruct std::enable_if<false, const std::vector<bool>&>[m[Kâ€™
[10.480s] /opt/ros/foxy/include/rclcpp/parameter.hpp: In instantiation of â€˜[01m[Kauto rclcpp::detail::get_value_helper(const rclcpp::Parameter*) [with T = std::vector<float>][m[Kâ€™:
[10.480s] [01m[K/opt/ros/foxy/include/rclcpp/parameter.hpp:273:39:[m[K   required from â€˜[01m[Kdecltype(auto) rclcpp::Parameter::get_value() const [with T = std::vector<float>][m[Kâ€™
[10.480s] [01m[K/opt/ros/foxy/include/rclcpp/node_impl.hpp:234:17:[m[K   required from â€˜[01m[Kbool rclcpp::Node::get_parameter(const string&, ParameterT&) const [with ParameterT = std::vector<float>; std::string = std::__cxx11::basic_string<char>][m[Kâ€™
[10.480s] [01m[K/home/joanne/bookros2_ws/src/book_ros2/br2_tracking/src/br2_tracking/ObjectDetector.cpp:62:49:[m[K   required from here
[10.480s] [01m[K/opt/ros/foxy/include/rclcpp/parameter_value.hpp:309:3:[m[K [01;36m[Knote: [m[Kcandidate: â€˜[01m[Ktemplate<class type> constexpr typename std::enable_if<std::is_convertible<type, const std::vector<long int, std::allocator<long int> >&>::value, const std::vector<long int, std::allocator<long int> >&>::type rclcpp::ParameterValue::get() const[m[Kâ€™
[10.480s]   309 |   [01;36m[Kget[m[K() const
[10.480s]       |   [01;36m[K^~~[m[K
[10.480s] [01m[K/opt/ros/foxy/include/rclcpp/parameter_value.hpp:309:3:[m[K [01;36m[Knote: [m[K  template argument deduction/substitution failed:
[10.481s] /opt/ros/foxy/include/rclcpp/parameter_value.hpp: In substitution of â€˜[01m[Ktemplate<class type> constexpr typename std::enable_if<std::is_convertible<type, const std::vector<long int, std::allocator<long int> >&>::value, const std::vector<long int, std::allocator<long int> >&>::type rclcpp::ParameterValue::get() const [with type = std::vector<float>][m[Kâ€™:
[10.481s] [01m[K/opt/ros/foxy/include/rclcpp/parameter.hpp:239:50:[m[K   required from â€˜[01m[Kauto rclcpp::detail::get_value_helper(const rclcpp::Parameter*) [with T = std::vector<float>][m[Kâ€™
[10.481s] [01m[K/opt/ros/foxy/include/rclcpp/parameter.hpp:273:39:[m[K   required from â€˜[01m[Kdecltype(auto) rclcpp::Parameter::get_value() const [with T = std::vector<float>][m[Kâ€™
[10.481s] [01m[K/opt/ros/foxy/include/rclcpp/node_impl.hpp:234:17:[m[K   required from â€˜[01m[Kbool rclcpp::Node::get_parameter(const string&, ParameterT&) const [with ParameterT = std::vector<float>; std::string = std::__cxx11::basic_string<char>][m[Kâ€™
[10.481s] [01m[K/home/joanne/bookros2_ws/src/book_ros2/br2_tracking/src/br2_tracking/ObjectDetector.cpp:62:49:[m[K   required from here
[10.481s] [01m[K/opt/ros/foxy/include/rclcpp/parameter_value.hpp:309:3:[m[K [01;31m[Kerror: [m[Kno type named â€˜[01m[Ktype[m[Kâ€™ in â€˜[01m[Kstruct std::enable_if<false, const std::vector<long int, std::allocator<long int> >&>[m[Kâ€™
[10.481s] /opt/ros/foxy/include/rclcpp/parameter.hpp: In instantiation of â€˜[01m[Kauto rclcpp::detail::get_value_helper(const rclcpp::Parameter*) [with T = std::vector<float>][m[Kâ€™:
[10.481s] [01m[K/opt/ros/foxy/include/rclcpp/parameter.hpp:273:39:[m[K   required from â€˜[01m[Kdecltype(auto) rclcpp::Parameter::get_value() const [with T = std::vector<float>][m[Kâ€™
[10.481s] [01m[K/opt/ros/foxy/include/rclcpp/node_impl.hpp:234:17:[m[K   required from â€˜[01m[Kbool rclcpp::Node::get_parameter(const string&, ParameterT&) const [with ParameterT = std::vector<float>; std::string = std::__cxx11::basic_string<char>][m[Kâ€™
[10.481s] [01m[K/home/joanne/bookros2_ws/src/book_ros2/br2_tracking/src/br2_tracking/ObjectDetector.cpp:62:49:[m[K   required from here
[10.481s] [01m[K/opt/ros/foxy/include/rclcpp/parameter_value.hpp:319:3:[m[K [01;36m[Knote: [m[Kcandidate: â€˜[01m[Ktemplate<class type> constexpr typename std::enable_if<std::is_convertible<type, const std::vector<double, std::allocator<double> >&>::value, const std::vector<double, std::allocator<double> >&>::type rclcpp::ParameterValue::get() const[m[Kâ€™
[10.481s]   319 |   [01;36m[Kget[m[K() const
[10.481s]       |   [01;36m[K^~~[m[K
[10.481s] [01m[K/opt/ros/foxy/include/rclcpp/parameter_value.hpp:319:3:[m[K [01;36m[Knote: [m[K  template argument deduction/substitution failed:
[10.481s] /opt/ros/foxy/include/rclcpp/parameter_value.hpp: In substitution of â€˜[01m[Ktemplate<class type> constexpr typename std::enable_if<std::is_convertible<type, const std::vector<double, std::allocator<double> >&>::value, const std::vector<double, std::allocator<double> >&>::type rclcpp::ParameterValue::get() const [with type = std::vector<float>][m[Kâ€™:
[10.481s] [01m[K/opt/ros/foxy/include/rclcpp/parameter.hpp:239:50:[m[K   required from â€˜[01m[Kauto rclcpp::detail::get_value_helper(const rclcpp::Parameter*) [with T = std::vector<float>][m[Kâ€™
[10.482s] [01m[K/opt/ros/foxy/include/rclcpp/parameter.hpp:273:39:[m[K   required from â€˜[01m[Kdecltype(auto) rclcpp::Parameter::get_value() const [with T = std::vector<float>][m[Kâ€™
[10.482s] [01m[K/opt/ros/foxy/include/rclcpp/node_impl.hpp:234:17:[m[K   required from â€˜[01m[Kbool rclcpp::Node::get_parameter(const string&, ParameterT&) const [with ParameterT = std::vector<float>; std::string = std::__cxx11::basic_string<char>][m[Kâ€™
[10.482s] [01m[K/home/joanne/bookros2_ws/src/book_ros2/br2_tracking/src/br2_tracking/ObjectDetector.cpp:62:49:[m[K   required from here
[10.482s] [01m[K/opt/ros/foxy/include/rclcpp/parameter_value.hpp:319:3:[m[K [01;31m[Kerror: [m[Kno type named â€˜[01m[Ktype[m[Kâ€™ in â€˜[01m[Kstruct std::enable_if<false, const std::vector<double, std::allocator<double> >&>[m[Kâ€™
[10.482s] /opt/ros/foxy/include/rclcpp/parameter.hpp: In instantiation of â€˜[01m[Kauto rclcpp::detail::get_value_helper(const rclcpp::Parameter*) [with T = std::vector<float>][m[Kâ€™:
[10.482s] [01m[K/opt/ros/foxy/include/rclcpp/parameter.hpp:273:39:[m[K   required from â€˜[01m[Kdecltype(auto) rclcpp::Parameter::get_value() const [with T = std::vector<float>][m[Kâ€™
[10.482s] [01m[K/opt/ros/foxy/include/rclcpp/node_impl.hpp:234:17:[m[K   required from â€˜[01m[Kbool rclcpp::Node::get_parameter(const string&, ParameterT&) const [with ParameterT = std::vector<float>; std::string = std::__cxx11::basic_string<char>][m[Kâ€™
[10.482s] [01m[K/home/joanne/bookros2_ws/src/book_ros2/br2_tracking/src/br2_tracking/ObjectDetector.cpp:62:49:[m[K   required from here
[10.482s] [01m[K/opt/ros/foxy/include/rclcpp/parameter_value.hpp:329:3:[m[K [01;36m[Knote: [m[Kcandidate: â€˜[01m[Ktemplate<class type> constexpr typename std::enable_if<std::is_convertible<type, const std::vector<std::__cxx11::basic_string<char> >&>::value, const std::vector<std::__cxx11::basic_string<char> >&>::type rclcpp::ParameterValue::get() const[m[Kâ€™
[10.482s]   329 |   [01;36m[Kget[m[K() const
[10.482s]       |   [01;36m[K^~~[m[K
[10.482s] [01m[K/opt/ros/foxy/include/rclcpp/parameter_value.hpp:329:3:[m[K [01;36m[Knote: [m[K  template argument deduction/substitution failed:
[10.482s] /opt/ros/foxy/include/rclcpp/parameter_value.hpp: In substitution of â€˜[01m[Ktemplate<class type> constexpr typename std::enable_if<std::is_convertible<type, const std::vector<std::__cxx11::basic_string<char> >&>::value, const std::vector<std::__cxx11::basic_string<char> >&>::type rclcpp::ParameterValue::get() const [with type = std::vector<float>][m[Kâ€™:
[10.482s] [01m[K/opt/ros/foxy/include/rclcpp/parameter.hpp:239:50:[m[K   required from â€˜[01m[Kauto rclcpp::detail::get_value_helper(const rclcpp::Parameter*) [with T = std::vector<float>][m[Kâ€™
[10.482s] [01m[K/opt/ros/foxy/include/rclcpp/parameter.hpp:273:39:[m[K   required from â€˜[01m[Kdecltype(auto) rclcpp::Parameter::get_value() const [with T = std::vector<float>][m[Kâ€™
[10.483s] [01m[K/opt/ros/foxy/include/rclcpp/node_impl.hpp:234:17:[m[K   required from â€˜[01m[Kbool rclcpp::Node::get_parameter(const string&, ParameterT&) const [with ParameterT = std::vector<float>; std::string = std::__cxx11::basic_string<char>][m[Kâ€™
[10.483s] [01m[K/home/joanne/bookros2_ws/src/book_ros2/br2_tracking/src/br2_tracking/ObjectDetector.cpp:62:49:[m[K   required from here
[10.483s] [01m[K/opt/ros/foxy/include/rclcpp/parameter_value.hpp:329:3:[m[K [01;31m[Kerror: [m[Kno type named â€˜[01m[Ktype[m[Kâ€™ in â€˜[01m[Kstruct std::enable_if<false, const std::vector<std::__cxx11::basic_string<char> >&>[m[Kâ€™
[10.483s] In file included from [01m[K/opt/ros/foxy/include/rclcpp/node.hpp:1224[m[K,
[10.483s]                  from [01m[K/opt/ros/foxy/include/image_transport/image_transport.hpp:43[m[K,
[10.483s]                  from [01m[K/home/joanne/bookros2_ws/src/book_ros2/br2_tracking/include/br2_tracking/ObjectDetector.hpp:23[m[K,
[10.483s]                  from [01m[K/home/joanne/bookros2_ws/src/book_ros2/br2_tracking/src/br2_tracking/ObjectDetector.cpp:20[m[K:
[10.483s] /opt/ros/foxy/include/rclcpp/node_impl.hpp: In instantiation of â€˜[01m[Kbool rclcpp::Node::get_parameter(const string&, ParameterT&) const [with ParameterT = std::vector<float>; std::string = std::__cxx11::basic_string<char>][m[Kâ€™:
[10.483s] [01m[K/home/joanne/bookros2_ws/src/book_ros2/br2_tracking/src/br2_tracking/ObjectDetector.cpp:62:49:[m[K   required from here
[10.483s] [01m[K/opt/ros/foxy/include/rclcpp/node_impl.hpp:234:17:[m[K [01;31m[Kerror: [m[Kinvalid use of void expression
[10.483s]   234 |     parameter = [01;31m[Kstatic_cast<ParameterT>(parameter_variant.get_value<ParameterT>())[m[K;
[10.483s]       |                 [01;31m[K^~~~~~~~~~~~~~~~~~~~~~~~~~~~~~~~~~~~~~~~~~~~~~~~~~~~~~~~~~~~~~~~~~[m[K
[15.106s] make[2]: *** [CMakeFiles/br2_tracking.dir/build.make:63: CMakeFiles/br2_tracking.dir/src/br2_tracking/ObjectDetector.cpp.o] Error 1
[15.107s] make[1]: *** [CMakeFiles/Makefile2:204: CMakeFiles/br2_tracking.dir/all] Error 2
[15.107s] make: *** [Makefile:141: all] Error 2
[15.110s] Invoked command in '/home/joanne/bookros2_ws/build/br2_tracking' returned '2': CMAKE_PREFIX_PATH=/home/joanne/bookros2_ws/install/br2_tracking_msgs:/home/joanne/bookros2_ws/install/gazebo_ros2_control_demos:/home/joanne/bookros2_ws/install/ros2_controllers:/home/joanne/bookros2_ws/install/velocity_controllers:/home/joanne/bookros2_ws/install/urdf_test:/home/joanne/bookros2_ws/install/tiago_simulation:/home/joanne/bookros2_ws/install/tiago_robot:/home/joanne/bookros2_ws/install/tiago_2dnav_gazebo:/home/joanne/bookros2_ws/install/tiago_gazebo:/home/joanne/bookros2_ws/install/tiago_bringup:/home/joanne/bookros2_ws/install/pmb2_robot:/home/joanne/bookros2_ws/install/pmb2_bringup:/home/joanne/bookros2_ws/install/twist_mux:/home/joanne/bookros2_ws/install/transmission_interface:/home/joanne/bookros2_ws/install/tiago_description:/home/joanne/bookros2_ws/install/tiago_description_calibration:/home/joanne/bookros2_ws/install/tiago_controller_configuration:/home/joanne/bookros2_ws/install/ros2_control:/home/joanne/bookros2_ws/install/ros2_control_test_assets:/home/joanne/bookros2_ws/install/pal_gripper:/home/joanne/bookros2_ws/install/pal_gripper_controller_configuration:/home/joanne/bookros2_ws/install/position_controllers:/home/joanne/bookros2_ws/install/pmb2_navigation:/home/joanne/bookros2_ws/install/pmb2_2dnav:/home/joanne/bookros2_ws/install/pmb2_maps:/home/joanne/bookros2_ws/install/pmb2_description:/home/joanne/bookros2_ws/install/pmb2_controller_configuration:/home/joanne/bookros2_ws/install/pal_gripper_description:/home/joanne/bookros2_ws/install/pal_gazebo_worlds:/home/joanne/bookros2_ws/install/joint_trajectory_controller:/home/joanne/bookros2_ws/install/joint_state_controller:/home/joanne/bookros2_ws/install/joint_state_broadcaster:/home/joanne/bookros2_ws/install/imu_sensor_broadcaster:/home/joanne/bookros2_ws/install/hey5_description:/home/joanne/bookros2_ws/install/gripper_controllers:/home/joanne/bookros2_ws/install/gazebo_ros2_control:/home/joanne/bookros2_ws/install/effort_controllers:/home/joanne/bookros2_ws/install/forward_command_controller:/home/joanne/bookros2_ws/install/force_torque_sensor_broadcaster:/home/joanne/bookros2_ws/install/diff_drive_controller:/home/joanne/bookros2_ws/install/controller_manager:/home/joanne/bookros2_ws/install/controller_interface:/home/joanne/bookros2_ws/install/hardware_interface:/home/joanne/bookros2_ws/install/groot:/home/joanne/bookros2_ws/install/controller_manager_msgs:/home/joanne/bookros2_ws/install/br2_vff_avoidance:/home/joanne/bookros2_ws/install/br2_tracking:/home/joanne/bookros2_ws/install/br2_tiago:/home/joanne/bookros2_ws/install/br2_tf2_detector:/home/joanne/bookros2_ws/install/br2_navigation:/home/joanne/bookros2_ws/install/br2_fsm_bumpgo_cpp:/home/joanne/bookros2_ws/install/br2_bt_patrolling:/home/joanne/bookros2_ws/install/br2_bt_bumpgo:/home/joanne/bookros2_ws/install/br2_basics:/home/joanne/nav2_ws/install/nav2_system_tests:/home/joanne/nav2_ws/install/nav2_bringup:/home/joanne/nav2_ws/install/navigation2:/home/joanne/nav2_ws/install/smac_planner:/home/joanne/nav2_ws/install/nav2_dwb_controller:/home/joanne/nav2_ws/install/nav2_controller:/home/joanne/nav2_ws/install/dwb_plugins:/home/joanne/nav2_ws/install/dwb_critics:/home/joanne/nav2_ws/install/dwb_core:/home/joanne/nav2_ws/install/nav_2d_utils:/home/joanne/nav2_ws/install/dwb_msgs:/home/joanne/nav2_ws/install/nav_2d_msgs:/home/joanne/nav2_ws/install/nav2_waypoint_follower:/home/joanne/nav2_ws/install/nav2_regulated_pure_pursuit_controller:/home/joanne/nav2_ws/install/nav2_recoveries:/home/joanne/nav2_ws/install/nav2_planner:/home/joanne/nav2_ws/install/nav2_navfn_planner:/home/joanne/nav2_ws/install/nav2_core:/home/joanne/nav2_ws/install/costmap_queue:/home/joanne/nav2_ws/install/nav2_costmap_2d:/home/joanne/nav2_ws/install/nav2_voxel_grid:/home/joanne/nav2_ws/install/nav2_rviz_plugins:/home/joanne/nav2_ws/install/nav2_map_server:/home/joanne/nav2_ws/install/nav2_lifecycle_manager:/home/joanne/nav2_ws/install/nav2_bt_navigator:/home/joanne/nav2_ws/install/nav2_behavior_tree:/home/joanne/nav2_ws/install/nav2_amcl:/home/joanne/nav2_ws/install/nav2_util:/home/joanne/nav2_ws/install/nav2_msgs:/home/joanne/nav2_ws/install/nav2_common:/home/joanne/bookros2_ws/install/ros2controlcli:/home/joanne/bookros2_ws/install/launch_pal:/home/joanne/bookros2_ws/install/br2_fsm_bumpgo_py:/home/joanne/nav2_ws/install/nav2_gazebo_spawner:/opt/ros/foxy LD_LIBRARY_PATH=/home/joanne/bookros2_ws/install/br2_tracking_msgs/lib:/home/joanne/bookros2_ws/install/velocity_controllers/lib:/home/joanne/bookros2_ws/install/position_controllers/lib:/home/joanne/bookros2_ws/install/joint_trajectory_controller/lib:/home/joanne/bookros2_ws/install/joint_state_controller/lib:/home/joanne/bookros2_ws/install/joint_state_broadcaster/lib:/home/joanne/bookros2_ws/install/imu_sensor_broadcaster/lib:/home/joanne/bookros2_ws/install/gripper_controllers/lib:/home/joanne/bookros2_ws/install/gazebo_ros2_control/lib:/home/joanne/bookros2_ws/install/effort_controllers/lib:/home/joanne/bookros2_ws/install/forward_command_controller/lib:/home/joanne/bookros2_ws/install/force_torque_sensor_broadcaster/lib:/home/joanne/bookros2_ws/install/diff_drive_controller/lib:/home/joanne/bookros2_ws/install/controller_manager/lib:/home/joanne/bookros2_ws/install/controller_interface/lib:/home/joanne/bookros2_ws/install/hardware_interface/lib:/home/joanne/bookros2_ws/install/groot/lib:/home/joanne/bookros2_ws/install/controller_manager_msgs/lib:/home/joanne/bookros2_ws/install/br2_vff_avoidance/lib:/home/joanne/bookros2_ws/install/br2_tracking/lib:/home/joanne/bookros2_ws/install/br2_tf2_detector/lib:/home/joanne/bookros2_ws/install/br2_bt_patrolling/lib:/home/joanne/bookros2_ws/install/br2_bt_bumpgo/lib:/home/joanne/nav2_ws/install/smac_planner/lib:/home/joanne/nav2_ws/install/nav2_controller/lib:/home/joanne/nav2_ws/install/dwb_plugins/lib:/home/joanne/nav2_ws/install/dwb_critics/lib:/home/joanne/nav2_ws/install/dwb_core/lib:/home/joanne/nav2_ws/install/nav_2d_utils/lib:/home/joanne/nav2_ws/install/dwb_msgs/lib:/home/joanne/nav2_ws/install/nav_2d_msgs/lib:/home/joanne/nav2_ws/install/nav2_waypoint_follower/lib:/home/joanne/nav2_ws/install/nav2_regulated_pure_pursuit_controller/lib:/home/joanne/nav2_ws/install/nav2_recoveries/lib:/home/joanne/nav2_ws/install/nav2_planner/lib:/home/joanne/nav2_ws/install/nav2_navfn_planner/lib:/home/joanne/nav2_ws/install/costmap_queue/lib:/home/joanne/nav2_ws/install/nav2_costmap_2d/lib:/home/joanne/nav2_ws/install/nav2_voxel_grid/lib:/home/joanne/nav2_ws/install/nav2_rviz_plugins/lib:/home/joanne/nav2_ws/install/nav2_map_server/lib:/home/joanne/nav2_ws/install/nav2_lifecycle_manager/lib:/home/joanne/nav2_ws/install/nav2_bt_navigator/lib:/home/joanne/nav2_ws/install/nav2_behavior_tree/lib:/home/joanne/nav2_ws/install/nav2_amcl/lib:/home/joanne/nav2_ws/install/nav2_util/lib:/home/joanne/nav2_ws/install/nav2_msgs/lib:/usr/lib/x86_64-linux-gnu/gazebo-11/plugins:/opt/ros/foxy/opt/yaml_cpp_vendor/lib:/opt/ros/foxy/opt/rviz_ogre_vendor/lib:/opt/ros/foxy/lib/x86_64-linux-gnu:/opt/ros/foxy/lib PYTHONPATH=/home/joanne/bookros2_ws/install/br2_tracking_msgs/lib/python3.8/site-packages:/home/joanne/bookros2_ws/install/urdf_test/lib/python3.8/site-packages:/home/joanne/bookros2_ws/install/tiago_description/lib/python3.8/site-packages:/home/joanne/bookros2_ws/build/ros2controlcli:/home/joanne/bookros2_ws/install/ros2controlcli/lib/python3.8/site-packages:/home/joanne/bookros2_ws/install/pmb2_description/lib/python3.8/site-packages:/home/joanne/bookros2_ws/build/launch_pal:/home/joanne/bookros2_ws/install/launch_pal/lib/python3.8/site-packages:/home/joanne/bookros2_ws/install/controller_manager/lib/python3.8/site-packages:/home/joanne/bookros2_ws/install/controller_manager_msgs/lib/python3.8/site-packages:/home/joanne/bookros2_ws/build/br2_fsm_bumpgo_py:/home/joanne/bookros2_ws/install/br2_fsm_bumpgo_py/lib/python3.8/site-packages:/home/joanne/nav2_ws/install/dwb_msgs/lib/python3.8/site-packages:/home/joanne/nav2_ws/install/nav_2d_msgs/lib/python3.8/site-packages:/home/joanne/nav2_ws/install/nav2_msgs/lib/python3.8/site-packages:/home/joanne/nav2_ws/build/nav2_gazebo_spawner:/home/joanne/nav2_ws/install/nav2_gazebo_spawner/lib/python3.8/site-packages:/home/joanne/nav2_ws/install/nav2_common/lib/python3.8/site-packages:/opt/ros/foxy/lib/python3.8/site-packages /usr/bin/cmake --build /home/joanne/bookros2_ws/build/br2_tracking -- -j8 -l8
