[01m[K/home/joanne/bookros2_ws/src/book_ros2/br2_fsm_bumpgo_cpp/src/br2_fsm_bumpgo_cpp/BumpGoNode.cpp:[m[K In member function â€˜[01m[Kbool br2_fsm_bumpgo_cpp::BumpGoNode::check_turnleftright_2_forward()[m[Kâ€™:
[01m[K/home/joanne/bookros2_ws/src/book_ros2/br2_fsm_bumpgo_cpp/src/br2_fsm_bumpgo_cpp/BumpGoNode.cpp:276:22:[m[K [01;31m[Kerror: [m[Kâ€˜[01m[Kangle[m[Kâ€™ was not declared in this scope
  276 |   float turn_time = ([01;31m[Kangle[m[K)/SPEED_ANGULAR;
      |                      [01;31m[K^~~~~[m[K
make[2]: *** [CMakeFiles/bumpgo.dir/build.make:63: CMakeFiles/bumpgo.dir/src/br2_fsm_bumpgo_cpp/BumpGoNode.cpp.o] Error 1
make[1]: *** [CMakeFiles/Makefile2:78: CMakeFiles/bumpgo.dir/all] Error 2
make: *** [Makefile:141: all] Error 2
