[0.017s] Invoking command in '/home/joanne/bookros2_ws/build/br2_fsm_bumpgo_cpp': CMAKE_PREFIX_PATH=${CMAKE_PREFIX_PATH}:/home/joanne/bookros2_ws/install/ros2controlcli:/home/joanne/bookros2_ws/install/launch_pal:/home/joanne/bookros2_ws/install/br2_fsm_bumpgo_py:/opt/ros/foxy /usr/bin/cmake --build /home/joanne/bookros2_ws/build/br2_fsm_bumpgo_cpp -- -j8 -l8
[0.077s] [35m[1mScanning dependencies of target bumpgo[0m
[0.114s] [ 33%] [32mBuilding CXX object CMakeFiles/bumpgo.dir/src/br2_fsm_bumpgo_cpp/BumpGoNode.cpp.o[0m
[1.718s] [01m[K/home/joanne/bookros2_ws/src/book_ros2/br2_fsm_bumpgo_cpp/src/br2_fsm_bumpgo_cpp/BumpGoNode.cpp:[m[K In member function â€˜[01m[Kfloat br2_fsm_bumpgo_cpp::BumpGoNode::calculate_speed()[m[Kâ€™:
[1.718s] [01m[K/home/joanne/bookros2_ws/src/book_ros2/br2_fsm_bumpgo_cpp/src/br2_fsm_bumpgo_cpp/BumpGoNode.cpp:167:40:[m[K [01;31m[Kerror: [m[Kno match for â€˜[01m[Koperator/[m[Kâ€™ (operand types are â€˜[01m[K__gnu_cxx::__alloc_traits<std::allocator<float>, float>::value_type[m[Kâ€™ {aka â€˜[01m[Kfloat[m[Kâ€™} and â€˜[01m[Kconst rclcpp::Duration[m[Kâ€™)
[1.718s]   167 |   float speed = last_scan_->ranges[min]/TURNING_TIME;
[3.504s] make[2]: *** [CMakeFiles/bumpgo.dir/build.make:63: CMakeFiles/bumpgo.dir/src/br2_fsm_bumpgo_cpp/BumpGoNode.cpp.o] Error 1
[3.504s] make[1]: *** [CMakeFiles/Makefile2:78: CMakeFiles/bumpgo.dir/all] Error 2
[3.504s] make: *** [Makefile:141: all] Error 2
[3.508s] Invoked command in '/home/joanne/bookros2_ws/build/br2_fsm_bumpgo_cpp' returned '2': CMAKE_PREFIX_PATH=${CMAKE_PREFIX_PATH}:/home/joanne/bookros2_ws/install/ros2controlcli:/home/joanne/bookros2_ws/install/launch_pal:/home/joanne/bookros2_ws/install/br2_fsm_bumpgo_py:/opt/ros/foxy /usr/bin/cmake --build /home/joanne/bookros2_ws/build/br2_fsm_bumpgo_cpp -- -j8 -l8
