[01m[K/home/joanne/bookros2_ws/src/book_ros2/br2_fsm_bumpgo_cpp/src/br2_fsm_bumpgo_cpp/BumpGoNode.cpp:[m[K In member function â€˜[01m[Kbool br2_fsm_bumpgo_cpp::BumpGoNode::check_forward_2_back()[m[Kâ€™:
[01m[K/home/joanne/bookros2_ws/src/book_ros2/br2_fsm_bumpgo_cpp/src/br2_fsm_bumpgo_cpp/BumpGoNode.cpp:113:31:[m[K [01;31m[Kerror: [m[Kinvalid use of member function â€˜[01m[Kbool br2_fsm_bumpgo_cpp::BumpGoNode::check_turn_2_forward()[m[Kâ€™ (did you forget the â€˜[01m[K()[m[Kâ€™ ?)
  113 |     if(last_scan_->ranges[i] <[01;31m[Kcheck_turn_2_forward[m[K OBSTACLE_DISTANCE){
      |                               [01;31m[K^~~~~~~~~~~~~~~~~~~~[m[K
      |                                                   [32m[K()[m[K
[01m[K/home/joanne/bookros2_ws/src/book_ros2/br2_fsm_bumpgo_cpp/src/br2_fsm_bumpgo_cpp/BumpGoNode.cpp:113:51:[m[K [01;31m[Kerror: [m[Kexpected â€˜[01m[K)[m[Kâ€™ before â€˜[01m[KOBSTACLE_DISTANCE[m[Kâ€™
  113 |     if[34m[K([m[Klast_scan_->ranges[i] <check_turn_2_forward[01;31m[K [m[K[32m[KOBSTACLE_DISTANCE[m[K){
      |       [34m[K~[m[K                                           [01;31m[K^[m[K[32m[K~~~~~~~~~~~~~~~~~[m[K
      |                                                   [32m[K)[m[K
[01m[K/home/joanne/bookros2_ws/src/book_ros2/br2_fsm_bumpgo_cpp/src/br2_fsm_bumpgo_cpp/BumpGoNode.cpp:[m[K At global scope:
[01m[K/home/joanne/bookros2_ws/src/book_ros2/br2_fsm_bumpgo_cpp/src/br2_fsm_bumpgo_cpp/BumpGoNode.cpp:158:1:[m[K [01;31m[Kerror: [m[Kâ€˜[01m[KBumpGoNode[m[Kâ€™ has not been declared
  158 | [01;31m[KBumpGoNode[m[K::calculate_speed()
      | [01;31m[K^~~~~~~~~~[m[K
[01m[K/home/joanne/bookros2_ws/src/book_ros2/br2_fsm_bumpgo_cpp/src/br2_fsm_bumpgo_cpp/BumpGoNode.cpp:[m[K In function â€˜[01m[Kfloat calculate_speed()[m[Kâ€™:
[01m[K/home/joanne/bookros2_ws/src/book_ros2/br2_fsm_bumpgo_cpp/src/br2_fsm_bumpgo_cpp/BumpGoNode.cpp:161:15:[m[K [01;31m[Kerror: [m[Kâ€˜[01m[Klast_scan_[m[Kâ€™ was not declared in this scope
  161 |   float min = [01;31m[Klast_scan_[m[K->ranges[0];
      |               [01;31m[K^~~~~~~~~~[m[K
[01m[K/home/joanne/bookros2_ws/src/book_ros2/br2_fsm_bumpgo_cpp/src/br2_fsm_bumpgo_cpp/BumpGoNode.cpp:163:8:[m[K [01;31m[Kerror: [m[Kâ€˜[01m[Klast_scan[m[Kâ€™ was not declared in this scope
  163 |     if([01;31m[Klast_scan[m[K->ranges[i]<min){
      |        [01;31m[K^~~~~~~~~[m[K
[01m[K/home/joanne/bookros2_ws/src/book_ros2/br2_fsm_bumpgo_cpp/src/br2_fsm_bumpgo_cpp/BumpGoNode.cpp:168:41:[m[K [01;31m[Kerror: [m[Kâ€˜[01m[KTURNING_TIME[m[Kâ€™ was not declared in this scope
  168 |   float speed = last_scan_->ranges[min]/[01;31m[KTURNING_TIME[m[K;
      |                                         [01;31m[K^~~~~~~~~~~~[m[K
make[2]: *** [CMakeFiles/bumpgo.dir/build.make:63: CMakeFiles/bumpgo.dir/src/br2_fsm_bumpgo_cpp/BumpGoNode.cpp.o] Error 1
make[1]: *** [CMakeFiles/Makefile2:78: CMakeFiles/bumpgo.dir/all] Error 2
make: *** [Makefile:141: all] Error 2
