[35m[1mScanning dependencies of target br2_tf2_detector[0m
[ 11%] [32mBuilding CXX object CMakeFiles/br2_tf2_detector.dir/src/br2_tf2_detector/Said.cpp.o[0m
[ 22%] [32m[1mLinking CXX shared library libbr2_tf2_detector.so[0m
[ 55%] Built target br2_tf2_detector
[ 66%] [32m[1mLinking CXX executable detector[0m
[ 77%] Built target detector
[35m[1mScanning dependencies of target detector_improved[0m
[ 88%] [32mBuilding CXX object CMakeFiles/detector_improved.dir/src/detector_improved_main.cpp.o[0m
[01m[K/home/joanne/bookros2_ws/src/book_ros2/br2_tf2_detector/src/detector_improved_main.cpp:[m[K In function â€˜[01m[Kint main(int, char**)[m[Kâ€™:
[01m[K/home/joanne/bookros2_ws/src/book_ros2/br2_tf2_detector/src/detector_improved_main.cpp:28:55:[m[K [01;31m[Kerror: [m[Kâ€˜[01m[KSaid[m[Kâ€™ is not a member of â€˜[01m[Kbr2_tf2_detector[m[Kâ€™
   28 |   auto said_node = std::make_shared<br2_tf2_detector::[01;31m[KSaid[m[K>();
      |                                                       [01;31m[K^~~~[m[K
[01m[K/home/joanne/bookros2_ws/src/book_ros2/br2_tf2_detector/src/detector_improved_main.cpp:28:61:[m[K [01;31m[Kerror: [m[Kno matching function for call to â€˜[01m[Kmake_shared<<expression error> >()[m[Kâ€™
   28 |   auto said_node = std::make_shared<br2_tf2_detector::Said>([01;31m[K)[m[K;
      |                                                             [01;31m[K^[m[K
In file included from [01m[K/usr/include/c++/9/memory:81[m[K,
                 from [01m[K/home/joanne/bookros2_ws/src/book_ros2/br2_tf2_detector/src/detector_improved_main.cpp:15[m[K:
[01m[K/usr/include/c++/9/bits/shared_ptr.h:714:5:[m[K [01;36m[Knote: [m[Kcandidate: â€˜[01m[Ktemplate<class _Tp, class ... _Args> std::shared_ptr<_Tp> std::make_shared(_Args&& ...)[m[Kâ€™
  714 |     [01;36m[Kmake_shared[m[K(_Args&&... __args)
      |     [01;36m[K^~~~~~~~~~~[m[K
[01m[K/usr/include/c++/9/bits/shared_ptr.h:714:5:[m[K [01;36m[Knote: [m[K  template argument deduction/substitution failed:
[01m[K/home/joanne/bookros2_ws/src/book_ros2/br2_tf2_detector/src/detector_improved_main.cpp:28:61:[m[K [01;31m[Kerror: [m[Ktemplate argument 1 is invalid
   28 |   auto said_node = std::make_shared<br2_tf2_detector::Said>([01;31m[K)[m[K;
      |                                                             [01;31m[K^[m[K
[01m[K/home/joanne/bookros2_ws/src/book_ros2/br2_tf2_detector/src/detector_improved_main.cpp:33:21:[m[K [01;31m[Kerror: [m[Kno matching function for call to â€˜[01m[Krclcpp::executors::SingleThreadedExecutor::add_node()[m[Kâ€™
   33 |   executor.add_node([01;31m[K)[m[K
      |                     [01;31m[K^[m[K
In file included from [01m[K/opt/ros/foxy/include/rclcpp/executors/multi_threaded_executor.hpp:26[m[K,
                 from [01m[K/opt/ros/foxy/include/rclcpp/executors.hpp:21[m[K,
                 from [01m[K/opt/ros/foxy/include/rclcpp/rclcpp.hpp:146[m[K,
                 from [01m[K/opt/ros/foxy/include/tf2_ros/static_transform_broadcaster.h:38[m[K,
                 from [01m[K/home/joanne/bookros2_ws/src/book_ros2/br2_tf2_detector/include/br2_tf2_detector/ObstacleDetectorImprovedNode.hpp:18[m[K,
                 from [01m[K/home/joanne/bookros2_ws/src/book_ros2/br2_tf2_detector/src/detector_improved_main.cpp:17[m[K:
[01m[K/opt/ros/foxy/include/rclcpp/executor.hpp:89:3:[m[K [01;36m[Knote: [m[Kcandidate: â€˜[01m[Kvirtual void rclcpp::Executor::add_node(rclcpp::node_interfaces::NodeBaseInterface::SharedPtr, bool)[m[Kâ€™
   89 |   [01;36m[Kadd_node[m[K(rclcpp::node_interfaces::NodeBaseInterface::SharedPtr node_ptr, bool notify = true);
      |   [01;36m[K^~~~~~~~[m[K
[01m[K/opt/ros/foxy/include/rclcpp/executor.hpp:89:3:[m[K [01;36m[Knote: [m[K  candidate expects 2 arguments, 0 provided
[01m[K/opt/ros/foxy/include/rclcpp/executor.hpp:97:3:[m[K [01;36m[Knote: [m[Kcandidate: â€˜[01m[Kvirtual void rclcpp::Executor::add_node(std::shared_ptr<rclcpp::Node>, bool)[m[Kâ€™
   97 |   [01;36m[Kadd_node[m[K(std::shared_ptr<rclcpp::Node> node_ptr, bool notify = true);
      |   [01;36m[K^~~~~~~~[m[K
[01m[K/opt/ros/foxy/include/rclcpp/executor.hpp:97:3:[m[K [01;36m[Knote: [m[K  candidate expects 2 arguments, 0 provided
make[2]: *** [CMakeFiles/detector_improved.dir/build.make:63: CMakeFiles/detector_improved.dir/src/detector_improved_main.cpp.o] Error 1
make[1]: *** [CMakeFiles/Makefile2:136: CMakeFiles/detector_improved.dir/all] Error 2
make: *** [Makefile:141: all] Error 2
