[0.107s] Invoking command in '/home/joanne/bookros2_ws/build/br2_bt_bumpgo': CMAKE_PREFIX_PATH=${CMAKE_PREFIX_PATH}:/home/joanne/bookros2_ws/install/ros2controlcli:/home/joanne/bookros2_ws/install/launch_pal:/home/joanne/bookros2_ws/install/br2_fsm_bumpgo_py:/opt/ros/foxy /usr/bin/cmake --build /home/joanne/bookros2_ws/build/br2_bt_bumpgo -- -j8 -l8
[0.853s] [ 11%] Built target br2_forward_bt_node
[1.030s] [ 22%] Built target gtest_main
[1.211s] [ 33%] Built target gtest
[1.450s] [ 44%] Built target bt_forward
[1.740s] [ 55%] Built target bt_action_test
[1.886s] [35m[1mScanning dependencies of target br2_is_obstacle_bt_node[0m
[2.123s] [ 61%] [32mBuilding CXX object CMakeFiles/br2_is_obstacle_bt_node.dir/src/br2_bt_bumpgo/IsObstacle.cpp.o[0m
[14.245s] [01m[K/home/joanne/bookros2_ws/src/book_ros2/br2_bt_bumpgo/src/br2_bt_bumpgo/IsObstacle.cpp:[m[K In member function â€˜[01m[Kvirtual BT::NodeStatus br2_bt_bumpgo::IsObstacle::tick()[m[Kâ€™:
[14.246s] [01m[K/home/joanne/bookros2_ws/src/book_ros2/br2_bt_bumpgo/src/br2_bt_bumpgo/IsObstacle.cpp:62:3:[m[K [01;31m[Kerror: [m[Kâ€˜[01m[Kindex_left[m[Kâ€™ was not declared in this scope
[14.247s]    62 |   [01;31m[Kindex_left[m[K = last_scan_->ranges.size()/2 - 0.262 / last_scan_->angle_increment;
[14.247s]       |   [01;31m[K^~~~~~~~~~[m[K
[14.259s] [01m[K/home/joanne/bookros2_ws/src/book_ros2/br2_bt_bumpgo/src/br2_bt_bumpgo/IsObstacle.cpp:63:3:[m[K [01;31m[Kerror: [m[Kâ€˜[01m[Kindex_right[m[Kâ€™ was not declared in this scope
[14.259s]    63 |   [01;31m[Kindex_right[m[K = last_scan_->ranges.size()/2 + 0.262 / last_scan_->angle_increment;
[14.260s]       |   [01;31m[K^~~~~~~~~~~[m[K
[14.274s] [01m[K/home/joanne/bookros2_ws/src/book_ros2/br2_bt_bumpgo/src/br2_bt_bumpgo/IsObstacle.cpp:65:7:[m[K [01;31m[Kerror: [m[Kâ€˜[01m[Ki[m[Kâ€™ was not declared in this scope
[14.275s]    65 |   for([01;31m[Ki[m[K=index_left; i<last_scan_->ranges.size()/2; i++){
[14.276s]       |       [01;31m[K^[m[K
[14.295s] [01m[K/home/joanne/bookros2_ws/src/book_ros2/br2_bt_bumpgo/src/br2_bt_bumpgo/IsObstacle.cpp:74:7:[m[K [01;31m[Kerror: [m[Kâ€˜[01m[Ki[m[Kâ€™ was not declared in this scope
[14.295s]    74 |   for([01;31m[Ki[m[K=last_scan->ranges.size()/2; i<=index_right i++){
[14.296s]       |       [01;31m[K^[m[K
[14.310s] [01m[K/home/joanne/bookros2_ws/src/book_ros2/br2_bt_bumpgo/src/br2_bt_bumpgo/IsObstacle.cpp:74:9:[m[K [01;31m[Kerror: [m[Kâ€˜[01m[Klast_scan[m[Kâ€™ was not declared in this scope; did you mean â€˜[01m[Klast_scan_[m[Kâ€™?
[14.311s]    74 |   for(i=[01;31m[Klast_scan[m[K->ranges.size()/2; i<=index_right i++){
[14.313s]       |         [01;31m[K^~~~~~~~~[m[K
[14.322s]       |         [32m[Klast_scan_[m[K
[14.325s] [01m[K/home/joanne/bookros2_ws/src/book_ros2/br2_bt_bumpgo/src/br2_bt_bumpgo/IsObstacle.cpp:74:51:[m[K [01;31m[Kerror: [m[Kexpected â€˜[01m[K;[m[Kâ€™ before â€˜[01m[Ki[m[Kâ€™
[14.329s]    74 |   for(i=last_scan->ranges.size()/2; i<=index_right[01;31m[K [m[K[32m[Ki[m[K++){
[14.331s]       |                                                   [01;31m[K^[m[K[32m[K~[m[K
[14.331s]       |                                                   [32m[K;[m[K
[24.755s] make[2]: *** [CMakeFiles/br2_is_obstacle_bt_node.dir/build.make:63: CMakeFiles/br2_is_obstacle_bt_node.dir/src/br2_bt_bumpgo/IsObstacle.cpp.o] Error 1
[24.756s] make[1]: *** [CMakeFiles/Makefile2:237: CMakeFiles/br2_is_obstacle_bt_node.dir/all] Error 2
[24.757s] make: *** [Makefile:141: all] Error 2
[24.775s] Invoked command in '/home/joanne/bookros2_ws/build/br2_bt_bumpgo' returned '2': CMAKE_PREFIX_PATH=${CMAKE_PREFIX_PATH}:/home/joanne/bookros2_ws/install/ros2controlcli:/home/joanne/bookros2_ws/install/launch_pal:/home/joanne/bookros2_ws/install/br2_fsm_bumpgo_py:/opt/ros/foxy /usr/bin/cmake --build /home/joanne/bookros2_ws/build/br2_bt_bumpgo -- -j8 -l8
