[0.079s] Invoking command in '/home/joanne/bookros2_ws/build/br2_tf2_detector': CMAKE_PREFIX_PATH=${CMAKE_PREFIX_PATH}:/home/joanne/bookros2_ws/install/ros2controlcli:/home/joanne/bookros2_ws/install/launch_pal:/home/joanne/bookros2_ws/install/br2_fsm_bumpgo_py:/opt/ros/foxy /usr/bin/cmake --build /home/joanne/bookros2_ws/build/br2_tf2_detector -- -j8 -l8
[0.426s] [35m[1mScanning dependencies of target br2_tf2_detector[0m
[0.616s] [ 11%] [32mBuilding CXX object CMakeFiles/br2_tf2_detector.dir/src/br2_tf2_detector/Said.cpp.o[0m
[16.931s] [ 22%] [32m[1mLinking CXX shared library libbr2_tf2_detector.so[0m
[20.283s] [ 55%] Built target br2_tf2_detector
[20.503s] [ 66%] [32m[1mLinking CXX executable detector[0m
[22.209s] [ 77%] Built target detector
[22.290s] [35m[1mScanning dependencies of target detector_improved[0m
[22.439s] [ 88%] [32mBuilding CXX object CMakeFiles/detector_improved.dir/src/detector_improved_main.cpp.o[0m
[33.415s] [01m[K/home/joanne/bookros2_ws/src/book_ros2/br2_tf2_detector/src/detector_improved_main.cpp:[m[K In function â€˜[01m[Kint main(int, char**)[m[Kâ€™:
[33.419s] [01m[K/home/joanne/bookros2_ws/src/book_ros2/br2_tf2_detector/src/detector_improved_main.cpp:36:26:[m[K [01;31m[Kerror: [m[Kno matching function for call to â€˜[01m[Krclcpp::executors::SingleThreadedExecutor::spin(std::shared_ptr<br2_tf2_detector::Said>&)[m[Kâ€™
[33.420s]    36 |   executor.spin(said_node[01;31m[K)[m[K;
[33.420s]       |                          [01;31m[K^[m[K
[33.421s] In file included from [01m[K/opt/ros/foxy/include/rclcpp/executors.hpp:22[m[K,
[33.422s]                  from [01m[K/opt/ros/foxy/include/rclcpp/rclcpp.hpp:146[m[K,
[33.423s]                  from [01m[K/opt/ros/foxy/include/tf2_ros/static_transform_broadcaster.h:38[m[K,
[33.423s]                  from [01m[K/home/joanne/bookros2_ws/src/book_ros2/br2_tf2_detector/include/br2_tf2_detector/ObstacleDetectorImprovedNode.hpp:18[m[K,
[33.424s]                  from [01m[K/home/joanne/bookros2_ws/src/book_ros2/br2_tf2_detector/src/detector_improved_main.cpp:17[m[K:
[33.424s] [01m[K/opt/ros/foxy/include/rclcpp/executors/single_threaded_executor.hpp:66:3:[m[K [01;36m[Knote: [m[Kcandidate: â€˜[01m[Kvirtual void rclcpp::executors::SingleThreadedExecutor::spin()[m[Kâ€™
[33.424s]    66 |   [01;36m[Kspin[m[K() override;
[33.424s]       |   [01;36m[K^~~~[m[K
[33.424s] [01m[K/opt/ros/foxy/include/rclcpp/executors/single_threaded_executor.hpp:66:3:[m[K [01;36m[Knote: [m[K  candidate expects 0 arguments, 1 provided
[37.608s] make[2]: *** [CMakeFiles/detector_improved.dir/build.make:63: CMakeFiles/detector_improved.dir/src/detector_improved_main.cpp.o] Error 1
[37.610s] make[1]: *** [CMakeFiles/Makefile2:136: CMakeFiles/detector_improved.dir/all] Error 2
[37.610s] make: *** [Makefile:141: all] Error 2
[37.644s] Invoked command in '/home/joanne/bookros2_ws/build/br2_tf2_detector' returned '2': CMAKE_PREFIX_PATH=${CMAKE_PREFIX_PATH}:/home/joanne/bookros2_ws/install/ros2controlcli:/home/joanne/bookros2_ws/install/launch_pal:/home/joanne/bookros2_ws/install/br2_fsm_bumpgo_py:/opt/ros/foxy /usr/bin/cmake --build /home/joanne/bookros2_ws/build/br2_tf2_detector -- -j8 -l8
